2025-03-19 20:59:54,929 [INFO] Activator:176 - 


2025-03-19 20:59:54,935 [INFO] Activator:177 - !SESSION log4j initialized
2025-03-19 21:00:02,088 [INFO] LogOutputStream:77 - [STDOUT_REDIRECT] 
2025-03-19 21:00:03,659 [INFO] ApplicationProperties:184 - Using Application install path: C:\ST\STM32CubeIDE_1.17.0\STM32CubeIDE\plugins\com.st.stm32cube.common.mx_6.13.0.202411220809
2025-03-19 21:00:03,682 [INFO] DbMcusXml:78 - Set database path to: C:\ST\STM32CubeIDE_1.17.0\STM32CubeIDE\plugins\com.st.stm32cube.common.mx_6.13.0.202411220809\\db\/mcu/
2025-03-19 21:00:03,682 [INFO] ApiDb:274 - Set plugin database path to: C:\ST\STM32CubeIDE_1.17.0\STM32CubeIDE\plugins\com.st.stm32cube.common.mx_6.13.0.202411220809\\db\/plugins/boardmanager/
2025-03-19 21:00:03,684 [WARN] ApiDb:259 - Overriding images path with different value:  => C:\ST\STM32CubeIDE_1.17.0\STM32CubeIDE\plugins\com.st.stm32cube.common.mx_6.13.0.202411220809\\db\/plugins/mcufinder/images/
2025-03-19 21:00:03,697 [INFO] ApiDb:250 - Set database path to: C:\Users\vinaykumar\.stmcufinder\plugins\mcufinder//mcu/
2025-03-19 21:00:03,699 [INFO] DbMcusAds:125 - Set database path to: C:\Users\vinaykumar\.stmcufinder\plugins\mcufinder//mcu/
2025-03-19 21:00:03,703 [INFO] CrossReferenceDbSqlite:203 - Set database path to: C:\Users\vinaykumar\.stmcufinder\plugins\mcufinder//mcu/cs/
2025-03-19 21:00:03,842 [INFO] RulesReader:64 - Compatibility file has been processed (297 Rules)
2025-03-19 21:00:03,933 [INFO] DbMcusXml:78 - Set database path to: C:\ST\STM32CubeIDE_1.17.0\STM32CubeIDE\plugins\com.st.stm32cube.common.mx_6.13.0.202411220809\\db\/mcu/
2025-03-19 21:00:03,934 [INFO] ApiDb:274 - Set plugin database path to: C:\ST\STM32CubeIDE_1.17.0\STM32CubeIDE\plugins\com.st.stm32cube.common.mx_6.13.0.202411220809\\db\/plugins/boardmanager/
2025-03-19 21:00:03,934 [INFO] ApiDb:261 - Set plugin images path to: C:\ST\STM32CubeIDE_1.17.0\STM32CubeIDE\plugins\com.st.stm32cube.common.mx_6.13.0.202411220809\\db\/plugins/mcufinder/images/
2025-03-19 21:00:03,934 [WARN] DbFile:41 - Overriding database path with different value: C:\Users\vinaykumar\.stmcufinder\plugins\mcufinder/ => C:\Users\vinaykumar\.stmcufinder\plugins\mcufinder
2025-03-19 21:00:03,934 [INFO] ApiDb:250 - Set database path to: C:\Users\vinaykumar\.stmcufinder\plugins\mcufinder//mcu/
2025-03-19 21:00:03,934 [WARN] DbFile:41 - Overriding database path with different value: C:\Users\vinaykumar\.stmcufinder\plugins\mcufinder/ => C:\Users\vinaykumar\.stmcufinder\plugins\mcufinder
2025-03-19 21:00:03,934 [INFO] DbMcusAds:125 - Set database path to: C:\Users\vinaykumar\.stmcufinder\plugins\mcufinder//mcu/
2025-03-19 21:00:03,934 [WARN] DbFile:41 - Overriding database path with different value: C:\Users\vinaykumar\.stmcufinder\plugins\mcufinder/ => C:\Users\vinaykumar\.stmcufinder\plugins\mcufinder
2025-03-19 21:00:03,934 [WARN] DbFile:41 - Overriding database path with different value: C:\Users\vinaykumar\.stmcufinder\plugins\mcufinder/ => C:\Users\vinaykumar\.stmcufinder\plugins\mcufinder
2025-03-19 21:00:03,935 [INFO] CrossReferenceDbSqlite:203 - Set database path to: C:\Users\vinaykumar\.stmcufinder\plugins\mcufinder//mcu/cs/
2025-03-19 21:00:04,026 [INFO] MainPanel:272 - HeapMemory: 268435456
2025-03-19 21:00:04,155 [INFO] DbMcusXml:78 - Set database path to: C:\ST\STM32CubeIDE_1.17.0\STM32CubeIDE\plugins\com.st.stm32cube.common.mx_6.13.0.202411220809\\db\/mcu/
2025-03-19 21:00:04,155 [INFO] ApiDb:274 - Set plugin database path to: C:\ST\STM32CubeIDE_1.17.0\STM32CubeIDE\plugins\com.st.stm32cube.common.mx_6.13.0.202411220809\\db\/plugins/boardmanager/
2025-03-19 21:00:04,155 [INFO] ApiDb:261 - Set plugin images path to: C:\ST\STM32CubeIDE_1.17.0\STM32CubeIDE\plugins\com.st.stm32cube.common.mx_6.13.0.202411220809\\db\/plugins/mcufinder/images/
2025-03-19 21:00:04,155 [WARN] DbFile:41 - Overriding database path with different value: C:\Users\vinaykumar\.stmcufinder\plugins\mcufinder/ => C:\Users\vinaykumar\.stmcufinder\plugins\mcufinder
2025-03-19 21:00:04,155 [INFO] ApiDb:250 - Set database path to: C:\Users\vinaykumar\.stmcufinder\plugins\mcufinder//mcu/
2025-03-19 21:00:04,156 [WARN] DbFile:41 - Overriding database path with different value: C:\Users\vinaykumar\.stmcufinder\plugins\mcufinder/ => C:\Users\vinaykumar\.stmcufinder\plugins\mcufinder
2025-03-19 21:00:04,156 [INFO] DbMcusAds:125 - Set database path to: C:\Users\vinaykumar\.stmcufinder\plugins\mcufinder//mcu/
2025-03-19 21:00:04,156 [WARN] DbFile:41 - Overriding database path with different value: C:\Users\vinaykumar\.stmcufinder\plugins\mcufinder/ => C:\Users\vinaykumar\.stmcufinder\plugins\mcufinder
2025-03-19 21:00:04,156 [WARN] DbFile:41 - Overriding database path with different value: C:\Users\vinaykumar\.stmcufinder\plugins\mcufinder/ => C:\Users\vinaykumar\.stmcufinder\plugins\mcufinder
2025-03-19 21:00:04,156 [INFO] CrossReferenceDbSqlite:203 - Set database path to: C:\Users\vinaykumar\.stmcufinder\plugins\mcufinder//mcu/cs/
2025-03-19 21:00:04,178 [INFO] ApplicationProperties:184 - Using Application install path: C:\ST\STM32CubeIDE_1.17.0\STM32CubeIDE\plugins\com.st.stm32cube.common.mx_6.13.0.202411220809
2025-03-19 21:00:04,180 [INFO] PluginManage:196 - Search for loadable plugins [exclusion list=, ]
2025-03-19 21:00:04,181 [INFO] PluginManage:310 - Check plugin analytics
2025-03-19 21:00:04,424 [INFO] AnalyticsPlugin:253 - Accepted Software Licenses: 
2025-03-19 21:00:04,424 [INFO] AnalyticsPlugin:255 - Accepted CMSIS Pack Licenses: 
2025-03-19 21:00:04,424 [INFO] AnalyticsPlugin:257 - Accepted Firmware Licenses: 
2025-03-19 21:00:04,427 [INFO] PluginManage:359 - Loaded plugin analytics (category:tool,tabindex:-1)
2025-03-19 21:00:04,428 [INFO] PluginManage:310 - Check plugin cadmodel
2025-03-19 21:00:04,450 [INFO] CADModel:105 - Init CAD model plugin
2025-03-19 21:00:04,450 [INFO] PluginManage:359 - Loaded plugin cadmodel (category:power,tabindex:5)
2025-03-19 21:00:04,450 [INFO] PluginManage:310 - Check plugin clock
2025-03-19 21:00:04,472 [INFO] PluginManage:359 - Loaded plugin clock (category:base,tabindex:2)
2025-03-19 21:00:04,473 [INFO] PluginManage:310 - Check plugin ddr
2025-03-19 21:00:04,475 [INFO] PluginManage:359 - Loaded plugin ddr (category:tool,tabindex:6)
2025-03-19 21:00:04,476 [INFO] PluginManage:310 - Check plugin filemanager
2025-03-19 21:00:04,631 [INFO] PluginManage:359 - Loaded plugin filemanager (category:base,tabindex:10)
2025-03-19 21:00:04,632 [INFO] PluginManage:310 - Check plugin ipmanager
2025-03-19 21:00:04,643 [INFO] PluginManage:359 - Loaded plugin ipmanager (category:base,tabindex:5)
2025-03-19 21:00:04,643 [INFO] PluginManage:310 - Check plugin lpbam
2025-03-19 21:00:04,662 [INFO] PluginManage:359 - Loaded plugin lpbam (category:base,tabindex:0)
2025-03-19 21:00:04,663 [INFO] PluginManage:310 - Check plugin memorymap
2025-03-19 21:00:04,694 [INFO] PluginManage:359 - Loaded plugin memorymap (category:base,tabindex:4)
2025-03-19 21:00:04,694 [INFO] PluginManage:310 - Check plugin pinoutandconfiguration
2025-03-19 21:00:04,718 [INFO] PluginManage:359 - Loaded plugin pinoutandconfiguration (category:base,tabindex:1)
2025-03-19 21:00:04,719 [INFO] PluginManage:310 - Check plugin pinoutconfig
2025-03-19 21:00:04,824 [WARN] SupportedApi:132 - Cannot load RTOS API schema: s4s-elt-must-match.1: The content of 'definitions' must match (annotation?, (simpleType | complexType)?, (unique | key | keyref)*)). A problem was found starting at: attribute.
2025-03-19 21:00:04,980 [INFO] PluginManage:359 - Loaded plugin pinoutconfig (category:base,tabindex:0)
2025-03-19 21:00:04,980 [INFO] PluginManage:310 - Check plugin power
2025-03-19 21:00:05,006 [INFO] PluginManage:359 - Loaded plugin power (category:power,tabindex:4)
2025-03-19 21:00:05,007 [INFO] PluginManage:310 - Check plugin projectmanager
2025-03-19 21:00:05,024 [INFO] PluginManage:359 - Loaded plugin projectmanager (category:projectmanager,tabindex:4)
2025-03-19 21:00:05,025 [INFO] PluginManage:310 - Check plugin rif
2025-03-19 21:00:05,051 [INFO] PluginManage:359 - Loaded plugin rif (category:base,tabindex:3)
2025-03-19 21:00:05,051 [INFO] PluginManage:310 - Check plugin thirdparty
2025-03-19 21:00:05,350 [INFO] PluginManage:359 - Loaded plugin thirdparty (category:base,tabindex:-1)
2025-03-19 21:00:05,349 [WARN] IntegrityCheckThread:84 - waiting for thirdparty lock release [integrity check]
2025-03-19 21:00:05,350 [INFO] PluginManage:310 - Check plugin tools
2025-03-19 21:00:05,350 [INFO] IntegrityCheckThread:86 - entering critical section [integrity check]
2025-03-19 21:00:05,350 [INFO] ThirdPartyUpdaterWithRetryManager:70 - Updater plugin not ready yet. [1/15]
2025-03-19 21:00:05,389 [INFO] PluginManage:359 - Loaded plugin tools (category:base,tabindex:7)
2025-03-19 21:00:05,389 [INFO] PluginManage:310 - Check plugin tutovideos
2025-03-19 21:00:05,623 [INFO] PluginManage:359 - Loaded plugin tutovideos (category:base,tabindex:-1)
2025-03-19 21:00:05,624 [INFO] PluginManage:310 - Check plugin updater
2025-03-19 21:00:05,648 [INFO] PluginManage:359 - Loaded plugin updater (category:base,tabindex:12)
2025-03-19 21:00:05,648 [INFO] PluginManage:310 - Check plugin userauth
2025-03-19 21:00:05,653 [INFO] UserAuth:118 - Init User Auth plugin
2025-03-19 21:00:05,654 [INFO] PluginManage:359 - Loaded plugin userauth (category:base,tabindex:14)
2025-03-19 21:00:05,655 [INFO] PluginManage:283 - PluginManage : Loaded plugins [18]
2025-03-19 21:00:05,960 [INFO] PinOutPanel:1589 - setPackage(No Configuration,No Configuration)
2025-03-19 21:00:06,071 [INFO] CADModel:165 - CPN selected for project level
2025-03-19 21:00:06,072 [INFO] CADModel:114 - Register for checkConnection events
2025-03-19 21:00:06,113 [INFO] IPUIPlugin:80 - create IPUIPlugin
2025-03-19 21:00:06,113 [INFO] PluginManager:220 - loadIPPluginJar : add adc
2025-03-19 21:00:06,170 [INFO] IPUIPlugin:80 - create IPUIPlugin
2025-03-19 21:00:06,170 [INFO] PluginManager:220 - loadIPPluginJar : add aes
2025-03-19 21:00:06,243 [INFO] IPUIPlugin:80 - create IPUIPlugin
2025-03-19 21:00:06,243 [INFO] PluginManager:220 - loadIPPluginJar : add can
2025-03-19 21:00:06,283 [INFO] IPUIPlugin:80 - create IPUIPlugin
2025-03-19 21:00:06,283 [INFO] PluginManager:220 - loadIPPluginJar : add comp
2025-03-19 21:00:06,322 [INFO] IPUIPlugin:80 - create IPUIPlugin
2025-03-19 21:00:06,323 [INFO] PluginManager:220 - loadIPPluginJar : add cryp
2025-03-19 21:00:06,336 [INFO] IPUIPlugin:80 - create IPUIPlugin
2025-03-19 21:00:06,336 [INFO] PluginManager:220 - loadIPPluginJar : add ddr_ctrl_phy
2025-03-19 21:00:06,367 [INFO] IPUIPlugin:80 - create IPUIPlugin
2025-03-19 21:00:06,367 [INFO] PluginManager:220 - loadIPPluginJar : add dfsdm
2025-03-19 21:00:06,383 [INFO] IPUIPlugin:80 - create IPUIPlugin
2025-03-19 21:00:06,384 [INFO] PluginManager:220 - loadIPPluginJar : add dma
2025-03-19 21:00:06,424 [INFO] IPUIPlugin:80 - create IPUIPlugin
2025-03-19 21:00:06,425 [INFO] PluginManager:220 - loadIPPluginJar : add dma3
2025-03-19 21:00:06,469 [INFO] IPUIPlugin:80 - create IPUIPlugin
2025-03-19 21:00:06,469 [INFO] PluginManager:220 - loadIPPluginJar : add extmemmanager
2025-03-19 21:00:06,491 [INFO] IPUIPlugin:80 - create IPUIPlugin
2025-03-19 21:00:06,492 [INFO] PluginManager:220 - loadIPPluginJar : add fatfs
2025-03-19 21:00:06,539 [INFO] IPUIPlugin:80 - create IPUIPlugin
2025-03-19 21:00:06,539 [INFO] PluginManager:220 - loadIPPluginJar : add fmc
2025-03-19 21:00:06,554 [INFO] IPUIPlugin:80 - create IPUIPlugin
2025-03-19 21:00:06,554 [INFO] PluginManager:220 - loadIPPluginJar : add freertos
2025-03-19 21:00:06,576 [INFO] IPUIPlugin:80 - create IPUIPlugin
2025-03-19 21:00:06,576 [INFO] PluginManager:220 - loadIPPluginJar : add genericplugin
2025-03-19 21:00:06,695 [INFO] IPUIPlugin:80 - create IPUIPlugin
2025-03-19 21:00:06,695 [INFO] PluginManager:220 - loadIPPluginJar : add gfxmmu
2025-03-19 21:00:06,845 [INFO] IPUIPlugin:80 - create IPUIPlugin
2025-03-19 21:00:06,845 [INFO] PluginManager:220 - loadIPPluginJar : add gic
2025-03-19 21:00:06,859 [INFO] IPUIPlugin:80 - create IPUIPlugin
2025-03-19 21:00:06,859 [INFO] PluginManager:220 - loadIPPluginJar : add gpio
2025-03-19 21:00:06,953 [INFO] IPUIPlugin:80 - create IPUIPlugin
2025-03-19 21:00:06,953 [INFO] PluginManager:220 - loadIPPluginJar : add gtzc
2025-03-19 21:00:07,002 [INFO] IPUIPlugin:80 - create IPUIPlugin
2025-03-19 21:00:07,015 [INFO] PluginManager:220 - loadIPPluginJar : add hash
2025-03-19 21:00:07,078 [INFO] IPUIPlugin:80 - create IPUIPlugin
2025-03-19 21:00:07,078 [INFO] PluginManager:220 - loadIPPluginJar : add i2c
2025-03-19 21:00:07,127 [INFO] IPUIPlugin:80 - create IPUIPlugin
2025-03-19 21:00:07,127 [INFO] PluginManager:220 - loadIPPluginJar : add i2s
2025-03-19 21:00:07,180 [INFO] IPUIPlugin:80 - create IPUIPlugin
2025-03-19 21:00:07,180 [INFO] PluginManager:220 - loadIPPluginJar : add i3c
2025-03-19 21:00:07,287 [INFO] IPUIPlugin:80 - create IPUIPlugin
2025-03-19 21:00:07,288 [INFO] PluginManager:220 - loadIPPluginJar : add ipddr
2025-03-19 21:00:07,390 [INFO] IPUIPlugin:80 - create IPUIPlugin
2025-03-19 21:00:07,390 [INFO] PluginManager:220 - loadIPPluginJar : add linkedlist
2025-03-19 21:00:07,443 [INFO] IPUIPlugin:80 - create IPUIPlugin
2025-03-19 21:00:07,443 [INFO] PluginManager:220 - loadIPPluginJar : add lorawan
2025-03-19 21:00:07,499 [INFO] IPUIPlugin:80 - create IPUIPlugin
2025-03-19 21:00:07,499 [INFO] PluginManager:220 - loadIPPluginJar : add ltdc
2025-03-19 21:00:07,518 [INFO] IPUIPlugin:80 - create IPUIPlugin
2025-03-19 21:00:07,518 [INFO] PluginManager:220 - loadIPPluginJar : add mdma
2025-03-19 21:00:07,532 [INFO] IPUIPlugin:80 - create IPUIPlugin
2025-03-19 21:00:07,532 [INFO] PluginManager:220 - loadIPPluginJar : add nvic
2025-03-19 21:00:07,575 [INFO] IPUIPlugin:80 - create IPUIPlugin
2025-03-19 21:00:07,575 [INFO] PluginManager:220 - loadIPPluginJar : add opamp
2025-03-19 21:00:07,638 [INFO] IPUIPlugin:80 - create IPUIPlugin
2025-03-19 21:00:07,638 [INFO] PluginManager:220 - loadIPPluginJar : add openamp
2025-03-19 21:00:07,694 [INFO] IPUIPlugin:80 - create IPUIPlugin
2025-03-19 21:00:07,694 [INFO] PluginManager:220 - loadIPPluginJar : add pdm2pcm
2025-03-19 21:00:07,710 [INFO] IPUIPlugin:80 - create IPUIPlugin
2025-03-19 21:00:07,712 [INFO] PluginManager:220 - loadIPPluginJar : add plateformsettings
2025-03-19 21:00:07,740 [INFO] IPUIPlugin:80 - create IPUIPlugin
2025-03-19 21:00:07,740 [INFO] PluginManager:220 - loadIPPluginJar : add quadspi
2025-03-19 21:00:07,776 [INFO] IPUIPlugin:80 - create IPUIPlugin
2025-03-19 21:00:07,777 [INFO] PluginManager:220 - loadIPPluginJar : add radio
2025-03-19 21:00:07,793 [INFO] IPUIPlugin:80 - create IPUIPlugin
2025-03-19 21:00:07,794 [INFO] PluginManager:220 - loadIPPluginJar : add resmgrutility
2025-03-19 21:00:07,840 [INFO] IPUIPlugin:80 - create IPUIPlugin
2025-03-19 21:00:07,840 [INFO] PluginManager:220 - loadIPPluginJar : add sai
2025-03-19 21:00:07,878 [INFO] IPUIPlugin:80 - create IPUIPlugin
2025-03-19 21:00:07,879 [INFO] PluginManager:220 - loadIPPluginJar : add spi
2025-03-19 21:00:07,948 [INFO] IPUIPlugin:80 - create IPUIPlugin
2025-03-19 21:00:07,948 [INFO] PluginManager:220 - loadIPPluginJar : add stm32_wpan
2025-03-19 21:00:07,973 [INFO] IPUIPlugin:80 - create IPUIPlugin
2025-03-19 21:00:07,973 [INFO] PluginManager:220 - loadIPPluginJar : add tim
2025-03-19 21:00:08,047 [INFO] IPUIPlugin:80 - create IPUIPlugin
2025-03-19 21:00:08,047 [INFO] PluginManager:220 - loadIPPluginJar : add touchsensing
2025-03-19 21:00:08,073 [INFO] IPUIPlugin:80 - create IPUIPlugin
2025-03-19 21:00:08,073 [INFO] PluginManager:220 - loadIPPluginJar : add tracer_emb
2025-03-19 21:00:08,098 [INFO] IPUIPlugin:80 - create IPUIPlugin
2025-03-19 21:00:08,098 [INFO] PluginManager:220 - loadIPPluginJar : add ts
2025-03-19 21:00:08,123 [INFO] IPUIPlugin:80 - create IPUIPlugin
2025-03-19 21:00:08,123 [INFO] PluginManager:220 - loadIPPluginJar : add tsc
2025-03-19 21:00:08,150 [INFO] IPUIPlugin:80 - create IPUIPlugin
2025-03-19 21:00:08,150 [INFO] PluginManager:220 - loadIPPluginJar : add ucpd
2025-03-19 21:00:08,206 [INFO] IPUIPlugin:80 - create IPUIPlugin
2025-03-19 21:00:08,207 [INFO] PluginManager:220 - loadIPPluginJar : add usart
2025-03-19 21:00:08,251 [INFO] IPUIPlugin:80 - create IPUIPlugin
2025-03-19 21:00:08,251 [INFO] PluginManager:220 - loadIPPluginJar : add usbx
2025-03-19 21:00:08,352 [INFO] ThirdPartyUpdaterWithRetryManager:70 - Updater plugin not ready yet. [2/15]
2025-03-19 21:00:08,382 [FATAL] Updater:351 - Updater called before beeing initialized
2025-03-19 21:00:08,422 [INFO] RulesReader:64 - Compatibility file has been processed (297 Rules)
2025-03-19 21:00:08,437 [INFO] RulesReader:64 - Compatibility file has been processed (297 Rules)
2025-03-19 21:00:08,448 [INFO] CADModel:165 - CPN selected for project level
2025-03-19 21:00:08,448 [INFO] CADModel:114 - Register for checkConnection events
2025-03-19 21:00:08,448 [FATAL] Updater:351 - Updater called before beeing initialized
2025-03-19 21:00:08,448 [ERROR] CADModel:125 - Updater not yet initialized, retry later 
2025-03-19 21:00:08,625 [FATAL] Updater:351 - Updater called before beeing initialized
2025-03-19 21:00:08,627 [INFO] CADModel:165 - CPN selected for project level
2025-03-19 21:00:08,628 [INFO] CADModel:114 - Register for checkConnection events
2025-03-19 21:00:08,628 [FATAL] Updater:351 - Updater called before beeing initialized
2025-03-19 21:00:08,628 [ERROR] CADModel:125 - Updater not yet initialized, retry later 
2025-03-19 21:00:08,631 [FATAL] Updater:351 - Updater called before beeing initialized
2025-03-19 21:00:08,750 [FATAL] Updater:351 - Updater called before beeing initialized
2025-03-19 21:00:08,763 [INFO] DbMcusAds:53 - JSON generation date=Tue Dec 17 21:31:15 IST 2024 (1734451275111)
2025-03-19 21:00:08,763 [FATAL] Updater:351 - Updater called before beeing initialized
2025-03-19 21:00:08,806 [WARN] DetailPanel:346 - Failed to get advertising image, set to default
2025-03-19 21:00:09,016 [FATAL] Updater:351 - Updater called before beeing initialized
2025-03-19 21:00:09,019 [FATAL] Updater:351 - Updater called before beeing initialized
2025-03-19 21:00:09,020 [FATAL] Updater:351 - Updater called before beeing initialized
2025-03-19 21:00:09,020 [WARN] DetailPanel:346 - Failed to get advertising image, set to default
2025-03-19 21:00:09,021 [FATAL] Updater:351 - Updater called before beeing initialized
2025-03-19 21:00:09,130 [ERROR] Updater:1198 - MainUpdater not yet initialized. External WinMGr cannot be set.
2025-03-19 21:00:09,148 [INFO] Updater:1134 - Updater Version found : 6.13.0
2025-03-19 21:00:09,180 [INFO] ApplicationProperties:184 - Using Application install path: C:\ST\STM32CubeIDE_1.17.0\STM32CubeIDE\plugins\com.st.stm32cube.common.mx_6.13.0.202411220809
2025-03-19 21:00:10,775 [ERROR] LogOutputStream:75 - [STDERR_REDIRECT] Mar 19, 2025 9:00:10 PM java.util.prefs.WindowsPreferences <init>
2025-03-19 21:00:10,777 [ERROR] LogOutputStream:75 - [STDERR_REDIRECT] WARNING: Could not open/create prefs root node Software\JavaSoft\Prefs at root 0xffffffff80000002. Windows RegCreateKeyEx(...) returned error code 5.
2025-03-19 21:00:10,777 [ERROR] LogOutputStream:75 - [STDERR_REDIRECT] 
2025-03-19 21:00:11,225 [INFO] MainUpdater:2872 - connection check result : 10
2025-03-19 21:00:11,225 [INFO] MainUpdater:3566 - Updater definition file requires update
2025-03-19 21:00:11,227 [INFO] MainUpdater:289 - Updater Check For Update Now.
2025-03-19 21:00:11,227 [INFO] MicroXplorer:498 - Change Database Version : DB.6.0.130
2025-03-19 21:00:11,265 [INFO] McuFinderGlobals:63 - Set McuFinder mode to 2 (CubeIDE integrated)
2025-03-19 21:00:11,266 [INFO] UserAuth:171 - activating auth plugin
2025-03-19 21:00:11,271 [INFO] UserAuth:486 - Internet connection configuration mode: 1
2025-03-19 21:00:11,315 [INFO] JxBrowserEngine:152 - Initiate JxBrowser Engine with user profile folder
2025-03-19 21:00:11,338 [INFO] ServerAccessManage:473 - Download File updaters.zip
2025-03-19 21:00:11,353 [WARN] MainUpdater:1193 - Updater busy. Cannot search thirdparties
2025-03-19 21:00:11,353 [INFO] ThirdPartyUpdaterWithRetryManager:96 - Updater plugin is busy. [1/15]
2025-03-19 21:00:11,728 [INFO] FileExtend:240 - Unzip File : updaters.zip
2025-03-19 21:00:11,729 [INFO] FileExtend:255 - Standard Zip Deflate
2025-03-19 21:00:12,714 [INFO] ServerAccessManage:473 - Download File PacksControlFlags.xml
2025-03-19 21:00:12,922 [INFO] ServerAccessManage:473 - Download File cubemx.pidx
2025-03-19 21:00:14,354 [WARN] MainUpdater:1193 - Updater busy. Cannot search thirdparties
2025-03-19 21:00:14,354 [INFO] ThirdPartyUpdaterWithRetryManager:96 - Updater plugin is busy. [2/15]
2025-03-19 21:00:15,024 [INFO] WebApp:168 - Instantiating new browser for Auth
2025-03-19 21:00:15,145 [INFO] ServerAccessManage:473 - Download File STMicroelectronics.X-CUBE-AZRTOS-H7RS.pdsc
2025-03-19 21:00:16,750 [INFO] WebApp:449 - Apply proxy settings
2025-03-19 21:00:16,751 [INFO] WebApp:534 - Chromium requires no authentication
2025-03-19 21:00:16,784 [WARN] PackLoader:240 - Cannot read IP mode file for STMicroelectronics.X-CUBE-AZRTOS-H7RS.1.1.0
2025-03-19 21:00:16,795 [INFO] PopulateThirdPartyThread:66 - Ending populate Thread
2025-03-19 21:00:16,797 [INFO] ThirdParty:1030 - CMSIS Pack Vendor :STMicroelectronics X-CUBE-AZRTOS-H7RS 1.1.0
2025-03-19 21:00:16,797 [INFO] LoadServerUpdatesThread:375 - End of LoadServerUpdate Thread
2025-03-19 21:00:16,811 [INFO] WebApp:477 - Direct internet connection detected
2025-03-19 21:00:16,883 [INFO] WebApp:880 - Register for checkConnection events
2025-03-19 21:00:16,883 [INFO] WebApp:449 - Apply proxy settings
2025-03-19 21:00:16,884 [INFO] CheckServerUpdateThread:120 - End of CheckServer Thread
2025-03-19 21:00:16,884 [INFO] WebApp:534 - Chromium requires no authentication
2025-03-19 21:00:16,886 [INFO] WebApp:477 - Direct internet connection detected
2025-03-19 21:00:17,173 [INFO] WebApp:221 - Starting web application
2025-03-19 21:00:17,173 [INFO] WebApp:579 - Web application path used C:\ST\STM32CubeIDE_1.17.0\STM32CubeIDE\plugins\com.st.stm32cube.common.mx_6.13.0.202411220809\db\plugins\mcufinder\reactClient1\index.html
2025-03-19 21:00:17,217 [INFO] WebApp:187 - Connection restablished
2025-03-19 21:00:17,808 [WARN] PackLoader:240 - Cannot read IP mode file for STMicroelectronics.FP-SNS-MOTENVWB1.1.4.0
2025-03-19 21:00:17,820 [WARN] PackLoader:240 - Cannot read IP mode file for STMicroelectronics.FP-ATR-ASTRA1.2.0.2
2025-03-19 21:00:17,845 [WARN] PackLoader:240 - Cannot read IP mode file for STMicroelectronics.FP-ATR-ASTRA1.2.0.1
2025-03-19 21:00:17,881 [WARN] PackLoader:240 - Cannot read IP mode file for STMicroelectronics.X-CUBE-SMBUS.2.1.0
2025-03-19 21:00:17,914 [WARN] PackLoader:240 - Cannot read IP mode file for STMicroelectronics.X-CUBE-WB05N.1.1.0
2025-03-19 21:00:17,974 [WARN] PackLoader:240 - Cannot read IP mode file for STMicroelectronics.X-CUBE-AZRTOS-F7.1.1.0
2025-03-19 21:00:18,005 [WARN] PackLoader:240 - Cannot read IP mode file for STMicroelectronics.FP-SNS-FLIGHT1.5.0.2
2025-03-19 21:00:18,064 [WARN] PackLoader:240 - Cannot read IP mode file for Infineon.AIROC-Wi-Fi-Bluetooth-STM32.1.7.0
2025-03-19 21:00:18,105 [WARN] PackLoader:240 - Cannot read IP mode file for STMicroelectronics.X-CUBE-DISPLAY.3.0.0
2025-03-19 21:00:18,138 [WARN] PackLoader:240 - Cannot read IP mode file for STMicroelectronics.X-CUBE-BLE1.7.0.0
2025-03-19 21:00:18,167 [WARN] PackLoader:240 - Cannot read IP mode file for STMicroelectronics.X-CUBE-NFC10.1.0.0
2025-03-19 21:00:18,205 [WARN] PackLoader:240 - Cannot read IP mode file for STMicroelectronics.X-CUBE-BLEMGR.4.0.0
2025-03-19 21:00:18,237 [WARN] PackLoader:240 - Cannot read IP mode file for emotas.I-CUBE-CANOPEN.1.3.0
2025-03-19 21:00:18,266 [WARN] PackLoader:240 - Cannot read IP mode file for STMicroelectronics.X-CUBE-AI.10.0.0
2025-03-19 21:00:18,291 [WARN] PackLoader:240 - Cannot read IP mode file for STMicroelectronics.FP-SNS-SMARTAG2.1.2.0
2025-03-19 21:00:18,298 [WARN] PackLoader:240 - Cannot read IP mode file for STMicroelectronics.FP-SNS-FLIGHT1.5.1.0
2025-03-19 21:00:18,415 [WARN] PackLoader:240 - Cannot read IP mode file for STMicroelectronics.X-CUBE-MEMS1.11.1.0
2025-03-19 21:00:18,648 [INFO] LogOutputStream:77 - [STDOUT_REDIRECT] 1 : Invalid condition id : UX_CORESTACK_Condition cause : null
2025-03-19 21:00:18,649 [INFO] LogOutputStream:77 - [STDOUT_REDIRECT] 1 : Invalid condition id : UX_CORESTACK_Condition cause : null
2025-03-19 21:00:18,652 [INFO] LogOutputStream:77 - [STDOUT_REDIRECT] 1 : Invalid condition id : UX_CORESTACK_Condition cause : null
2025-03-19 21:00:18,654 [INFO] LogOutputStream:77 - [STDOUT_REDIRECT] 1 : Invalid condition id : UX_CORESTACK_Condition cause : null
2025-03-19 21:00:18,656 [INFO] LogOutputStream:77 - [STDOUT_REDIRECT] 1 : Invalid condition id : UX_CORESTACK_Condition cause : null
2025-03-19 21:00:18,659 [WARN] PackLoader:240 - Cannot read IP mode file for STMicroelectronics.X-CUBE-AZRTOS-WL.2.0.0
2025-03-19 21:00:18,684 [WARN] PackLoader:240 - Cannot read IP mode file for STMicroelectronics.FP-SNS-MOTENV1.5.0.0
2025-03-19 21:00:18,694 [WARN] PackLoader:240 - Cannot read IP mode file for wolfSSL.I-CUBE-wolfMQTT.1.19.0
2025-03-19 21:00:18,723 [WARN] PackLoader:240 - Cannot read IP mode file for WES.I-CUBE-Cesium.1.3.0
2025-03-19 21:00:18,746 [WARN] PackLoader:240 - Cannot read IP mode file for STMicroelectronics.X-CUBE-BLE2.3.3.0
2025-03-19 21:00:18,772 [WARN] PackLoader:240 - Cannot read IP mode file for STMicroelectronics.X-CUBE-NFC9.1.0.0
2025-03-19 21:00:18,800 [WARN] PackLoader:240 - Cannot read IP mode file for STMicroelectronics.X-CUBE-BLE1.7.1.0
2025-03-19 21:00:18,848 [WARN] PackLoader:240 - Cannot read IP mode file for STMicroelectronics.X-CUBE-AZRTOS-G0.1.1.0
2025-03-19 21:00:18,878 [WARN] PackLoader:240 - Cannot read IP mode file for STMicroelectronics.X-CUBE-SAFEA1.1.2.2
2025-03-19 21:00:18,902 [WARN] PackLoader:240 - Cannot read IP mode file for STMicroelectronics.X-CUBE-NFC4.3.0.0
2025-03-19 21:00:18,932 [WARN] PackLoader:240 - Cannot read IP mode file for EmbeddedOffice.I-CUBE-FS-RTOS.1.0.1
2025-03-19 21:00:18,958 [WARN] PackLoader:240 - Cannot read IP mode file for STMicroelectronics.X-CUBE-TCPP.4.2.0
2025-03-19 21:00:18,985 [WARN] PackLoader:240 - Cannot read IP mode file for RealThread.X-CUBE-RT-Thread_Nano.4.1.1
2025-03-19 21:00:18,993 [WARN] PackLoader:240 - Cannot read IP mode file for STMicroelectronics.FP-ATR-SIGFOX1.3.2.0
2025-03-19 21:00:19,003 [WARN] ConditionMgr:438 - getConditionDescription Invalid condition id : Cortex-A Device cause : null
2025-03-19 21:00:19,037 [WARN] ConditionMgr:1044 - genDependencies : Invalid condition id : Cortex-A Device cause : null
2025-03-19 21:00:19,037 [WARN] ConditionMgr:1044 - genDependencies : Invalid condition id : Cortex-A Device cause : null
2025-03-19 21:00:19,037 [WARN] ConditionMgr:1044 - genDependencies : Invalid condition id : Cortex-A Device cause : null
2025-03-19 21:00:19,063 [WARN] PackLoader:240 - Cannot read IP mode file for STMicroelectronics.X-CUBE-EEPRMA1.5.1.0
2025-03-19 21:00:19,087 [WARN] PackLoader:240 - Cannot read IP mode file for wolfSSL.I-CUBE-wolfSSL.5.7.4
2025-03-19 21:00:19,116 [WARN] PackLoader:240 - Cannot read IP mode file for ITTIA_DB.I-CUBE-ITTIADB.8.9.0
2025-03-19 21:00:19,179 [WARN] PackLoader:240 - Cannot read IP mode file for SEGGER.I-CUBE-embOS.1.3.1
2025-03-19 21:00:19,241 [WARN] PackLoader:240 - Cannot read IP mode file for STMicroelectronics.X-CUBE-ALGOBUILD.1.4.0
2025-03-19 21:00:19,263 [WARN] PackLoader:240 - Cannot read IP mode file for STMicroelectronics.X-CUBE-AI.9.1.0
2025-03-19 21:00:19,303 [WARN] PackLoader:240 - Cannot read IP mode file for STMicroelectronics.X-CUBE-AZRTOS-F4.1.1.0
2025-03-19 21:00:19,329 [WARN] PackLoader:240 - Cannot read IP mode file for STMicroelectronics.X-CUBE-ISPU.2.1.0
2025-03-19 21:00:19,374 [WARN] PackLoader:240 - Cannot read IP mode file for STMicroelectronics.X-CUBE-AZRTOS-L5.2.0.0
2025-03-19 21:00:19,404 [WARN] PackLoader:240 - Cannot read IP mode file for STMicroelectronics.X-CUBE-NFC6.3.1.0
2025-03-19 21:00:19,427 [WARN] PackLoader:240 - Cannot read IP mode file for STMicroelectronics.X-CUBE-DPower.1.2.0
2025-03-19 21:00:19,447 [WARN] PackLoader:240 - Cannot read IP mode file for STMicroelectronics.X-CUBE-FREERTOS.1.3.0
2025-03-19 21:00:19,468 [WARN] PackLoader:240 - Cannot read IP mode file for STMicroelectronics.X-CUBE-NFC7.1.0.1
2025-03-19 21:00:19,506 [WARN] ConditionMgr:438 - getConditionDescription Invalid condition id : LAN8742 Phy interface Condition cause : null
2025-03-19 21:00:19,507 [WARN] PackLoader:240 - Cannot read IP mode file for STMicroelectronics.X-CUBE-AZRTOS-L4.2.0.0
2025-03-19 21:00:19,508 [WARN] ConditionMgr:1044 - genDependencies : Invalid condition id : LAN8742 Phy interface Condition cause : null
2025-03-19 21:00:19,508 [WARN] ConditionMgr:1044 - genDependencies : Invalid condition id : LAN8742 Phy interface Condition cause : null
2025-03-19 21:00:19,509 [WARN] ConditionMgr:1044 - genDependencies : Invalid condition id : LAN8742 Phy interface Condition cause : null
2025-03-19 21:00:19,530 [WARN] PackLoader:240 - Cannot read IP mode file for STMicroelectronics.X-CUBE-SFXS2LP1.4.0.0
2025-03-19 21:00:19,581 [WARN] PackLoader:240 - Cannot read IP mode file for STMicroelectronics.X-CUBE-AZRTOS-H7.3.3.0
2025-03-19 21:00:19,616 [WARN] ConditionMgr:438 - getConditionDescription Invalid condition id : UX DEVICE CLASS RTOS Condition cause : null
2025-03-19 21:00:19,616 [WARN] ConditionMgr:438 - getConditionDescription Invalid condition id : UX DEVICE CLASS RTOS Condition cause : null
2025-03-19 21:00:19,619 [WARN] PackLoader:240 - Cannot read IP mode file for STMicroelectronics.X-CUBE-AZRTOS-WB.2.0.0
2025-03-19 21:00:19,620 [WARN] ConditionMgr:1044 - genDependencies : Invalid condition id : UX DEVICE CLASS RTOS Condition cause : null
2025-03-19 21:00:19,620 [WARN] ConditionMgr:1044 - genDependencies : Invalid condition id : UX DEVICE CLASS RTOS Condition cause : null
2025-03-19 21:00:19,620 [WARN] ConditionMgr:1044 - genDependencies : Invalid condition id : UX DEVICE CLASS RTOS Condition cause : null
2025-03-19 21:00:19,621 [WARN] ConditionMgr:1044 - genDependencies : Invalid condition id : UX DEVICE CLASS RTOS Condition cause : null
2025-03-19 21:00:19,621 [WARN] ConditionMgr:1044 - genDependencies : Invalid condition id : UX DEVICE CLASS RTOS Condition cause : null
2025-03-19 21:00:19,639 [WARN] PackLoader:240 - Cannot read IP mode file for STMicroelectronics.X-CUBE-GNSS1.7.0.1
2025-03-19 21:00:19,659 [WARN] PackLoader:240 - Cannot read IP mode file for STMicroelectronics.X-CUBE-TOUCHGFX.4.25.0
2025-03-19 21:00:19,676 [WARN] PackLoader:240 - Cannot read IP mode file for STMicroelectronics.FP-SNS-STBOX1.2.0.0
2025-03-19 21:00:19,704 [WARN] PackLoader:240 - Cannot read IP mode file for STMicroelectronics.X-CUBE-SUBG2.5.0.0
2025-03-19 21:00:19,721 [WARN] PackLoader:240 - Cannot read IP mode file for STMicroelectronics.X-CUBE-AZRTOS-H7RS.1.1.0
2025-03-19 21:00:19,728 [WARN] PackLoader:240 - Cannot read IP mode file for Cesanta.I-CUBE-Mongoose.7.13.0
2025-03-19 21:00:19,757 [WARN] PackLoader:240 - Cannot read IP mode file for STMicroelectronics.X-CUBE-AZRTOS-G4.2.0.0
2025-03-19 21:00:19,783 [WARN] PackLoader:240 - Cannot read IP mode file for STMicroelectronics.X-CUBE-IPS.3.1.0
2025-03-19 21:00:19,805 [WARN] PackLoader:240 - Cannot read IP mode file for STMicroelectronics.X-CUBE-ALS.1.0.2
2025-03-19 21:00:19,823 [WARN] PackLoader:240 - Cannot read IP mode file for STMicroelectronics.X-CUBE-TOUCHGFX.4.24.2
2025-03-19 21:00:19,828 [WARN] PackLoader:240 - Cannot read IP mode file for wolfSSL.I-CUBE-wolfTPM.3.4.0
2025-03-19 21:00:19,847 [WARN] PackLoader:240 - Cannot read IP mode file for portGmbH.I-Cube-SoM-uGOAL.1.1.0
2025-03-19 21:00:19,887 [WARN] PackLoader:240 - Cannot read IP mode file for STMicroelectronics.X-CUBE-AZRTOS-H7RS.1.0.0
2025-03-19 21:00:19,915 [WARN] PackLoader:240 - Cannot read IP mode file for STMicroelectronics.X-CUBE-TOF1.3.4.2
2025-03-19 21:00:19,935 [WARN] PackLoader:240 - Cannot read IP mode file for wolfSSL.I-CUBE-wolfSSH.1.4.17
2025-03-19 21:00:19,937 [INFO] ThirdParty:978 - Integrity check success = true
2025-03-19 21:00:19,937 [INFO] IntegrityCheckThread:100 - exiting critical section [integrity check]
2025-03-19 21:00:19,937 [INFO] IntegrityCheckThread:103 - End integrity checks thread
2025-03-19 21:16:16,985 [INFO] WebApp:190 - Connection lost
2025-03-19 21:16:17,588 [INFO] WebApp:187 - Connection restablished
2025-03-19 21:50:09,912 [INFO] WebApp:190 - Connection lost
2025-03-19 21:50:10,127 [INFO] WebApp:187 - Connection restablished
2025-03-19 21:51:22,371 [INFO] WebApp:190 - Connection lost
2025-03-19 21:51:22,670 [INFO] WebApp:187 - Connection restablished
2025-03-19 21:51:52,330 [INFO] WebApp:190 - Connection lost
2025-03-19 21:51:52,549 [INFO] WebApp:187 - Connection restablished
2025-03-19 22:09:19,868 [INFO] WebApp:190 - Connection lost
2025-03-19 22:09:20,490 [INFO] WebApp:187 - Connection restablished
2025-03-19 22:31:25,850 [INFO] WebApp:190 - Connection lost
2025-03-19 22:31:26,098 [INFO] WebApp:187 - Connection restablished
2025-03-19 22:34:18,444 [INFO] WebApp:190 - Connection lost
2025-03-19 22:34:18,632 [INFO] WebApp:187 - Connection restablished
2025-03-19 22:50:02,478 [INFO] WebApp:190 - Connection lost
2025-03-19 22:51:25,229 [INFO] WebApp:187 - Connection restablished
2025-03-19 23:21:53,093 [INFO] WebApp:190 - Connection lost
2025-03-19 23:21:53,578 [INFO] WebApp:187 - Connection restablished
2025-03-19 23:30:13,807 [ERROR] LogOutputStream:75 - [STDERR_REDIRECT] 
