2025-03-03 23:09:29,572 [INFO] Activator:176 - 


2025-03-03 23:09:29,572 [INFO] Activator:177 - !SESSION log4j initialized
2025-03-03 23:09:35,734 [INFO] LogOutputStream:77 - [STDOUT_REDIRECT] 
2025-03-03 23:09:36,061 [ERROR] ConfigurationRetriever:142 - IOException on connection: sw-center.st.com
2025-03-03 23:09:36,062 [ERROR] ConfigurationRetriever:142 - IOException on connection: sw-center.st.com
2025-03-03 23:09:36,063 [ERROR] ConfigurationRetriever:142 - IOException on connection: sw-center.st.com
2025-03-03 23:09:36,066 [ERROR] ConfigurationRetriever:142 - IOException on connection: sw-center.st.com
2025-03-03 23:09:36,067 [ERROR] ConfigurationRetriever:142 - IOException on connection: sw-center.st.com
2025-03-03 23:09:36,068 [ERROR] ConfigurationRetriever:142 - IOException on connection: sw-center.st.com
2025-03-03 23:09:37,397 [INFO] ApplicationProperties:184 - Using Application install path: C:\ST\STM32CubeIDE_1.17.0\STM32CubeIDE\plugins\com.st.stm32cube.common.mx_6.13.0.202411220809
2025-03-03 23:09:37,419 [INFO] DbMcusXml:78 - Set database path to: C:\ST\STM32CubeIDE_1.17.0\STM32CubeIDE\plugins\com.st.stm32cube.common.mx_6.13.0.202411220809\\db\/mcu/
2025-03-03 23:09:37,419 [INFO] ApiDb:274 - Set plugin database path to: C:\ST\STM32CubeIDE_1.17.0\STM32CubeIDE\plugins\com.st.stm32cube.common.mx_6.13.0.202411220809\\db\/plugins/boardmanager/
2025-03-03 23:09:37,420 [WARN] ApiDb:259 - Overriding images path with different value:  => C:\ST\STM32CubeIDE_1.17.0\STM32CubeIDE\plugins\com.st.stm32cube.common.mx_6.13.0.202411220809\\db\/plugins/mcufinder/images/
2025-03-03 23:09:37,436 [INFO] ApiDb:250 - Set database path to: C:\Users\vinaykumar\.stmcufinder\plugins\mcufinder//mcu/
2025-03-03 23:09:37,438 [INFO] DbMcusAds:125 - Set database path to: C:\Users\vinaykumar\.stmcufinder\plugins\mcufinder//mcu/
2025-03-03 23:09:37,441 [INFO] CrossReferenceDbSqlite:203 - Set database path to: C:\Users\vinaykumar\.stmcufinder\plugins\mcufinder//mcu/cs/
2025-03-03 23:09:37,591 [INFO] RulesReader:64 - Compatibility file has been processed (297 Rules)
2025-03-03 23:09:37,702 [INFO] DbMcusXml:78 - Set database path to: C:\ST\STM32CubeIDE_1.17.0\STM32CubeIDE\plugins\com.st.stm32cube.common.mx_6.13.0.202411220809\\db\/mcu/
2025-03-03 23:09:37,703 [INFO] ApiDb:274 - Set plugin database path to: C:\ST\STM32CubeIDE_1.17.0\STM32CubeIDE\plugins\com.st.stm32cube.common.mx_6.13.0.202411220809\\db\/plugins/boardmanager/
2025-03-03 23:09:37,703 [INFO] ApiDb:261 - Set plugin images path to: C:\ST\STM32CubeIDE_1.17.0\STM32CubeIDE\plugins\com.st.stm32cube.common.mx_6.13.0.202411220809\\db\/plugins/mcufinder/images/
2025-03-03 23:09:37,703 [WARN] DbFile:41 - Overriding database path with different value: C:\Users\vinaykumar\.stmcufinder\plugins\mcufinder/ => C:\Users\vinaykumar\.stmcufinder\plugins\mcufinder
2025-03-03 23:09:37,703 [INFO] ApiDb:250 - Set database path to: C:\Users\vinaykumar\.stmcufinder\plugins\mcufinder//mcu/
2025-03-03 23:09:37,703 [WARN] DbFile:41 - Overriding database path with different value: C:\Users\vinaykumar\.stmcufinder\plugins\mcufinder/ => C:\Users\vinaykumar\.stmcufinder\plugins\mcufinder
2025-03-03 23:09:37,703 [INFO] DbMcusAds:125 - Set database path to: C:\Users\vinaykumar\.stmcufinder\plugins\mcufinder//mcu/
2025-03-03 23:09:37,703 [WARN] DbFile:41 - Overriding database path with different value: C:\Users\vinaykumar\.stmcufinder\plugins\mcufinder/ => C:\Users\vinaykumar\.stmcufinder\plugins\mcufinder
2025-03-03 23:09:37,703 [WARN] DbFile:41 - Overriding database path with different value: C:\Users\vinaykumar\.stmcufinder\plugins\mcufinder/ => C:\Users\vinaykumar\.stmcufinder\plugins\mcufinder
2025-03-03 23:09:37,703 [INFO] CrossReferenceDbSqlite:203 - Set database path to: C:\Users\vinaykumar\.stmcufinder\plugins\mcufinder//mcu/cs/
2025-03-03 23:09:37,805 [INFO] MainPanel:272 - HeapMemory: 268435456
2025-03-03 23:09:37,976 [INFO] DbMcusXml:78 - Set database path to: C:\ST\STM32CubeIDE_1.17.0\STM32CubeIDE\plugins\com.st.stm32cube.common.mx_6.13.0.202411220809\\db\/mcu/
2025-03-03 23:09:37,976 [INFO] ApiDb:274 - Set plugin database path to: C:\ST\STM32CubeIDE_1.17.0\STM32CubeIDE\plugins\com.st.stm32cube.common.mx_6.13.0.202411220809\\db\/plugins/boardmanager/
2025-03-03 23:09:37,976 [INFO] ApiDb:261 - Set plugin images path to: C:\ST\STM32CubeIDE_1.17.0\STM32CubeIDE\plugins\com.st.stm32cube.common.mx_6.13.0.202411220809\\db\/plugins/mcufinder/images/
2025-03-03 23:09:37,976 [WARN] DbFile:41 - Overriding database path with different value: C:\Users\vinaykumar\.stmcufinder\plugins\mcufinder/ => C:\Users\vinaykumar\.stmcufinder\plugins\mcufinder
2025-03-03 23:09:37,976 [INFO] ApiDb:250 - Set database path to: C:\Users\vinaykumar\.stmcufinder\plugins\mcufinder//mcu/
2025-03-03 23:09:37,976 [WARN] DbFile:41 - Overriding database path with different value: C:\Users\vinaykumar\.stmcufinder\plugins\mcufinder/ => C:\Users\vinaykumar\.stmcufinder\plugins\mcufinder
2025-03-03 23:09:37,976 [INFO] DbMcusAds:125 - Set database path to: C:\Users\vinaykumar\.stmcufinder\plugins\mcufinder//mcu/
2025-03-03 23:09:37,976 [WARN] DbFile:41 - Overriding database path with different value: C:\Users\vinaykumar\.stmcufinder\plugins\mcufinder/ => C:\Users\vinaykumar\.stmcufinder\plugins\mcufinder
2025-03-03 23:09:37,977 [WARN] DbFile:41 - Overriding database path with different value: C:\Users\vinaykumar\.stmcufinder\plugins\mcufinder/ => C:\Users\vinaykumar\.stmcufinder\plugins\mcufinder
2025-03-03 23:09:37,977 [INFO] CrossReferenceDbSqlite:203 - Set database path to: C:\Users\vinaykumar\.stmcufinder\plugins\mcufinder//mcu/cs/
2025-03-03 23:09:38,003 [INFO] ApplicationProperties:184 - Using Application install path: C:\ST\STM32CubeIDE_1.17.0\STM32CubeIDE\plugins\com.st.stm32cube.common.mx_6.13.0.202411220809
2025-03-03 23:09:38,004 [INFO] PluginManage:196 - Search for loadable plugins [exclusion list=, ]
2025-03-03 23:09:38,006 [INFO] PluginManage:310 - Check plugin analytics
2025-03-03 23:09:38,383 [INFO] AnalyticsPlugin:253 - Accepted Software Licenses: 
2025-03-03 23:09:38,384 [INFO] AnalyticsPlugin:255 - Accepted CMSIS Pack Licenses: 
2025-03-03 23:09:38,384 [INFO] AnalyticsPlugin:257 - Accepted Firmware Licenses: 
2025-03-03 23:09:38,387 [INFO] PluginManage:359 - Loaded plugin analytics (category:tool,tabindex:-1)
2025-03-03 23:09:38,387 [INFO] PluginManage:310 - Check plugin cadmodel
2025-03-03 23:09:38,387 [ERROR] ConfigurationRetriever:142 - IOException on connection: sw-center.st.com
2025-03-03 23:09:38,388 [ERROR] ConfigurationRetriever:142 - IOException on connection: sw-center.st.com
2025-03-03 23:09:38,389 [ERROR] ConfigurationRetriever:142 - IOException on connection: sw-center.st.com
2025-03-03 23:09:38,415 [INFO] CADModel:105 - Init CAD model plugin
2025-03-03 23:09:38,415 [INFO] PluginManage:359 - Loaded plugin cadmodel (category:power,tabindex:5)
2025-03-03 23:09:38,415 [INFO] PluginManage:310 - Check plugin clock
2025-03-03 23:09:38,444 [INFO] PluginManage:359 - Loaded plugin clock (category:base,tabindex:2)
2025-03-03 23:09:38,444 [INFO] PluginManage:310 - Check plugin ddr
2025-03-03 23:09:38,447 [INFO] PluginManage:359 - Loaded plugin ddr (category:tool,tabindex:6)
2025-03-03 23:09:38,447 [INFO] PluginManage:310 - Check plugin filemanager
2025-03-03 23:09:38,599 [INFO] PluginManage:359 - Loaded plugin filemanager (category:base,tabindex:10)
2025-03-03 23:09:38,599 [INFO] PluginManage:310 - Check plugin ipmanager
2025-03-03 23:09:38,606 [INFO] PluginManage:359 - Loaded plugin ipmanager (category:base,tabindex:5)
2025-03-03 23:09:38,606 [INFO] PluginManage:310 - Check plugin lpbam
2025-03-03 23:09:38,627 [INFO] PluginManage:359 - Loaded plugin lpbam (category:base,tabindex:0)
2025-03-03 23:09:38,627 [INFO] PluginManage:310 - Check plugin memorymap
2025-03-03 23:09:38,654 [INFO] PluginManage:359 - Loaded plugin memorymap (category:base,tabindex:4)
2025-03-03 23:09:38,654 [INFO] PluginManage:310 - Check plugin pinoutandconfiguration
2025-03-03 23:09:38,678 [INFO] PluginManage:359 - Loaded plugin pinoutandconfiguration (category:base,tabindex:1)
2025-03-03 23:09:38,678 [INFO] PluginManage:310 - Check plugin pinoutconfig
2025-03-03 23:09:38,788 [WARN] SupportedApi:132 - Cannot load RTOS API schema: s4s-elt-must-match.1: The content of 'definitions' must match (annotation?, (simpleType | complexType)?, (unique | key | keyref)*)). A problem was found starting at: attribute.
2025-03-03 23:09:38,938 [INFO] PluginManage:359 - Loaded plugin pinoutconfig (category:base,tabindex:0)
2025-03-03 23:09:38,938 [INFO] PluginManage:310 - Check plugin power
2025-03-03 23:09:38,982 [INFO] PluginManage:359 - Loaded plugin power (category:power,tabindex:4)
2025-03-03 23:09:38,983 [INFO] PluginManage:310 - Check plugin projectmanager
2025-03-03 23:09:39,006 [INFO] PluginManage:359 - Loaded plugin projectmanager (category:projectmanager,tabindex:4)
2025-03-03 23:09:39,007 [INFO] PluginManage:310 - Check plugin rif
2025-03-03 23:09:39,032 [INFO] PluginManage:359 - Loaded plugin rif (category:base,tabindex:3)
2025-03-03 23:09:39,032 [INFO] PluginManage:310 - Check plugin thirdparty
2025-03-03 23:09:39,391 [WARN] IntegrityCheckThread:84 - waiting for thirdparty lock release [integrity check]
2025-03-03 23:09:39,392 [INFO] IntegrityCheckThread:86 - entering critical section [integrity check]
2025-03-03 23:09:39,392 [INFO] PluginManage:359 - Loaded plugin thirdparty (category:base,tabindex:-1)
2025-03-03 23:09:39,392 [INFO] PluginManage:310 - Check plugin tools
2025-03-03 23:09:39,392 [INFO] ThirdPartyUpdaterWithRetryManager:70 - Updater plugin not ready yet. [1/15]
2025-03-03 23:09:39,429 [INFO] PluginManage:359 - Loaded plugin tools (category:base,tabindex:7)
2025-03-03 23:09:39,429 [INFO] PluginManage:310 - Check plugin tutovideos
2025-03-03 23:09:39,638 [INFO] PluginManage:359 - Loaded plugin tutovideos (category:base,tabindex:-1)
2025-03-03 23:09:39,639 [INFO] PluginManage:310 - Check plugin updater
2025-03-03 23:09:39,663 [INFO] PluginManage:359 - Loaded plugin updater (category:base,tabindex:12)
2025-03-03 23:09:39,663 [INFO] PluginManage:310 - Check plugin userauth
2025-03-03 23:09:39,668 [INFO] UserAuth:118 - Init User Auth plugin
2025-03-03 23:09:39,670 [INFO] PluginManage:359 - Loaded plugin userauth (category:base,tabindex:14)
2025-03-03 23:09:39,670 [INFO] PluginManage:283 - PluginManage : Loaded plugins [18]
2025-03-03 23:09:39,924 [INFO] PinOutPanel:1589 - setPackage(No Configuration,No Configuration)
2025-03-03 23:09:40,038 [INFO] CADModel:165 - CPN selected for project level
2025-03-03 23:09:40,038 [INFO] CADModel:114 - Register for checkConnection events
2025-03-03 23:09:40,075 [INFO] IPUIPlugin:80 - create IPUIPlugin
2025-03-03 23:09:40,075 [INFO] PluginManager:220 - loadIPPluginJar : add adc
2025-03-03 23:09:40,140 [INFO] IPUIPlugin:80 - create IPUIPlugin
2025-03-03 23:09:40,140 [INFO] PluginManager:220 - loadIPPluginJar : add aes
2025-03-03 23:09:40,199 [INFO] IPUIPlugin:80 - create IPUIPlugin
2025-03-03 23:09:40,199 [INFO] PluginManager:220 - loadIPPluginJar : add can
2025-03-03 23:09:40,235 [INFO] IPUIPlugin:80 - create IPUIPlugin
2025-03-03 23:09:40,235 [INFO] PluginManager:220 - loadIPPluginJar : add comp
2025-03-03 23:09:40,285 [INFO] IPUIPlugin:80 - create IPUIPlugin
2025-03-03 23:09:40,285 [INFO] PluginManager:220 - loadIPPluginJar : add cryp
2025-03-03 23:09:40,303 [INFO] IPUIPlugin:80 - create IPUIPlugin
2025-03-03 23:09:40,303 [INFO] PluginManager:220 - loadIPPluginJar : add ddr_ctrl_phy
2025-03-03 23:09:40,352 [INFO] IPUIPlugin:80 - create IPUIPlugin
2025-03-03 23:09:40,352 [INFO] PluginManager:220 - loadIPPluginJar : add dfsdm
2025-03-03 23:09:40,370 [INFO] IPUIPlugin:80 - create IPUIPlugin
2025-03-03 23:09:40,371 [INFO] PluginManager:220 - loadIPPluginJar : add dma
2025-03-03 23:09:40,412 [INFO] IPUIPlugin:80 - create IPUIPlugin
2025-03-03 23:09:40,412 [INFO] PluginManager:220 - loadIPPluginJar : add dma3
2025-03-03 23:09:40,461 [INFO] IPUIPlugin:80 - create IPUIPlugin
2025-03-03 23:09:40,461 [INFO] PluginManager:220 - loadIPPluginJar : add extmemmanager
2025-03-03 23:09:40,488 [INFO] IPUIPlugin:80 - create IPUIPlugin
2025-03-03 23:09:40,489 [INFO] PluginManager:220 - loadIPPluginJar : add fatfs
2025-03-03 23:09:40,545 [INFO] IPUIPlugin:80 - create IPUIPlugin
2025-03-03 23:09:40,545 [INFO] PluginManager:220 - loadIPPluginJar : add fmc
2025-03-03 23:09:40,567 [INFO] IPUIPlugin:80 - create IPUIPlugin
2025-03-03 23:09:40,568 [INFO] PluginManager:220 - loadIPPluginJar : add freertos
2025-03-03 23:09:40,597 [INFO] IPUIPlugin:80 - create IPUIPlugin
2025-03-03 23:09:40,597 [INFO] PluginManager:220 - loadIPPluginJar : add genericplugin
2025-03-03 23:09:40,700 [INFO] IPUIPlugin:80 - create IPUIPlugin
2025-03-03 23:09:40,700 [INFO] PluginManager:220 - loadIPPluginJar : add gfxmmu
2025-03-03 23:09:40,828 [INFO] IPUIPlugin:80 - create IPUIPlugin
2025-03-03 23:09:40,828 [INFO] PluginManager:220 - loadIPPluginJar : add gic
2025-03-03 23:09:40,845 [INFO] IPUIPlugin:80 - create IPUIPlugin
2025-03-03 23:09:40,845 [INFO] PluginManager:220 - loadIPPluginJar : add gpio
2025-03-03 23:09:40,941 [INFO] IPUIPlugin:80 - create IPUIPlugin
2025-03-03 23:09:40,941 [INFO] PluginManager:220 - loadIPPluginJar : add gtzc
2025-03-03 23:09:40,978 [INFO] IPUIPlugin:80 - create IPUIPlugin
2025-03-03 23:09:40,978 [INFO] PluginManager:220 - loadIPPluginJar : add hash
2025-03-03 23:09:41,030 [INFO] IPUIPlugin:80 - create IPUIPlugin
2025-03-03 23:09:41,030 [INFO] PluginManager:220 - loadIPPluginJar : add i2c
2025-03-03 23:09:41,074 [INFO] IPUIPlugin:80 - create IPUIPlugin
2025-03-03 23:09:41,074 [INFO] PluginManager:220 - loadIPPluginJar : add i2s
2025-03-03 23:09:41,123 [INFO] IPUIPlugin:80 - create IPUIPlugin
2025-03-03 23:09:41,123 [INFO] PluginManager:220 - loadIPPluginJar : add i3c
2025-03-03 23:09:41,236 [INFO] IPUIPlugin:80 - create IPUIPlugin
2025-03-03 23:09:41,236 [INFO] PluginManager:220 - loadIPPluginJar : add ipddr
2025-03-03 23:09:41,325 [INFO] IPUIPlugin:80 - create IPUIPlugin
2025-03-03 23:09:41,326 [INFO] PluginManager:220 - loadIPPluginJar : add linkedlist
2025-03-03 23:09:41,364 [INFO] IPUIPlugin:80 - create IPUIPlugin
2025-03-03 23:09:41,365 [INFO] PluginManager:220 - loadIPPluginJar : add lorawan
2025-03-03 23:09:41,404 [INFO] IPUIPlugin:80 - create IPUIPlugin
2025-03-03 23:09:41,404 [INFO] PluginManager:220 - loadIPPluginJar : add ltdc
2025-03-03 23:09:41,422 [INFO] IPUIPlugin:80 - create IPUIPlugin
2025-03-03 23:09:41,422 [INFO] PluginManager:220 - loadIPPluginJar : add mdma
2025-03-03 23:09:41,437 [INFO] IPUIPlugin:80 - create IPUIPlugin
2025-03-03 23:09:41,438 [INFO] PluginManager:220 - loadIPPluginJar : add nvic
2025-03-03 23:09:41,476 [INFO] IPUIPlugin:80 - create IPUIPlugin
2025-03-03 23:09:41,476 [INFO] PluginManager:220 - loadIPPluginJar : add opamp
2025-03-03 23:09:41,535 [INFO] IPUIPlugin:80 - create IPUIPlugin
2025-03-03 23:09:41,535 [INFO] PluginManager:220 - loadIPPluginJar : add openamp
2025-03-03 23:09:41,581 [INFO] IPUIPlugin:80 - create IPUIPlugin
2025-03-03 23:09:41,582 [INFO] PluginManager:220 - loadIPPluginJar : add pdm2pcm
2025-03-03 23:09:41,598 [INFO] IPUIPlugin:80 - create IPUIPlugin
2025-03-03 23:09:41,600 [INFO] PluginManager:220 - loadIPPluginJar : add plateformsettings
2025-03-03 23:09:41,624 [INFO] IPUIPlugin:80 - create IPUIPlugin
2025-03-03 23:09:41,624 [INFO] PluginManager:220 - loadIPPluginJar : add quadspi
2025-03-03 23:09:41,652 [INFO] IPUIPlugin:80 - create IPUIPlugin
2025-03-03 23:09:41,653 [INFO] PluginManager:220 - loadIPPluginJar : add radio
2025-03-03 23:09:41,669 [INFO] IPUIPlugin:80 - create IPUIPlugin
2025-03-03 23:09:41,669 [INFO] PluginManager:220 - loadIPPluginJar : add resmgrutility
2025-03-03 23:09:41,726 [INFO] IPUIPlugin:80 - create IPUIPlugin
2025-03-03 23:09:41,727 [INFO] PluginManager:220 - loadIPPluginJar : add sai
2025-03-03 23:09:41,773 [INFO] IPUIPlugin:80 - create IPUIPlugin
2025-03-03 23:09:41,773 [INFO] PluginManager:220 - loadIPPluginJar : add spi
2025-03-03 23:09:41,841 [INFO] IPUIPlugin:80 - create IPUIPlugin
2025-03-03 23:09:41,841 [INFO] PluginManager:220 - loadIPPluginJar : add stm32_wpan
2025-03-03 23:09:41,867 [INFO] IPUIPlugin:80 - create IPUIPlugin
2025-03-03 23:09:41,867 [INFO] PluginManager:220 - loadIPPluginJar : add tim
2025-03-03 23:09:41,929 [INFO] IPUIPlugin:80 - create IPUIPlugin
2025-03-03 23:09:41,930 [INFO] PluginManager:220 - loadIPPluginJar : add touchsensing
2025-03-03 23:09:41,955 [INFO] IPUIPlugin:80 - create IPUIPlugin
2025-03-03 23:09:41,955 [INFO] PluginManager:220 - loadIPPluginJar : add tracer_emb
2025-03-03 23:09:41,980 [INFO] IPUIPlugin:80 - create IPUIPlugin
2025-03-03 23:09:41,982 [INFO] PluginManager:220 - loadIPPluginJar : add ts
2025-03-03 23:09:42,005 [INFO] IPUIPlugin:80 - create IPUIPlugin
2025-03-03 23:09:42,005 [INFO] PluginManager:220 - loadIPPluginJar : add tsc
2025-03-03 23:09:42,029 [INFO] IPUIPlugin:80 - create IPUIPlugin
2025-03-03 23:09:42,029 [INFO] PluginManager:220 - loadIPPluginJar : add ucpd
2025-03-03 23:09:42,072 [INFO] IPUIPlugin:80 - create IPUIPlugin
2025-03-03 23:09:42,072 [INFO] PluginManager:220 - loadIPPluginJar : add usart
2025-03-03 23:09:42,118 [INFO] IPUIPlugin:80 - create IPUIPlugin
2025-03-03 23:09:42,119 [INFO] PluginManager:220 - loadIPPluginJar : add usbx
2025-03-03 23:09:42,249 [FATAL] Updater:351 - Updater called before beeing initialized
2025-03-03 23:09:42,276 [INFO] RulesReader:64 - Compatibility file has been processed (297 Rules)
2025-03-03 23:09:42,294 [INFO] RulesReader:64 - Compatibility file has been processed (297 Rules)
2025-03-03 23:09:42,306 [INFO] CADModel:165 - CPN selected for project level
2025-03-03 23:09:42,306 [INFO] CADModel:114 - Register for checkConnection events
2025-03-03 23:09:42,307 [FATAL] Updater:351 - Updater called before beeing initialized
2025-03-03 23:09:42,307 [ERROR] CADModel:125 - Updater not yet initialized, retry later 
2025-03-03 23:09:42,393 [INFO] ThirdPartyUpdaterWithRetryManager:70 - Updater plugin not ready yet. [2/15]
2025-03-03 23:09:42,499 [FATAL] Updater:351 - Updater called before beeing initialized
2025-03-03 23:09:42,501 [INFO] CADModel:165 - CPN selected for project level
2025-03-03 23:09:42,501 [INFO] CADModel:114 - Register for checkConnection events
2025-03-03 23:09:42,501 [FATAL] Updater:351 - Updater called before beeing initialized
2025-03-03 23:09:42,502 [ERROR] CADModel:125 - Updater not yet initialized, retry later 
2025-03-03 23:09:42,505 [FATAL] Updater:351 - Updater called before beeing initialized
2025-03-03 23:09:42,603 [FATAL] Updater:351 - Updater called before beeing initialized
2025-03-03 23:09:42,613 [INFO] DbMcusAds:53 - JSON generation date=Tue Dec 17 21:31:15 IST 2024 (1734451275111)
2025-03-03 23:09:42,613 [FATAL] Updater:351 - Updater called before beeing initialized
2025-03-03 23:09:42,649 [WARN] DetailPanel:346 - Failed to get advertising image, set to default
2025-03-03 23:09:42,849 [FATAL] Updater:351 - Updater called before beeing initialized
2025-03-03 23:09:42,851 [FATAL] Updater:351 - Updater called before beeing initialized
2025-03-03 23:09:42,851 [FATAL] Updater:351 - Updater called before beeing initialized
2025-03-03 23:09:42,851 [WARN] DetailPanel:346 - Failed to get advertising image, set to default
2025-03-03 23:09:42,852 [FATAL] Updater:351 - Updater called before beeing initialized
2025-03-03 23:09:42,913 [ERROR] Updater:1198 - MainUpdater not yet initialized. External WinMGr cannot be set.
2025-03-03 23:09:42,924 [INFO] Updater:1134 - Updater Version found : 6.13.0
2025-03-03 23:09:42,942 [INFO] ApplicationProperties:184 - Using Application install path: C:\ST\STM32CubeIDE_1.17.0\STM32CubeIDE\plugins\com.st.stm32cube.common.mx_6.13.0.202411220809
2025-03-03 23:09:44,522 [ERROR] LogOutputStream:75 - [STDERR_REDIRECT] Mar 03, 2025 11:09:44 PM java.util.prefs.WindowsPreferences <init>
2025-03-03 23:09:44,523 [ERROR] LogOutputStream:75 - [STDERR_REDIRECT] WARNING: Could not open/create prefs root node Software\JavaSoft\Prefs at root 0xffffffff80000002. Windows RegCreateKeyEx(...) returned error code 5.
2025-03-03 23:09:44,523 [ERROR] LogOutputStream:75 - [STDERR_REDIRECT] 
2025-03-03 23:09:44,758 [INFO] MainUpdater:2872 - connection check result : 22
2025-03-03 23:09:44,759 [INFO] MainUpdater:289 - Updater Check For Update Now.
2025-03-03 23:09:44,773 [INFO] MicroXplorer:498 - Change Database Version : DB.6.0.130
2025-03-03 23:09:44,803 [INFO] McuFinderGlobals:63 - Set McuFinder mode to 2 (CubeIDE integrated)
2025-03-03 23:09:44,803 [INFO] UserAuth:171 - activating auth plugin
2025-03-03 23:09:44,807 [INFO] UserAuth:486 - Internet connection configuration mode: 2
2025-03-03 23:09:44,829 [INFO] UserAuth:486 - Internet connection configuration mode: 2
2025-03-03 23:09:45,034 [INFO] CheckServerUpdateThread:120 - End of CheckServer Thread
2025-03-03 23:09:45,747 [WARN] PackLoader:240 - Cannot read IP mode file for STMicroelectronics.FP-SNS-MOTENVWB1.1.4.0
2025-03-03 23:09:45,766 [WARN] PackLoader:240 - Cannot read IP mode file for STMicroelectronics.FP-ATR-ASTRA1.2.0.2
2025-03-03 23:09:45,782 [WARN] PackLoader:240 - Cannot read IP mode file for STMicroelectronics.FP-ATR-ASTRA1.2.0.1
2025-03-03 23:09:45,799 [WARN] PackLoader:240 - Cannot read IP mode file for STMicroelectronics.X-CUBE-SMBUS.2.1.0
2025-03-03 23:09:45,816 [WARN] PackLoader:240 - Cannot read IP mode file for STMicroelectronics.X-CUBE-WB05N.1.1.0
2025-03-03 23:09:45,863 [WARN] PackLoader:240 - Cannot read IP mode file for STMicroelectronics.X-CUBE-AZRTOS-F7.1.1.0
2025-03-03 23:09:45,886 [WARN] PackLoader:240 - Cannot read IP mode file for STMicroelectronics.FP-SNS-FLIGHT1.5.0.2
2025-03-03 23:09:45,925 [WARN] PackLoader:240 - Cannot read IP mode file for Infineon.AIROC-Wi-Fi-Bluetooth-STM32.1.7.0
2025-03-03 23:09:45,956 [WARN] PackLoader:240 - Cannot read IP mode file for STMicroelectronics.X-CUBE-DISPLAY.3.0.0
2025-03-03 23:09:45,983 [WARN] PackLoader:240 - Cannot read IP mode file for STMicroelectronics.X-CUBE-BLE1.7.0.0
2025-03-03 23:09:46,006 [WARN] PackLoader:240 - Cannot read IP mode file for STMicroelectronics.X-CUBE-NFC10.1.0.0
2025-03-03 23:09:46,027 [WARN] PackLoader:240 - Cannot read IP mode file for STMicroelectronics.X-CUBE-BLEMGR.4.0.0
2025-03-03 23:09:46,051 [WARN] PackLoader:240 - Cannot read IP mode file for emotas.I-CUBE-CANOPEN.1.3.0
2025-03-03 23:09:46,071 [WARN] PackLoader:240 - Cannot read IP mode file for STMicroelectronics.X-CUBE-AI.10.0.0
2025-03-03 23:09:46,086 [WARN] PackLoader:240 - Cannot read IP mode file for STMicroelectronics.FP-SNS-SMARTAG2.1.2.0
2025-03-03 23:09:46,144 [WARN] PackLoader:240 - Cannot read IP mode file for STMicroelectronics.X-CUBE-MEMS1.11.1.0
2025-03-03 23:09:46,395 [INFO] LogOutputStream:77 - [STDOUT_REDIRECT] 1 : Invalid condition id : UX_CORESTACK_Condition cause : null
2025-03-03 23:09:46,395 [INFO] LogOutputStream:77 - [STDOUT_REDIRECT] 1 : Invalid condition id : UX_CORESTACK_Condition cause : null
2025-03-03 23:09:46,396 [INFO] LogOutputStream:77 - [STDOUT_REDIRECT] 1 : Invalid condition id : UX_CORESTACK_Condition cause : null
2025-03-03 23:09:46,398 [INFO] LogOutputStream:77 - [STDOUT_REDIRECT] 1 : Invalid condition id : UX_CORESTACK_Condition cause : null
2025-03-03 23:09:46,399 [INFO] LogOutputStream:77 - [STDOUT_REDIRECT] 1 : Invalid condition id : UX_CORESTACK_Condition cause : null
2025-03-03 23:09:46,401 [WARN] PackLoader:240 - Cannot read IP mode file for STMicroelectronics.X-CUBE-AZRTOS-WL.2.0.0
2025-03-03 23:09:46,419 [WARN] PackLoader:240 - Cannot read IP mode file for STMicroelectronics.FP-SNS-MOTENV1.5.0.0
2025-03-03 23:09:46,434 [WARN] PackLoader:240 - Cannot read IP mode file for wolfSSL.I-CUBE-wolfMQTT.1.19.0
2025-03-03 23:09:46,452 [WARN] PackLoader:240 - Cannot read IP mode file for WES.I-CUBE-Cesium.1.3.0
2025-03-03 23:09:46,465 [WARN] PackLoader:240 - Cannot read IP mode file for STMicroelectronics.X-CUBE-BLE2.3.3.0
2025-03-03 23:09:46,479 [WARN] PackLoader:240 - Cannot read IP mode file for STMicroelectronics.X-CUBE-NFC9.1.0.0
2025-03-03 23:09:46,524 [WARN] PackLoader:240 - Cannot read IP mode file for STMicroelectronics.X-CUBE-AZRTOS-G0.1.1.0
2025-03-03 23:09:46,549 [WARN] PackLoader:240 - Cannot read IP mode file for STMicroelectronics.X-CUBE-SAFEA1.1.2.2
2025-03-03 23:09:46,571 [WARN] PackLoader:240 - Cannot read IP mode file for STMicroelectronics.X-CUBE-NFC4.3.0.0
2025-03-03 23:09:46,593 [WARN] PackLoader:240 - Cannot read IP mode file for EmbeddedOffice.I-CUBE-FS-RTOS.1.0.1
2025-03-03 23:09:46,608 [WARN] PackLoader:240 - Cannot read IP mode file for STMicroelectronics.X-CUBE-TCPP.4.2.0
2025-03-03 23:09:46,623 [WARN] PackLoader:240 - Cannot read IP mode file for RealThread.X-CUBE-RT-Thread_Nano.4.1.1
2025-03-03 23:09:46,639 [WARN] PackLoader:240 - Cannot read IP mode file for STMicroelectronics.FP-ATR-SIGFOX1.3.2.0
2025-03-03 23:09:46,651 [WARN] ConditionMgr:438 - getConditionDescription Invalid condition id : Cortex-A Device cause : null
2025-03-03 23:09:46,678 [WARN] ConditionMgr:1044 - genDependencies : Invalid condition id : Cortex-A Device cause : null
2025-03-03 23:09:46,678 [WARN] ConditionMgr:1044 - genDependencies : Invalid condition id : Cortex-A Device cause : null
2025-03-03 23:09:46,678 [WARN] ConditionMgr:1044 - genDependencies : Invalid condition id : Cortex-A Device cause : null
2025-03-03 23:09:46,693 [WARN] PackLoader:240 - Cannot read IP mode file for STMicroelectronics.X-CUBE-EEPRMA1.5.1.0
2025-03-03 23:09:46,707 [WARN] PackLoader:240 - Cannot read IP mode file for wolfSSL.I-CUBE-wolfSSL.5.7.4
2025-03-03 23:09:46,730 [WARN] PackLoader:240 - Cannot read IP mode file for ITTIA_DB.I-CUBE-ITTIADB.8.9.0
2025-03-03 23:09:46,761 [WARN] PackLoader:240 - Cannot read IP mode file for SEGGER.I-CUBE-embOS.1.3.1
2025-03-03 23:09:46,803 [WARN] PackLoader:240 - Cannot read IP mode file for STMicroelectronics.X-CUBE-ALGOBUILD.1.4.0
2025-03-03 23:09:46,818 [WARN] PackLoader:240 - Cannot read IP mode file for STMicroelectronics.X-CUBE-AI.9.1.0
2025-03-03 23:09:46,856 [WARN] PackLoader:240 - Cannot read IP mode file for STMicroelectronics.X-CUBE-AZRTOS-F4.1.1.0
2025-03-03 23:09:46,879 [WARN] PackLoader:240 - Cannot read IP mode file for STMicroelectronics.X-CUBE-ISPU.2.1.0
2025-03-03 23:09:46,910 [WARN] PackLoader:240 - Cannot read IP mode file for STMicroelectronics.X-CUBE-AZRTOS-L5.2.0.0
2025-03-03 23:09:46,933 [WARN] PackLoader:240 - Cannot read IP mode file for STMicroelectronics.X-CUBE-NFC6.3.1.0
2025-03-03 23:09:46,956 [WARN] PackLoader:240 - Cannot read IP mode file for STMicroelectronics.X-CUBE-DPower.1.2.0
2025-03-03 23:09:46,975 [WARN] PackLoader:240 - Cannot read IP mode file for STMicroelectronics.X-CUBE-FREERTOS.1.3.0
2025-03-03 23:09:46,994 [WARN] PackLoader:240 - Cannot read IP mode file for STMicroelectronics.X-CUBE-NFC7.1.0.1
2025-03-03 23:09:47,022 [WARN] ConditionMgr:438 - getConditionDescription Invalid condition id : LAN8742 Phy interface Condition cause : null
2025-03-03 23:09:47,023 [WARN] PackLoader:240 - Cannot read IP mode file for STMicroelectronics.X-CUBE-AZRTOS-L4.2.0.0
2025-03-03 23:09:47,024 [WARN] ConditionMgr:1044 - genDependencies : Invalid condition id : LAN8742 Phy interface Condition cause : null
2025-03-03 23:09:47,024 [WARN] ConditionMgr:1044 - genDependencies : Invalid condition id : LAN8742 Phy interface Condition cause : null
2025-03-03 23:09:47,024 [WARN] ConditionMgr:1044 - genDependencies : Invalid condition id : LAN8742 Phy interface Condition cause : null
2025-03-03 23:09:47,053 [WARN] PackLoader:240 - Cannot read IP mode file for STMicroelectronics.X-CUBE-SFXS2LP1.4.0.0
2025-03-03 23:09:47,087 [WARN] PackLoader:240 - Cannot read IP mode file for STMicroelectronics.X-CUBE-AZRTOS-H7.3.3.0
2025-03-03 23:09:47,117 [WARN] ConditionMgr:438 - getConditionDescription Invalid condition id : UX DEVICE CLASS RTOS Condition cause : null
2025-03-03 23:09:47,117 [WARN] ConditionMgr:438 - getConditionDescription Invalid condition id : UX DEVICE CLASS RTOS Condition cause : null
2025-03-03 23:09:47,118 [WARN] PackLoader:240 - Cannot read IP mode file for STMicroelectronics.X-CUBE-AZRTOS-WB.2.0.0
2025-03-03 23:09:47,119 [WARN] ConditionMgr:1044 - genDependencies : Invalid condition id : UX DEVICE CLASS RTOS Condition cause : null
2025-03-03 23:09:47,119 [WARN] ConditionMgr:1044 - genDependencies : Invalid condition id : UX DEVICE CLASS RTOS Condition cause : null
2025-03-03 23:09:47,119 [WARN] ConditionMgr:1044 - genDependencies : Invalid condition id : UX DEVICE CLASS RTOS Condition cause : null
2025-03-03 23:09:47,120 [WARN] ConditionMgr:1044 - genDependencies : Invalid condition id : UX DEVICE CLASS RTOS Condition cause : null
2025-03-03 23:09:47,120 [WARN] ConditionMgr:1044 - genDependencies : Invalid condition id : UX DEVICE CLASS RTOS Condition cause : null
2025-03-03 23:09:47,144 [WARN] PackLoader:240 - Cannot read IP mode file for STMicroelectronics.X-CUBE-GNSS1.7.0.1
2025-03-03 23:09:47,164 [WARN] PackLoader:240 - Cannot read IP mode file for STMicroelectronics.FP-SNS-STBOX1.2.0.0
2025-03-03 23:09:47,186 [WARN] PackLoader:240 - Cannot read IP mode file for STMicroelectronics.X-CUBE-SUBG2.5.0.0
2025-03-03 23:09:47,207 [WARN] PackLoader:240 - Cannot read IP mode file for Cesanta.I-CUBE-Mongoose.7.13.0
2025-03-03 23:09:47,240 [WARN] PackLoader:240 - Cannot read IP mode file for STMicroelectronics.X-CUBE-AZRTOS-G4.2.0.0
2025-03-03 23:09:47,271 [WARN] PackLoader:240 - Cannot read IP mode file for STMicroelectronics.X-CUBE-IPS.3.1.0
2025-03-03 23:09:47,294 [WARN] PackLoader:240 - Cannot read IP mode file for STMicroelectronics.X-CUBE-ALS.1.0.2
2025-03-03 23:09:47,313 [WARN] PackLoader:240 - Cannot read IP mode file for STMicroelectronics.X-CUBE-TOUCHGFX.4.24.2
2025-03-03 23:09:47,331 [WARN] PackLoader:240 - Cannot read IP mode file for wolfSSL.I-CUBE-wolfTPM.3.4.0
2025-03-03 23:09:47,350 [WARN] PackLoader:240 - Cannot read IP mode file for portGmbH.I-Cube-SoM-uGOAL.1.1.0
2025-03-03 23:09:47,384 [WARN] PackLoader:240 - Cannot read IP mode file for STMicroelectronics.X-CUBE-AZRTOS-H7RS.1.0.0
2025-03-03 23:09:47,405 [WARN] PackLoader:240 - Cannot read IP mode file for STMicroelectronics.X-CUBE-TOF1.3.4.2
2025-03-03 23:09:47,432 [WARN] PackLoader:240 - Cannot read IP mode file for wolfSSL.I-CUBE-wolfSSH.1.4.17
2025-03-03 23:09:47,433 [INFO] ThirdParty:978 - Integrity check success = true
2025-03-03 23:09:47,433 [INFO] IntegrityCheckThread:100 - exiting critical section [integrity check]
2025-03-03 23:09:47,433 [INFO] IntegrityCheckThread:103 - End integrity checks thread
2025-03-03 23:46:18,698 [ERROR] ConfigurationRetriever:142 - IOException on connection: sw-center.st.com
2025-03-03 23:46:18,701 [ERROR] ConfigurationRetriever:142 - IOException on connection: sw-center.st.com
2025-03-03 23:46:18,702 [ERROR] ConfigurationRetriever:142 - IOException on connection: sw-center.st.com
2025-03-03 23:46:22,212 [ERROR] LogOutputStream:75 - [STDERR_REDIRECT] 
