2025-03-15 10:17:24,311 [INFO] Activator:176 - 


2025-03-15 10:17:24,319 [INFO] Activator:177 - !SESSION log4j initialized
2025-03-15 10:17:30,274 [INFO] LogOutputStream:77 - [STDOUT_REDIRECT] 
2025-03-15 10:17:31,394 [INFO] ApplicationProperties:184 - Using Application install path: C:\ST\STM32CubeIDE_1.17.0\STM32CubeIDE\plugins\com.st.stm32cube.common.mx_6.13.0.202411220809
2025-03-15 10:17:31,410 [INFO] DbMcusXml:78 - Set database path to: C:\ST\STM32CubeIDE_1.17.0\STM32CubeIDE\plugins\com.st.stm32cube.common.mx_6.13.0.202411220809\\db\/mcu/
2025-03-15 10:17:31,410 [INFO] ApiDb:274 - Set plugin database path to: C:\ST\STM32CubeIDE_1.17.0\STM32CubeIDE\plugins\com.st.stm32cube.common.mx_6.13.0.202411220809\\db\/plugins/boardmanager/
2025-03-15 10:17:31,411 [WARN] ApiDb:259 - Overriding images path with different value:  => C:\ST\STM32CubeIDE_1.17.0\STM32CubeIDE\plugins\com.st.stm32cube.common.mx_6.13.0.202411220809\\db\/plugins/mcufinder/images/
2025-03-15 10:17:31,418 [INFO] ApiDb:250 - Set database path to: C:\Users\vinaykumar\.stmcufinder\plugins\mcufinder//mcu/
2025-03-15 10:17:31,419 [INFO] DbMcusAds:125 - Set database path to: C:\Users\vinaykumar\.stmcufinder\plugins\mcufinder//mcu/
2025-03-15 10:17:31,421 [INFO] CrossReferenceDbSqlite:203 - Set database path to: C:\Users\vinaykumar\.stmcufinder\plugins\mcufinder//mcu/cs/
2025-03-15 10:17:31,518 [INFO] RulesReader:64 - Compatibility file has been processed (297 Rules)
2025-03-15 10:17:31,591 [INFO] DbMcusXml:78 - Set database path to: C:\ST\STM32CubeIDE_1.17.0\STM32CubeIDE\plugins\com.st.stm32cube.common.mx_6.13.0.202411220809\\db\/mcu/
2025-03-15 10:17:31,591 [INFO] ApiDb:274 - Set plugin database path to: C:\ST\STM32CubeIDE_1.17.0\STM32CubeIDE\plugins\com.st.stm32cube.common.mx_6.13.0.202411220809\\db\/plugins/boardmanager/
2025-03-15 10:17:31,591 [INFO] ApiDb:261 - Set plugin images path to: C:\ST\STM32CubeIDE_1.17.0\STM32CubeIDE\plugins\com.st.stm32cube.common.mx_6.13.0.202411220809\\db\/plugins/mcufinder/images/
2025-03-15 10:17:31,591 [WARN] DbFile:41 - Overriding database path with different value: C:\Users\vinaykumar\.stmcufinder\plugins\mcufinder/ => C:\Users\vinaykumar\.stmcufinder\plugins\mcufinder
2025-03-15 10:17:31,591 [INFO] ApiDb:250 - Set database path to: C:\Users\vinaykumar\.stmcufinder\plugins\mcufinder//mcu/
2025-03-15 10:17:31,591 [WARN] DbFile:41 - Overriding database path with different value: C:\Users\vinaykumar\.stmcufinder\plugins\mcufinder/ => C:\Users\vinaykumar\.stmcufinder\plugins\mcufinder
2025-03-15 10:17:31,592 [INFO] DbMcusAds:125 - Set database path to: C:\Users\vinaykumar\.stmcufinder\plugins\mcufinder//mcu/
2025-03-15 10:17:31,592 [WARN] DbFile:41 - Overriding database path with different value: C:\Users\vinaykumar\.stmcufinder\plugins\mcufinder/ => C:\Users\vinaykumar\.stmcufinder\plugins\mcufinder
2025-03-15 10:17:31,592 [WARN] DbFile:41 - Overriding database path with different value: C:\Users\vinaykumar\.stmcufinder\plugins\mcufinder/ => C:\Users\vinaykumar\.stmcufinder\plugins\mcufinder
2025-03-15 10:17:31,592 [INFO] CrossReferenceDbSqlite:203 - Set database path to: C:\Users\vinaykumar\.stmcufinder\plugins\mcufinder//mcu/cs/
2025-03-15 10:17:31,670 [INFO] MainPanel:272 - HeapMemory: 268435456
2025-03-15 10:17:31,777 [INFO] DbMcusXml:78 - Set database path to: C:\ST\STM32CubeIDE_1.17.0\STM32CubeIDE\plugins\com.st.stm32cube.common.mx_6.13.0.202411220809\\db\/mcu/
2025-03-15 10:17:31,778 [INFO] ApiDb:274 - Set plugin database path to: C:\ST\STM32CubeIDE_1.17.0\STM32CubeIDE\plugins\com.st.stm32cube.common.mx_6.13.0.202411220809\\db\/plugins/boardmanager/
2025-03-15 10:17:31,778 [INFO] ApiDb:261 - Set plugin images path to: C:\ST\STM32CubeIDE_1.17.0\STM32CubeIDE\plugins\com.st.stm32cube.common.mx_6.13.0.202411220809\\db\/plugins/mcufinder/images/
2025-03-15 10:17:31,778 [WARN] DbFile:41 - Overriding database path with different value: C:\Users\vinaykumar\.stmcufinder\plugins\mcufinder/ => C:\Users\vinaykumar\.stmcufinder\plugins\mcufinder
2025-03-15 10:17:31,778 [INFO] ApiDb:250 - Set database path to: C:\Users\vinaykumar\.stmcufinder\plugins\mcufinder//mcu/
2025-03-15 10:17:31,778 [WARN] DbFile:41 - Overriding database path with different value: C:\Users\vinaykumar\.stmcufinder\plugins\mcufinder/ => C:\Users\vinaykumar\.stmcufinder\plugins\mcufinder
2025-03-15 10:17:31,778 [INFO] DbMcusAds:125 - Set database path to: C:\Users\vinaykumar\.stmcufinder\plugins\mcufinder//mcu/
2025-03-15 10:17:31,778 [WARN] DbFile:41 - Overriding database path with different value: C:\Users\vinaykumar\.stmcufinder\plugins\mcufinder/ => C:\Users\vinaykumar\.stmcufinder\plugins\mcufinder
2025-03-15 10:17:31,778 [WARN] DbFile:41 - Overriding database path with different value: C:\Users\vinaykumar\.stmcufinder\plugins\mcufinder/ => C:\Users\vinaykumar\.stmcufinder\plugins\mcufinder
2025-03-15 10:17:31,778 [INFO] CrossReferenceDbSqlite:203 - Set database path to: C:\Users\vinaykumar\.stmcufinder\plugins\mcufinder//mcu/cs/
2025-03-15 10:17:31,795 [INFO] ApplicationProperties:184 - Using Application install path: C:\ST\STM32CubeIDE_1.17.0\STM32CubeIDE\plugins\com.st.stm32cube.common.mx_6.13.0.202411220809
2025-03-15 10:17:31,796 [INFO] PluginManage:196 - Search for loadable plugins [exclusion list=, ]
2025-03-15 10:17:31,797 [INFO] PluginManage:310 - Check plugin analytics
2025-03-15 10:17:31,965 [INFO] AnalyticsPlugin:253 - Accepted Software Licenses: 
2025-03-15 10:17:31,965 [INFO] AnalyticsPlugin:255 - Accepted CMSIS Pack Licenses: 
2025-03-15 10:17:31,965 [INFO] AnalyticsPlugin:257 - Accepted Firmware Licenses: 
2025-03-15 10:17:31,968 [INFO] PluginManage:359 - Loaded plugin analytics (category:tool,tabindex:-1)
2025-03-15 10:17:31,968 [INFO] PluginManage:310 - Check plugin cadmodel
2025-03-15 10:17:31,989 [INFO] CADModel:105 - Init CAD model plugin
2025-03-15 10:17:31,990 [INFO] PluginManage:359 - Loaded plugin cadmodel (category:power,tabindex:5)
2025-03-15 10:17:31,990 [INFO] PluginManage:310 - Check plugin clock
2025-03-15 10:17:32,011 [INFO] PluginManage:359 - Loaded plugin clock (category:base,tabindex:2)
2025-03-15 10:17:32,011 [INFO] PluginManage:310 - Check plugin ddr
2025-03-15 10:17:32,014 [INFO] PluginManage:359 - Loaded plugin ddr (category:tool,tabindex:6)
2025-03-15 10:17:32,015 [INFO] PluginManage:310 - Check plugin filemanager
2025-03-15 10:17:32,138 [INFO] PluginManage:359 - Loaded plugin filemanager (category:base,tabindex:10)
2025-03-15 10:17:32,138 [INFO] PluginManage:310 - Check plugin ipmanager
2025-03-15 10:17:32,146 [INFO] PluginManage:359 - Loaded plugin ipmanager (category:base,tabindex:5)
2025-03-15 10:17:32,146 [INFO] PluginManage:310 - Check plugin lpbam
2025-03-15 10:17:32,166 [INFO] PluginManage:359 - Loaded plugin lpbam (category:base,tabindex:0)
2025-03-15 10:17:32,166 [INFO] PluginManage:310 - Check plugin memorymap
2025-03-15 10:17:32,192 [INFO] PluginManage:359 - Loaded plugin memorymap (category:base,tabindex:4)
2025-03-15 10:17:32,193 [INFO] PluginManage:310 - Check plugin pinoutandconfiguration
2025-03-15 10:17:32,213 [INFO] PluginManage:359 - Loaded plugin pinoutandconfiguration (category:base,tabindex:1)
2025-03-15 10:17:32,213 [INFO] PluginManage:310 - Check plugin pinoutconfig
2025-03-15 10:17:32,311 [WARN] SupportedApi:132 - Cannot load RTOS API schema: s4s-elt-must-match.1: The content of 'definitions' must match (annotation?, (simpleType | complexType)?, (unique | key | keyref)*)). A problem was found starting at: attribute.
2025-03-15 10:17:32,449 [INFO] PluginManage:359 - Loaded plugin pinoutconfig (category:base,tabindex:0)
2025-03-15 10:17:32,449 [INFO] PluginManage:310 - Check plugin power
2025-03-15 10:17:32,472 [INFO] PluginManage:359 - Loaded plugin power (category:power,tabindex:4)
2025-03-15 10:17:32,472 [INFO] PluginManage:310 - Check plugin projectmanager
2025-03-15 10:17:32,490 [INFO] PluginManage:359 - Loaded plugin projectmanager (category:projectmanager,tabindex:4)
2025-03-15 10:17:32,490 [INFO] PluginManage:310 - Check plugin rif
2025-03-15 10:17:32,509 [INFO] PluginManage:359 - Loaded plugin rif (category:base,tabindex:3)
2025-03-15 10:17:32,509 [INFO] PluginManage:310 - Check plugin thirdparty
2025-03-15 10:17:32,762 [WARN] IntegrityCheckThread:84 - waiting for thirdparty lock release [integrity check]
2025-03-15 10:17:32,762 [INFO] PluginManage:359 - Loaded plugin thirdparty (category:base,tabindex:-1)
2025-03-15 10:17:32,762 [INFO] IntegrityCheckThread:86 - entering critical section [integrity check]
2025-03-15 10:17:32,762 [INFO] PluginManage:310 - Check plugin tools
2025-03-15 10:17:32,762 [INFO] ThirdPartyUpdaterWithRetryManager:70 - Updater plugin not ready yet. [1/15]
2025-03-15 10:17:32,805 [INFO] PluginManage:359 - Loaded plugin tools (category:base,tabindex:7)
2025-03-15 10:17:32,805 [INFO] PluginManage:310 - Check plugin tutovideos
2025-03-15 10:17:32,971 [INFO] PluginManage:359 - Loaded plugin tutovideos (category:base,tabindex:-1)
2025-03-15 10:17:32,971 [INFO] PluginManage:310 - Check plugin updater
2025-03-15 10:17:32,990 [INFO] PluginManage:359 - Loaded plugin updater (category:base,tabindex:12)
2025-03-15 10:17:32,990 [INFO] PluginManage:310 - Check plugin userauth
2025-03-15 10:17:32,994 [INFO] UserAuth:118 - Init User Auth plugin
2025-03-15 10:17:32,995 [INFO] PluginManage:359 - Loaded plugin userauth (category:base,tabindex:14)
2025-03-15 10:17:32,995 [INFO] PluginManage:283 - PluginManage : Loaded plugins [18]
2025-03-15 10:17:33,192 [INFO] PinOutPanel:1589 - setPackage(No Configuration,No Configuration)
2025-03-15 10:17:33,280 [INFO] CADModel:165 - CPN selected for project level
2025-03-15 10:17:33,281 [INFO] CADModel:114 - Register for checkConnection events
2025-03-15 10:17:33,310 [INFO] IPUIPlugin:80 - create IPUIPlugin
2025-03-15 10:17:33,310 [INFO] PluginManager:220 - loadIPPluginJar : add adc
2025-03-15 10:17:33,348 [INFO] IPUIPlugin:80 - create IPUIPlugin
2025-03-15 10:17:33,348 [INFO] PluginManager:220 - loadIPPluginJar : add aes
2025-03-15 10:17:33,390 [INFO] IPUIPlugin:80 - create IPUIPlugin
2025-03-15 10:17:33,390 [INFO] PluginManager:220 - loadIPPluginJar : add can
2025-03-15 10:17:33,415 [INFO] IPUIPlugin:80 - create IPUIPlugin
2025-03-15 10:17:33,416 [INFO] PluginManager:220 - loadIPPluginJar : add comp
2025-03-15 10:17:33,450 [INFO] IPUIPlugin:80 - create IPUIPlugin
2025-03-15 10:17:33,450 [INFO] PluginManager:220 - loadIPPluginJar : add cryp
2025-03-15 10:17:33,463 [INFO] IPUIPlugin:80 - create IPUIPlugin
2025-03-15 10:17:33,463 [INFO] PluginManager:220 - loadIPPluginJar : add ddr_ctrl_phy
2025-03-15 10:17:33,494 [INFO] IPUIPlugin:80 - create IPUIPlugin
2025-03-15 10:17:33,494 [INFO] PluginManager:220 - loadIPPluginJar : add dfsdm
2025-03-15 10:17:33,509 [INFO] IPUIPlugin:80 - create IPUIPlugin
2025-03-15 10:17:33,509 [INFO] PluginManager:220 - loadIPPluginJar : add dma
2025-03-15 10:17:33,548 [INFO] IPUIPlugin:80 - create IPUIPlugin
2025-03-15 10:17:33,548 [INFO] PluginManager:220 - loadIPPluginJar : add dma3
2025-03-15 10:17:33,598 [INFO] IPUIPlugin:80 - create IPUIPlugin
2025-03-15 10:17:33,598 [INFO] PluginManager:220 - loadIPPluginJar : add extmemmanager
2025-03-15 10:17:33,621 [INFO] IPUIPlugin:80 - create IPUIPlugin
2025-03-15 10:17:33,621 [INFO] PluginManager:220 - loadIPPluginJar : add fatfs
2025-03-15 10:17:33,669 [INFO] IPUIPlugin:80 - create IPUIPlugin
2025-03-15 10:17:33,669 [INFO] PluginManager:220 - loadIPPluginJar : add fmc
2025-03-15 10:17:33,683 [INFO] IPUIPlugin:80 - create IPUIPlugin
2025-03-15 10:17:33,683 [INFO] PluginManager:220 - loadIPPluginJar : add freertos
2025-03-15 10:17:33,704 [INFO] IPUIPlugin:80 - create IPUIPlugin
2025-03-15 10:17:33,704 [INFO] PluginManager:220 - loadIPPluginJar : add genericplugin
2025-03-15 10:17:33,797 [INFO] IPUIPlugin:80 - create IPUIPlugin
2025-03-15 10:17:33,797 [INFO] PluginManager:220 - loadIPPluginJar : add gfxmmu
2025-03-15 10:17:33,925 [INFO] IPUIPlugin:80 - create IPUIPlugin
2025-03-15 10:17:33,925 [INFO] PluginManager:220 - loadIPPluginJar : add gic
2025-03-15 10:17:33,939 [INFO] IPUIPlugin:80 - create IPUIPlugin
2025-03-15 10:17:33,939 [INFO] PluginManager:220 - loadIPPluginJar : add gpio
2025-03-15 10:17:34,034 [INFO] IPUIPlugin:80 - create IPUIPlugin
2025-03-15 10:17:34,034 [INFO] PluginManager:220 - loadIPPluginJar : add gtzc
2025-03-15 10:17:34,069 [INFO] IPUIPlugin:80 - create IPUIPlugin
2025-03-15 10:17:34,069 [INFO] PluginManager:220 - loadIPPluginJar : add hash
2025-03-15 10:17:34,123 [INFO] IPUIPlugin:80 - create IPUIPlugin
2025-03-15 10:17:34,123 [INFO] PluginManager:220 - loadIPPluginJar : add i2c
2025-03-15 10:17:34,163 [INFO] IPUIPlugin:80 - create IPUIPlugin
2025-03-15 10:17:34,163 [INFO] PluginManager:220 - loadIPPluginJar : add i2s
2025-03-15 10:17:34,206 [INFO] IPUIPlugin:80 - create IPUIPlugin
2025-03-15 10:17:34,206 [INFO] PluginManager:220 - loadIPPluginJar : add i3c
2025-03-15 10:17:34,309 [INFO] IPUIPlugin:80 - create IPUIPlugin
2025-03-15 10:17:34,309 [INFO] PluginManager:220 - loadIPPluginJar : add ipddr
2025-03-15 10:17:34,398 [INFO] IPUIPlugin:80 - create IPUIPlugin
2025-03-15 10:17:34,398 [INFO] PluginManager:220 - loadIPPluginJar : add linkedlist
2025-03-15 10:17:34,436 [INFO] IPUIPlugin:80 - create IPUIPlugin
2025-03-15 10:17:34,437 [INFO] PluginManager:220 - loadIPPluginJar : add lorawan
2025-03-15 10:17:34,474 [INFO] IPUIPlugin:80 - create IPUIPlugin
2025-03-15 10:17:34,474 [INFO] PluginManager:220 - loadIPPluginJar : add ltdc
2025-03-15 10:17:34,488 [INFO] IPUIPlugin:80 - create IPUIPlugin
2025-03-15 10:17:34,488 [INFO] PluginManager:220 - loadIPPluginJar : add mdma
2025-03-15 10:17:34,501 [INFO] IPUIPlugin:80 - create IPUIPlugin
2025-03-15 10:17:34,501 [INFO] PluginManager:220 - loadIPPluginJar : add nvic
2025-03-15 10:17:34,538 [INFO] IPUIPlugin:80 - create IPUIPlugin
2025-03-15 10:17:34,538 [INFO] PluginManager:220 - loadIPPluginJar : add opamp
2025-03-15 10:17:34,599 [INFO] IPUIPlugin:80 - create IPUIPlugin
2025-03-15 10:17:34,599 [INFO] PluginManager:220 - loadIPPluginJar : add openamp
2025-03-15 10:17:34,642 [INFO] IPUIPlugin:80 - create IPUIPlugin
2025-03-15 10:17:34,642 [INFO] PluginManager:220 - loadIPPluginJar : add pdm2pcm
2025-03-15 10:17:34,656 [INFO] IPUIPlugin:80 - create IPUIPlugin
2025-03-15 10:17:34,658 [INFO] PluginManager:220 - loadIPPluginJar : add plateformsettings
2025-03-15 10:17:34,681 [INFO] IPUIPlugin:80 - create IPUIPlugin
2025-03-15 10:17:34,681 [INFO] PluginManager:220 - loadIPPluginJar : add quadspi
2025-03-15 10:17:34,707 [INFO] IPUIPlugin:80 - create IPUIPlugin
2025-03-15 10:17:34,707 [INFO] PluginManager:220 - loadIPPluginJar : add radio
2025-03-15 10:17:34,720 [INFO] IPUIPlugin:80 - create IPUIPlugin
2025-03-15 10:17:34,720 [INFO] PluginManager:220 - loadIPPluginJar : add resmgrutility
2025-03-15 10:17:34,768 [INFO] IPUIPlugin:80 - create IPUIPlugin
2025-03-15 10:17:34,768 [INFO] PluginManager:220 - loadIPPluginJar : add sai
2025-03-15 10:17:34,805 [INFO] IPUIPlugin:80 - create IPUIPlugin
2025-03-15 10:17:34,805 [INFO] PluginManager:220 - loadIPPluginJar : add spi
2025-03-15 10:17:34,871 [INFO] IPUIPlugin:80 - create IPUIPlugin
2025-03-15 10:17:34,871 [INFO] PluginManager:220 - loadIPPluginJar : add stm32_wpan
2025-03-15 10:17:34,897 [INFO] IPUIPlugin:80 - create IPUIPlugin
2025-03-15 10:17:34,898 [INFO] PluginManager:220 - loadIPPluginJar : add tim
2025-03-15 10:17:34,955 [INFO] IPUIPlugin:80 - create IPUIPlugin
2025-03-15 10:17:34,955 [INFO] PluginManager:220 - loadIPPluginJar : add touchsensing
2025-03-15 10:17:34,978 [INFO] IPUIPlugin:80 - create IPUIPlugin
2025-03-15 10:17:34,979 [INFO] PluginManager:220 - loadIPPluginJar : add tracer_emb
2025-03-15 10:17:35,002 [INFO] IPUIPlugin:80 - create IPUIPlugin
2025-03-15 10:17:35,002 [INFO] PluginManager:220 - loadIPPluginJar : add ts
2025-03-15 10:17:35,025 [INFO] IPUIPlugin:80 - create IPUIPlugin
2025-03-15 10:17:35,025 [INFO] PluginManager:220 - loadIPPluginJar : add tsc
2025-03-15 10:17:35,047 [INFO] IPUIPlugin:80 - create IPUIPlugin
2025-03-15 10:17:35,048 [INFO] PluginManager:220 - loadIPPluginJar : add ucpd
2025-03-15 10:17:35,091 [INFO] IPUIPlugin:80 - create IPUIPlugin
2025-03-15 10:17:35,091 [INFO] PluginManager:220 - loadIPPluginJar : add usart
2025-03-15 10:17:35,133 [INFO] IPUIPlugin:80 - create IPUIPlugin
2025-03-15 10:17:35,134 [INFO] PluginManager:220 - loadIPPluginJar : add usbx
2025-03-15 10:17:35,250 [FATAL] Updater:351 - Updater called before beeing initialized
2025-03-15 10:17:35,283 [INFO] RulesReader:64 - Compatibility file has been processed (297 Rules)
2025-03-15 10:17:35,293 [INFO] RulesReader:64 - Compatibility file has been processed (297 Rules)
2025-03-15 10:17:35,300 [INFO] CADModel:165 - CPN selected for project level
2025-03-15 10:17:35,300 [INFO] CADModel:114 - Register for checkConnection events
2025-03-15 10:17:35,300 [FATAL] Updater:351 - Updater called before beeing initialized
2025-03-15 10:17:35,300 [ERROR] CADModel:125 - Updater not yet initialized, retry later 
2025-03-15 10:17:35,422 [FATAL] Updater:351 - Updater called before beeing initialized
2025-03-15 10:17:35,424 [INFO] CADModel:165 - CPN selected for project level
2025-03-15 10:17:35,424 [INFO] CADModel:114 - Register for checkConnection events
2025-03-15 10:17:35,425 [FATAL] Updater:351 - Updater called before beeing initialized
2025-03-15 10:17:35,425 [ERROR] CADModel:125 - Updater not yet initialized, retry later 
2025-03-15 10:17:35,427 [FATAL] Updater:351 - Updater called before beeing initialized
2025-03-15 10:17:35,511 [FATAL] Updater:351 - Updater called before beeing initialized
2025-03-15 10:17:35,521 [INFO] DbMcusAds:53 - JSON generation date=Tue Dec 17 21:31:15 IST 2024 (1734451275111)
2025-03-15 10:17:35,521 [FATAL] Updater:351 - Updater called before beeing initialized
2025-03-15 10:17:35,554 [WARN] DetailPanel:346 - Failed to get advertising image, set to default
2025-03-15 10:17:35,745 [FATAL] Updater:351 - Updater called before beeing initialized
2025-03-15 10:17:35,747 [FATAL] Updater:351 - Updater called before beeing initialized
2025-03-15 10:17:35,747 [FATAL] Updater:351 - Updater called before beeing initialized
2025-03-15 10:17:35,747 [WARN] DetailPanel:346 - Failed to get advertising image, set to default
2025-03-15 10:17:35,748 [FATAL] Updater:351 - Updater called before beeing initialized
2025-03-15 10:17:35,763 [INFO] ThirdPartyUpdaterWithRetryManager:70 - Updater plugin not ready yet. [2/15]
2025-03-15 10:17:35,798 [ERROR] Updater:1198 - MainUpdater not yet initialized. External WinMGr cannot be set.
2025-03-15 10:17:35,807 [INFO] Updater:1134 - Updater Version found : 6.13.0
2025-03-15 10:17:35,824 [INFO] ApplicationProperties:184 - Using Application install path: C:\ST\STM32CubeIDE_1.17.0\STM32CubeIDE\plugins\com.st.stm32cube.common.mx_6.13.0.202411220809
2025-03-15 10:17:37,405 [ERROR] LogOutputStream:75 - [STDERR_REDIRECT] Mar 15, 2025 10:17:37 AM java.util.prefs.WindowsPreferences <init>
2025-03-15 10:17:37,406 [ERROR] LogOutputStream:75 - [STDERR_REDIRECT] WARNING: Could not open/create prefs root node Software\JavaSoft\Prefs at root 0xffffffff80000002. Windows RegCreateKeyEx(...) returned error code 5.
2025-03-15 10:17:37,406 [ERROR] LogOutputStream:75 - [STDERR_REDIRECT] 
2025-03-15 10:17:37,685 [INFO] MainUpdater:2872 - connection check result : 10
2025-03-15 10:17:37,685 [INFO] MainUpdater:289 - Updater Check For Update Now.
2025-03-15 10:17:37,685 [INFO] MicroXplorer:498 - Change Database Version : DB.6.0.130
2025-03-15 10:17:37,703 [INFO] McuFinderGlobals:63 - Set McuFinder mode to 2 (CubeIDE integrated)
2025-03-15 10:17:37,703 [INFO] UserAuth:171 - activating auth plugin
2025-03-15 10:17:37,706 [INFO] UserAuth:486 - Internet connection configuration mode: 1
2025-03-15 10:17:37,741 [INFO] JxBrowserEngine:152 - Initiate JxBrowser Engine with user profile folder
2025-03-15 10:17:37,895 [INFO] CheckServerUpdateThread:120 - End of CheckServer Thread
2025-03-15 10:17:38,743 [INFO] WebApp:168 - Instantiating new browser for Auth
2025-03-15 10:17:39,114 [WARN] PackLoader:240 - Cannot read IP mode file for STMicroelectronics.FP-SNS-MOTENVWB1.1.4.0
2025-03-15 10:17:39,138 [WARN] PackLoader:240 - Cannot read IP mode file for STMicroelectronics.FP-ATR-ASTRA1.2.0.2
2025-03-15 10:17:39,155 [WARN] PackLoader:240 - Cannot read IP mode file for STMicroelectronics.FP-ATR-ASTRA1.2.0.1
2025-03-15 10:17:39,179 [WARN] PackLoader:240 - Cannot read IP mode file for STMicroelectronics.X-CUBE-SMBUS.2.1.0
2025-03-15 10:17:39,205 [WARN] PackLoader:240 - Cannot read IP mode file for STMicroelectronics.X-CUBE-WB05N.1.1.0
2025-03-15 10:17:39,282 [WARN] PackLoader:240 - Cannot read IP mode file for STMicroelectronics.X-CUBE-AZRTOS-F7.1.1.0
2025-03-15 10:17:39,323 [WARN] PackLoader:240 - Cannot read IP mode file for STMicroelectronics.FP-SNS-FLIGHT1.5.0.2
2025-03-15 10:17:39,376 [WARN] PackLoader:240 - Cannot read IP mode file for Infineon.AIROC-Wi-Fi-Bluetooth-STM32.1.7.0
2025-03-15 10:17:39,412 [WARN] PackLoader:240 - Cannot read IP mode file for STMicroelectronics.X-CUBE-DISPLAY.3.0.0
2025-03-15 10:17:39,439 [WARN] PackLoader:240 - Cannot read IP mode file for STMicroelectronics.X-CUBE-BLE1.7.0.0
2025-03-15 10:17:39,463 [WARN] PackLoader:240 - Cannot read IP mode file for STMicroelectronics.X-CUBE-NFC10.1.0.0
2025-03-15 10:17:39,493 [WARN] PackLoader:240 - Cannot read IP mode file for STMicroelectronics.X-CUBE-BLEMGR.4.0.0
2025-03-15 10:17:39,520 [WARN] PackLoader:240 - Cannot read IP mode file for emotas.I-CUBE-CANOPEN.1.3.0
2025-03-15 10:17:39,541 [WARN] PackLoader:240 - Cannot read IP mode file for STMicroelectronics.X-CUBE-AI.10.0.0
2025-03-15 10:17:39,563 [WARN] PackLoader:240 - Cannot read IP mode file for STMicroelectronics.FP-SNS-SMARTAG2.1.2.0
2025-03-15 10:17:39,584 [WARN] PackLoader:240 - Cannot read IP mode file for STMicroelectronics.FP-SNS-FLIGHT1.5.1.0
2025-03-15 10:17:39,679 [WARN] PackLoader:240 - Cannot read IP mode file for STMicroelectronics.X-CUBE-MEMS1.11.1.0
2025-03-15 10:17:39,994 [INFO] LogOutputStream:77 - [STDOUT_REDIRECT] 1 : Invalid condition id : UX_CORESTACK_Condition cause : null
2025-03-15 10:17:39,995 [INFO] LogOutputStream:77 - [STDOUT_REDIRECT] 1 : Invalid condition id : UX_CORESTACK_Condition cause : null
2025-03-15 10:17:39,996 [INFO] LogOutputStream:77 - [STDOUT_REDIRECT] 1 : Invalid condition id : UX_CORESTACK_Condition cause : null
2025-03-15 10:17:39,997 [INFO] LogOutputStream:77 - [STDOUT_REDIRECT] 1 : Invalid condition id : UX_CORESTACK_Condition cause : null
2025-03-15 10:17:40,000 [INFO] LogOutputStream:77 - [STDOUT_REDIRECT] 1 : Invalid condition id : UX_CORESTACK_Condition cause : null
2025-03-15 10:17:40,003 [WARN] PackLoader:240 - Cannot read IP mode file for STMicroelectronics.X-CUBE-AZRTOS-WL.2.0.0
2025-03-15 10:17:40,033 [WARN] PackLoader:240 - Cannot read IP mode file for STMicroelectronics.FP-SNS-MOTENV1.5.0.0
2025-03-15 10:17:40,057 [WARN] PackLoader:240 - Cannot read IP mode file for wolfSSL.I-CUBE-wolfMQTT.1.19.0
2025-03-15 10:17:40,072 [INFO] WebApp:449 - Apply proxy settings
2025-03-15 10:17:40,077 [INFO] WebApp:534 - Chromium requires no authentication
2025-03-15 10:17:40,088 [WARN] PackLoader:240 - Cannot read IP mode file for WES.I-CUBE-Cesium.1.3.0
2025-03-15 10:17:40,094 [INFO] WebApp:477 - Direct internet connection detected
2025-03-15 10:17:40,112 [WARN] PackLoader:240 - Cannot read IP mode file for STMicroelectronics.X-CUBE-BLE2.3.3.0
2025-03-15 10:17:40,136 [INFO] WebApp:880 - Register for checkConnection events
2025-03-15 10:17:40,136 [WARN] PackLoader:240 - Cannot read IP mode file for STMicroelectronics.X-CUBE-NFC9.1.0.0
2025-03-15 10:17:40,136 [INFO] WebApp:449 - Apply proxy settings
2025-03-15 10:17:40,136 [INFO] WebApp:534 - Chromium requires no authentication
2025-03-15 10:17:40,137 [INFO] WebApp:477 - Direct internet connection detected
2025-03-15 10:17:40,160 [WARN] PackLoader:240 - Cannot read IP mode file for STMicroelectronics.X-CUBE-BLE1.7.1.0
2025-03-15 10:17:40,199 [WARN] PackLoader:240 - Cannot read IP mode file for STMicroelectronics.X-CUBE-AZRTOS-G0.1.1.0
2025-03-15 10:17:40,224 [WARN] PackLoader:240 - Cannot read IP mode file for STMicroelectronics.X-CUBE-SAFEA1.1.2.2
2025-03-15 10:17:40,249 [WARN] PackLoader:240 - Cannot read IP mode file for STMicroelectronics.X-CUBE-NFC4.3.0.0
2025-03-15 10:17:40,274 [WARN] PackLoader:240 - Cannot read IP mode file for EmbeddedOffice.I-CUBE-FS-RTOS.1.0.1
2025-03-15 10:17:40,297 [WARN] PackLoader:240 - Cannot read IP mode file for STMicroelectronics.X-CUBE-TCPP.4.2.0
2025-03-15 10:17:40,315 [WARN] PackLoader:240 - Cannot read IP mode file for RealThread.X-CUBE-RT-Thread_Nano.4.1.1
2025-03-15 10:17:40,335 [WARN] PackLoader:240 - Cannot read IP mode file for STMicroelectronics.FP-ATR-SIGFOX1.3.2.0
2025-03-15 10:17:40,359 [WARN] ConditionMgr:438 - getConditionDescription Invalid condition id : Cortex-A Device cause : null
2025-03-15 10:17:40,395 [WARN] ConditionMgr:1044 - genDependencies : Invalid condition id : Cortex-A Device cause : null
2025-03-15 10:17:40,395 [WARN] ConditionMgr:1044 - genDependencies : Invalid condition id : Cortex-A Device cause : null
2025-03-15 10:17:40,395 [WARN] ConditionMgr:1044 - genDependencies : Invalid condition id : Cortex-A Device cause : null
2025-03-15 10:17:40,399 [INFO] WebApp:187 - Connection restablished
2025-03-15 10:17:40,419 [WARN] PackLoader:240 - Cannot read IP mode file for STMicroelectronics.X-CUBE-EEPRMA1.5.1.0
2025-03-15 10:17:40,441 [WARN] PackLoader:240 - Cannot read IP mode file for wolfSSL.I-CUBE-wolfSSL.5.7.4
2025-03-15 10:17:40,466 [WARN] PackLoader:240 - Cannot read IP mode file for ITTIA_DB.I-CUBE-ITTIADB.8.9.0
2025-03-15 10:17:40,494 [INFO] WebApp:221 - Starting web application
2025-03-15 10:17:40,494 [INFO] WebApp:579 - Web application path used C:\ST\STM32CubeIDE_1.17.0\STM32CubeIDE\plugins\com.st.stm32cube.common.mx_6.13.0.202411220809\db\plugins\mcufinder\reactClient1\index.html
2025-03-15 10:17:40,515 [WARN] PackLoader:240 - Cannot read IP mode file for SEGGER.I-CUBE-embOS.1.3.1
2025-03-15 10:17:40,573 [WARN] PackLoader:240 - Cannot read IP mode file for STMicroelectronics.X-CUBE-ALGOBUILD.1.4.0
2025-03-15 10:17:40,601 [WARN] PackLoader:240 - Cannot read IP mode file for STMicroelectronics.X-CUBE-AI.9.1.0
2025-03-15 10:17:40,653 [WARN] PackLoader:240 - Cannot read IP mode file for STMicroelectronics.X-CUBE-AZRTOS-F4.1.1.0
2025-03-15 10:17:40,677 [WARN] PackLoader:240 - Cannot read IP mode file for STMicroelectronics.X-CUBE-ISPU.2.1.0
2025-03-15 10:17:40,726 [WARN] PackLoader:240 - Cannot read IP mode file for STMicroelectronics.X-CUBE-AZRTOS-L5.2.0.0
2025-03-15 10:17:40,763 [WARN] PackLoader:240 - Cannot read IP mode file for STMicroelectronics.X-CUBE-NFC6.3.1.0
2025-03-15 10:17:40,786 [WARN] PackLoader:240 - Cannot read IP mode file for STMicroelectronics.X-CUBE-DPower.1.2.0
2025-03-15 10:17:40,815 [WARN] PackLoader:240 - Cannot read IP mode file for STMicroelectronics.X-CUBE-FREERTOS.1.3.0
2025-03-15 10:17:40,836 [WARN] PackLoader:240 - Cannot read IP mode file for STMicroelectronics.X-CUBE-NFC7.1.0.1
2025-03-15 10:17:40,882 [WARN] ConditionMgr:438 - getConditionDescription Invalid condition id : LAN8742 Phy interface Condition cause : null
2025-03-15 10:17:40,883 [WARN] PackLoader:240 - Cannot read IP mode file for STMicroelectronics.X-CUBE-AZRTOS-L4.2.0.0
2025-03-15 10:17:40,884 [WARN] ConditionMgr:1044 - genDependencies : Invalid condition id : LAN8742 Phy interface Condition cause : null
2025-03-15 10:17:40,885 [WARN] ConditionMgr:1044 - genDependencies : Invalid condition id : LAN8742 Phy interface Condition cause : null
2025-03-15 10:17:40,885 [WARN] ConditionMgr:1044 - genDependencies : Invalid condition id : LAN8742 Phy interface Condition cause : null
2025-03-15 10:17:40,911 [WARN] PackLoader:240 - Cannot read IP mode file for STMicroelectronics.X-CUBE-SFXS2LP1.4.0.0
2025-03-15 10:17:40,962 [WARN] PackLoader:240 - Cannot read IP mode file for STMicroelectronics.X-CUBE-AZRTOS-H7.3.3.0
2025-03-15 10:17:41,018 [WARN] ConditionMgr:438 - getConditionDescription Invalid condition id : UX DEVICE CLASS RTOS Condition cause : null
2025-03-15 10:17:41,019 [WARN] ConditionMgr:438 - getConditionDescription Invalid condition id : UX DEVICE CLASS RTOS Condition cause : null
2025-03-15 10:17:41,024 [WARN] PackLoader:240 - Cannot read IP mode file for STMicroelectronics.X-CUBE-AZRTOS-WB.2.0.0
2025-03-15 10:17:41,024 [WARN] ConditionMgr:1044 - genDependencies : Invalid condition id : UX DEVICE CLASS RTOS Condition cause : null
2025-03-15 10:17:41,024 [WARN] ConditionMgr:1044 - genDependencies : Invalid condition id : UX DEVICE CLASS RTOS Condition cause : null
2025-03-15 10:17:41,025 [WARN] ConditionMgr:1044 - genDependencies : Invalid condition id : UX DEVICE CLASS RTOS Condition cause : null
2025-03-15 10:17:41,025 [WARN] ConditionMgr:1044 - genDependencies : Invalid condition id : UX DEVICE CLASS RTOS Condition cause : null
2025-03-15 10:17:41,026 [WARN] ConditionMgr:1044 - genDependencies : Invalid condition id : UX DEVICE CLASS RTOS Condition cause : null
2025-03-15 10:17:41,052 [WARN] PackLoader:240 - Cannot read IP mode file for STMicroelectronics.X-CUBE-GNSS1.7.0.1
2025-03-15 10:17:41,078 [WARN] PackLoader:240 - Cannot read IP mode file for STMicroelectronics.X-CUBE-TOUCHGFX.4.25.0
2025-03-15 10:17:41,100 [WARN] PackLoader:240 - Cannot read IP mode file for STMicroelectronics.FP-SNS-STBOX1.2.0.0
2025-03-15 10:17:41,131 [WARN] PackLoader:240 - Cannot read IP mode file for STMicroelectronics.X-CUBE-SUBG2.5.0.0
2025-03-15 10:17:41,156 [WARN] PackLoader:240 - Cannot read IP mode file for Cesanta.I-CUBE-Mongoose.7.13.0
2025-03-15 10:17:41,191 [WARN] PackLoader:240 - Cannot read IP mode file for STMicroelectronics.X-CUBE-AZRTOS-G4.2.0.0
2025-03-15 10:17:41,225 [WARN] PackLoader:240 - Cannot read IP mode file for STMicroelectronics.X-CUBE-IPS.3.1.0
2025-03-15 10:17:41,254 [WARN] PackLoader:240 - Cannot read IP mode file for STMicroelectronics.X-CUBE-ALS.1.0.2
2025-03-15 10:17:41,275 [WARN] PackLoader:240 - Cannot read IP mode file for STMicroelectronics.X-CUBE-TOUCHGFX.4.24.2
2025-03-15 10:17:41,295 [WARN] PackLoader:240 - Cannot read IP mode file for wolfSSL.I-CUBE-wolfTPM.3.4.0
2025-03-15 10:17:41,317 [WARN] PackLoader:240 - Cannot read IP mode file for portGmbH.I-Cube-SoM-uGOAL.1.1.0
2025-03-15 10:17:41,357 [WARN] PackLoader:240 - Cannot read IP mode file for STMicroelectronics.X-CUBE-AZRTOS-H7RS.1.0.0
2025-03-15 10:17:41,386 [WARN] PackLoader:240 - Cannot read IP mode file for STMicroelectronics.X-CUBE-TOF1.3.4.2
2025-03-15 10:17:41,414 [WARN] PackLoader:240 - Cannot read IP mode file for wolfSSL.I-CUBE-wolfSSH.1.4.17
2025-03-15 10:17:41,414 [INFO] ThirdParty:978 - Integrity check success = true
2025-03-15 10:17:41,416 [INFO] IntegrityCheckThread:100 - exiting critical section [integrity check]
2025-03-15 10:17:41,416 [INFO] IntegrityCheckThread:103 - End integrity checks thread
2025-03-15 10:47:25,407 [INFO] WebApp:190 - Connection lost
2025-03-15 10:47:29,165 [INFO] WebApp:187 - Connection restablished
2025-03-15 10:47:29,718 [INFO] WebApp:190 - Connection lost
2025-03-15 10:47:40,912 [INFO] WebApp:187 - Connection restablished
2025-03-15 10:48:14,352 [INFO] WebApp:190 - Connection lost
2025-03-15 10:48:58,328 [INFO] WebApp:187 - Connection restablished
2025-03-15 10:49:17,351 [INFO] WebApp:190 - Connection lost
2025-03-15 10:49:23,046 [INFO] WebApp:187 - Connection restablished
2025-03-15 10:50:50,874 [ERROR] ConfigurationRetriever:142 - IOException on connection: Connect timed out
2025-03-15 10:50:57,050 [ERROR] ConfigurationRetriever:142 - IOException on connection: Connect timed out
2025-03-15 10:56:45,292 [ERROR] ConfigurationRetriever:142 - IOException on connection: Connect timed out
2025-03-15 10:56:47,296 [ERROR] ConfigurationRetriever:142 - IOException on connection: Connect timed out
2025-03-15 10:56:49,298 [ERROR] ConfigurationRetriever:142 - IOException on connection: Connect timed out
2025-03-15 11:26:22,124 [INFO] WebApp:190 - Connection lost
2025-03-15 11:26:22,372 [INFO] WebApp:187 - Connection restablished
2025-03-15 11:26:29,867 [INFO] WebApp:190 - Connection lost
2025-03-15 11:26:30,190 [INFO] WebApp:187 - Connection restablished
2025-03-15 13:06:30,406 [INFO] WebApp:190 - Connection lost
2025-03-15 13:06:30,927 [INFO] WebApp:187 - Connection restablished
2025-03-15 13:06:33,341 [INFO] WebApp:190 - Connection lost
2025-03-15 13:06:33,700 [INFO] WebApp:187 - Connection restablished
2025-03-15 16:24:36,936 [INFO] WebApp:190 - Connection lost
2025-03-15 17:42:53,538 [INFO] WebApp:187 - Connection restablished
2025-03-15 17:42:58,377 [INFO] WebApp:190 - Connection lost
2025-03-15 17:42:58,659 [INFO] WebApp:187 - Connection restablished
2025-03-15 17:43:30,351 [INFO] WebApp:190 - Connection lost
2025-03-15 17:43:30,535 [INFO] WebApp:187 - Connection restablished
2025-03-15 17:44:02,385 [INFO] WebApp:190 - Connection lost
2025-03-15 17:44:02,591 [INFO] WebApp:187 - Connection restablished
2025-03-15 17:53:38,497 [INFO] WebApp:190 - Connection lost
2025-03-15 17:53:59,065 [INFO] WebApp:187 - Connection restablished
2025-03-15 17:54:02,353 [INFO] WebApp:190 - Connection lost
2025-03-15 17:54:02,495 [INFO] WebApp:187 - Connection restablished
2025-03-15 17:55:48,864 [INFO] WebApp:190 - Connection lost
2025-03-15 17:55:49,059 [INFO] WebApp:187 - Connection restablished
2025-03-15 18:02:03,374 [INFO] WebApp:190 - Connection lost
2025-03-15 18:02:03,697 [INFO] WebApp:187 - Connection restablished
2025-03-15 19:16:40,152 [INFO] WebApp:190 - Connection lost
2025-03-15 19:20:29,670 [INFO] WebApp:187 - Connection restablished
2025-03-15 19:23:37,359 [INFO] WebApp:190 - Connection lost
2025-03-15 19:23:37,809 [INFO] WebApp:187 - Connection restablished
2025-03-15 19:24:03,354 [INFO] WebApp:190 - Connection lost
2025-03-15 19:24:03,568 [INFO] WebApp:187 - Connection restablished
2025-03-15 19:29:30,861 [INFO] WebApp:190 - Connection lost
2025-03-15 19:29:34,329 [INFO] WebApp:187 - Connection restablished
2025-03-15 21:37:01,925 [INFO] WebApp:190 - Connection lost
2025-03-15 21:37:23,970 [INFO] WebApp:187 - Connection restablished
2025-03-15 21:46:16,876 [INFO] WebApp:190 - Connection lost
2025-03-15 21:46:19,785 [INFO] WebApp:187 - Connection restablished
2025-03-15 21:46:20,847 [INFO] WebApp:190 - Connection lost
2025-03-15 21:46:21,095 [INFO] WebApp:187 - Connection restablished
2025-03-15 23:47:46,048 [INFO] WebApp:190 - Connection lost
2025-03-15 23:47:46,596 [INFO] WebApp:187 - Connection restablished
