2025-03-23 23:22:21,838 [INFO] Activator:176 - 


2025-03-23 23:22:21,849 [INFO] Activator:177 - !SESSION log4j initialized
2025-03-23 23:22:30,868 [INFO] LogOutputStream:77 - [STDOUT_REDIRECT] 
2025-03-23 23:22:32,666 [INFO] ApplicationProperties:184 - Using Application install path: C:\ST\STM32CubeIDE_1.17.0\STM32CubeIDE\plugins\com.st.stm32cube.common.mx_6.13.0.202411220809
2025-03-23 23:22:32,691 [INFO] DbMcusXml:78 - Set database path to: C:\ST\STM32CubeIDE_1.17.0\STM32CubeIDE\plugins\com.st.stm32cube.common.mx_6.13.0.202411220809\\db\/mcu/
2025-03-23 23:22:32,693 [INFO] ApiDb:274 - Set plugin database path to: C:\ST\STM32CubeIDE_1.17.0\STM32CubeIDE\plugins\com.st.stm32cube.common.mx_6.13.0.202411220809\\db\/plugins/boardmanager/
2025-03-23 23:22:32,694 [WARN] ApiDb:259 - Overriding images path with different value:  => C:\ST\STM32CubeIDE_1.17.0\STM32CubeIDE\plugins\com.st.stm32cube.common.mx_6.13.0.202411220809\\db\/plugins/mcufinder/images/
2025-03-23 23:22:32,705 [INFO] ApiDb:250 - Set database path to: C:\Users\vinaykumar\.stmcufinder\plugins\mcufinder//mcu/
2025-03-23 23:22:32,707 [INFO] DbMcusAds:125 - Set database path to: C:\Users\vinaykumar\.stmcufinder\plugins\mcufinder//mcu/
2025-03-23 23:22:32,713 [INFO] CrossReferenceDbSqlite:203 - Set database path to: C:\Users\vinaykumar\.stmcufinder\plugins\mcufinder//mcu/cs/
2025-03-23 23:22:32,888 [INFO] RulesReader:64 - Compatibility file has been processed (297 Rules)
2025-03-23 23:22:33,028 [INFO] DbMcusXml:78 - Set database path to: C:\ST\STM32CubeIDE_1.17.0\STM32CubeIDE\plugins\com.st.stm32cube.common.mx_6.13.0.202411220809\\db\/mcu/
2025-03-23 23:22:33,028 [INFO] ApiDb:274 - Set plugin database path to: C:\ST\STM32CubeIDE_1.17.0\STM32CubeIDE\plugins\com.st.stm32cube.common.mx_6.13.0.202411220809\\db\/plugins/boardmanager/
2025-03-23 23:22:33,029 [INFO] ApiDb:261 - Set plugin images path to: C:\ST\STM32CubeIDE_1.17.0\STM32CubeIDE\plugins\com.st.stm32cube.common.mx_6.13.0.202411220809\\db\/plugins/mcufinder/images/
2025-03-23 23:22:33,029 [WARN] DbFile:41 - Overriding database path with different value: C:\Users\vinaykumar\.stmcufinder\plugins\mcufinder/ => C:\Users\vinaykumar\.stmcufinder\plugins\mcufinder
2025-03-23 23:22:33,029 [INFO] ApiDb:250 - Set database path to: C:\Users\vinaykumar\.stmcufinder\plugins\mcufinder//mcu/
2025-03-23 23:22:33,029 [WARN] DbFile:41 - Overriding database path with different value: C:\Users\vinaykumar\.stmcufinder\plugins\mcufinder/ => C:\Users\vinaykumar\.stmcufinder\plugins\mcufinder
2025-03-23 23:22:33,029 [INFO] DbMcusAds:125 - Set database path to: C:\Users\vinaykumar\.stmcufinder\plugins\mcufinder//mcu/
2025-03-23 23:22:33,029 [WARN] DbFile:41 - Overriding database path with different value: C:\Users\vinaykumar\.stmcufinder\plugins\mcufinder/ => C:\Users\vinaykumar\.stmcufinder\plugins\mcufinder
2025-03-23 23:22:33,029 [WARN] DbFile:41 - Overriding database path with different value: C:\Users\vinaykumar\.stmcufinder\plugins\mcufinder/ => C:\Users\vinaykumar\.stmcufinder\plugins\mcufinder
2025-03-23 23:22:33,029 [INFO] CrossReferenceDbSqlite:203 - Set database path to: C:\Users\vinaykumar\.stmcufinder\plugins\mcufinder//mcu/cs/
2025-03-23 23:22:33,150 [INFO] MainPanel:272 - HeapMemory: 268435456
2025-03-23 23:22:33,321 [INFO] DbMcusXml:78 - Set database path to: C:\ST\STM32CubeIDE_1.17.0\STM32CubeIDE\plugins\com.st.stm32cube.common.mx_6.13.0.202411220809\\db\/mcu/
2025-03-23 23:22:33,321 [INFO] ApiDb:274 - Set plugin database path to: C:\ST\STM32CubeIDE_1.17.0\STM32CubeIDE\plugins\com.st.stm32cube.common.mx_6.13.0.202411220809\\db\/plugins/boardmanager/
2025-03-23 23:22:33,321 [INFO] ApiDb:261 - Set plugin images path to: C:\ST\STM32CubeIDE_1.17.0\STM32CubeIDE\plugins\com.st.stm32cube.common.mx_6.13.0.202411220809\\db\/plugins/mcufinder/images/
2025-03-23 23:22:33,321 [WARN] DbFile:41 - Overriding database path with different value: C:\Users\vinaykumar\.stmcufinder\plugins\mcufinder/ => C:\Users\vinaykumar\.stmcufinder\plugins\mcufinder
2025-03-23 23:22:33,321 [INFO] ApiDb:250 - Set database path to: C:\Users\vinaykumar\.stmcufinder\plugins\mcufinder//mcu/
2025-03-23 23:22:33,321 [WARN] DbFile:41 - Overriding database path with different value: C:\Users\vinaykumar\.stmcufinder\plugins\mcufinder/ => C:\Users\vinaykumar\.stmcufinder\plugins\mcufinder
2025-03-23 23:22:33,322 [INFO] DbMcusAds:125 - Set database path to: C:\Users\vinaykumar\.stmcufinder\plugins\mcufinder//mcu/
2025-03-23 23:22:33,322 [WARN] DbFile:41 - Overriding database path with different value: C:\Users\vinaykumar\.stmcufinder\plugins\mcufinder/ => C:\Users\vinaykumar\.stmcufinder\plugins\mcufinder
2025-03-23 23:22:33,322 [WARN] DbFile:41 - Overriding database path with different value: C:\Users\vinaykumar\.stmcufinder\plugins\mcufinder/ => C:\Users\vinaykumar\.stmcufinder\plugins\mcufinder
2025-03-23 23:22:33,322 [INFO] CrossReferenceDbSqlite:203 - Set database path to: C:\Users\vinaykumar\.stmcufinder\plugins\mcufinder//mcu/cs/
2025-03-23 23:22:33,350 [INFO] ApplicationProperties:184 - Using Application install path: C:\ST\STM32CubeIDE_1.17.0\STM32CubeIDE\plugins\com.st.stm32cube.common.mx_6.13.0.202411220809
2025-03-23 23:22:33,351 [INFO] PluginManage:196 - Search for loadable plugins [exclusion list=, ]
2025-03-23 23:22:33,354 [INFO] PluginManage:310 - Check plugin analytics
2025-03-23 23:22:33,658 [INFO] AnalyticsPlugin:253 - Accepted Software Licenses: 
2025-03-23 23:22:33,659 [INFO] AnalyticsPlugin:255 - Accepted CMSIS Pack Licenses: 
2025-03-23 23:22:33,659 [INFO] AnalyticsPlugin:257 - Accepted Firmware Licenses: 
2025-03-23 23:22:33,663 [INFO] PluginManage:359 - Loaded plugin analytics (category:tool,tabindex:-1)
2025-03-23 23:22:33,664 [INFO] PluginManage:310 - Check plugin cadmodel
2025-03-23 23:22:33,687 [INFO] CADModel:105 - Init CAD model plugin
2025-03-23 23:22:33,687 [INFO] PluginManage:359 - Loaded plugin cadmodel (category:power,tabindex:5)
2025-03-23 23:22:33,687 [INFO] PluginManage:310 - Check plugin clock
2025-03-23 23:22:33,712 [INFO] PluginManage:359 - Loaded plugin clock (category:base,tabindex:2)
2025-03-23 23:22:33,712 [INFO] PluginManage:310 - Check plugin ddr
2025-03-23 23:22:33,716 [INFO] PluginManage:359 - Loaded plugin ddr (category:tool,tabindex:6)
2025-03-23 23:22:33,717 [INFO] PluginManage:310 - Check plugin filemanager
2025-03-23 23:22:33,892 [INFO] PluginManage:359 - Loaded plugin filemanager (category:base,tabindex:10)
2025-03-23 23:22:33,892 [INFO] PluginManage:310 - Check plugin ipmanager
2025-03-23 23:22:33,900 [INFO] PluginManage:359 - Loaded plugin ipmanager (category:base,tabindex:5)
2025-03-23 23:22:33,900 [INFO] PluginManage:310 - Check plugin lpbam
2025-03-23 23:22:33,921 [INFO] PluginManage:359 - Loaded plugin lpbam (category:base,tabindex:0)
2025-03-23 23:22:33,921 [INFO] PluginManage:310 - Check plugin memorymap
2025-03-23 23:22:33,952 [INFO] PluginManage:359 - Loaded plugin memorymap (category:base,tabindex:4)
2025-03-23 23:22:33,952 [INFO] PluginManage:310 - Check plugin pinoutandconfiguration
2025-03-23 23:22:33,974 [INFO] PluginManage:359 - Loaded plugin pinoutandconfiguration (category:base,tabindex:1)
2025-03-23 23:22:33,974 [INFO] PluginManage:310 - Check plugin pinoutconfig
2025-03-23 23:22:34,090 [WARN] SupportedApi:132 - Cannot load RTOS API schema: s4s-elt-must-match.1: The content of 'definitions' must match (annotation?, (simpleType | complexType)?, (unique | key | keyref)*)). A problem was found starting at: attribute.
2025-03-23 23:22:34,279 [INFO] PluginManage:359 - Loaded plugin pinoutconfig (category:base,tabindex:0)
2025-03-23 23:22:34,280 [INFO] PluginManage:310 - Check plugin power
2025-03-23 23:22:34,311 [INFO] PluginManage:359 - Loaded plugin power (category:power,tabindex:4)
2025-03-23 23:22:34,311 [INFO] PluginManage:310 - Check plugin projectmanager
2025-03-23 23:22:34,333 [INFO] PluginManage:359 - Loaded plugin projectmanager (category:projectmanager,tabindex:4)
2025-03-23 23:22:34,333 [INFO] PluginManage:310 - Check plugin rif
2025-03-23 23:22:34,360 [INFO] PluginManage:359 - Loaded plugin rif (category:base,tabindex:3)
2025-03-23 23:22:34,361 [INFO] PluginManage:310 - Check plugin thirdparty
2025-03-23 23:22:34,724 [WARN] IntegrityCheckThread:84 - waiting for thirdparty lock release [integrity check]
2025-03-23 23:22:34,724 [INFO] PluginManage:359 - Loaded plugin thirdparty (category:base,tabindex:-1)
2025-03-23 23:22:34,725 [INFO] IntegrityCheckThread:86 - entering critical section [integrity check]
2025-03-23 23:22:34,725 [INFO] PluginManage:310 - Check plugin tools
2025-03-23 23:22:34,726 [INFO] ThirdPartyUpdaterWithRetryManager:70 - Updater plugin not ready yet. [1/15]
2025-03-23 23:22:34,807 [INFO] PluginManage:359 - Loaded plugin tools (category:base,tabindex:7)
2025-03-23 23:22:34,807 [INFO] PluginManage:310 - Check plugin tutovideos
2025-03-23 23:22:35,112 [INFO] PluginManage:359 - Loaded plugin tutovideos (category:base,tabindex:-1)
2025-03-23 23:22:35,112 [INFO] PluginManage:310 - Check plugin updater
2025-03-23 23:22:35,143 [INFO] PluginManage:359 - Loaded plugin updater (category:base,tabindex:12)
2025-03-23 23:22:35,143 [INFO] PluginManage:310 - Check plugin userauth
2025-03-23 23:22:35,148 [INFO] UserAuth:118 - Init User Auth plugin
2025-03-23 23:22:35,150 [INFO] PluginManage:359 - Loaded plugin userauth (category:base,tabindex:14)
2025-03-23 23:22:35,151 [INFO] PluginManage:283 - PluginManage : Loaded plugins [18]
2025-03-23 23:22:35,448 [INFO] PinOutPanel:1589 - setPackage(No Configuration,No Configuration)
2025-03-23 23:22:35,556 [INFO] CADModel:165 - CPN selected for project level
2025-03-23 23:22:35,557 [INFO] CADModel:114 - Register for checkConnection events
2025-03-23 23:22:35,592 [INFO] IPUIPlugin:80 - create IPUIPlugin
2025-03-23 23:22:35,593 [INFO] PluginManager:220 - loadIPPluginJar : add adc
2025-03-23 23:22:35,646 [INFO] IPUIPlugin:80 - create IPUIPlugin
2025-03-23 23:22:35,646 [INFO] PluginManager:220 - loadIPPluginJar : add aes
2025-03-23 23:22:35,701 [INFO] IPUIPlugin:80 - create IPUIPlugin
2025-03-23 23:22:35,702 [INFO] PluginManager:220 - loadIPPluginJar : add can
2025-03-23 23:22:35,732 [INFO] IPUIPlugin:80 - create IPUIPlugin
2025-03-23 23:22:35,732 [INFO] PluginManager:220 - loadIPPluginJar : add comp
2025-03-23 23:22:35,778 [INFO] IPUIPlugin:80 - create IPUIPlugin
2025-03-23 23:22:35,779 [INFO] PluginManager:220 - loadIPPluginJar : add cryp
2025-03-23 23:22:35,795 [INFO] IPUIPlugin:80 - create IPUIPlugin
2025-03-23 23:22:35,795 [INFO] PluginManager:220 - loadIPPluginJar : add ddr_ctrl_phy
2025-03-23 23:22:35,832 [INFO] IPUIPlugin:80 - create IPUIPlugin
2025-03-23 23:22:35,832 [INFO] PluginManager:220 - loadIPPluginJar : add dfsdm
2025-03-23 23:22:35,849 [INFO] IPUIPlugin:80 - create IPUIPlugin
2025-03-23 23:22:35,850 [INFO] PluginManager:220 - loadIPPluginJar : add dma
2025-03-23 23:22:35,899 [INFO] IPUIPlugin:80 - create IPUIPlugin
2025-03-23 23:22:35,900 [INFO] PluginManager:220 - loadIPPluginJar : add dma3
2025-03-23 23:22:35,950 [INFO] IPUIPlugin:80 - create IPUIPlugin
2025-03-23 23:22:35,950 [INFO] PluginManager:220 - loadIPPluginJar : add extmemmanager
2025-03-23 23:22:35,980 [INFO] IPUIPlugin:80 - create IPUIPlugin
2025-03-23 23:22:35,980 [INFO] PluginManager:220 - loadIPPluginJar : add fatfs
2025-03-23 23:22:36,038 [INFO] IPUIPlugin:80 - create IPUIPlugin
2025-03-23 23:22:36,038 [INFO] PluginManager:220 - loadIPPluginJar : add fmc
2025-03-23 23:22:36,056 [INFO] IPUIPlugin:80 - create IPUIPlugin
2025-03-23 23:22:36,057 [INFO] PluginManager:220 - loadIPPluginJar : add freertos
2025-03-23 23:22:36,082 [INFO] IPUIPlugin:80 - create IPUIPlugin
2025-03-23 23:22:36,082 [INFO] PluginManager:220 - loadIPPluginJar : add genericplugin
2025-03-23 23:22:36,189 [INFO] IPUIPlugin:80 - create IPUIPlugin
2025-03-23 23:22:36,189 [INFO] PluginManager:220 - loadIPPluginJar : add gfxmmu
2025-03-23 23:22:36,360 [INFO] IPUIPlugin:80 - create IPUIPlugin
2025-03-23 23:22:36,360 [INFO] PluginManager:220 - loadIPPluginJar : add gic
2025-03-23 23:22:36,379 [INFO] IPUIPlugin:80 - create IPUIPlugin
2025-03-23 23:22:36,379 [INFO] PluginManager:220 - loadIPPluginJar : add gpio
2025-03-23 23:22:36,484 [INFO] IPUIPlugin:80 - create IPUIPlugin
2025-03-23 23:22:36,485 [INFO] PluginManager:220 - loadIPPluginJar : add gtzc
2025-03-23 23:22:36,526 [INFO] IPUIPlugin:80 - create IPUIPlugin
2025-03-23 23:22:36,526 [INFO] PluginManager:220 - loadIPPluginJar : add hash
2025-03-23 23:22:36,589 [INFO] IPUIPlugin:80 - create IPUIPlugin
2025-03-23 23:22:36,589 [INFO] PluginManager:220 - loadIPPluginJar : add i2c
2025-03-23 23:22:36,636 [INFO] IPUIPlugin:80 - create IPUIPlugin
2025-03-23 23:22:36,636 [INFO] PluginManager:220 - loadIPPluginJar : add i2s
2025-03-23 23:22:36,684 [INFO] IPUIPlugin:80 - create IPUIPlugin
2025-03-23 23:22:36,684 [INFO] PluginManager:220 - loadIPPluginJar : add i3c
2025-03-23 23:22:36,794 [INFO] IPUIPlugin:80 - create IPUIPlugin
2025-03-23 23:22:36,794 [INFO] PluginManager:220 - loadIPPluginJar : add ipddr
2025-03-23 23:22:36,898 [INFO] IPUIPlugin:80 - create IPUIPlugin
2025-03-23 23:22:36,899 [INFO] PluginManager:220 - loadIPPluginJar : add linkedlist
2025-03-23 23:22:36,944 [INFO] IPUIPlugin:80 - create IPUIPlugin
2025-03-23 23:22:36,945 [INFO] PluginManager:220 - loadIPPluginJar : add lorawan
2025-03-23 23:22:36,993 [INFO] IPUIPlugin:80 - create IPUIPlugin
2025-03-23 23:22:36,993 [INFO] PluginManager:220 - loadIPPluginJar : add ltdc
2025-03-23 23:22:37,011 [INFO] IPUIPlugin:80 - create IPUIPlugin
2025-03-23 23:22:37,012 [INFO] PluginManager:220 - loadIPPluginJar : add mdma
2025-03-23 23:22:37,031 [INFO] IPUIPlugin:80 - create IPUIPlugin
2025-03-23 23:22:37,031 [INFO] PluginManager:220 - loadIPPluginJar : add nvic
2025-03-23 23:22:37,074 [INFO] IPUIPlugin:80 - create IPUIPlugin
2025-03-23 23:22:37,075 [INFO] PluginManager:220 - loadIPPluginJar : add opamp
2025-03-23 23:22:37,141 [INFO] IPUIPlugin:80 - create IPUIPlugin
2025-03-23 23:22:37,142 [INFO] PluginManager:220 - loadIPPluginJar : add openamp
2025-03-23 23:22:37,196 [INFO] IPUIPlugin:80 - create IPUIPlugin
2025-03-23 23:22:37,196 [INFO] PluginManager:220 - loadIPPluginJar : add pdm2pcm
2025-03-23 23:22:37,215 [INFO] IPUIPlugin:80 - create IPUIPlugin
2025-03-23 23:22:37,217 [INFO] PluginManager:220 - loadIPPluginJar : add plateformsettings
2025-03-23 23:22:37,246 [INFO] IPUIPlugin:80 - create IPUIPlugin
2025-03-23 23:22:37,246 [INFO] PluginManager:220 - loadIPPluginJar : add quadspi
2025-03-23 23:22:37,279 [INFO] IPUIPlugin:80 - create IPUIPlugin
2025-03-23 23:22:37,279 [INFO] PluginManager:220 - loadIPPluginJar : add radio
2025-03-23 23:22:37,297 [INFO] IPUIPlugin:80 - create IPUIPlugin
2025-03-23 23:22:37,297 [INFO] PluginManager:220 - loadIPPluginJar : add resmgrutility
2025-03-23 23:22:37,357 [INFO] IPUIPlugin:80 - create IPUIPlugin
2025-03-23 23:22:37,358 [INFO] PluginManager:220 - loadIPPluginJar : add sai
2025-03-23 23:22:37,399 [INFO] IPUIPlugin:80 - create IPUIPlugin
2025-03-23 23:22:37,399 [INFO] PluginManager:220 - loadIPPluginJar : add spi
2025-03-23 23:22:37,473 [INFO] IPUIPlugin:80 - create IPUIPlugin
2025-03-23 23:22:37,473 [INFO] PluginManager:220 - loadIPPluginJar : add stm32_wpan
2025-03-23 23:22:37,506 [INFO] IPUIPlugin:80 - create IPUIPlugin
2025-03-23 23:22:37,506 [INFO] PluginManager:220 - loadIPPluginJar : add tim
2025-03-23 23:22:37,582 [INFO] IPUIPlugin:80 - create IPUIPlugin
2025-03-23 23:22:37,582 [INFO] PluginManager:220 - loadIPPluginJar : add touchsensing
2025-03-23 23:22:37,609 [INFO] IPUIPlugin:80 - create IPUIPlugin
2025-03-23 23:22:37,609 [INFO] PluginManager:220 - loadIPPluginJar : add tracer_emb
2025-03-23 23:22:37,640 [INFO] IPUIPlugin:80 - create IPUIPlugin
2025-03-23 23:22:37,640 [INFO] PluginManager:220 - loadIPPluginJar : add ts
2025-03-23 23:22:37,670 [INFO] IPUIPlugin:80 - create IPUIPlugin
2025-03-23 23:22:37,670 [INFO] PluginManager:220 - loadIPPluginJar : add tsc
2025-03-23 23:22:37,700 [INFO] IPUIPlugin:80 - create IPUIPlugin
2025-03-23 23:22:37,700 [INFO] PluginManager:220 - loadIPPluginJar : add ucpd
2025-03-23 23:22:37,727 [INFO] ThirdPartyUpdaterWithRetryManager:70 - Updater plugin not ready yet. [2/15]
2025-03-23 23:22:37,753 [INFO] IPUIPlugin:80 - create IPUIPlugin
2025-03-23 23:22:37,753 [INFO] PluginManager:220 - loadIPPluginJar : add usart
2025-03-23 23:22:37,800 [INFO] IPUIPlugin:80 - create IPUIPlugin
2025-03-23 23:22:37,800 [INFO] PluginManager:220 - loadIPPluginJar : add usbx
2025-03-23 23:22:37,935 [FATAL] Updater:351 - Updater called before beeing initialized
2025-03-23 23:22:37,973 [INFO] RulesReader:64 - Compatibility file has been processed (297 Rules)
2025-03-23 23:22:37,987 [INFO] RulesReader:64 - Compatibility file has been processed (297 Rules)
2025-03-23 23:22:38,006 [INFO] CADModel:165 - CPN selected for project level
2025-03-23 23:22:38,006 [INFO] CADModel:114 - Register for checkConnection events
2025-03-23 23:22:38,007 [FATAL] Updater:351 - Updater called before beeing initialized
2025-03-23 23:22:38,007 [ERROR] CADModel:125 - Updater not yet initialized, retry later 
2025-03-23 23:22:38,200 [FATAL] Updater:351 - Updater called before beeing initialized
2025-03-23 23:22:38,203 [INFO] CADModel:165 - CPN selected for project level
2025-03-23 23:22:38,203 [INFO] CADModel:114 - Register for checkConnection events
2025-03-23 23:22:38,203 [FATAL] Updater:351 - Updater called before beeing initialized
2025-03-23 23:22:38,203 [ERROR] CADModel:125 - Updater not yet initialized, retry later 
2025-03-23 23:22:38,206 [FATAL] Updater:351 - Updater called before beeing initialized
2025-03-23 23:22:38,345 [FATAL] Updater:351 - Updater called before beeing initialized
2025-03-23 23:22:38,364 [INFO] DbMcusAds:53 - JSON generation date=Tue Dec 17 21:31:15 IST 2024 (1734451275111)
2025-03-23 23:22:38,365 [FATAL] Updater:351 - Updater called before beeing initialized
2025-03-23 23:22:38,443 [WARN] DetailPanel:346 - Failed to get advertising image, set to default
2025-03-23 23:22:38,676 [FATAL] Updater:351 - Updater called before beeing initialized
2025-03-23 23:22:38,678 [FATAL] Updater:351 - Updater called before beeing initialized
2025-03-23 23:22:38,679 [FATAL] Updater:351 - Updater called before beeing initialized
2025-03-23 23:22:38,679 [WARN] DetailPanel:346 - Failed to get advertising image, set to default
2025-03-23 23:22:38,680 [FATAL] Updater:351 - Updater called before beeing initialized
2025-03-23 23:22:38,753 [ERROR] Updater:1198 - MainUpdater not yet initialized. External WinMGr cannot be set.
2025-03-23 23:22:38,767 [INFO] Updater:1134 - Updater Version found : 6.13.0
2025-03-23 23:22:38,788 [INFO] ApplicationProperties:184 - Using Application install path: C:\ST\STM32CubeIDE_1.17.0\STM32CubeIDE\plugins\com.st.stm32cube.common.mx_6.13.0.202411220809
2025-03-23 23:22:40,385 [ERROR] LogOutputStream:75 - [STDERR_REDIRECT] Mar 23, 2025 11:22:40 PM java.util.prefs.WindowsPreferences <init>
2025-03-23 23:22:40,387 [ERROR] LogOutputStream:75 - [STDERR_REDIRECT] WARNING: Could not open/create prefs root node Software\JavaSoft\Prefs at root 0xffffffff80000002. Windows RegCreateKeyEx(...) returned error code 5.
2025-03-23 23:22:40,388 [ERROR] LogOutputStream:75 - [STDERR_REDIRECT] 
2025-03-23 23:22:40,727 [INFO] ThirdPartyUpdaterWithRetryManager:70 - Updater plugin not ready yet. [3/15]
2025-03-23 23:22:41,795 [INFO] MainUpdater:2872 - connection check result : 10
2025-03-23 23:22:41,795 [INFO] MainUpdater:289 - Updater Check For Update Now.
2025-03-23 23:22:41,796 [INFO] MicroXplorer:498 - Change Database Version : DB.6.0.130
2025-03-23 23:22:41,822 [INFO] McuFinderGlobals:63 - Set McuFinder mode to 2 (CubeIDE integrated)
2025-03-23 23:22:41,823 [INFO] UserAuth:171 - activating auth plugin
2025-03-23 23:22:41,827 [INFO] UserAuth:486 - Internet connection configuration mode: 1
2025-03-23 23:22:41,891 [INFO] JxBrowserEngine:152 - Initiate JxBrowser Engine with user profile folder
2025-03-23 23:22:42,081 [INFO] CheckServerUpdateThread:120 - End of CheckServer Thread
2025-03-23 23:22:43,266 [INFO] WebApp:168 - Instantiating new browser for Auth
2025-03-23 23:22:44,146 [WARN] PackLoader:240 - Cannot read IP mode file for STMicroelectronics.FP-SNS-MOTENVWB1.1.4.0
2025-03-23 23:22:44,171 [WARN] PackLoader:240 - Cannot read IP mode file for STMicroelectronics.FP-ATR-ASTRA1.2.0.2
2025-03-23 23:22:44,189 [WARN] PackLoader:240 - Cannot read IP mode file for STMicroelectronics.FP-ATR-ASTRA1.2.0.1
2025-03-23 23:22:44,214 [WARN] PackLoader:240 - Cannot read IP mode file for STMicroelectronics.X-CUBE-SMBUS.2.1.0
2025-03-23 23:22:44,246 [WARN] PackLoader:240 - Cannot read IP mode file for STMicroelectronics.X-CUBE-WB05N.1.1.0
2025-03-23 23:22:44,367 [WARN] PackLoader:240 - Cannot read IP mode file for STMicroelectronics.X-CUBE-AZRTOS-F7.1.1.0
2025-03-23 23:22:44,404 [WARN] PackLoader:240 - Cannot read IP mode file for STMicroelectronics.FP-SNS-FLIGHT1.5.0.2
2025-03-23 23:22:44,468 [WARN] PackLoader:240 - Cannot read IP mode file for Infineon.AIROC-Wi-Fi-Bluetooth-STM32.1.7.0
2025-03-23 23:22:44,525 [WARN] PackLoader:240 - Cannot read IP mode file for STMicroelectronics.X-CUBE-DISPLAY.3.0.0
2025-03-23 23:22:44,559 [WARN] PackLoader:240 - Cannot read IP mode file for STMicroelectronics.X-CUBE-BLE1.7.0.0
2025-03-23 23:22:44,593 [WARN] PackLoader:240 - Cannot read IP mode file for STMicroelectronics.X-CUBE-NFC10.1.0.0
2025-03-23 23:22:44,639 [WARN] PackLoader:240 - Cannot read IP mode file for STMicroelectronics.X-CUBE-BLEMGR.4.0.0
2025-03-23 23:22:44,672 [WARN] PackLoader:240 - Cannot read IP mode file for emotas.I-CUBE-CANOPEN.1.3.0
2025-03-23 23:22:44,702 [WARN] PackLoader:240 - Cannot read IP mode file for STMicroelectronics.X-CUBE-AI.10.0.0
2025-03-23 23:22:44,725 [INFO] WebApp:449 - Apply proxy settings
2025-03-23 23:22:44,725 [INFO] WebApp:534 - Chromium requires no authentication
2025-03-23 23:22:44,729 [WARN] PackLoader:240 - Cannot read IP mode file for STMicroelectronics.FP-SNS-SMARTAG2.1.2.0
2025-03-23 23:22:44,743 [INFO] WebApp:477 - Direct internet connection detected
2025-03-23 23:22:44,753 [WARN] PackLoader:240 - Cannot read IP mode file for STMicroelectronics.FP-SNS-FLIGHT1.5.1.0
2025-03-23 23:22:44,792 [INFO] WebApp:880 - Register for checkConnection events
2025-03-23 23:22:44,793 [INFO] WebApp:449 - Apply proxy settings
2025-03-23 23:22:44,793 [INFO] WebApp:534 - Chromium requires no authentication
2025-03-23 23:22:44,794 [INFO] WebApp:477 - Direct internet connection detected
2025-03-23 23:22:44,874 [WARN] PackLoader:240 - Cannot read IP mode file for STMicroelectronics.X-CUBE-MEMS1.11.1.0
2025-03-23 23:22:45,187 [INFO] LogOutputStream:77 - [STDOUT_REDIRECT] 1 : Invalid condition id : UX_CORESTACK_Condition cause : null
2025-03-23 23:22:45,189 [INFO] LogOutputStream:77 - [STDOUT_REDIRECT] 1 : Invalid condition id : UX_CORESTACK_Condition cause : null
2025-03-23 23:22:45,190 [INFO] LogOutputStream:77 - [STDOUT_REDIRECT] 1 : Invalid condition id : UX_CORESTACK_Condition cause : null
2025-03-23 23:22:45,193 [INFO] LogOutputStream:77 - [STDOUT_REDIRECT] 1 : Invalid condition id : UX_CORESTACK_Condition cause : null
2025-03-23 23:22:45,195 [INFO] LogOutputStream:77 - [STDOUT_REDIRECT] 1 : Invalid condition id : UX_CORESTACK_Condition cause : null
2025-03-23 23:22:45,199 [WARN] PackLoader:240 - Cannot read IP mode file for STMicroelectronics.X-CUBE-AZRTOS-WL.2.0.0
2025-03-23 23:22:45,229 [WARN] PackLoader:240 - Cannot read IP mode file for STMicroelectronics.FP-SNS-MOTENV1.5.0.0
2025-03-23 23:22:45,235 [INFO] WebApp:187 - Connection restablished
2025-03-23 23:22:45,255 [WARN] PackLoader:240 - Cannot read IP mode file for wolfSSL.I-CUBE-wolfMQTT.1.19.0
2025-03-23 23:22:45,285 [WARN] PackLoader:240 - Cannot read IP mode file for WES.I-CUBE-Cesium.1.3.0
2025-03-23 23:22:45,309 [WARN] PackLoader:240 - Cannot read IP mode file for STMicroelectronics.X-CUBE-BLE2.3.3.0
2025-03-23 23:22:45,335 [WARN] PackLoader:240 - Cannot read IP mode file for STMicroelectronics.X-CUBE-NFC9.1.0.0
2025-03-23 23:22:45,360 [WARN] PackLoader:240 - Cannot read IP mode file for STMicroelectronics.X-CUBE-BLE1.7.1.0
2025-03-23 23:22:45,417 [WARN] PackLoader:240 - Cannot read IP mode file for STMicroelectronics.X-CUBE-AZRTOS-G0.1.1.0
2025-03-23 23:22:45,446 [WARN] PackLoader:240 - Cannot read IP mode file for STMicroelectronics.X-CUBE-SAFEA1.1.2.2
2025-03-23 23:22:45,472 [WARN] PackLoader:240 - Cannot read IP mode file for STMicroelectronics.X-CUBE-NFC4.3.0.0
2025-03-23 23:22:45,507 [WARN] PackLoader:240 - Cannot read IP mode file for EmbeddedOffice.I-CUBE-FS-RTOS.1.0.1
2025-03-23 23:22:45,536 [WARN] PackLoader:240 - Cannot read IP mode file for STMicroelectronics.X-CUBE-TCPP.4.2.0
2025-03-23 23:22:45,541 [INFO] WebApp:221 - Starting web application
2025-03-23 23:22:45,541 [INFO] WebApp:579 - Web application path used C:\ST\STM32CubeIDE_1.17.0\STM32CubeIDE\plugins\com.st.stm32cube.common.mx_6.13.0.202411220809\db\plugins\mcufinder\reactClient1\index.html
2025-03-23 23:22:45,566 [WARN] PackLoader:240 - Cannot read IP mode file for RealThread.X-CUBE-RT-Thread_Nano.4.1.1
2025-03-23 23:22:45,592 [WARN] PackLoader:240 - Cannot read IP mode file for STMicroelectronics.FP-ATR-SIGFOX1.3.2.0
2025-03-23 23:22:45,620 [WARN] ConditionMgr:438 - getConditionDescription Invalid condition id : Cortex-A Device cause : null
2025-03-23 23:22:45,671 [WARN] ConditionMgr:1044 - genDependencies : Invalid condition id : Cortex-A Device cause : null
2025-03-23 23:22:45,671 [WARN] ConditionMgr:1044 - genDependencies : Invalid condition id : Cortex-A Device cause : null
2025-03-23 23:22:45,672 [WARN] ConditionMgr:1044 - genDependencies : Invalid condition id : Cortex-A Device cause : null
2025-03-23 23:22:45,696 [WARN] PackLoader:240 - Cannot read IP mode file for STMicroelectronics.X-CUBE-EEPRMA1.5.1.0
2025-03-23 23:22:45,719 [WARN] PackLoader:240 - Cannot read IP mode file for wolfSSL.I-CUBE-wolfSSL.5.7.4
2025-03-23 23:22:45,752 [WARN] PackLoader:240 - Cannot read IP mode file for ITTIA_DB.I-CUBE-ITTIADB.8.9.0
2025-03-23 23:22:45,806 [WARN] PackLoader:240 - Cannot read IP mode file for SEGGER.I-CUBE-embOS.1.3.1
2025-03-23 23:22:45,883 [WARN] PackLoader:240 - Cannot read IP mode file for STMicroelectronics.X-CUBE-ALGOBUILD.1.4.0
2025-03-23 23:22:45,910 [WARN] PackLoader:240 - Cannot read IP mode file for STMicroelectronics.X-CUBE-AI.9.1.0
2025-03-23 23:22:45,967 [WARN] PackLoader:240 - Cannot read IP mode file for STMicroelectronics.X-CUBE-AZRTOS-F4.1.1.0
2025-03-23 23:22:46,003 [WARN] PackLoader:240 - Cannot read IP mode file for STMicroelectronics.X-CUBE-ISPU.2.1.0
2025-03-23 23:22:46,060 [WARN] PackLoader:240 - Cannot read IP mode file for STMicroelectronics.X-CUBE-AZRTOS-L5.2.0.0
2025-03-23 23:22:46,099 [WARN] PackLoader:240 - Cannot read IP mode file for STMicroelectronics.X-CUBE-NFC6.3.1.0
2025-03-23 23:22:46,128 [WARN] PackLoader:240 - Cannot read IP mode file for STMicroelectronics.X-CUBE-DPower.1.2.0
2025-03-23 23:22:46,155 [WARN] PackLoader:240 - Cannot read IP mode file for STMicroelectronics.X-CUBE-FREERTOS.1.3.0
2025-03-23 23:22:46,184 [WARN] PackLoader:240 - Cannot read IP mode file for STMicroelectronics.X-CUBE-NFC7.1.0.1
2025-03-23 23:22:46,239 [WARN] ConditionMgr:438 - getConditionDescription Invalid condition id : LAN8742 Phy interface Condition cause : null
2025-03-23 23:22:46,240 [WARN] PackLoader:240 - Cannot read IP mode file for STMicroelectronics.X-CUBE-AZRTOS-L4.2.0.0
2025-03-23 23:22:46,241 [WARN] ConditionMgr:1044 - genDependencies : Invalid condition id : LAN8742 Phy interface Condition cause : null
2025-03-23 23:22:46,242 [WARN] ConditionMgr:1044 - genDependencies : Invalid condition id : LAN8742 Phy interface Condition cause : null
2025-03-23 23:22:46,243 [WARN] ConditionMgr:1044 - genDependencies : Invalid condition id : LAN8742 Phy interface Condition cause : null
2025-03-23 23:22:46,272 [WARN] PackLoader:240 - Cannot read IP mode file for STMicroelectronics.X-CUBE-SFXS2LP1.4.0.0
2025-03-23 23:22:46,488 [WARN] PackLoader:240 - Cannot read IP mode file for STMicroelectronics.X-CUBE-AZRTOS-H7.3.3.0
2025-03-23 23:22:46,538 [WARN] ConditionMgr:438 - getConditionDescription Invalid condition id : UX DEVICE CLASS RTOS Condition cause : null
2025-03-23 23:22:46,538 [WARN] ConditionMgr:438 - getConditionDescription Invalid condition id : UX DEVICE CLASS RTOS Condition cause : null
2025-03-23 23:22:46,541 [WARN] PackLoader:240 - Cannot read IP mode file for STMicroelectronics.X-CUBE-AZRTOS-WB.2.0.0
2025-03-23 23:22:46,542 [WARN] ConditionMgr:1044 - genDependencies : Invalid condition id : UX DEVICE CLASS RTOS Condition cause : null
2025-03-23 23:22:46,542 [WARN] ConditionMgr:1044 - genDependencies : Invalid condition id : UX DEVICE CLASS RTOS Condition cause : null
2025-03-23 23:22:46,543 [WARN] ConditionMgr:1044 - genDependencies : Invalid condition id : UX DEVICE CLASS RTOS Condition cause : null
2025-03-23 23:22:46,543 [WARN] ConditionMgr:1044 - genDependencies : Invalid condition id : UX DEVICE CLASS RTOS Condition cause : null
2025-03-23 23:22:46,543 [WARN] ConditionMgr:1044 - genDependencies : Invalid condition id : UX DEVICE CLASS RTOS Condition cause : null
2025-03-23 23:22:46,572 [WARN] PackLoader:240 - Cannot read IP mode file for STMicroelectronics.X-CUBE-GNSS1.7.0.1
2025-03-23 23:22:46,598 [WARN] PackLoader:240 - Cannot read IP mode file for STMicroelectronics.X-CUBE-TOUCHGFX.4.25.0
2025-03-23 23:22:46,626 [WARN] PackLoader:240 - Cannot read IP mode file for STMicroelectronics.FP-SNS-STBOX1.2.0.0
2025-03-23 23:22:46,664 [WARN] PackLoader:240 - Cannot read IP mode file for STMicroelectronics.X-CUBE-SUBG2.5.0.0
2025-03-23 23:22:46,725 [WARN] PackLoader:240 - Cannot read IP mode file for STMicroelectronics.X-CUBE-AZRTOS-H7RS.1.1.0
2025-03-23 23:22:46,755 [WARN] PackLoader:240 - Cannot read IP mode file for Cesanta.I-CUBE-Mongoose.7.13.0
2025-03-23 23:22:46,797 [WARN] PackLoader:240 - Cannot read IP mode file for STMicroelectronics.X-CUBE-AZRTOS-G4.2.0.0
2025-03-23 23:22:46,831 [WARN] PackLoader:240 - Cannot read IP mode file for STMicroelectronics.X-CUBE-IPS.3.1.0
2025-03-23 23:22:46,855 [WARN] PackLoader:240 - Cannot read IP mode file for STMicroelectronics.X-CUBE-ALS.1.0.2
2025-03-23 23:22:46,879 [WARN] PackLoader:240 - Cannot read IP mode file for STMicroelectronics.X-CUBE-TOUCHGFX.4.24.2
2025-03-23 23:22:46,899 [WARN] PackLoader:240 - Cannot read IP mode file for wolfSSL.I-CUBE-wolfTPM.3.4.0
2025-03-23 23:22:46,921 [WARN] PackLoader:240 - Cannot read IP mode file for portGmbH.I-Cube-SoM-uGOAL.1.1.0
2025-03-23 23:22:46,963 [WARN] PackLoader:240 - Cannot read IP mode file for STMicroelectronics.X-CUBE-AZRTOS-H7RS.1.0.0
2025-03-23 23:22:47,000 [WARN] PackLoader:240 - Cannot read IP mode file for STMicroelectronics.X-CUBE-TOF1.3.4.2
2025-03-23 23:22:47,038 [WARN] PackLoader:240 - Cannot read IP mode file for wolfSSL.I-CUBE-wolfSSH.1.4.17
2025-03-23 23:22:47,041 [INFO] ThirdParty:978 - Integrity check success = true
2025-03-23 23:22:47,041 [INFO] IntegrityCheckThread:100 - exiting critical section [integrity check]
2025-03-23 23:22:47,041 [INFO] IntegrityCheckThread:103 - End integrity checks thread
2025-03-23 23:26:41,861 [INFO] WebApp:190 - Connection lost
2025-03-23 23:26:42,389 [INFO] WebApp:187 - Connection restablished
2025-03-23 23:36:20,378 [INFO] WebApp:190 - Connection lost
2025-03-23 23:36:21,024 [INFO] WebApp:187 - Connection restablished
2025-03-23 23:36:29,838 [INFO] WebApp:190 - Connection lost
2025-03-23 23:36:30,182 [INFO] WebApp:187 - Connection restablished
2025-03-23 23:36:33,349 [INFO] WebApp:190 - Connection lost
2025-03-23 23:39:24,997 [ERROR] ConfigurationRetriever:142 - IOException on connection: Connect timed out
2025-03-23 23:39:27,000 [ERROR] ConfigurationRetriever:142 - IOException on connection: Connect timed out
2025-03-23 23:39:30,818 [ERROR] ConfigurationRetriever:142 - IOException on connection: Read timed out
2025-03-23 23:39:34,283 [ERROR] ConfigurationRetriever:142 - IOException on connection: Read timed out
2025-03-23 23:39:38,131 [ERROR] ConfigurationRetriever:142 - IOException on connection: Read timed out
2025-03-23 23:39:40,133 [ERROR] ConfigurationRetriever:142 - IOException on connection: Connect timed out
2025-03-23 23:42:31,728 [INFO] WebApp:187 - Connection restablished
2025-03-23 23:45:57,397 [INFO] WebApp:190 - Connection lost
2025-03-23 23:45:57,999 [INFO] WebApp:187 - Connection restablished
2025-03-23 23:46:08,385 [INFO] WebApp:190 - Connection lost
2025-03-23 23:46:08,856 [INFO] WebApp:187 - Connection restablished
2025-03-23 23:46:21,355 [INFO] WebApp:190 - Connection lost
2025-03-23 23:46:22,333 [INFO] WebApp:187 - Connection restablished
2025-03-23 23:50:21,609 [ERROR] LogOutputStream:75 - [STDERR_REDIRECT] 
2025-03-23 23:50:21,611 [ERROR] LogOutputStream:75 - [STDERR_REDIRECT] 
