2025-04-22 23:19:55,754 [INFO] Activator:176 - 


2025-04-22 23:19:55,761 [INFO] Activator:177 - !SESSION log4j initialized
2025-04-22 23:20:05,080 [INFO] LogOutputStream:77 - [STDOUT_REDIRECT] 
2025-04-22 23:20:06,862 [INFO] ApplicationProperties:184 - Using Application install path: C:\ST\STM32CubeIDE_1.17.0\STM32CubeIDE\plugins\com.st.stm32cube.common.mx_6.13.0.202411220809
2025-04-22 23:20:06,883 [INFO] DbMcusXml:78 - Set database path to: C:\ST\STM32CubeIDE_1.17.0\STM32CubeIDE\plugins\com.st.stm32cube.common.mx_6.13.0.202411220809\\db\/mcu/
2025-04-22 23:20:06,884 [INFO] ApiDb:274 - Set plugin database path to: C:\ST\STM32CubeIDE_1.17.0\STM32CubeIDE\plugins\com.st.stm32cube.common.mx_6.13.0.202411220809\\db\/plugins/boardmanager/
2025-04-22 23:20:06,884 [WARN] ApiDb:259 - Overriding images path with different value:  => C:\ST\STM32CubeIDE_1.17.0\STM32CubeIDE\plugins\com.st.stm32cube.common.mx_6.13.0.202411220809\\db\/plugins/mcufinder/images/
2025-04-22 23:20:06,896 [INFO] ApiDb:250 - Set database path to: C:\Users\vinaykumar\.stmcufinder\plugins\mcufinder//mcu/
2025-04-22 23:20:06,898 [INFO] DbMcusAds:125 - Set database path to: C:\Users\vinaykumar\.stmcufinder\plugins\mcufinder//mcu/
2025-04-22 23:20:06,901 [INFO] CrossReferenceDbSqlite:203 - Set database path to: C:\Users\vinaykumar\.stmcufinder\plugins\mcufinder//mcu/cs/
2025-04-22 23:20:07,048 [INFO] RulesReader:64 - Compatibility file has been processed (297 Rules)
2025-04-22 23:20:07,165 [INFO] DbMcusXml:78 - Set database path to: C:\ST\STM32CubeIDE_1.17.0\STM32CubeIDE\plugins\com.st.stm32cube.common.mx_6.13.0.202411220809\\db\/mcu/
2025-04-22 23:20:07,166 [INFO] ApiDb:274 - Set plugin database path to: C:\ST\STM32CubeIDE_1.17.0\STM32CubeIDE\plugins\com.st.stm32cube.common.mx_6.13.0.202411220809\\db\/plugins/boardmanager/
2025-04-22 23:20:07,166 [INFO] ApiDb:261 - Set plugin images path to: C:\ST\STM32CubeIDE_1.17.0\STM32CubeIDE\plugins\com.st.stm32cube.common.mx_6.13.0.202411220809\\db\/plugins/mcufinder/images/
2025-04-22 23:20:07,166 [WARN] DbFile:41 - Overriding database path with different value: C:\Users\vinaykumar\.stmcufinder\plugins\mcufinder/ => C:\Users\vinaykumar\.stmcufinder\plugins\mcufinder
2025-04-22 23:20:07,166 [INFO] ApiDb:250 - Set database path to: C:\Users\vinaykumar\.stmcufinder\plugins\mcufinder//mcu/
2025-04-22 23:20:07,166 [WARN] DbFile:41 - Overriding database path with different value: C:\Users\vinaykumar\.stmcufinder\plugins\mcufinder/ => C:\Users\vinaykumar\.stmcufinder\plugins\mcufinder
2025-04-22 23:20:07,166 [INFO] DbMcusAds:125 - Set database path to: C:\Users\vinaykumar\.stmcufinder\plugins\mcufinder//mcu/
2025-04-22 23:20:07,166 [WARN] DbFile:41 - Overriding database path with different value: C:\Users\vinaykumar\.stmcufinder\plugins\mcufinder/ => C:\Users\vinaykumar\.stmcufinder\plugins\mcufinder
2025-04-22 23:20:07,166 [WARN] DbFile:41 - Overriding database path with different value: C:\Users\vinaykumar\.stmcufinder\plugins\mcufinder/ => C:\Users\vinaykumar\.stmcufinder\plugins\mcufinder
2025-04-22 23:20:07,166 [INFO] CrossReferenceDbSqlite:203 - Set database path to: C:\Users\vinaykumar\.stmcufinder\plugins\mcufinder//mcu/cs/
2025-04-22 23:20:07,269 [INFO] MainPanel:272 - HeapMemory: 268435456
2025-04-22 23:20:07,429 [INFO] DbMcusXml:78 - Set database path to: C:\ST\STM32CubeIDE_1.17.0\STM32CubeIDE\plugins\com.st.stm32cube.common.mx_6.13.0.202411220809\\db\/mcu/
2025-04-22 23:20:07,429 [INFO] ApiDb:274 - Set plugin database path to: C:\ST\STM32CubeIDE_1.17.0\STM32CubeIDE\plugins\com.st.stm32cube.common.mx_6.13.0.202411220809\\db\/plugins/boardmanager/
2025-04-22 23:20:07,430 [INFO] ApiDb:261 - Set plugin images path to: C:\ST\STM32CubeIDE_1.17.0\STM32CubeIDE\plugins\com.st.stm32cube.common.mx_6.13.0.202411220809\\db\/plugins/mcufinder/images/
2025-04-22 23:20:07,430 [WARN] DbFile:41 - Overriding database path with different value: C:\Users\vinaykumar\.stmcufinder\plugins\mcufinder/ => C:\Users\vinaykumar\.stmcufinder\plugins\mcufinder
2025-04-22 23:20:07,430 [INFO] ApiDb:250 - Set database path to: C:\Users\vinaykumar\.stmcufinder\plugins\mcufinder//mcu/
2025-04-22 23:20:07,430 [WARN] DbFile:41 - Overriding database path with different value: C:\Users\vinaykumar\.stmcufinder\plugins\mcufinder/ => C:\Users\vinaykumar\.stmcufinder\plugins\mcufinder
2025-04-22 23:20:07,431 [INFO] DbMcusAds:125 - Set database path to: C:\Users\vinaykumar\.stmcufinder\plugins\mcufinder//mcu/
2025-04-22 23:20:07,431 [WARN] DbFile:41 - Overriding database path with different value: C:\Users\vinaykumar\.stmcufinder\plugins\mcufinder/ => C:\Users\vinaykumar\.stmcufinder\plugins\mcufinder
2025-04-22 23:20:07,431 [WARN] DbFile:41 - Overriding database path with different value: C:\Users\vinaykumar\.stmcufinder\plugins\mcufinder/ => C:\Users\vinaykumar\.stmcufinder\plugins\mcufinder
2025-04-22 23:20:07,431 [INFO] CrossReferenceDbSqlite:203 - Set database path to: C:\Users\vinaykumar\.stmcufinder\plugins\mcufinder//mcu/cs/
2025-04-22 23:20:07,456 [INFO] ApplicationProperties:184 - Using Application install path: C:\ST\STM32CubeIDE_1.17.0\STM32CubeIDE\plugins\com.st.stm32cube.common.mx_6.13.0.202411220809
2025-04-22 23:20:07,458 [INFO] PluginManage:196 - Search for loadable plugins [exclusion list=, ]
2025-04-22 23:20:07,460 [INFO] PluginManage:310 - Check plugin analytics
2025-04-22 23:20:07,732 [INFO] AnalyticsPlugin:253 - Accepted Software Licenses: 
2025-04-22 23:20:07,733 [INFO] AnalyticsPlugin:255 - Accepted CMSIS Pack Licenses: 
2025-04-22 23:20:07,733 [INFO] AnalyticsPlugin:257 - Accepted Firmware Licenses: 
2025-04-22 23:20:07,736 [INFO] PluginManage:359 - Loaded plugin analytics (category:tool,tabindex:-1)
2025-04-22 23:20:07,736 [INFO] PluginManage:310 - Check plugin cadmodel
2025-04-22 23:20:07,768 [INFO] CADModel:105 - Init CAD model plugin
2025-04-22 23:20:07,769 [INFO] PluginManage:359 - Loaded plugin cadmodel (category:power,tabindex:5)
2025-04-22 23:20:07,769 [INFO] PluginManage:310 - Check plugin clock
2025-04-22 23:20:07,800 [INFO] PluginManage:359 - Loaded plugin clock (category:base,tabindex:2)
2025-04-22 23:20:07,800 [INFO] PluginManage:310 - Check plugin ddr
2025-04-22 23:20:07,804 [INFO] PluginManage:359 - Loaded plugin ddr (category:tool,tabindex:6)
2025-04-22 23:20:07,804 [INFO] PluginManage:310 - Check plugin filemanager
2025-04-22 23:20:07,991 [INFO] PluginManage:359 - Loaded plugin filemanager (category:base,tabindex:10)
2025-04-22 23:20:07,991 [INFO] PluginManage:310 - Check plugin ipmanager
2025-04-22 23:20:08,003 [INFO] PluginManage:359 - Loaded plugin ipmanager (category:base,tabindex:5)
2025-04-22 23:20:08,003 [INFO] PluginManage:310 - Check plugin lpbam
2025-04-22 23:20:08,028 [INFO] PluginManage:359 - Loaded plugin lpbam (category:base,tabindex:0)
2025-04-22 23:20:08,028 [INFO] PluginManage:310 - Check plugin memorymap
2025-04-22 23:20:08,061 [INFO] PluginManage:359 - Loaded plugin memorymap (category:base,tabindex:4)
2025-04-22 23:20:08,061 [INFO] PluginManage:310 - Check plugin pinoutandconfiguration
2025-04-22 23:20:08,091 [INFO] PluginManage:359 - Loaded plugin pinoutandconfiguration (category:base,tabindex:1)
2025-04-22 23:20:08,091 [INFO] PluginManage:310 - Check plugin pinoutconfig
2025-04-22 23:20:08,242 [WARN] SupportedApi:132 - Cannot load RTOS API schema: s4s-elt-must-match.1: The content of 'definitions' must match (annotation?, (simpleType | complexType)?, (unique | key | keyref)*)). A problem was found starting at: attribute.
2025-04-22 23:20:08,445 [INFO] PluginManage:359 - Loaded plugin pinoutconfig (category:base,tabindex:0)
2025-04-22 23:20:08,445 [INFO] PluginManage:310 - Check plugin power
2025-04-22 23:20:08,477 [INFO] PluginManage:359 - Loaded plugin power (category:power,tabindex:4)
2025-04-22 23:20:08,477 [INFO] PluginManage:310 - Check plugin projectmanager
2025-04-22 23:20:08,506 [INFO] PluginManage:359 - Loaded plugin projectmanager (category:projectmanager,tabindex:4)
2025-04-22 23:20:08,507 [INFO] PluginManage:310 - Check plugin rif
2025-04-22 23:20:08,545 [INFO] PluginManage:359 - Loaded plugin rif (category:base,tabindex:3)
2025-04-22 23:20:08,545 [INFO] PluginManage:310 - Check plugin thirdparty
2025-04-22 23:20:09,016 [WARN] IntegrityCheckThread:84 - waiting for thirdparty lock release [integrity check]
2025-04-22 23:20:09,017 [INFO] IntegrityCheckThread:86 - entering critical section [integrity check]
2025-04-22 23:20:09,017 [INFO] PluginManage:359 - Loaded plugin thirdparty (category:base,tabindex:-1)
2025-04-22 23:20:09,017 [INFO] PluginManage:310 - Check plugin tools
2025-04-22 23:20:09,017 [INFO] ThirdPartyUpdaterWithRetryManager:70 - Updater plugin not ready yet. [1/15]
2025-04-22 23:20:09,078 [INFO] PluginManage:359 - Loaded plugin tools (category:base,tabindex:7)
2025-04-22 23:20:09,078 [INFO] PluginManage:310 - Check plugin tutovideos
2025-04-22 23:20:09,318 [INFO] PluginManage:359 - Loaded plugin tutovideos (category:base,tabindex:-1)
2025-04-22 23:20:09,319 [INFO] PluginManage:310 - Check plugin updater
2025-04-22 23:20:09,353 [INFO] PluginManage:359 - Loaded plugin updater (category:base,tabindex:12)
2025-04-22 23:20:09,354 [INFO] PluginManage:310 - Check plugin userauth
2025-04-22 23:20:09,361 [INFO] UserAuth:118 - Init User Auth plugin
2025-04-22 23:20:09,363 [INFO] PluginManage:359 - Loaded plugin userauth (category:base,tabindex:14)
2025-04-22 23:20:09,363 [INFO] PluginManage:283 - PluginManage : Loaded plugins [18]
2025-04-22 23:20:09,715 [INFO] PinOutPanel:1589 - setPackage(No Configuration,No Configuration)
2025-04-22 23:20:09,876 [INFO] CADModel:165 - CPN selected for project level
2025-04-22 23:20:09,877 [INFO] CADModel:114 - Register for checkConnection events
2025-04-22 23:20:09,933 [INFO] IPUIPlugin:80 - create IPUIPlugin
2025-04-22 23:20:09,934 [INFO] PluginManager:220 - loadIPPluginJar : add adc
2025-04-22 23:20:10,032 [INFO] IPUIPlugin:80 - create IPUIPlugin
2025-04-22 23:20:10,032 [INFO] PluginManager:220 - loadIPPluginJar : add aes
2025-04-22 23:20:10,131 [INFO] IPUIPlugin:80 - create IPUIPlugin
2025-04-22 23:20:10,131 [INFO] PluginManager:220 - loadIPPluginJar : add can
2025-04-22 23:20:10,175 [INFO] IPUIPlugin:80 - create IPUIPlugin
2025-04-22 23:20:10,175 [INFO] PluginManager:220 - loadIPPluginJar : add comp
2025-04-22 23:20:10,229 [INFO] IPUIPlugin:80 - create IPUIPlugin
2025-04-22 23:20:10,230 [INFO] PluginManager:220 - loadIPPluginJar : add cryp
2025-04-22 23:20:10,246 [INFO] IPUIPlugin:80 - create IPUIPlugin
2025-04-22 23:20:10,247 [INFO] PluginManager:220 - loadIPPluginJar : add ddr_ctrl_phy
2025-04-22 23:20:10,299 [INFO] IPUIPlugin:80 - create IPUIPlugin
2025-04-22 23:20:10,299 [INFO] PluginManager:220 - loadIPPluginJar : add dfsdm
2025-04-22 23:20:10,317 [INFO] IPUIPlugin:80 - create IPUIPlugin
2025-04-22 23:20:10,319 [INFO] PluginManager:220 - loadIPPluginJar : add dma
2025-04-22 23:20:10,380 [INFO] IPUIPlugin:80 - create IPUIPlugin
2025-04-22 23:20:10,380 [INFO] PluginManager:220 - loadIPPluginJar : add dma3
2025-04-22 23:20:10,462 [INFO] IPUIPlugin:80 - create IPUIPlugin
2025-04-22 23:20:10,463 [INFO] PluginManager:220 - loadIPPluginJar : add extmemmanager
2025-04-22 23:20:10,494 [INFO] IPUIPlugin:80 - create IPUIPlugin
2025-04-22 23:20:10,494 [INFO] PluginManager:220 - loadIPPluginJar : add fatfs
2025-04-22 23:20:10,570 [INFO] IPUIPlugin:80 - create IPUIPlugin
2025-04-22 23:20:10,571 [INFO] PluginManager:220 - loadIPPluginJar : add fmc
2025-04-22 23:20:10,596 [INFO] IPUIPlugin:80 - create IPUIPlugin
2025-04-22 23:20:10,596 [INFO] PluginManager:220 - loadIPPluginJar : add freertos
2025-04-22 23:20:10,636 [INFO] IPUIPlugin:80 - create IPUIPlugin
2025-04-22 23:20:10,637 [INFO] PluginManager:220 - loadIPPluginJar : add genericplugin
2025-04-22 23:20:10,798 [INFO] IPUIPlugin:80 - create IPUIPlugin
2025-04-22 23:20:10,798 [INFO] PluginManager:220 - loadIPPluginJar : add gfxmmu
2025-04-22 23:20:11,088 [INFO] IPUIPlugin:80 - create IPUIPlugin
2025-04-22 23:20:11,088 [INFO] PluginManager:220 - loadIPPluginJar : add gic
2025-04-22 23:20:11,108 [INFO] IPUIPlugin:80 - create IPUIPlugin
2025-04-22 23:20:11,108 [INFO] PluginManager:220 - loadIPPluginJar : add gpio
2025-04-22 23:20:11,275 [INFO] IPUIPlugin:80 - create IPUIPlugin
2025-04-22 23:20:11,275 [INFO] PluginManager:220 - loadIPPluginJar : add gtzc
2025-04-22 23:20:11,339 [INFO] IPUIPlugin:80 - create IPUIPlugin
2025-04-22 23:20:11,339 [INFO] PluginManager:220 - loadIPPluginJar : add hash
2025-04-22 23:20:11,440 [INFO] IPUIPlugin:80 - create IPUIPlugin
2025-04-22 23:20:11,441 [INFO] PluginManager:220 - loadIPPluginJar : add i2c
2025-04-22 23:20:11,507 [INFO] IPUIPlugin:80 - create IPUIPlugin
2025-04-22 23:20:11,507 [INFO] PluginManager:220 - loadIPPluginJar : add i2s
2025-04-22 23:20:11,576 [INFO] IPUIPlugin:80 - create IPUIPlugin
2025-04-22 23:20:11,576 [INFO] PluginManager:220 - loadIPPluginJar : add i3c
2025-04-22 23:20:11,719 [INFO] IPUIPlugin:80 - create IPUIPlugin
2025-04-22 23:20:11,719 [INFO] PluginManager:220 - loadIPPluginJar : add ipddr
2025-04-22 23:20:11,934 [INFO] IPUIPlugin:80 - create IPUIPlugin
2025-04-22 23:20:11,934 [INFO] PluginManager:220 - loadIPPluginJar : add linkedlist
2025-04-22 23:20:12,018 [INFO] ThirdPartyUpdaterWithRetryManager:70 - Updater plugin not ready yet. [2/15]
2025-04-22 23:20:12,018 [INFO] IPUIPlugin:80 - create IPUIPlugin
2025-04-22 23:20:12,018 [INFO] PluginManager:220 - loadIPPluginJar : add lorawan
2025-04-22 23:20:12,111 [INFO] IPUIPlugin:80 - create IPUIPlugin
2025-04-22 23:20:12,111 [INFO] PluginManager:220 - loadIPPluginJar : add ltdc
2025-04-22 23:20:12,138 [INFO] IPUIPlugin:80 - create IPUIPlugin
2025-04-22 23:20:12,140 [INFO] PluginManager:220 - loadIPPluginJar : add mdma
2025-04-22 23:20:12,168 [INFO] IPUIPlugin:80 - create IPUIPlugin
2025-04-22 23:20:12,169 [INFO] PluginManager:220 - loadIPPluginJar : add nvic
2025-04-22 23:20:12,273 [INFO] IPUIPlugin:80 - create IPUIPlugin
2025-04-22 23:20:12,274 [INFO] PluginManager:220 - loadIPPluginJar : add opamp
2025-04-22 23:20:12,414 [INFO] IPUIPlugin:80 - create IPUIPlugin
2025-04-22 23:20:12,414 [INFO] PluginManager:220 - loadIPPluginJar : add openamp
2025-04-22 23:20:12,515 [INFO] IPUIPlugin:80 - create IPUIPlugin
2025-04-22 23:20:12,515 [INFO] PluginManager:220 - loadIPPluginJar : add pdm2pcm
2025-04-22 23:20:12,543 [INFO] IPUIPlugin:80 - create IPUIPlugin
2025-04-22 23:20:12,548 [INFO] PluginManager:220 - loadIPPluginJar : add plateformsettings
2025-04-22 23:20:12,595 [INFO] IPUIPlugin:80 - create IPUIPlugin
2025-04-22 23:20:12,595 [INFO] PluginManager:220 - loadIPPluginJar : add quadspi
2025-04-22 23:20:12,655 [INFO] IPUIPlugin:80 - create IPUIPlugin
2025-04-22 23:20:12,657 [INFO] PluginManager:220 - loadIPPluginJar : add radio
2025-04-22 23:20:12,686 [INFO] IPUIPlugin:80 - create IPUIPlugin
2025-04-22 23:20:12,687 [INFO] PluginManager:220 - loadIPPluginJar : add resmgrutility
2025-04-22 23:20:12,817 [INFO] IPUIPlugin:80 - create IPUIPlugin
2025-04-22 23:20:12,818 [INFO] PluginManager:220 - loadIPPluginJar : add sai
2025-04-22 23:20:12,907 [INFO] IPUIPlugin:80 - create IPUIPlugin
2025-04-22 23:20:12,907 [INFO] PluginManager:220 - loadIPPluginJar : add spi
2025-04-22 23:20:13,053 [INFO] IPUIPlugin:80 - create IPUIPlugin
2025-04-22 23:20:13,053 [INFO] PluginManager:220 - loadIPPluginJar : add stm32_wpan
2025-04-22 23:20:13,112 [INFO] IPUIPlugin:80 - create IPUIPlugin
2025-04-22 23:20:13,112 [INFO] PluginManager:220 - loadIPPluginJar : add tim
2025-04-22 23:20:13,216 [INFO] IPUIPlugin:80 - create IPUIPlugin
2025-04-22 23:20:13,217 [INFO] PluginManager:220 - loadIPPluginJar : add touchsensing
2025-04-22 23:20:13,255 [INFO] IPUIPlugin:80 - create IPUIPlugin
2025-04-22 23:20:13,256 [INFO] PluginManager:220 - loadIPPluginJar : add tracer_emb
2025-04-22 23:20:13,305 [INFO] IPUIPlugin:80 - create IPUIPlugin
2025-04-22 23:20:13,305 [INFO] PluginManager:220 - loadIPPluginJar : add ts
2025-04-22 23:20:13,350 [INFO] IPUIPlugin:80 - create IPUIPlugin
2025-04-22 23:20:13,351 [INFO] PluginManager:220 - loadIPPluginJar : add tsc
2025-04-22 23:20:13,393 [INFO] IPUIPlugin:80 - create IPUIPlugin
2025-04-22 23:20:13,393 [INFO] PluginManager:220 - loadIPPluginJar : add ucpd
2025-04-22 23:20:13,501 [INFO] IPUIPlugin:80 - create IPUIPlugin
2025-04-22 23:20:13,501 [INFO] PluginManager:220 - loadIPPluginJar : add usart
2025-04-22 23:20:13,576 [INFO] IPUIPlugin:80 - create IPUIPlugin
2025-04-22 23:20:13,576 [INFO] PluginManager:220 - loadIPPluginJar : add usbx
2025-04-22 23:20:13,723 [FATAL] Updater:351 - Updater called before beeing initialized
2025-04-22 23:20:13,765 [INFO] RulesReader:64 - Compatibility file has been processed (297 Rules)
2025-04-22 23:20:13,785 [INFO] RulesReader:64 - Compatibility file has been processed (297 Rules)
2025-04-22 23:20:13,798 [INFO] CADModel:165 - CPN selected for project level
2025-04-22 23:20:13,798 [INFO] CADModel:114 - Register for checkConnection events
2025-04-22 23:20:13,798 [FATAL] Updater:351 - Updater called before beeing initialized
2025-04-22 23:20:13,799 [ERROR] CADModel:125 - Updater not yet initialized, retry later 
2025-04-22 23:20:14,043 [FATAL] Updater:351 - Updater called before beeing initialized
2025-04-22 23:20:14,047 [INFO] CADModel:165 - CPN selected for project level
2025-04-22 23:20:14,047 [INFO] CADModel:114 - Register for checkConnection events
2025-04-22 23:20:14,047 [FATAL] Updater:351 - Updater called before beeing initialized
2025-04-22 23:20:14,047 [ERROR] CADModel:125 - Updater not yet initialized, retry later 
2025-04-22 23:20:14,052 [FATAL] Updater:351 - Updater called before beeing initialized
2025-04-22 23:20:14,198 [FATAL] Updater:351 - Updater called before beeing initialized
2025-04-22 23:20:14,215 [INFO] DbMcusAds:53 - JSON generation date=Tue Dec 17 21:31:15 IST 2024 (1734451275111)
2025-04-22 23:20:14,216 [FATAL] Updater:351 - Updater called before beeing initialized
2025-04-22 23:20:14,265 [WARN] DetailPanel:346 - Failed to get advertising image, set to default
2025-04-22 23:20:14,563 [FATAL] Updater:351 - Updater called before beeing initialized
2025-04-22 23:20:14,565 [FATAL] Updater:351 - Updater called before beeing initialized
2025-04-22 23:20:14,566 [FATAL] Updater:351 - Updater called before beeing initialized
2025-04-22 23:20:14,566 [WARN] DetailPanel:346 - Failed to get advertising image, set to default
2025-04-22 23:20:14,567 [FATAL] Updater:351 - Updater called before beeing initialized
2025-04-22 23:20:14,641 [ERROR] Updater:1198 - MainUpdater not yet initialized. External WinMGr cannot be set.
2025-04-22 23:20:14,654 [INFO] Updater:1134 - Updater Version found : 6.13.0
2025-04-22 23:20:14,678 [INFO] ApplicationProperties:184 - Using Application install path: C:\ST\STM32CubeIDE_1.17.0\STM32CubeIDE\plugins\com.st.stm32cube.common.mx_6.13.0.202411220809
2025-04-22 23:20:15,020 [INFO] ThirdPartyUpdaterWithRetryManager:70 - Updater plugin not ready yet. [3/15]
2025-04-22 23:20:16,265 [ERROR] LogOutputStream:75 - [STDERR_REDIRECT] Apr 22, 2025 11:20:16 PM java.util.prefs.WindowsPreferences <init>
2025-04-22 23:20:16,267 [ERROR] LogOutputStream:75 - [STDERR_REDIRECT] WARNING: Could not open/create prefs root node Software\JavaSoft\Prefs at root 0xffffffff80000002. Windows RegCreateKeyEx(...) returned error code 5.
2025-04-22 23:20:16,267 [ERROR] LogOutputStream:75 - [STDERR_REDIRECT] 
2025-04-22 23:20:18,021 [FATAL] Updater:351 - Updater called before beeing initialized
2025-04-22 23:20:18,021 [ERROR] IntegrityCheckThread:130 - Cannot retrieve database content from updater: error 21
2025-04-22 23:20:18,022 [INFO] ThirdParty:978 - Integrity check success = false
2025-04-22 23:20:18,022 [INFO] IntegrityCheckThread:100 - exiting critical section [integrity check]
2025-04-22 23:20:18,022 [INFO] IntegrityCheckThread:103 - End integrity checks thread
2025-04-22 23:20:18,650 [INFO] RetryExec:97 - I/O exception (java.net.SocketException) caught when processing request to {s}->https://sw-center.st.com:443: Network is unreachable: getsockopt
2025-04-22 23:20:18,651 [INFO] RetryExec:113 - Retrying request to {s}->https://sw-center.st.com:443
2025-04-22 23:20:20,654 [INFO] RetryExec:97 - I/O exception (java.net.SocketException) caught when processing request to {s}->https://sw-center.st.com:443: Network is unreachable: getsockopt
2025-04-22 23:20:20,654 [INFO] RetryExec:113 - Retrying request to {s}->https://sw-center.st.com:443
2025-04-22 23:20:22,667 [INFO] RetryExec:97 - I/O exception (java.net.SocketException) caught when processing request to {s}->https://sw-center.st.com:443: Network is unreachable: getsockopt
2025-04-22 23:20:22,667 [INFO] RetryExec:113 - Retrying request to {s}->https://sw-center.st.com:443
2025-04-22 23:20:24,684 [INFO] MainUpdater:2872 - connection check result : 22
2025-04-22 23:20:24,685 [INFO] MainUpdater:289 - Updater Check For Update Now.
2025-04-22 23:20:24,685 [INFO] MicroXplorer:498 - Change Database Version : DB.6.0.130
2025-04-22 23:20:24,713 [INFO] McuFinderGlobals:63 - Set McuFinder mode to 2 (CubeIDE integrated)
2025-04-22 23:20:24,713 [INFO] UserAuth:171 - activating auth plugin
2025-04-22 23:20:24,718 [INFO] UserAuth:486 - Internet connection configuration mode: 2
2025-04-22 23:20:24,749 [INFO] UserAuth:486 - Internet connection configuration mode: 2
2025-04-22 23:20:24,983 [INFO] CheckServerUpdateThread:120 - End of CheckServer Thread
2025-04-22 23:29:56,216 [ERROR] ConfigurationRetriever:142 - IOException on connection: sw-center.st.com
2025-04-22 23:29:56,217 [ERROR] ConfigurationRetriever:142 - IOException on connection: sw-center.st.com
2025-04-22 23:29:56,218 [ERROR] ConfigurationRetriever:142 - IOException on connection: sw-center.st.com
