2025-03-27 21:48:59,776 [INFO] Activator:176 - 


2025-03-27 21:48:59,783 [INFO] Activator:177 - !SESSION log4j initialized
2025-03-27 21:49:06,032 [INFO] LogOutputStream:77 - [STDOUT_REDIRECT] 
2025-03-27 21:49:06,406 [ERROR] ConfigurationRetriever:142 - IOException on connection: sw-center.st.com
2025-03-27 21:49:06,406 [ERROR] ConfigurationRetriever:142 - IOException on connection: sw-center.st.com
2025-03-27 21:49:06,406 [ERROR] ConfigurationRetriever:142 - IOException on connection: sw-center.st.com
2025-03-27 21:49:06,417 [ERROR] ConfigurationRetriever:142 - IOException on connection: sw-center.st.com
2025-03-27 21:49:06,421 [ERROR] ConfigurationRetriever:142 - IOException on connection: sw-center.st.com
2025-03-27 21:49:06,421 [ERROR] ConfigurationRetriever:142 - IOException on connection: sw-center.st.com
2025-03-27 21:49:07,566 [INFO] ApplicationProperties:184 - Using Application install path: C:\ST\STM32CubeIDE_1.17.0\STM32CubeIDE\plugins\com.st.stm32cube.common.mx_6.13.0.202411220809
2025-03-27 21:49:07,591 [INFO] DbMcusXml:78 - Set database path to: C:\ST\STM32CubeIDE_1.17.0\STM32CubeIDE\plugins\com.st.stm32cube.common.mx_6.13.0.202411220809\\db\/mcu/
2025-03-27 21:49:07,591 [INFO] ApiDb:274 - Set plugin database path to: C:\ST\STM32CubeIDE_1.17.0\STM32CubeIDE\plugins\com.st.stm32cube.common.mx_6.13.0.202411220809\\db\/plugins/boardmanager/
2025-03-27 21:49:07,591 [WARN] ApiDb:259 - Overriding images path with different value:  => C:\ST\STM32CubeIDE_1.17.0\STM32CubeIDE\plugins\com.st.stm32cube.common.mx_6.13.0.202411220809\\db\/plugins/mcufinder/images/
2025-03-27 21:49:07,602 [INFO] ApiDb:250 - Set database path to: C:\Users\vinaykumar\.stmcufinder\plugins\mcufinder//mcu/
2025-03-27 21:49:07,604 [INFO] DbMcusAds:125 - Set database path to: C:\Users\vinaykumar\.stmcufinder\plugins\mcufinder//mcu/
2025-03-27 21:49:07,607 [INFO] CrossReferenceDbSqlite:203 - Set database path to: C:\Users\vinaykumar\.stmcufinder\plugins\mcufinder//mcu/cs/
2025-03-27 21:49:07,735 [INFO] RulesReader:64 - Compatibility file has been processed (297 Rules)
2025-03-27 21:49:07,830 [INFO] DbMcusXml:78 - Set database path to: C:\ST\STM32CubeIDE_1.17.0\STM32CubeIDE\plugins\com.st.stm32cube.common.mx_6.13.0.202411220809\\db\/mcu/
2025-03-27 21:49:07,831 [INFO] ApiDb:274 - Set plugin database path to: C:\ST\STM32CubeIDE_1.17.0\STM32CubeIDE\plugins\com.st.stm32cube.common.mx_6.13.0.202411220809\\db\/plugins/boardmanager/
2025-03-27 21:49:07,831 [INFO] ApiDb:261 - Set plugin images path to: C:\ST\STM32CubeIDE_1.17.0\STM32CubeIDE\plugins\com.st.stm32cube.common.mx_6.13.0.202411220809\\db\/plugins/mcufinder/images/
2025-03-27 21:49:07,831 [WARN] DbFile:41 - Overriding database path with different value: C:\Users\vinaykumar\.stmcufinder\plugins\mcufinder/ => C:\Users\vinaykumar\.stmcufinder\plugins\mcufinder
2025-03-27 21:49:07,831 [INFO] ApiDb:250 - Set database path to: C:\Users\vinaykumar\.stmcufinder\plugins\mcufinder//mcu/
2025-03-27 21:49:07,831 [WARN] DbFile:41 - Overriding database path with different value: C:\Users\vinaykumar\.stmcufinder\plugins\mcufinder/ => C:\Users\vinaykumar\.stmcufinder\plugins\mcufinder
2025-03-27 21:49:07,831 [INFO] DbMcusAds:125 - Set database path to: C:\Users\vinaykumar\.stmcufinder\plugins\mcufinder//mcu/
2025-03-27 21:49:07,831 [WARN] DbFile:41 - Overriding database path with different value: C:\Users\vinaykumar\.stmcufinder\plugins\mcufinder/ => C:\Users\vinaykumar\.stmcufinder\plugins\mcufinder
2025-03-27 21:49:07,831 [WARN] DbFile:41 - Overriding database path with different value: C:\Users\vinaykumar\.stmcufinder\plugins\mcufinder/ => C:\Users\vinaykumar\.stmcufinder\plugins\mcufinder
2025-03-27 21:49:07,831 [INFO] CrossReferenceDbSqlite:203 - Set database path to: C:\Users\vinaykumar\.stmcufinder\plugins\mcufinder//mcu/cs/
2025-03-27 21:49:07,913 [INFO] MainPanel:272 - HeapMemory: 268435456
2025-03-27 21:49:08,029 [INFO] DbMcusXml:78 - Set database path to: C:\ST\STM32CubeIDE_1.17.0\STM32CubeIDE\plugins\com.st.stm32cube.common.mx_6.13.0.202411220809\\db\/mcu/
2025-03-27 21:49:08,029 [INFO] ApiDb:274 - Set plugin database path to: C:\ST\STM32CubeIDE_1.17.0\STM32CubeIDE\plugins\com.st.stm32cube.common.mx_6.13.0.202411220809\\db\/plugins/boardmanager/
2025-03-27 21:49:08,029 [INFO] ApiDb:261 - Set plugin images path to: C:\ST\STM32CubeIDE_1.17.0\STM32CubeIDE\plugins\com.st.stm32cube.common.mx_6.13.0.202411220809\\db\/plugins/mcufinder/images/
2025-03-27 21:49:08,030 [WARN] DbFile:41 - Overriding database path with different value: C:\Users\vinaykumar\.stmcufinder\plugins\mcufinder/ => C:\Users\vinaykumar\.stmcufinder\plugins\mcufinder
2025-03-27 21:49:08,030 [INFO] ApiDb:250 - Set database path to: C:\Users\vinaykumar\.stmcufinder\plugins\mcufinder//mcu/
2025-03-27 21:49:08,030 [WARN] DbFile:41 - Overriding database path with different value: C:\Users\vinaykumar\.stmcufinder\plugins\mcufinder/ => C:\Users\vinaykumar\.stmcufinder\plugins\mcufinder
2025-03-27 21:49:08,030 [INFO] DbMcusAds:125 - Set database path to: C:\Users\vinaykumar\.stmcufinder\plugins\mcufinder//mcu/
2025-03-27 21:49:08,030 [WARN] DbFile:41 - Overriding database path with different value: C:\Users\vinaykumar\.stmcufinder\plugins\mcufinder/ => C:\Users\vinaykumar\.stmcufinder\plugins\mcufinder
2025-03-27 21:49:08,030 [WARN] DbFile:41 - Overriding database path with different value: C:\Users\vinaykumar\.stmcufinder\plugins\mcufinder/ => C:\Users\vinaykumar\.stmcufinder\plugins\mcufinder
2025-03-27 21:49:08,030 [INFO] CrossReferenceDbSqlite:203 - Set database path to: C:\Users\vinaykumar\.stmcufinder\plugins\mcufinder//mcu/cs/
2025-03-27 21:49:08,051 [INFO] ApplicationProperties:184 - Using Application install path: C:\ST\STM32CubeIDE_1.17.0\STM32CubeIDE\plugins\com.st.stm32cube.common.mx_6.13.0.202411220809
2025-03-27 21:49:08,053 [INFO] PluginManage:196 - Search for loadable plugins [exclusion list=, ]
2025-03-27 21:49:08,054 [INFO] PluginManage:310 - Check plugin analytics
2025-03-27 21:49:08,305 [INFO] AnalyticsPlugin:253 - Accepted Software Licenses: 
2025-03-27 21:49:08,305 [INFO] AnalyticsPlugin:255 - Accepted CMSIS Pack Licenses: 
2025-03-27 21:49:08,305 [INFO] AnalyticsPlugin:257 - Accepted Firmware Licenses: 
2025-03-27 21:49:08,310 [INFO] PluginManage:359 - Loaded plugin analytics (category:tool,tabindex:-1)
2025-03-27 21:49:08,310 [ERROR] ConfigurationRetriever:142 - IOException on connection: sw-center.st.com
2025-03-27 21:49:08,310 [ERROR] ConfigurationRetriever:142 - IOException on connection: sw-center.st.com
2025-03-27 21:49:08,311 [INFO] PluginManage:310 - Check plugin cadmodel
2025-03-27 21:49:08,311 [ERROR] ConfigurationRetriever:142 - IOException on connection: sw-center.st.com
2025-03-27 21:49:08,338 [INFO] CADModel:105 - Init CAD model plugin
2025-03-27 21:49:08,339 [INFO] PluginManage:359 - Loaded plugin cadmodel (category:power,tabindex:5)
2025-03-27 21:49:08,339 [INFO] PluginManage:310 - Check plugin clock
2025-03-27 21:49:08,364 [INFO] PluginManage:359 - Loaded plugin clock (category:base,tabindex:2)
2025-03-27 21:49:08,364 [INFO] PluginManage:310 - Check plugin ddr
2025-03-27 21:49:08,367 [INFO] PluginManage:359 - Loaded plugin ddr (category:tool,tabindex:6)
2025-03-27 21:49:08,368 [INFO] PluginManage:310 - Check plugin filemanager
2025-03-27 21:49:08,545 [INFO] PluginManage:359 - Loaded plugin filemanager (category:base,tabindex:10)
2025-03-27 21:49:08,546 [INFO] PluginManage:310 - Check plugin ipmanager
2025-03-27 21:49:08,556 [INFO] PluginManage:359 - Loaded plugin ipmanager (category:base,tabindex:5)
2025-03-27 21:49:08,557 [INFO] PluginManage:310 - Check plugin lpbam
2025-03-27 21:49:08,576 [INFO] PluginManage:359 - Loaded plugin lpbam (category:base,tabindex:0)
2025-03-27 21:49:08,576 [INFO] PluginManage:310 - Check plugin memorymap
2025-03-27 21:49:08,601 [INFO] PluginManage:359 - Loaded plugin memorymap (category:base,tabindex:4)
2025-03-27 21:49:08,601 [INFO] PluginManage:310 - Check plugin pinoutandconfiguration
2025-03-27 21:49:08,619 [INFO] PluginManage:359 - Loaded plugin pinoutandconfiguration (category:base,tabindex:1)
2025-03-27 21:49:08,619 [INFO] PluginManage:310 - Check plugin pinoutconfig
2025-03-27 21:49:08,720 [WARN] SupportedApi:132 - Cannot load RTOS API schema: s4s-elt-must-match.1: The content of 'definitions' must match (annotation?, (simpleType | complexType)?, (unique | key | keyref)*)). A problem was found starting at: attribute.
2025-03-27 21:49:08,865 [INFO] PluginManage:359 - Loaded plugin pinoutconfig (category:base,tabindex:0)
2025-03-27 21:49:08,865 [INFO] PluginManage:310 - Check plugin power
2025-03-27 21:49:08,892 [INFO] PluginManage:359 - Loaded plugin power (category:power,tabindex:4)
2025-03-27 21:49:08,892 [INFO] PluginManage:310 - Check plugin projectmanager
2025-03-27 21:49:08,913 [INFO] PluginManage:359 - Loaded plugin projectmanager (category:projectmanager,tabindex:4)
2025-03-27 21:49:08,913 [INFO] PluginManage:310 - Check plugin rif
2025-03-27 21:49:08,941 [INFO] PluginManage:359 - Loaded plugin rif (category:base,tabindex:3)
2025-03-27 21:49:08,941 [INFO] PluginManage:310 - Check plugin thirdparty
2025-03-27 21:49:09,259 [WARN] IntegrityCheckThread:84 - waiting for thirdparty lock release [integrity check]
2025-03-27 21:49:09,259 [INFO] IntegrityCheckThread:86 - entering critical section [integrity check]
2025-03-27 21:49:09,260 [INFO] PluginManage:359 - Loaded plugin thirdparty (category:base,tabindex:-1)
2025-03-27 21:49:09,260 [INFO] PluginManage:310 - Check plugin tools
2025-03-27 21:49:09,260 [INFO] ThirdPartyUpdaterWithRetryManager:70 - Updater plugin not ready yet. [1/15]
2025-03-27 21:49:09,302 [INFO] PluginManage:359 - Loaded plugin tools (category:base,tabindex:7)
2025-03-27 21:49:09,302 [INFO] PluginManage:310 - Check plugin tutovideos
2025-03-27 21:49:09,494 [INFO] PluginManage:359 - Loaded plugin tutovideos (category:base,tabindex:-1)
2025-03-27 21:49:09,494 [INFO] PluginManage:310 - Check plugin updater
2025-03-27 21:49:09,523 [INFO] PluginManage:359 - Loaded plugin updater (category:base,tabindex:12)
2025-03-27 21:49:09,523 [INFO] PluginManage:310 - Check plugin userauth
2025-03-27 21:49:09,536 [INFO] UserAuth:118 - Init User Auth plugin
2025-03-27 21:49:09,537 [INFO] PluginManage:359 - Loaded plugin userauth (category:base,tabindex:14)
2025-03-27 21:49:09,538 [INFO] PluginManage:283 - PluginManage : Loaded plugins [18]
2025-03-27 21:49:09,773 [INFO] PinOutPanel:1589 - setPackage(No Configuration,No Configuration)
2025-03-27 21:49:09,869 [INFO] CADModel:165 - CPN selected for project level
2025-03-27 21:49:09,870 [INFO] CADModel:114 - Register for checkConnection events
2025-03-27 21:49:09,910 [INFO] IPUIPlugin:80 - create IPUIPlugin
2025-03-27 21:49:09,910 [INFO] PluginManager:220 - loadIPPluginJar : add adc
2025-03-27 21:49:09,971 [INFO] IPUIPlugin:80 - create IPUIPlugin
2025-03-27 21:49:09,971 [INFO] PluginManager:220 - loadIPPluginJar : add aes
2025-03-27 21:49:10,050 [INFO] IPUIPlugin:80 - create IPUIPlugin
2025-03-27 21:49:10,050 [INFO] PluginManager:220 - loadIPPluginJar : add can
2025-03-27 21:49:10,094 [INFO] IPUIPlugin:80 - create IPUIPlugin
2025-03-27 21:49:10,094 [INFO] PluginManager:220 - loadIPPluginJar : add comp
2025-03-27 21:49:10,143 [INFO] IPUIPlugin:80 - create IPUIPlugin
2025-03-27 21:49:10,143 [INFO] PluginManager:220 - loadIPPluginJar : add cryp
2025-03-27 21:49:10,160 [INFO] IPUIPlugin:80 - create IPUIPlugin
2025-03-27 21:49:10,160 [INFO] PluginManager:220 - loadIPPluginJar : add ddr_ctrl_phy
2025-03-27 21:49:10,195 [INFO] IPUIPlugin:80 - create IPUIPlugin
2025-03-27 21:49:10,196 [INFO] PluginManager:220 - loadIPPluginJar : add dfsdm
2025-03-27 21:49:10,212 [INFO] IPUIPlugin:80 - create IPUIPlugin
2025-03-27 21:49:10,212 [INFO] PluginManager:220 - loadIPPluginJar : add dma
2025-03-27 21:49:10,255 [INFO] IPUIPlugin:80 - create IPUIPlugin
2025-03-27 21:49:10,255 [INFO] PluginManager:220 - loadIPPluginJar : add dma3
2025-03-27 21:49:10,302 [INFO] IPUIPlugin:80 - create IPUIPlugin
2025-03-27 21:49:10,302 [INFO] PluginManager:220 - loadIPPluginJar : add extmemmanager
2025-03-27 21:49:10,328 [INFO] IPUIPlugin:80 - create IPUIPlugin
2025-03-27 21:49:10,328 [INFO] PluginManager:220 - loadIPPluginJar : add fatfs
2025-03-27 21:49:10,381 [INFO] IPUIPlugin:80 - create IPUIPlugin
2025-03-27 21:49:10,382 [INFO] PluginManager:220 - loadIPPluginJar : add fmc
2025-03-27 21:49:10,399 [INFO] IPUIPlugin:80 - create IPUIPlugin
2025-03-27 21:49:10,400 [INFO] PluginManager:220 - loadIPPluginJar : add freertos
2025-03-27 21:49:10,425 [INFO] IPUIPlugin:80 - create IPUIPlugin
2025-03-27 21:49:10,426 [INFO] PluginManager:220 - loadIPPluginJar : add genericplugin
2025-03-27 21:49:10,528 [INFO] IPUIPlugin:80 - create IPUIPlugin
2025-03-27 21:49:10,529 [INFO] PluginManager:220 - loadIPPluginJar : add gfxmmu
2025-03-27 21:49:10,673 [INFO] IPUIPlugin:80 - create IPUIPlugin
2025-03-27 21:49:10,673 [INFO] PluginManager:220 - loadIPPluginJar : add gic
2025-03-27 21:49:10,690 [INFO] IPUIPlugin:80 - create IPUIPlugin
2025-03-27 21:49:10,691 [INFO] PluginManager:220 - loadIPPluginJar : add gpio
2025-03-27 21:49:10,786 [INFO] IPUIPlugin:80 - create IPUIPlugin
2025-03-27 21:49:10,786 [INFO] PluginManager:220 - loadIPPluginJar : add gtzc
2025-03-27 21:49:10,823 [INFO] IPUIPlugin:80 - create IPUIPlugin
2025-03-27 21:49:10,823 [INFO] PluginManager:220 - loadIPPluginJar : add hash
2025-03-27 21:49:10,886 [INFO] IPUIPlugin:80 - create IPUIPlugin
2025-03-27 21:49:10,886 [INFO] PluginManager:220 - loadIPPluginJar : add i2c
2025-03-27 21:49:10,930 [INFO] IPUIPlugin:80 - create IPUIPlugin
2025-03-27 21:49:10,931 [INFO] PluginManager:220 - loadIPPluginJar : add i2s
2025-03-27 21:49:10,982 [INFO] IPUIPlugin:80 - create IPUIPlugin
2025-03-27 21:49:10,982 [INFO] PluginManager:220 - loadIPPluginJar : add i3c
2025-03-27 21:49:11,086 [INFO] IPUIPlugin:80 - create IPUIPlugin
2025-03-27 21:49:11,087 [INFO] PluginManager:220 - loadIPPluginJar : add ipddr
2025-03-27 21:49:11,184 [INFO] IPUIPlugin:80 - create IPUIPlugin
2025-03-27 21:49:11,184 [INFO] PluginManager:220 - loadIPPluginJar : add linkedlist
2025-03-27 21:49:11,225 [INFO] IPUIPlugin:80 - create IPUIPlugin
2025-03-27 21:49:11,225 [INFO] PluginManager:220 - loadIPPluginJar : add lorawan
2025-03-27 21:49:11,268 [INFO] IPUIPlugin:80 - create IPUIPlugin
2025-03-27 21:49:11,268 [INFO] PluginManager:220 - loadIPPluginJar : add ltdc
2025-03-27 21:49:11,283 [INFO] IPUIPlugin:80 - create IPUIPlugin
2025-03-27 21:49:11,283 [INFO] PluginManager:220 - loadIPPluginJar : add mdma
2025-03-27 21:49:11,302 [INFO] IPUIPlugin:80 - create IPUIPlugin
2025-03-27 21:49:11,302 [INFO] PluginManager:220 - loadIPPluginJar : add nvic
2025-03-27 21:49:11,352 [INFO] IPUIPlugin:80 - create IPUIPlugin
2025-03-27 21:49:11,352 [INFO] PluginManager:220 - loadIPPluginJar : add opamp
2025-03-27 21:49:11,418 [INFO] IPUIPlugin:80 - create IPUIPlugin
2025-03-27 21:49:11,419 [INFO] PluginManager:220 - loadIPPluginJar : add openamp
2025-03-27 21:49:11,466 [INFO] IPUIPlugin:80 - create IPUIPlugin
2025-03-27 21:49:11,466 [INFO] PluginManager:220 - loadIPPluginJar : add pdm2pcm
2025-03-27 21:49:11,481 [INFO] IPUIPlugin:80 - create IPUIPlugin
2025-03-27 21:49:11,483 [INFO] PluginManager:220 - loadIPPluginJar : add plateformsettings
2025-03-27 21:49:11,515 [INFO] IPUIPlugin:80 - create IPUIPlugin
2025-03-27 21:49:11,515 [INFO] PluginManager:220 - loadIPPluginJar : add quadspi
2025-03-27 21:49:11,544 [INFO] IPUIPlugin:80 - create IPUIPlugin
2025-03-27 21:49:11,545 [INFO] PluginManager:220 - loadIPPluginJar : add radio
2025-03-27 21:49:11,557 [INFO] IPUIPlugin:80 - create IPUIPlugin
2025-03-27 21:49:11,557 [INFO] PluginManager:220 - loadIPPluginJar : add resmgrutility
2025-03-27 21:49:11,611 [INFO] IPUIPlugin:80 - create IPUIPlugin
2025-03-27 21:49:11,611 [INFO] PluginManager:220 - loadIPPluginJar : add sai
2025-03-27 21:49:11,655 [INFO] IPUIPlugin:80 - create IPUIPlugin
2025-03-27 21:49:11,655 [INFO] PluginManager:220 - loadIPPluginJar : add spi
2025-03-27 21:49:11,728 [INFO] IPUIPlugin:80 - create IPUIPlugin
2025-03-27 21:49:11,729 [INFO] PluginManager:220 - loadIPPluginJar : add stm32_wpan
2025-03-27 21:49:11,758 [INFO] IPUIPlugin:80 - create IPUIPlugin
2025-03-27 21:49:11,759 [INFO] PluginManager:220 - loadIPPluginJar : add tim
2025-03-27 21:49:11,843 [INFO] IPUIPlugin:80 - create IPUIPlugin
2025-03-27 21:49:11,843 [INFO] PluginManager:220 - loadIPPluginJar : add touchsensing
2025-03-27 21:49:11,878 [INFO] IPUIPlugin:80 - create IPUIPlugin
2025-03-27 21:49:11,878 [INFO] PluginManager:220 - loadIPPluginJar : add tracer_emb
2025-03-27 21:49:11,913 [INFO] IPUIPlugin:80 - create IPUIPlugin
2025-03-27 21:49:11,914 [INFO] PluginManager:220 - loadIPPluginJar : add ts
2025-03-27 21:49:11,948 [INFO] IPUIPlugin:80 - create IPUIPlugin
2025-03-27 21:49:11,949 [INFO] PluginManager:220 - loadIPPluginJar : add tsc
2025-03-27 21:49:11,980 [INFO] IPUIPlugin:80 - create IPUIPlugin
2025-03-27 21:49:11,980 [INFO] PluginManager:220 - loadIPPluginJar : add ucpd
2025-03-27 21:49:12,040 [INFO] IPUIPlugin:80 - create IPUIPlugin
2025-03-27 21:49:12,041 [INFO] PluginManager:220 - loadIPPluginJar : add usart
2025-03-27 21:49:12,088 [INFO] IPUIPlugin:80 - create IPUIPlugin
2025-03-27 21:49:12,088 [INFO] PluginManager:220 - loadIPPluginJar : add usbx
2025-03-27 21:49:12,219 [FATAL] Updater:351 - Updater called before beeing initialized
2025-03-27 21:49:12,260 [INFO] ThirdPartyUpdaterWithRetryManager:70 - Updater plugin not ready yet. [2/15]
2025-03-27 21:49:12,266 [INFO] RulesReader:64 - Compatibility file has been processed (297 Rules)
2025-03-27 21:49:12,289 [INFO] RulesReader:64 - Compatibility file has been processed (297 Rules)
2025-03-27 21:49:12,310 [INFO] CADModel:165 - CPN selected for project level
2025-03-27 21:49:12,310 [INFO] CADModel:114 - Register for checkConnection events
2025-03-27 21:49:12,310 [FATAL] Updater:351 - Updater called before beeing initialized
2025-03-27 21:49:12,310 [ERROR] CADModel:125 - Updater not yet initialized, retry later 
2025-03-27 21:49:12,556 [FATAL] Updater:351 - Updater called before beeing initialized
2025-03-27 21:49:12,561 [INFO] CADModel:165 - CPN selected for project level
2025-03-27 21:49:12,561 [INFO] CADModel:114 - Register for checkConnection events
2025-03-27 21:49:12,561 [FATAL] Updater:351 - Updater called before beeing initialized
2025-03-27 21:49:12,561 [ERROR] CADModel:125 - Updater not yet initialized, retry later 
2025-03-27 21:49:12,567 [FATAL] Updater:351 - Updater called before beeing initialized
2025-03-27 21:49:12,729 [FATAL] Updater:351 - Updater called before beeing initialized
2025-03-27 21:49:12,743 [INFO] DbMcusAds:53 - JSON generation date=Tue Dec 17 21:31:15 IST 2024 (1734451275111)
2025-03-27 21:49:12,743 [FATAL] Updater:351 - Updater called before beeing initialized
2025-03-27 21:49:12,811 [WARN] DetailPanel:346 - Failed to get advertising image, set to default
2025-03-27 21:49:13,084 [FATAL] Updater:351 - Updater called before beeing initialized
2025-03-27 21:49:13,086 [FATAL] Updater:351 - Updater called before beeing initialized
2025-03-27 21:49:13,086 [FATAL] Updater:351 - Updater called before beeing initialized
2025-03-27 21:49:13,086 [WARN] DetailPanel:346 - Failed to get advertising image, set to default
2025-03-27 21:49:13,087 [FATAL] Updater:351 - Updater called before beeing initialized
2025-03-27 21:49:13,170 [ERROR] Updater:1198 - MainUpdater not yet initialized. External WinMGr cannot be set.
2025-03-27 21:49:13,184 [INFO] Updater:1134 - Updater Version found : 6.13.0
2025-03-27 21:49:13,208 [INFO] ApplicationProperties:184 - Using Application install path: C:\ST\STM32CubeIDE_1.17.0\STM32CubeIDE\plugins\com.st.stm32cube.common.mx_6.13.0.202411220809
2025-03-27 21:49:14,801 [ERROR] LogOutputStream:75 - [STDERR_REDIRECT] Mar 27, 2025 9:49:14 PM java.util.prefs.WindowsPreferences <init>
2025-03-27 21:49:14,803 [ERROR] LogOutputStream:75 - [STDERR_REDIRECT] WARNING: Could not open/create prefs root node Software\JavaSoft\Prefs at root 0xffffffff80000002. Windows RegCreateKeyEx(...) returned error code 5.
2025-03-27 21:49:14,804 [ERROR] LogOutputStream:75 - [STDERR_REDIRECT] 
2025-03-27 21:49:15,064 [INFO] MainUpdater:2872 - connection check result : 22
2025-03-27 21:49:15,066 [INFO] MainUpdater:289 - Updater Check For Update Now.
2025-03-27 21:49:15,067 [INFO] MicroXplorer:498 - Change Database Version : DB.6.0.130
2025-03-27 21:49:15,094 [INFO] McuFinderGlobals:63 - Set McuFinder mode to 2 (CubeIDE integrated)
2025-03-27 21:49:15,095 [INFO] UserAuth:171 - activating auth plugin
2025-03-27 21:49:15,099 [INFO] UserAuth:486 - Internet connection configuration mode: 2
2025-03-27 21:49:15,123 [INFO] UserAuth:486 - Internet connection configuration mode: 2
2025-03-27 21:49:15,261 [WARN] MainUpdater:1193 - Updater busy. Cannot search thirdparties
2025-03-27 21:49:15,261 [INFO] ThirdPartyUpdaterWithRetryManager:96 - Updater plugin is busy. [1/15]
2025-03-27 21:49:15,332 [INFO] CheckServerUpdateThread:120 - End of CheckServer Thread
2025-03-27 21:49:18,553 [WARN] PackLoader:240 - Cannot read IP mode file for STMicroelectronics.FP-SNS-MOTENVWB1.1.4.0
2025-03-27 21:49:18,576 [WARN] PackLoader:240 - Cannot read IP mode file for STMicroelectronics.FP-ATR-ASTRA1.2.0.2
2025-03-27 21:49:18,592 [WARN] PackLoader:240 - Cannot read IP mode file for STMicroelectronics.FP-ATR-ASTRA1.2.0.1
2025-03-27 21:49:18,613 [WARN] PackLoader:240 - Cannot read IP mode file for STMicroelectronics.X-CUBE-SMBUS.2.1.0
2025-03-27 21:49:18,631 [WARN] PackLoader:240 - Cannot read IP mode file for STMicroelectronics.X-CUBE-WB05N.1.1.0
2025-03-27 21:49:18,688 [WARN] PackLoader:240 - Cannot read IP mode file for STMicroelectronics.X-CUBE-AZRTOS-F7.1.1.0
2025-03-27 21:49:18,710 [WARN] PackLoader:240 - Cannot read IP mode file for STMicroelectronics.FP-SNS-FLIGHT1.5.0.2
2025-03-27 21:49:18,764 [WARN] PackLoader:240 - Cannot read IP mode file for Infineon.AIROC-Wi-Fi-Bluetooth-STM32.1.7.0
2025-03-27 21:49:18,794 [WARN] PackLoader:240 - Cannot read IP mode file for STMicroelectronics.X-CUBE-DISPLAY.3.0.0
2025-03-27 21:49:18,818 [WARN] PackLoader:240 - Cannot read IP mode file for STMicroelectronics.X-CUBE-BLE1.7.0.0
2025-03-27 21:49:18,837 [WARN] PackLoader:240 - Cannot read IP mode file for STMicroelectronics.X-CUBE-NFC10.1.0.0
2025-03-27 21:49:18,866 [WARN] PackLoader:240 - Cannot read IP mode file for STMicroelectronics.X-CUBE-BLEMGR.4.0.0
2025-03-27 21:49:18,892 [WARN] PackLoader:240 - Cannot read IP mode file for emotas.I-CUBE-CANOPEN.1.3.0
2025-03-27 21:49:18,912 [WARN] PackLoader:240 - Cannot read IP mode file for STMicroelectronics.X-CUBE-AI.10.0.0
2025-03-27 21:49:18,932 [WARN] PackLoader:240 - Cannot read IP mode file for STMicroelectronics.FP-SNS-SMARTAG2.1.2.0
2025-03-27 21:49:18,949 [WARN] PackLoader:240 - Cannot read IP mode file for STMicroelectronics.FP-SNS-FLIGHT1.5.1.0
2025-03-27 21:49:19,007 [WARN] PackLoader:240 - Cannot read IP mode file for STMicroelectronics.X-CUBE-MEMS1.11.1.0
2025-03-27 21:49:19,170 [INFO] LogOutputStream:77 - [STDOUT_REDIRECT] 1 : Invalid condition id : UX_CORESTACK_Condition cause : null
2025-03-27 21:49:19,171 [INFO] LogOutputStream:77 - [STDOUT_REDIRECT] 1 : Invalid condition id : UX_CORESTACK_Condition cause : null
2025-03-27 21:49:19,172 [INFO] LogOutputStream:77 - [STDOUT_REDIRECT] 1 : Invalid condition id : UX_CORESTACK_Condition cause : null
2025-03-27 21:49:19,174 [INFO] LogOutputStream:77 - [STDOUT_REDIRECT] 1 : Invalid condition id : UX_CORESTACK_Condition cause : null
2025-03-27 21:49:19,176 [INFO] LogOutputStream:77 - [STDOUT_REDIRECT] 1 : Invalid condition id : UX_CORESTACK_Condition cause : null
2025-03-27 21:49:19,178 [WARN] PackLoader:240 - Cannot read IP mode file for STMicroelectronics.X-CUBE-AZRTOS-WL.2.0.0
2025-03-27 21:49:19,202 [WARN] PackLoader:240 - Cannot read IP mode file for STMicroelectronics.FP-SNS-MOTENV1.5.0.0
2025-03-27 21:49:19,223 [WARN] PackLoader:240 - Cannot read IP mode file for wolfSSL.I-CUBE-wolfMQTT.1.19.0
2025-03-27 21:49:19,258 [WARN] PackLoader:240 - Cannot read IP mode file for WES.I-CUBE-Cesium.1.3.0
2025-03-27 21:49:19,284 [WARN] PackLoader:240 - Cannot read IP mode file for STMicroelectronics.X-CUBE-BLE2.3.3.0
2025-03-27 21:49:19,308 [WARN] PackLoader:240 - Cannot read IP mode file for STMicroelectronics.X-CUBE-NFC9.1.0.0
2025-03-27 21:49:19,329 [WARN] PackLoader:240 - Cannot read IP mode file for STMicroelectronics.X-CUBE-BLE1.7.1.0
2025-03-27 21:49:19,359 [WARN] PackLoader:240 - Cannot read IP mode file for STMicroelectronics.X-CUBE-AZRTOS-G0.1.1.0
2025-03-27 21:49:19,382 [WARN] PackLoader:240 - Cannot read IP mode file for STMicroelectronics.X-CUBE-SAFEA1.1.2.2
2025-03-27 21:49:19,401 [WARN] PackLoader:240 - Cannot read IP mode file for STMicroelectronics.X-CUBE-NFC4.3.0.0
2025-03-27 21:49:19,421 [WARN] PackLoader:240 - Cannot read IP mode file for EmbeddedOffice.I-CUBE-FS-RTOS.1.0.1
2025-03-27 21:49:19,443 [WARN] PackLoader:240 - Cannot read IP mode file for STMicroelectronics.X-CUBE-TCPP.4.2.0
2025-03-27 21:49:19,462 [WARN] PackLoader:240 - Cannot read IP mode file for RealThread.X-CUBE-RT-Thread_Nano.4.1.1
2025-03-27 21:49:19,481 [WARN] PackLoader:240 - Cannot read IP mode file for STMicroelectronics.FP-ATR-SIGFOX1.3.2.0
2025-03-27 21:49:19,501 [WARN] ConditionMgr:438 - getConditionDescription Invalid condition id : Cortex-A Device cause : null
2025-03-27 21:49:19,533 [WARN] ConditionMgr:1044 - genDependencies : Invalid condition id : Cortex-A Device cause : null
2025-03-27 21:49:19,533 [WARN] ConditionMgr:1044 - genDependencies : Invalid condition id : Cortex-A Device cause : null
2025-03-27 21:49:19,533 [WARN] ConditionMgr:1044 - genDependencies : Invalid condition id : Cortex-A Device cause : null
2025-03-27 21:49:19,550 [WARN] PackLoader:240 - Cannot read IP mode file for STMicroelectronics.X-CUBE-EEPRMA1.5.1.0
2025-03-27 21:49:19,565 [WARN] PackLoader:240 - Cannot read IP mode file for wolfSSL.I-CUBE-wolfSSL.5.7.4
2025-03-27 21:49:19,582 [WARN] PackLoader:240 - Cannot read IP mode file for ITTIA_DB.I-CUBE-ITTIADB.8.9.0
2025-03-27 21:49:19,625 [WARN] PackLoader:240 - Cannot read IP mode file for SEGGER.I-CUBE-embOS.1.3.1
2025-03-27 21:49:19,690 [WARN] PackLoader:240 - Cannot read IP mode file for STMicroelectronics.X-CUBE-ALGOBUILD.1.4.0
2025-03-27 21:49:19,711 [WARN] PackLoader:240 - Cannot read IP mode file for STMicroelectronics.X-CUBE-AI.9.1.0
2025-03-27 21:49:19,746 [WARN] PackLoader:240 - Cannot read IP mode file for STMicroelectronics.X-CUBE-AZRTOS-F4.1.1.0
2025-03-27 21:49:19,769 [WARN] PackLoader:240 - Cannot read IP mode file for STMicroelectronics.X-CUBE-ISPU.2.1.0
2025-03-27 21:49:19,802 [WARN] PackLoader:240 - Cannot read IP mode file for STMicroelectronics.X-CUBE-AZRTOS-L5.2.0.0
2025-03-27 21:49:19,823 [WARN] PackLoader:240 - Cannot read IP mode file for STMicroelectronics.X-CUBE-NFC6.3.1.0
2025-03-27 21:49:19,848 [WARN] PackLoader:240 - Cannot read IP mode file for STMicroelectronics.X-CUBE-DPower.1.2.0
2025-03-27 21:49:19,866 [WARN] PackLoader:240 - Cannot read IP mode file for STMicroelectronics.X-CUBE-FREERTOS.1.3.0
2025-03-27 21:49:19,883 [WARN] PackLoader:240 - Cannot read IP mode file for STMicroelectronics.X-CUBE-NFC7.1.0.1
2025-03-27 21:49:19,920 [WARN] ConditionMgr:438 - getConditionDescription Invalid condition id : LAN8742 Phy interface Condition cause : null
2025-03-27 21:49:19,920 [WARN] PackLoader:240 - Cannot read IP mode file for STMicroelectronics.X-CUBE-AZRTOS-L4.2.0.0
2025-03-27 21:49:19,921 [WARN] ConditionMgr:1044 - genDependencies : Invalid condition id : LAN8742 Phy interface Condition cause : null
2025-03-27 21:49:19,921 [WARN] ConditionMgr:1044 - genDependencies : Invalid condition id : LAN8742 Phy interface Condition cause : null
2025-03-27 21:49:19,921 [WARN] ConditionMgr:1044 - genDependencies : Invalid condition id : LAN8742 Phy interface Condition cause : null
2025-03-27 21:49:19,940 [WARN] PackLoader:240 - Cannot read IP mode file for STMicroelectronics.X-CUBE-SFXS2LP1.4.0.0
2025-03-27 21:49:19,977 [WARN] PackLoader:240 - Cannot read IP mode file for STMicroelectronics.X-CUBE-AZRTOS-H7.3.3.0
2025-03-27 21:49:20,014 [WARN] ConditionMgr:438 - getConditionDescription Invalid condition id : UX DEVICE CLASS RTOS Condition cause : null
2025-03-27 21:49:20,014 [WARN] ConditionMgr:438 - getConditionDescription Invalid condition id : UX DEVICE CLASS RTOS Condition cause : null
2025-03-27 21:49:20,017 [WARN] PackLoader:240 - Cannot read IP mode file for STMicroelectronics.X-CUBE-AZRTOS-WB.2.0.0
2025-03-27 21:49:20,017 [WARN] ConditionMgr:1044 - genDependencies : Invalid condition id : UX DEVICE CLASS RTOS Condition cause : null
2025-03-27 21:49:20,017 [WARN] ConditionMgr:1044 - genDependencies : Invalid condition id : UX DEVICE CLASS RTOS Condition cause : null
2025-03-27 21:49:20,017 [WARN] ConditionMgr:1044 - genDependencies : Invalid condition id : UX DEVICE CLASS RTOS Condition cause : null
2025-03-27 21:49:20,017 [WARN] ConditionMgr:1044 - genDependencies : Invalid condition id : UX DEVICE CLASS RTOS Condition cause : null
2025-03-27 21:49:20,017 [WARN] ConditionMgr:1044 - genDependencies : Invalid condition id : UX DEVICE CLASS RTOS Condition cause : null
2025-03-27 21:49:20,034 [WARN] PackLoader:240 - Cannot read IP mode file for STMicroelectronics.X-CUBE-GNSS1.7.0.1
2025-03-27 21:49:20,055 [WARN] PackLoader:240 - Cannot read IP mode file for STMicroelectronics.X-CUBE-TOUCHGFX.4.25.0
2025-03-27 21:49:20,074 [WARN] PackLoader:240 - Cannot read IP mode file for STMicroelectronics.FP-SNS-STBOX1.2.0.0
2025-03-27 21:49:20,095 [WARN] PackLoader:240 - Cannot read IP mode file for STMicroelectronics.X-CUBE-SUBG2.5.0.0
2025-03-27 21:49:20,138 [WARN] PackLoader:240 - Cannot read IP mode file for STMicroelectronics.X-CUBE-AZRTOS-H7RS.1.1.0
2025-03-27 21:49:20,156 [WARN] PackLoader:240 - Cannot read IP mode file for Cesanta.I-CUBE-Mongoose.7.13.0
2025-03-27 21:49:20,182 [WARN] PackLoader:240 - Cannot read IP mode file for STMicroelectronics.X-CUBE-AZRTOS-G4.2.0.0
2025-03-27 21:49:20,214 [WARN] PackLoader:240 - Cannot read IP mode file for STMicroelectronics.X-CUBE-IPS.3.1.0
2025-03-27 21:49:20,246 [WARN] PackLoader:240 - Cannot read IP mode file for STMicroelectronics.X-CUBE-ALS.1.0.2
2025-03-27 21:49:20,267 [WARN] PackLoader:240 - Cannot read IP mode file for STMicroelectronics.X-CUBE-TOUCHGFX.4.24.2
2025-03-27 21:49:20,288 [WARN] PackLoader:240 - Cannot read IP mode file for wolfSSL.I-CUBE-wolfTPM.3.4.0
2025-03-27 21:49:20,309 [WARN] PackLoader:240 - Cannot read IP mode file for portGmbH.I-Cube-SoM-uGOAL.1.1.0
2025-03-27 21:49:20,348 [WARN] PackLoader:240 - Cannot read IP mode file for STMicroelectronics.X-CUBE-AZRTOS-H7RS.1.0.0
2025-03-27 21:49:20,375 [WARN] PackLoader:240 - Cannot read IP mode file for STMicroelectronics.X-CUBE-TOF1.3.4.2
2025-03-27 21:49:20,395 [WARN] PackLoader:240 - Cannot read IP mode file for wolfSSL.I-CUBE-wolfSSH.1.4.17
2025-03-27 21:49:20,396 [INFO] ThirdParty:978 - Integrity check success = true
2025-03-27 21:49:20,396 [INFO] IntegrityCheckThread:100 - exiting critical section [integrity check]
2025-03-27 21:49:20,396 [INFO] IntegrityCheckThread:103 - End integrity checks thread
2025-03-27 23:11:52,290 [ERROR] LogOutputStream:75 - [STDERR_REDIRECT] 
