2025-02-24 22:49:18,508 [INFO] Activator:176 - 


2025-02-24 22:49:18,513 [INFO] Activator:177 - !SESSION log4j initialized
2025-02-24 22:49:25,284 [INFO] LogOutputStream:77 - [STDOUT_REDIRECT] 
2025-02-24 22:49:26,190 [INFO] ApplicationProperties:184 - Using Application install path: C:\ST\STM32CubeIDE_1.17.0\STM32CubeIDE\plugins\com.st.stm32cube.common.mx_6.13.0.202411220809
2025-02-24 22:49:26,206 [INFO] DbMcusXml:78 - Set database path to: C:\ST\STM32CubeIDE_1.17.0\STM32CubeIDE\plugins\com.st.stm32cube.common.mx_6.13.0.202411220809\\db\/mcu/
2025-02-24 22:49:26,207 [INFO] ApiDb:274 - Set plugin database path to: C:\ST\STM32CubeIDE_1.17.0\STM32CubeIDE\plugins\com.st.stm32cube.common.mx_6.13.0.202411220809\\db\/plugins/boardmanager/
2025-02-24 22:49:26,207 [WARN] ApiDb:259 - Overriding images path with different value:  => C:\ST\STM32CubeIDE_1.17.0\STM32CubeIDE\plugins\com.st.stm32cube.common.mx_6.13.0.202411220809\\db\/plugins/mcufinder/images/
2025-02-24 22:49:26,213 [INFO] ApiDb:250 - Set database path to: C:\Users\vinaykumar\.stmcufinder\plugins\mcufinder//mcu/
2025-02-24 22:49:26,214 [INFO] DbMcusAds:125 - Set database path to: C:\Users\vinaykumar\.stmcufinder\plugins\mcufinder//mcu/
2025-02-24 22:49:26,216 [INFO] CrossReferenceDbSqlite:203 - Set database path to: C:\Users\vinaykumar\.stmcufinder\plugins\mcufinder//mcu/cs/
2025-02-24 22:49:26,341 [INFO] RulesReader:64 - Compatibility file has been processed (297 Rules)
2025-02-24 22:49:26,437 [INFO] DbMcusXml:78 - Set database path to: C:\ST\STM32CubeIDE_1.17.0\STM32CubeIDE\plugins\com.st.stm32cube.common.mx_6.13.0.202411220809\\db\/mcu/
2025-02-24 22:49:26,437 [INFO] ApiDb:274 - Set plugin database path to: C:\ST\STM32CubeIDE_1.17.0\STM32CubeIDE\plugins\com.st.stm32cube.common.mx_6.13.0.202411220809\\db\/plugins/boardmanager/
2025-02-24 22:49:26,437 [INFO] ApiDb:261 - Set plugin images path to: C:\ST\STM32CubeIDE_1.17.0\STM32CubeIDE\plugins\com.st.stm32cube.common.mx_6.13.0.202411220809\\db\/plugins/mcufinder/images/
2025-02-24 22:49:26,438 [WARN] DbFile:41 - Overriding database path with different value: C:\Users\vinaykumar\.stmcufinder\plugins\mcufinder/ => C:\Users\vinaykumar\.stmcufinder\plugins\mcufinder
2025-02-24 22:49:26,438 [INFO] ApiDb:250 - Set database path to: C:\Users\vinaykumar\.stmcufinder\plugins\mcufinder//mcu/
2025-02-24 22:49:26,438 [WARN] DbFile:41 - Overriding database path with different value: C:\Users\vinaykumar\.stmcufinder\plugins\mcufinder/ => C:\Users\vinaykumar\.stmcufinder\plugins\mcufinder
2025-02-24 22:49:26,438 [INFO] DbMcusAds:125 - Set database path to: C:\Users\vinaykumar\.stmcufinder\plugins\mcufinder//mcu/
2025-02-24 22:49:26,438 [WARN] DbFile:41 - Overriding database path with different value: C:\Users\vinaykumar\.stmcufinder\plugins\mcufinder/ => C:\Users\vinaykumar\.stmcufinder\plugins\mcufinder
2025-02-24 22:49:26,438 [WARN] DbFile:41 - Overriding database path with different value: C:\Users\vinaykumar\.stmcufinder\plugins\mcufinder/ => C:\Users\vinaykumar\.stmcufinder\plugins\mcufinder
2025-02-24 22:49:26,438 [INFO] CrossReferenceDbSqlite:203 - Set database path to: C:\Users\vinaykumar\.stmcufinder\plugins\mcufinder//mcu/cs/
2025-02-24 22:49:26,530 [INFO] MainPanel:272 - HeapMemory: 268435456
2025-02-24 22:49:26,654 [INFO] DbMcusXml:78 - Set database path to: C:\ST\STM32CubeIDE_1.17.0\STM32CubeIDE\plugins\com.st.stm32cube.common.mx_6.13.0.202411220809\\db\/mcu/
2025-02-24 22:49:26,654 [INFO] ApiDb:274 - Set plugin database path to: C:\ST\STM32CubeIDE_1.17.0\STM32CubeIDE\plugins\com.st.stm32cube.common.mx_6.13.0.202411220809\\db\/plugins/boardmanager/
2025-02-24 22:49:26,655 [INFO] ApiDb:261 - Set plugin images path to: C:\ST\STM32CubeIDE_1.17.0\STM32CubeIDE\plugins\com.st.stm32cube.common.mx_6.13.0.202411220809\\db\/plugins/mcufinder/images/
2025-02-24 22:49:26,655 [WARN] DbFile:41 - Overriding database path with different value: C:\Users\vinaykumar\.stmcufinder\plugins\mcufinder/ => C:\Users\vinaykumar\.stmcufinder\plugins\mcufinder
2025-02-24 22:49:26,655 [INFO] ApiDb:250 - Set database path to: C:\Users\vinaykumar\.stmcufinder\plugins\mcufinder//mcu/
2025-02-24 22:49:26,655 [WARN] DbFile:41 - Overriding database path with different value: C:\Users\vinaykumar\.stmcufinder\plugins\mcufinder/ => C:\Users\vinaykumar\.stmcufinder\plugins\mcufinder
2025-02-24 22:49:26,655 [INFO] DbMcusAds:125 - Set database path to: C:\Users\vinaykumar\.stmcufinder\plugins\mcufinder//mcu/
2025-02-24 22:49:26,655 [WARN] DbFile:41 - Overriding database path with different value: C:\Users\vinaykumar\.stmcufinder\plugins\mcufinder/ => C:\Users\vinaykumar\.stmcufinder\plugins\mcufinder
2025-02-24 22:49:26,655 [WARN] DbFile:41 - Overriding database path with different value: C:\Users\vinaykumar\.stmcufinder\plugins\mcufinder/ => C:\Users\vinaykumar\.stmcufinder\plugins\mcufinder
2025-02-24 22:49:26,656 [INFO] CrossReferenceDbSqlite:203 - Set database path to: C:\Users\vinaykumar\.stmcufinder\plugins\mcufinder//mcu/cs/
2025-02-24 22:49:26,675 [INFO] ApplicationProperties:184 - Using Application install path: C:\ST\STM32CubeIDE_1.17.0\STM32CubeIDE\plugins\com.st.stm32cube.common.mx_6.13.0.202411220809
2025-02-24 22:49:26,677 [INFO] PluginManage:196 - Search for loadable plugins [exclusion list=, ]
2025-02-24 22:49:26,679 [INFO] PluginManage:310 - Check plugin analytics
2025-02-24 22:49:26,921 [INFO] AnalyticsPlugin:253 - Accepted Software Licenses: 
2025-02-24 22:49:26,922 [INFO] AnalyticsPlugin:255 - Accepted CMSIS Pack Licenses: 
2025-02-24 22:49:26,922 [INFO] AnalyticsPlugin:257 - Accepted Firmware Licenses: 
2025-02-24 22:49:26,925 [INFO] PluginManage:359 - Loaded plugin analytics (category:tool,tabindex:-1)
2025-02-24 22:49:26,926 [INFO] PluginManage:310 - Check plugin cadmodel
2025-02-24 22:49:26,932 [INFO] CADModel:105 - Init CAD model plugin
2025-02-24 22:49:26,933 [INFO] PluginManage:359 - Loaded plugin cadmodel (category:power,tabindex:5)
2025-02-24 22:49:26,933 [INFO] PluginManage:310 - Check plugin clock
2025-02-24 22:49:26,945 [INFO] PluginManage:359 - Loaded plugin clock (category:base,tabindex:2)
2025-02-24 22:49:26,946 [INFO] PluginManage:310 - Check plugin ddr
2025-02-24 22:49:26,948 [INFO] PluginManage:359 - Loaded plugin ddr (category:tool,tabindex:6)
2025-02-24 22:49:26,949 [INFO] PluginManage:310 - Check plugin filemanager
2025-02-24 22:49:27,110 [INFO] PluginManage:359 - Loaded plugin filemanager (category:base,tabindex:10)
2025-02-24 22:49:27,110 [INFO] PluginManage:310 - Check plugin ipmanager
2025-02-24 22:49:27,117 [INFO] PluginManage:359 - Loaded plugin ipmanager (category:base,tabindex:5)
2025-02-24 22:49:27,117 [INFO] PluginManage:310 - Check plugin lpbam
2025-02-24 22:49:27,128 [INFO] PluginManage:359 - Loaded plugin lpbam (category:base,tabindex:0)
2025-02-24 22:49:27,128 [INFO] PluginManage:310 - Check plugin memorymap
2025-02-24 22:49:27,148 [INFO] PluginManage:359 - Loaded plugin memorymap (category:base,tabindex:4)
2025-02-24 22:49:27,149 [INFO] PluginManage:310 - Check plugin pinoutandconfiguration
2025-02-24 22:49:27,154 [INFO] PluginManage:359 - Loaded plugin pinoutandconfiguration (category:base,tabindex:1)
2025-02-24 22:49:27,154 [INFO] PluginManage:310 - Check plugin pinoutconfig
2025-02-24 22:49:27,281 [WARN] SupportedApi:132 - Cannot load RTOS API schema: s4s-elt-must-match.1: The content of 'definitions' must match (annotation?, (simpleType | complexType)?, (unique | key | keyref)*)). A problem was found starting at: attribute.
2025-02-24 22:49:27,439 [INFO] PluginManage:359 - Loaded plugin pinoutconfig (category:base,tabindex:0)
2025-02-24 22:49:27,439 [INFO] PluginManage:310 - Check plugin power
2025-02-24 22:49:27,453 [INFO] PluginManage:359 - Loaded plugin power (category:power,tabindex:4)
2025-02-24 22:49:27,453 [INFO] PluginManage:310 - Check plugin projectmanager
2025-02-24 22:49:27,475 [INFO] PluginManage:359 - Loaded plugin projectmanager (category:projectmanager,tabindex:4)
2025-02-24 22:49:27,476 [INFO] PluginManage:310 - Check plugin rif
2025-02-24 22:49:27,488 [INFO] PluginManage:359 - Loaded plugin rif (category:base,tabindex:3)
2025-02-24 22:49:27,489 [INFO] PluginManage:310 - Check plugin thirdparty
2025-02-24 22:49:27,639 [INFO] PluginManage:359 - Loaded plugin thirdparty (category:base,tabindex:-1)
2025-02-24 22:49:27,639 [WARN] IntegrityCheckThread:84 - waiting for thirdparty lock release [integrity check]
2025-02-24 22:49:27,639 [INFO] PluginManage:310 - Check plugin tools
2025-02-24 22:49:27,639 [INFO] IntegrityCheckThread:86 - entering critical section [integrity check]
2025-02-24 22:49:27,640 [INFO] ThirdPartyUpdaterWithRetryManager:70 - Updater plugin not ready yet. [1/15]
2025-02-24 22:49:27,641 [INFO] PluginManage:359 - Loaded plugin tools (category:base,tabindex:7)
2025-02-24 22:49:27,642 [INFO] PluginManage:310 - Check plugin tutovideos
2025-02-24 22:49:27,827 [INFO] PluginManage:359 - Loaded plugin tutovideos (category:base,tabindex:-1)
2025-02-24 22:49:27,827 [INFO] PluginManage:310 - Check plugin updater
2025-02-24 22:49:27,846 [INFO] PluginManage:359 - Loaded plugin updater (category:base,tabindex:12)
2025-02-24 22:49:27,847 [INFO] PluginManage:310 - Check plugin userauth
2025-02-24 22:49:27,852 [INFO] UserAuth:118 - Init User Auth plugin
2025-02-24 22:49:27,852 [INFO] PluginManage:359 - Loaded plugin userauth (category:base,tabindex:14)
2025-02-24 22:49:27,853 [INFO] PluginManage:283 - PluginManage : Loaded plugins [18]
2025-02-24 22:49:28,072 [INFO] PinOutPanel:1589 - setPackage(No Configuration,No Configuration)
2025-02-24 22:49:28,175 [INFO] CADModel:165 - CPN selected for project level
2025-02-24 22:49:28,175 [INFO] CADModel:114 - Register for checkConnection events
2025-02-24 22:49:28,197 [INFO] IPUIPlugin:80 - create IPUIPlugin
2025-02-24 22:49:28,197 [INFO] PluginManager:220 - loadIPPluginJar : add adc
2025-02-24 22:49:28,200 [INFO] IPUIPlugin:80 - create IPUIPlugin
2025-02-24 22:49:28,200 [INFO] PluginManager:220 - loadIPPluginJar : add aes
2025-02-24 22:49:28,204 [INFO] IPUIPlugin:80 - create IPUIPlugin
2025-02-24 22:49:28,204 [INFO] PluginManager:220 - loadIPPluginJar : add can
2025-02-24 22:49:28,206 [INFO] IPUIPlugin:80 - create IPUIPlugin
2025-02-24 22:49:28,207 [INFO] PluginManager:220 - loadIPPluginJar : add comp
2025-02-24 22:49:28,210 [INFO] IPUIPlugin:80 - create IPUIPlugin
2025-02-24 22:49:28,210 [INFO] PluginManager:220 - loadIPPluginJar : add cryp
2025-02-24 22:49:28,214 [INFO] IPUIPlugin:80 - create IPUIPlugin
2025-02-24 22:49:28,214 [INFO] PluginManager:220 - loadIPPluginJar : add ddr_ctrl_phy
2025-02-24 22:49:28,216 [INFO] IPUIPlugin:80 - create IPUIPlugin
2025-02-24 22:49:28,216 [INFO] PluginManager:220 - loadIPPluginJar : add dfsdm
2025-02-24 22:49:28,222 [INFO] IPUIPlugin:80 - create IPUIPlugin
2025-02-24 22:49:28,223 [INFO] PluginManager:220 - loadIPPluginJar : add dma
2025-02-24 22:49:28,226 [INFO] IPUIPlugin:80 - create IPUIPlugin
2025-02-24 22:49:28,226 [INFO] PluginManager:220 - loadIPPluginJar : add dma3
2025-02-24 22:49:28,228 [INFO] IPUIPlugin:80 - create IPUIPlugin
2025-02-24 22:49:28,229 [INFO] PluginManager:220 - loadIPPluginJar : add extmemmanager
2025-02-24 22:49:28,230 [INFO] IPUIPlugin:80 - create IPUIPlugin
2025-02-24 22:49:28,230 [INFO] PluginManager:220 - loadIPPluginJar : add fatfs
2025-02-24 22:49:28,235 [INFO] IPUIPlugin:80 - create IPUIPlugin
2025-02-24 22:49:28,235 [INFO] PluginManager:220 - loadIPPluginJar : add fmc
2025-02-24 22:49:28,242 [INFO] IPUIPlugin:80 - create IPUIPlugin
2025-02-24 22:49:28,242 [INFO] PluginManager:220 - loadIPPluginJar : add freertos
2025-02-24 22:49:28,244 [INFO] IPUIPlugin:80 - create IPUIPlugin
2025-02-24 22:49:28,244 [INFO] PluginManager:220 - loadIPPluginJar : add genericplugin
2025-02-24 22:49:28,246 [INFO] IPUIPlugin:80 - create IPUIPlugin
2025-02-24 22:49:28,246 [INFO] PluginManager:220 - loadIPPluginJar : add gfxmmu
2025-02-24 22:49:28,251 [INFO] IPUIPlugin:80 - create IPUIPlugin
2025-02-24 22:49:28,252 [INFO] PluginManager:220 - loadIPPluginJar : add gic
2025-02-24 22:49:28,259 [INFO] IPUIPlugin:80 - create IPUIPlugin
2025-02-24 22:49:28,260 [INFO] PluginManager:220 - loadIPPluginJar : add gpio
2025-02-24 22:49:28,262 [INFO] IPUIPlugin:80 - create IPUIPlugin
2025-02-24 22:49:28,262 [INFO] PluginManager:220 - loadIPPluginJar : add gtzc
2025-02-24 22:49:28,264 [INFO] IPUIPlugin:80 - create IPUIPlugin
2025-02-24 22:49:28,264 [INFO] PluginManager:220 - loadIPPluginJar : add hash
2025-02-24 22:49:28,266 [INFO] IPUIPlugin:80 - create IPUIPlugin
2025-02-24 22:49:28,266 [INFO] PluginManager:220 - loadIPPluginJar : add i2c
2025-02-24 22:49:28,268 [INFO] IPUIPlugin:80 - create IPUIPlugin
2025-02-24 22:49:28,269 [INFO] PluginManager:220 - loadIPPluginJar : add i2s
2025-02-24 22:49:28,271 [INFO] IPUIPlugin:80 - create IPUIPlugin
2025-02-24 22:49:28,271 [INFO] PluginManager:220 - loadIPPluginJar : add i3c
2025-02-24 22:49:28,276 [INFO] IPUIPlugin:80 - create IPUIPlugin
2025-02-24 22:49:28,277 [INFO] PluginManager:220 - loadIPPluginJar : add ipddr
2025-02-24 22:49:28,285 [INFO] IPUIPlugin:80 - create IPUIPlugin
2025-02-24 22:49:28,285 [INFO] PluginManager:220 - loadIPPluginJar : add linkedlist
2025-02-24 22:49:28,288 [INFO] IPUIPlugin:80 - create IPUIPlugin
2025-02-24 22:49:28,289 [INFO] PluginManager:220 - loadIPPluginJar : add lorawan
2025-02-24 22:49:28,290 [INFO] IPUIPlugin:80 - create IPUIPlugin
2025-02-24 22:49:28,291 [INFO] PluginManager:220 - loadIPPluginJar : add ltdc
2025-02-24 22:49:28,298 [INFO] IPUIPlugin:80 - create IPUIPlugin
2025-02-24 22:49:28,298 [INFO] PluginManager:220 - loadIPPluginJar : add mdma
2025-02-24 22:49:28,303 [INFO] IPUIPlugin:80 - create IPUIPlugin
2025-02-24 22:49:28,303 [INFO] PluginManager:220 - loadIPPluginJar : add nvic
2025-02-24 22:49:28,309 [INFO] IPUIPlugin:80 - create IPUIPlugin
2025-02-24 22:49:28,310 [INFO] PluginManager:220 - loadIPPluginJar : add opamp
2025-02-24 22:49:28,314 [INFO] IPUIPlugin:80 - create IPUIPlugin
2025-02-24 22:49:28,315 [INFO] PluginManager:220 - loadIPPluginJar : add openamp
2025-02-24 22:49:28,318 [INFO] IPUIPlugin:80 - create IPUIPlugin
2025-02-24 22:49:28,319 [INFO] PluginManager:220 - loadIPPluginJar : add pdm2pcm
2025-02-24 22:49:28,326 [INFO] IPUIPlugin:80 - create IPUIPlugin
2025-02-24 22:49:28,331 [INFO] PluginManager:220 - loadIPPluginJar : add plateformsettings
2025-02-24 22:49:28,333 [INFO] IPUIPlugin:80 - create IPUIPlugin
2025-02-24 22:49:28,333 [INFO] PluginManager:220 - loadIPPluginJar : add quadspi
2025-02-24 22:49:28,335 [INFO] IPUIPlugin:80 - create IPUIPlugin
2025-02-24 22:49:28,336 [INFO] PluginManager:220 - loadIPPluginJar : add radio
2025-02-24 22:49:28,339 [INFO] IPUIPlugin:80 - create IPUIPlugin
2025-02-24 22:49:28,339 [INFO] PluginManager:220 - loadIPPluginJar : add resmgrutility
2025-02-24 22:49:28,343 [INFO] IPUIPlugin:80 - create IPUIPlugin
2025-02-24 22:49:28,344 [INFO] PluginManager:220 - loadIPPluginJar : add sai
2025-02-24 22:49:28,346 [INFO] IPUIPlugin:80 - create IPUIPlugin
2025-02-24 22:49:28,346 [INFO] PluginManager:220 - loadIPPluginJar : add spi
2025-02-24 22:49:28,351 [INFO] IPUIPlugin:80 - create IPUIPlugin
2025-02-24 22:49:28,351 [INFO] PluginManager:220 - loadIPPluginJar : add stm32_wpan
2025-02-24 22:49:28,353 [INFO] IPUIPlugin:80 - create IPUIPlugin
2025-02-24 22:49:28,353 [INFO] PluginManager:220 - loadIPPluginJar : add tim
2025-02-24 22:49:28,358 [INFO] IPUIPlugin:80 - create IPUIPlugin
2025-02-24 22:49:28,358 [INFO] PluginManager:220 - loadIPPluginJar : add touchsensing
2025-02-24 22:49:28,360 [INFO] IPUIPlugin:80 - create IPUIPlugin
2025-02-24 22:49:28,361 [INFO] PluginManager:220 - loadIPPluginJar : add tracer_emb
2025-02-24 22:49:28,363 [INFO] IPUIPlugin:80 - create IPUIPlugin
2025-02-24 22:49:28,363 [INFO] PluginManager:220 - loadIPPluginJar : add ts
2025-02-24 22:49:28,365 [INFO] IPUIPlugin:80 - create IPUIPlugin
2025-02-24 22:49:28,365 [INFO] PluginManager:220 - loadIPPluginJar : add tsc
2025-02-24 22:49:28,367 [INFO] IPUIPlugin:80 - create IPUIPlugin
2025-02-24 22:49:28,367 [INFO] PluginManager:220 - loadIPPluginJar : add ucpd
2025-02-24 22:49:28,372 [INFO] IPUIPlugin:80 - create IPUIPlugin
2025-02-24 22:49:28,372 [INFO] PluginManager:220 - loadIPPluginJar : add usart
2025-02-24 22:49:28,377 [INFO] IPUIPlugin:80 - create IPUIPlugin
2025-02-24 22:49:28,377 [INFO] PluginManager:220 - loadIPPluginJar : add usbx
2025-02-24 22:49:28,520 [FATAL] Updater:351 - Updater called before beeing initialized
2025-02-24 22:49:28,554 [INFO] RulesReader:64 - Compatibility file has been processed (297 Rules)
2025-02-24 22:49:28,566 [INFO] RulesReader:64 - Compatibility file has been processed (297 Rules)
2025-02-24 22:49:28,583 [INFO] CADModel:165 - CPN selected for project level
2025-02-24 22:49:28,583 [INFO] CADModel:114 - Register for checkConnection events
2025-02-24 22:49:28,583 [FATAL] Updater:351 - Updater called before beeing initialized
2025-02-24 22:49:28,584 [ERROR] CADModel:125 - Updater not yet initialized, retry later 
2025-02-24 22:49:28,757 [FATAL] Updater:351 - Updater called before beeing initialized
2025-02-24 22:49:28,759 [INFO] CADModel:165 - CPN selected for project level
2025-02-24 22:49:28,759 [INFO] CADModel:114 - Register for checkConnection events
2025-02-24 22:49:28,759 [FATAL] Updater:351 - Updater called before beeing initialized
2025-02-24 22:49:28,759 [ERROR] CADModel:125 - Updater not yet initialized, retry later 
2025-02-24 22:49:28,762 [FATAL] Updater:351 - Updater called before beeing initialized
2025-02-24 22:49:28,855 [FATAL] Updater:351 - Updater called before beeing initialized
2025-02-24 22:49:28,861 [INFO] DbMcusAds:53 - JSON generation date=Tue Dec 17 21:31:15 IST 2024 (1734451275111)
2025-02-24 22:49:28,862 [FATAL] Updater:351 - Updater called before beeing initialized
2025-02-24 22:49:28,906 [WARN] DetailPanel:346 - Failed to get advertising image, set to default
2025-02-24 22:49:29,197 [FATAL] Updater:351 - Updater called before beeing initialized
2025-02-24 22:49:29,200 [FATAL] Updater:351 - Updater called before beeing initialized
2025-02-24 22:49:29,200 [FATAL] Updater:351 - Updater called before beeing initialized
2025-02-24 22:49:29,200 [WARN] DetailPanel:346 - Failed to get advertising image, set to default
2025-02-24 22:49:29,201 [FATAL] Updater:351 - Updater called before beeing initialized
2025-02-24 22:49:29,254 [ERROR] Updater:1198 - MainUpdater not yet initialized. External WinMGr cannot be set.
2025-02-24 22:49:29,256 [INFO] Updater:1134 - Updater Version found : 6.13.0
2025-02-24 22:49:29,279 [INFO] ApplicationProperties:184 - Using Application install path: C:\ST\STM32CubeIDE_1.17.0\STM32CubeIDE\plugins\com.st.stm32cube.common.mx_6.13.0.202411220809
2025-02-24 22:49:30,640 [INFO] ThirdPartyUpdaterWithRetryManager:70 - Updater plugin not ready yet. [2/15]
2025-02-24 22:49:30,856 [ERROR] LogOutputStream:75 - [STDERR_REDIRECT] Feb 24, 2025 10:49:30 PM java.util.prefs.WindowsPreferences <init>
2025-02-24 22:49:30,858 [ERROR] LogOutputStream:75 - [STDERR_REDIRECT] WARNING: Could not open/create prefs root node Software\JavaSoft\Prefs at root 0xffffffff80000002. Windows RegCreateKeyEx(...) returned error code 5.
2025-02-24 22:49:30,858 [ERROR] LogOutputStream:75 - [STDERR_REDIRECT] 
2025-02-24 22:49:31,493 [INFO] MainUpdater:2872 - connection check result : 10
2025-02-24 22:49:31,493 [INFO] MainUpdater:289 - Updater Check For Update Now.
2025-02-24 22:49:31,493 [INFO] MicroXplorer:498 - Change Database Version : DB.6.0.130
2025-02-24 22:49:31,502 [INFO] McuFinderGlobals:63 - Set McuFinder mode to 2 (CubeIDE integrated)
2025-02-24 22:49:31,502 [INFO] UserAuth:171 - activating auth plugin
2025-02-24 22:49:31,506 [INFO] UserAuth:486 - Internet connection configuration mode: 1
2025-02-24 22:49:31,571 [INFO] JxBrowserEngine:152 - Initiate JxBrowser Engine with user profile folder
2025-02-24 22:49:31,722 [INFO] CheckServerUpdateThread:120 - End of CheckServer Thread
2025-02-24 22:49:32,363 [INFO] WebApp:168 - Instantiating new browser for Auth
2025-02-24 22:49:33,383 [INFO] WebApp:449 - Apply proxy settings
2025-02-24 22:49:33,385 [INFO] WebApp:534 - Chromium requires no authentication
2025-02-24 22:49:33,399 [INFO] WebApp:477 - Direct internet connection detected
2025-02-24 22:49:33,437 [INFO] WebApp:880 - Register for checkConnection events
2025-02-24 22:49:33,437 [INFO] WebApp:449 - Apply proxy settings
2025-02-24 22:49:33,437 [INFO] WebApp:534 - Chromium requires no authentication
2025-02-24 22:49:33,438 [INFO] WebApp:477 - Direct internet connection detected
2025-02-24 22:49:33,636 [INFO] WebApp:221 - Starting web application
2025-02-24 22:49:33,636 [INFO] WebApp:579 - Web application path used C:\ST\STM32CubeIDE_1.17.0\STM32CubeIDE\plugins\com.st.stm32cube.common.mx_6.13.0.202411220809\db\plugins\mcufinder\reactClient1\index.html
2025-02-24 22:49:33,941 [WARN] PackLoader:240 - Cannot read IP mode file for STMicroelectronics.FP-SNS-MOTENVWB1.1.4.0
2025-02-24 22:49:33,954 [WARN] PackLoader:240 - Cannot read IP mode file for STMicroelectronics.FP-ATR-ASTRA1.2.0.1
2025-02-24 22:49:33,968 [WARN] PackLoader:240 - Cannot read IP mode file for STMicroelectronics.X-CUBE-SMBUS.2.1.0
2025-02-24 22:49:33,985 [WARN] PackLoader:240 - Cannot read IP mode file for STMicroelectronics.X-CUBE-WB05N.1.1.0
2025-02-24 22:49:34,050 [WARN] PackLoader:240 - Cannot read IP mode file for STMicroelectronics.X-CUBE-AZRTOS-F7.1.1.0
2025-02-24 22:49:34,063 [INFO] WebApp:187 - Connection restablished
2025-02-24 22:49:34,066 [WARN] PackLoader:240 - Cannot read IP mode file for STMicroelectronics.FP-SNS-FLIGHT1.5.0.2
2025-02-24 22:49:34,127 [WARN] PackLoader:240 - Cannot read IP mode file for Infineon.AIROC-Wi-Fi-Bluetooth-STM32.1.7.0
2025-02-24 22:49:34,150 [WARN] PackLoader:240 - Cannot read IP mode file for STMicroelectronics.X-CUBE-DISPLAY.3.0.0
2025-02-24 22:49:34,168 [WARN] PackLoader:240 - Cannot read IP mode file for STMicroelectronics.X-CUBE-BLE1.7.0.0
2025-02-24 22:49:34,180 [WARN] PackLoader:240 - Cannot read IP mode file for STMicroelectronics.X-CUBE-NFC10.1.0.0
2025-02-24 22:49:34,199 [WARN] PackLoader:240 - Cannot read IP mode file for STMicroelectronics.X-CUBE-BLEMGR.4.0.0
2025-02-24 22:49:34,213 [WARN] PackLoader:240 - Cannot read IP mode file for emotas.I-CUBE-CANOPEN.1.3.0
2025-02-24 22:49:34,220 [WARN] PackLoader:240 - Cannot read IP mode file for STMicroelectronics.X-CUBE-AI.10.0.0
2025-02-24 22:49:34,230 [WARN] PackLoader:240 - Cannot read IP mode file for STMicroelectronics.FP-SNS-SMARTAG2.1.2.0
2025-02-24 22:49:34,305 [WARN] PackLoader:240 - Cannot read IP mode file for STMicroelectronics.X-CUBE-MEMS1.11.1.0
2025-02-24 22:49:34,543 [INFO] LogOutputStream:77 - [STDOUT_REDIRECT] 1 : Invalid condition id : UX_CORESTACK_Condition cause : null
2025-02-24 22:49:34,544 [INFO] LogOutputStream:77 - [STDOUT_REDIRECT] 1 : Invalid condition id : UX_CORESTACK_Condition cause : null
2025-02-24 22:49:34,546 [INFO] LogOutputStream:77 - [STDOUT_REDIRECT] 1 : Invalid condition id : UX_CORESTACK_Condition cause : null
2025-02-24 22:49:34,548 [INFO] LogOutputStream:77 - [STDOUT_REDIRECT] 1 : Invalid condition id : UX_CORESTACK_Condition cause : null
2025-02-24 22:49:34,551 [INFO] LogOutputStream:77 - [STDOUT_REDIRECT] 1 : Invalid condition id : UX_CORESTACK_Condition cause : null
2025-02-24 22:49:34,555 [WARN] PackLoader:240 - Cannot read IP mode file for STMicroelectronics.X-CUBE-AZRTOS-WL.2.0.0
2025-02-24 22:49:34,565 [WARN] PackLoader:240 - Cannot read IP mode file for STMicroelectronics.FP-SNS-MOTENV1.5.0.0
2025-02-24 22:49:34,574 [WARN] PackLoader:240 - Cannot read IP mode file for wolfSSL.I-CUBE-wolfMQTT.1.19.0
2025-02-24 22:49:34,585 [WARN] PackLoader:240 - Cannot read IP mode file for WES.I-CUBE-Cesium.1.3.0
2025-02-24 22:49:34,592 [WARN] PackLoader:240 - Cannot read IP mode file for STMicroelectronics.X-CUBE-BLE2.3.3.0
2025-02-24 22:49:34,602 [WARN] PackLoader:240 - Cannot read IP mode file for STMicroelectronics.X-CUBE-NFC9.1.0.0
2025-02-24 22:49:34,632 [WARN] PackLoader:240 - Cannot read IP mode file for STMicroelectronics.X-CUBE-AZRTOS-G0.1.1.0
2025-02-24 22:49:34,670 [WARN] PackLoader:240 - Cannot read IP mode file for STMicroelectronics.X-CUBE-SAFEA1.1.2.2
2025-02-24 22:49:34,679 [WARN] PackLoader:240 - Cannot read IP mode file for STMicroelectronics.X-CUBE-NFC4.3.0.0
2025-02-24 22:49:34,693 [WARN] PackLoader:240 - Cannot read IP mode file for EmbeddedOffice.I-CUBE-FS-RTOS.1.0.1
2025-02-24 22:49:34,702 [WARN] PackLoader:240 - Cannot read IP mode file for STMicroelectronics.X-CUBE-TCPP.4.2.0
2025-02-24 22:49:34,711 [WARN] PackLoader:240 - Cannot read IP mode file for RealThread.X-CUBE-RT-Thread_Nano.4.1.1
2025-02-24 22:49:34,717 [WARN] PackLoader:240 - Cannot read IP mode file for STMicroelectronics.FP-ATR-SIGFOX1.3.2.0
2025-02-24 22:49:34,724 [WARN] ConditionMgr:438 - getConditionDescription Invalid condition id : Cortex-A Device cause : null
2025-02-24 22:49:34,742 [WARN] ConditionMgr:1044 - genDependencies : Invalid condition id : Cortex-A Device cause : null
2025-02-24 22:49:34,742 [WARN] ConditionMgr:1044 - genDependencies : Invalid condition id : Cortex-A Device cause : null
2025-02-24 22:49:34,743 [WARN] ConditionMgr:1044 - genDependencies : Invalid condition id : Cortex-A Device cause : null
2025-02-24 22:49:34,750 [WARN] PackLoader:240 - Cannot read IP mode file for STMicroelectronics.X-CUBE-EEPRMA1.5.1.0
2025-02-24 22:49:34,758 [WARN] PackLoader:240 - Cannot read IP mode file for wolfSSL.I-CUBE-wolfSSL.5.7.4
2025-02-24 22:49:34,766 [WARN] PackLoader:240 - Cannot read IP mode file for ITTIA_DB.I-CUBE-ITTIADB.8.9.0
2025-02-24 22:49:34,793 [WARN] PackLoader:240 - Cannot read IP mode file for SEGGER.I-CUBE-embOS.1.3.1
2025-02-24 22:49:34,836 [WARN] PackLoader:240 - Cannot read IP mode file for STMicroelectronics.X-CUBE-ALGOBUILD.1.4.0
2025-02-24 22:49:34,841 [WARN] PackLoader:240 - Cannot read IP mode file for STMicroelectronics.X-CUBE-AI.9.1.0
2025-02-24 22:49:34,861 [WARN] PackLoader:240 - Cannot read IP mode file for STMicroelectronics.X-CUBE-AZRTOS-F4.1.1.0
2025-02-24 22:49:34,877 [WARN] PackLoader:240 - Cannot read IP mode file for STMicroelectronics.X-CUBE-ISPU.2.1.0
2025-02-24 22:49:34,907 [WARN] PackLoader:240 - Cannot read IP mode file for STMicroelectronics.X-CUBE-AZRTOS-L5.2.0.0
2025-02-24 22:49:34,924 [WARN] PackLoader:240 - Cannot read IP mode file for STMicroelectronics.X-CUBE-NFC6.3.1.0
2025-02-24 22:49:34,936 [WARN] PackLoader:240 - Cannot read IP mode file for STMicroelectronics.X-CUBE-DPower.1.2.0
2025-02-24 22:49:34,945 [WARN] PackLoader:240 - Cannot read IP mode file for STMicroelectronics.X-CUBE-FREERTOS.1.3.0
2025-02-24 22:49:34,955 [WARN] PackLoader:240 - Cannot read IP mode file for STMicroelectronics.X-CUBE-NFC7.1.0.1
2025-02-24 22:49:34,983 [WARN] ConditionMgr:438 - getConditionDescription Invalid condition id : LAN8742 Phy interface Condition cause : null
2025-02-24 22:49:34,984 [WARN] PackLoader:240 - Cannot read IP mode file for STMicroelectronics.X-CUBE-AZRTOS-L4.2.0.0
2025-02-24 22:49:34,986 [WARN] ConditionMgr:1044 - genDependencies : Invalid condition id : LAN8742 Phy interface Condition cause : null
2025-02-24 22:49:34,986 [WARN] ConditionMgr:1044 - genDependencies : Invalid condition id : LAN8742 Phy interface Condition cause : null
2025-02-24 22:49:34,987 [WARN] ConditionMgr:1044 - genDependencies : Invalid condition id : LAN8742 Phy interface Condition cause : null
2025-02-24 22:49:34,998 [WARN] PackLoader:240 - Cannot read IP mode file for STMicroelectronics.X-CUBE-SFXS2LP1.4.0.0
2025-02-24 22:49:35,024 [WARN] PackLoader:240 - Cannot read IP mode file for STMicroelectronics.X-CUBE-AZRTOS-H7.3.3.0
2025-02-24 22:49:35,038 [WARN] ConditionMgr:438 - getConditionDescription Invalid condition id : UX DEVICE CLASS RTOS Condition cause : null
2025-02-24 22:49:35,038 [WARN] ConditionMgr:438 - getConditionDescription Invalid condition id : UX DEVICE CLASS RTOS Condition cause : null
2025-02-24 22:49:35,039 [WARN] PackLoader:240 - Cannot read IP mode file for STMicroelectronics.X-CUBE-AZRTOS-WB.2.0.0
2025-02-24 22:49:35,040 [WARN] ConditionMgr:1044 - genDependencies : Invalid condition id : UX DEVICE CLASS RTOS Condition cause : null
2025-02-24 22:49:35,040 [WARN] ConditionMgr:1044 - genDependencies : Invalid condition id : UX DEVICE CLASS RTOS Condition cause : null
2025-02-24 22:49:35,040 [WARN] ConditionMgr:1044 - genDependencies : Invalid condition id : UX DEVICE CLASS RTOS Condition cause : null
2025-02-24 22:49:35,040 [WARN] ConditionMgr:1044 - genDependencies : Invalid condition id : UX DEVICE CLASS RTOS Condition cause : null
2025-02-24 22:49:35,040 [WARN] ConditionMgr:1044 - genDependencies : Invalid condition id : UX DEVICE CLASS RTOS Condition cause : null
2025-02-24 22:49:35,046 [WARN] PackLoader:240 - Cannot read IP mode file for STMicroelectronics.X-CUBE-GNSS1.7.0.1
2025-02-24 22:49:35,052 [WARN] PackLoader:240 - Cannot read IP mode file for STMicroelectronics.FP-SNS-STBOX1.2.0.0
2025-02-24 22:49:35,062 [WARN] PackLoader:240 - Cannot read IP mode file for STMicroelectronics.X-CUBE-SUBG2.5.0.0
2025-02-24 22:49:35,068 [WARN] PackLoader:240 - Cannot read IP mode file for Cesanta.I-CUBE-Mongoose.7.13.0
2025-02-24 22:49:35,083 [WARN] PackLoader:240 - Cannot read IP mode file for STMicroelectronics.X-CUBE-AZRTOS-G4.2.0.0
2025-02-24 22:49:35,097 [WARN] PackLoader:240 - Cannot read IP mode file for STMicroelectronics.X-CUBE-IPS.3.1.0
2025-02-24 22:49:35,105 [WARN] PackLoader:240 - Cannot read IP mode file for STMicroelectronics.X-CUBE-ALS.1.0.2
2025-02-24 22:49:35,113 [WARN] PackLoader:240 - Cannot read IP mode file for STMicroelectronics.X-CUBE-TOUCHGFX.4.24.2
2025-02-24 22:49:35,117 [WARN] PackLoader:240 - Cannot read IP mode file for wolfSSL.I-CUBE-wolfTPM.3.4.0
2025-02-24 22:49:35,122 [WARN] PackLoader:240 - Cannot read IP mode file for portGmbH.I-Cube-SoM-uGOAL.1.1.0
2025-02-24 22:49:35,143 [WARN] PackLoader:240 - Cannot read IP mode file for STMicroelectronics.X-CUBE-AZRTOS-H7RS.1.0.0
2025-02-24 22:49:35,158 [WARN] PackLoader:240 - Cannot read IP mode file for STMicroelectronics.X-CUBE-TOF1.3.4.2
2025-02-24 22:49:35,177 [WARN] PackLoader:240 - Cannot read IP mode file for wolfSSL.I-CUBE-wolfSSH.1.4.17
2025-02-24 22:49:35,178 [INFO] ThirdParty:978 - Integrity check success = true
2025-02-24 22:49:35,178 [INFO] IntegrityCheckThread:100 - exiting critical section [integrity check]
2025-02-24 22:49:35,178 [INFO] IntegrityCheckThread:103 - End integrity checks thread
2025-02-24 22:55:43,828 [INFO] WebApp:190 - Connection lost
2025-02-24 23:14:34,967 [INFO] WebApp:187 - Connection restablished
