2025-04-16 22:36:12,882 [INFO] Activator:176 - 


2025-04-16 22:36:12,895 [INFO] Activator:177 - !SESSION log4j initialized
2025-04-16 22:36:22,795 [INFO] LogOutputStream:77 - [STDOUT_REDIRECT] 
2025-04-16 22:36:24,711 [INFO] ApplicationProperties:184 - Using Application install path: C:\ST\STM32CubeIDE_1.17.0\STM32CubeIDE\plugins\com.st.stm32cube.common.mx_6.13.0.202411220809
2025-04-16 22:36:24,741 [INFO] DbMcusXml:78 - Set database path to: C:\ST\STM32CubeIDE_1.17.0\STM32CubeIDE\plugins\com.st.stm32cube.common.mx_6.13.0.202411220809\\db\/mcu/
2025-04-16 22:36:24,741 [INFO] ApiDb:274 - Set plugin database path to: C:\ST\STM32CubeIDE_1.17.0\STM32CubeIDE\plugins\com.st.stm32cube.common.mx_6.13.0.202411220809\\db\/plugins/boardmanager/
2025-04-16 22:36:24,742 [WARN] ApiDb:259 - Overriding images path with different value:  => C:\ST\STM32CubeIDE_1.17.0\STM32CubeIDE\plugins\com.st.stm32cube.common.mx_6.13.0.202411220809\\db\/plugins/mcufinder/images/
2025-04-16 22:36:24,760 [INFO] ApiDb:250 - Set database path to: C:\Users\vinaykumar\.stmcufinder\plugins\mcufinder//mcu/
2025-04-16 22:36:24,763 [INFO] DbMcusAds:125 - Set database path to: C:\Users\vinaykumar\.stmcufinder\plugins\mcufinder//mcu/
2025-04-16 22:36:24,769 [INFO] CrossReferenceDbSqlite:203 - Set database path to: C:\Users\vinaykumar\.stmcufinder\plugins\mcufinder//mcu/cs/
2025-04-16 22:36:24,995 [INFO] RulesReader:64 - Compatibility file has been processed (297 Rules)
2025-04-16 22:36:25,122 [INFO] DbMcusXml:78 - Set database path to: C:\ST\STM32CubeIDE_1.17.0\STM32CubeIDE\plugins\com.st.stm32cube.common.mx_6.13.0.202411220809\\db\/mcu/
2025-04-16 22:36:25,123 [INFO] ApiDb:274 - Set plugin database path to: C:\ST\STM32CubeIDE_1.17.0\STM32CubeIDE\plugins\com.st.stm32cube.common.mx_6.13.0.202411220809\\db\/plugins/boardmanager/
2025-04-16 22:36:25,123 [INFO] ApiDb:261 - Set plugin images path to: C:\ST\STM32CubeIDE_1.17.0\STM32CubeIDE\plugins\com.st.stm32cube.common.mx_6.13.0.202411220809\\db\/plugins/mcufinder/images/
2025-04-16 22:36:25,123 [WARN] DbFile:41 - Overriding database path with different value: C:\Users\vinaykumar\.stmcufinder\plugins\mcufinder/ => C:\Users\vinaykumar\.stmcufinder\plugins\mcufinder
2025-04-16 22:36:25,124 [INFO] ApiDb:250 - Set database path to: C:\Users\vinaykumar\.stmcufinder\plugins\mcufinder//mcu/
2025-04-16 22:36:25,124 [WARN] DbFile:41 - Overriding database path with different value: C:\Users\vinaykumar\.stmcufinder\plugins\mcufinder/ => C:\Users\vinaykumar\.stmcufinder\plugins\mcufinder
2025-04-16 22:36:25,124 [INFO] DbMcusAds:125 - Set database path to: C:\Users\vinaykumar\.stmcufinder\plugins\mcufinder//mcu/
2025-04-16 22:36:25,124 [WARN] DbFile:41 - Overriding database path with different value: C:\Users\vinaykumar\.stmcufinder\plugins\mcufinder/ => C:\Users\vinaykumar\.stmcufinder\plugins\mcufinder
2025-04-16 22:36:25,124 [WARN] DbFile:41 - Overriding database path with different value: C:\Users\vinaykumar\.stmcufinder\plugins\mcufinder/ => C:\Users\vinaykumar\.stmcufinder\plugins\mcufinder
2025-04-16 22:36:25,124 [INFO] CrossReferenceDbSqlite:203 - Set database path to: C:\Users\vinaykumar\.stmcufinder\plugins\mcufinder//mcu/cs/
2025-04-16 22:36:25,247 [INFO] MainPanel:272 - HeapMemory: 268435456
2025-04-16 22:36:25,410 [INFO] DbMcusXml:78 - Set database path to: C:\ST\STM32CubeIDE_1.17.0\STM32CubeIDE\plugins\com.st.stm32cube.common.mx_6.13.0.202411220809\\db\/mcu/
2025-04-16 22:36:25,410 [INFO] ApiDb:274 - Set plugin database path to: C:\ST\STM32CubeIDE_1.17.0\STM32CubeIDE\plugins\com.st.stm32cube.common.mx_6.13.0.202411220809\\db\/plugins/boardmanager/
2025-04-16 22:36:25,410 [INFO] ApiDb:261 - Set plugin images path to: C:\ST\STM32CubeIDE_1.17.0\STM32CubeIDE\plugins\com.st.stm32cube.common.mx_6.13.0.202411220809\\db\/plugins/mcufinder/images/
2025-04-16 22:36:25,411 [WARN] DbFile:41 - Overriding database path with different value: C:\Users\vinaykumar\.stmcufinder\plugins\mcufinder/ => C:\Users\vinaykumar\.stmcufinder\plugins\mcufinder
2025-04-16 22:36:25,411 [INFO] ApiDb:250 - Set database path to: C:\Users\vinaykumar\.stmcufinder\plugins\mcufinder//mcu/
2025-04-16 22:36:25,411 [WARN] DbFile:41 - Overriding database path with different value: C:\Users\vinaykumar\.stmcufinder\plugins\mcufinder/ => C:\Users\vinaykumar\.stmcufinder\plugins\mcufinder
2025-04-16 22:36:25,411 [INFO] DbMcusAds:125 - Set database path to: C:\Users\vinaykumar\.stmcufinder\plugins\mcufinder//mcu/
2025-04-16 22:36:25,411 [WARN] DbFile:41 - Overriding database path with different value: C:\Users\vinaykumar\.stmcufinder\plugins\mcufinder/ => C:\Users\vinaykumar\.stmcufinder\plugins\mcufinder
2025-04-16 22:36:25,412 [WARN] DbFile:41 - Overriding database path with different value: C:\Users\vinaykumar\.stmcufinder\plugins\mcufinder/ => C:\Users\vinaykumar\.stmcufinder\plugins\mcufinder
2025-04-16 22:36:25,412 [INFO] CrossReferenceDbSqlite:203 - Set database path to: C:\Users\vinaykumar\.stmcufinder\plugins\mcufinder//mcu/cs/
2025-04-16 22:36:25,441 [INFO] ApplicationProperties:184 - Using Application install path: C:\ST\STM32CubeIDE_1.17.0\STM32CubeIDE\plugins\com.st.stm32cube.common.mx_6.13.0.202411220809
2025-04-16 22:36:25,443 [INFO] PluginManage:196 - Search for loadable plugins [exclusion list=, ]
2025-04-16 22:36:25,445 [INFO] PluginManage:310 - Check plugin analytics
2025-04-16 22:36:25,718 [INFO] AnalyticsPlugin:253 - Accepted Software Licenses: 
2025-04-16 22:36:25,718 [INFO] AnalyticsPlugin:255 - Accepted CMSIS Pack Licenses: 
2025-04-16 22:36:25,719 [INFO] AnalyticsPlugin:257 - Accepted Firmware Licenses: 
2025-04-16 22:36:25,723 [INFO] PluginManage:359 - Loaded plugin analytics (category:tool,tabindex:-1)
2025-04-16 22:36:25,723 [INFO] PluginManage:310 - Check plugin cadmodel
2025-04-16 22:36:25,751 [INFO] CADModel:105 - Init CAD model plugin
2025-04-16 22:36:25,752 [INFO] PluginManage:359 - Loaded plugin cadmodel (category:power,tabindex:5)
2025-04-16 22:36:25,752 [INFO] PluginManage:310 - Check plugin clock
2025-04-16 22:36:25,784 [INFO] PluginManage:359 - Loaded plugin clock (category:base,tabindex:2)
2025-04-16 22:36:25,784 [INFO] PluginManage:310 - Check plugin ddr
2025-04-16 22:36:25,788 [INFO] PluginManage:359 - Loaded plugin ddr (category:tool,tabindex:6)
2025-04-16 22:36:25,788 [INFO] PluginManage:310 - Check plugin filemanager
2025-04-16 22:36:26,052 [INFO] PluginManage:359 - Loaded plugin filemanager (category:base,tabindex:10)
2025-04-16 22:36:26,052 [INFO] PluginManage:310 - Check plugin ipmanager
2025-04-16 22:36:26,070 [INFO] PluginManage:359 - Loaded plugin ipmanager (category:base,tabindex:5)
2025-04-16 22:36:26,070 [INFO] PluginManage:310 - Check plugin lpbam
2025-04-16 22:36:26,116 [INFO] PluginManage:359 - Loaded plugin lpbam (category:base,tabindex:0)
2025-04-16 22:36:26,116 [INFO] PluginManage:310 - Check plugin memorymap
2025-04-16 22:36:26,164 [INFO] PluginManage:359 - Loaded plugin memorymap (category:base,tabindex:4)
2025-04-16 22:36:26,165 [INFO] PluginManage:310 - Check plugin pinoutandconfiguration
2025-04-16 22:36:26,195 [INFO] PluginManage:359 - Loaded plugin pinoutandconfiguration (category:base,tabindex:1)
2025-04-16 22:36:26,195 [INFO] PluginManage:310 - Check plugin pinoutconfig
2025-04-16 22:36:26,347 [WARN] SupportedApi:132 - Cannot load RTOS API schema: s4s-elt-must-match.1: The content of 'definitions' must match (annotation?, (simpleType | complexType)?, (unique | key | keyref)*)). A problem was found starting at: attribute.
2025-04-16 22:36:26,543 [INFO] PluginManage:359 - Loaded plugin pinoutconfig (category:base,tabindex:0)
2025-04-16 22:36:26,543 [INFO] PluginManage:310 - Check plugin power
2025-04-16 22:36:26,571 [INFO] PluginManage:359 - Loaded plugin power (category:power,tabindex:4)
2025-04-16 22:36:26,571 [INFO] PluginManage:310 - Check plugin projectmanager
2025-04-16 22:36:26,591 [INFO] PluginManage:359 - Loaded plugin projectmanager (category:projectmanager,tabindex:4)
2025-04-16 22:36:26,592 [INFO] PluginManage:310 - Check plugin rif
2025-04-16 22:36:26,619 [INFO] PluginManage:359 - Loaded plugin rif (category:base,tabindex:3)
2025-04-16 22:36:26,619 [INFO] PluginManage:310 - Check plugin thirdparty
2025-04-16 22:36:27,097 [WARN] IntegrityCheckThread:84 - waiting for thirdparty lock release [integrity check]
2025-04-16 22:36:27,098 [INFO] PluginManage:359 - Loaded plugin thirdparty (category:base,tabindex:-1)
2025-04-16 22:36:27,098 [INFO] IntegrityCheckThread:86 - entering critical section [integrity check]
2025-04-16 22:36:27,098 [INFO] PluginManage:310 - Check plugin tools
2025-04-16 22:36:27,098 [INFO] ThirdPartyUpdaterWithRetryManager:70 - Updater plugin not ready yet. [1/15]
2025-04-16 22:36:27,201 [INFO] PluginManage:359 - Loaded plugin tools (category:base,tabindex:7)
2025-04-16 22:36:27,202 [INFO] PluginManage:310 - Check plugin tutovideos
2025-04-16 22:36:27,435 [INFO] PluginManage:359 - Loaded plugin tutovideos (category:base,tabindex:-1)
2025-04-16 22:36:27,435 [INFO] PluginManage:310 - Check plugin updater
2025-04-16 22:36:27,464 [INFO] PluginManage:359 - Loaded plugin updater (category:base,tabindex:12)
2025-04-16 22:36:27,464 [INFO] PluginManage:310 - Check plugin userauth
2025-04-16 22:36:27,471 [INFO] UserAuth:118 - Init User Auth plugin
2025-04-16 22:36:27,473 [INFO] PluginManage:359 - Loaded plugin userauth (category:base,tabindex:14)
2025-04-16 22:36:27,473 [INFO] PluginManage:283 - PluginManage : Loaded plugins [18]
2025-04-16 22:36:27,879 [INFO] PinOutPanel:1589 - setPackage(No Configuration,No Configuration)
2025-04-16 22:36:28,042 [INFO] CADModel:165 - CPN selected for project level
2025-04-16 22:36:28,042 [INFO] CADModel:114 - Register for checkConnection events
2025-04-16 22:36:28,087 [INFO] IPUIPlugin:80 - create IPUIPlugin
2025-04-16 22:36:28,087 [INFO] PluginManager:220 - loadIPPluginJar : add adc
2025-04-16 22:36:28,161 [INFO] IPUIPlugin:80 - create IPUIPlugin
2025-04-16 22:36:28,162 [INFO] PluginManager:220 - loadIPPluginJar : add aes
2025-04-16 22:36:28,250 [INFO] IPUIPlugin:80 - create IPUIPlugin
2025-04-16 22:36:28,251 [INFO] PluginManager:220 - loadIPPluginJar : add can
2025-04-16 22:36:28,297 [INFO] IPUIPlugin:80 - create IPUIPlugin
2025-04-16 22:36:28,297 [INFO] PluginManager:220 - loadIPPluginJar : add comp
2025-04-16 22:36:28,356 [INFO] IPUIPlugin:80 - create IPUIPlugin
2025-04-16 22:36:28,356 [INFO] PluginManager:220 - loadIPPluginJar : add cryp
2025-04-16 22:36:28,375 [INFO] IPUIPlugin:80 - create IPUIPlugin
2025-04-16 22:36:28,375 [INFO] PluginManager:220 - loadIPPluginJar : add ddr_ctrl_phy
2025-04-16 22:36:28,420 [INFO] IPUIPlugin:80 - create IPUIPlugin
2025-04-16 22:36:28,420 [INFO] PluginManager:220 - loadIPPluginJar : add dfsdm
2025-04-16 22:36:28,442 [INFO] IPUIPlugin:80 - create IPUIPlugin
2025-04-16 22:36:28,442 [INFO] PluginManager:220 - loadIPPluginJar : add dma
2025-04-16 22:36:28,503 [INFO] IPUIPlugin:80 - create IPUIPlugin
2025-04-16 22:36:28,503 [INFO] PluginManager:220 - loadIPPluginJar : add dma3
2025-04-16 22:36:28,572 [INFO] IPUIPlugin:80 - create IPUIPlugin
2025-04-16 22:36:28,572 [INFO] PluginManager:220 - loadIPPluginJar : add extmemmanager
2025-04-16 22:36:28,614 [INFO] IPUIPlugin:80 - create IPUIPlugin
2025-04-16 22:36:28,614 [INFO] PluginManager:220 - loadIPPluginJar : add fatfs
2025-04-16 22:36:28,690 [INFO] IPUIPlugin:80 - create IPUIPlugin
2025-04-16 22:36:28,690 [INFO] PluginManager:220 - loadIPPluginJar : add fmc
2025-04-16 22:36:28,715 [INFO] IPUIPlugin:80 - create IPUIPlugin
2025-04-16 22:36:28,716 [INFO] PluginManager:220 - loadIPPluginJar : add freertos
2025-04-16 22:36:28,776 [INFO] IPUIPlugin:80 - create IPUIPlugin
2025-04-16 22:36:28,777 [INFO] PluginManager:220 - loadIPPluginJar : add genericplugin
2025-04-16 22:36:28,923 [INFO] IPUIPlugin:80 - create IPUIPlugin
2025-04-16 22:36:28,923 [INFO] PluginManager:220 - loadIPPluginJar : add gfxmmu
2025-04-16 22:36:29,125 [INFO] IPUIPlugin:80 - create IPUIPlugin
2025-04-16 22:36:29,125 [INFO] PluginManager:220 - loadIPPluginJar : add gic
2025-04-16 22:36:29,149 [INFO] IPUIPlugin:80 - create IPUIPlugin
2025-04-16 22:36:29,149 [INFO] PluginManager:220 - loadIPPluginJar : add gpio
2025-04-16 22:36:29,280 [INFO] IPUIPlugin:80 - create IPUIPlugin
2025-04-16 22:36:29,280 [INFO] PluginManager:220 - loadIPPluginJar : add gtzc
2025-04-16 22:36:29,329 [INFO] IPUIPlugin:80 - create IPUIPlugin
2025-04-16 22:36:29,329 [INFO] PluginManager:220 - loadIPPluginJar : add hash
2025-04-16 22:36:29,408 [INFO] IPUIPlugin:80 - create IPUIPlugin
2025-04-16 22:36:29,409 [INFO] PluginManager:220 - loadIPPluginJar : add i2c
2025-04-16 22:36:29,472 [INFO] IPUIPlugin:80 - create IPUIPlugin
2025-04-16 22:36:29,472 [INFO] PluginManager:220 - loadIPPluginJar : add i2s
2025-04-16 22:36:29,534 [INFO] IPUIPlugin:80 - create IPUIPlugin
2025-04-16 22:36:29,534 [INFO] PluginManager:220 - loadIPPluginJar : add i3c
2025-04-16 22:36:29,680 [INFO] IPUIPlugin:80 - create IPUIPlugin
2025-04-16 22:36:29,681 [INFO] PluginManager:220 - loadIPPluginJar : add ipddr
2025-04-16 22:36:29,832 [INFO] IPUIPlugin:80 - create IPUIPlugin
2025-04-16 22:36:29,833 [INFO] PluginManager:220 - loadIPPluginJar : add linkedlist
2025-04-16 22:36:29,893 [INFO] IPUIPlugin:80 - create IPUIPlugin
2025-04-16 22:36:29,893 [INFO] PluginManager:220 - loadIPPluginJar : add lorawan
2025-04-16 22:36:29,962 [INFO] IPUIPlugin:80 - create IPUIPlugin
2025-04-16 22:36:29,963 [INFO] PluginManager:220 - loadIPPluginJar : add ltdc
2025-04-16 22:36:29,985 [INFO] IPUIPlugin:80 - create IPUIPlugin
2025-04-16 22:36:29,986 [INFO] PluginManager:220 - loadIPPluginJar : add mdma
2025-04-16 22:36:30,007 [INFO] IPUIPlugin:80 - create IPUIPlugin
2025-04-16 22:36:30,008 [INFO] PluginManager:220 - loadIPPluginJar : add nvic
2025-04-16 22:36:30,070 [INFO] IPUIPlugin:80 - create IPUIPlugin
2025-04-16 22:36:30,070 [INFO] PluginManager:220 - loadIPPluginJar : add opamp
2025-04-16 22:36:30,100 [INFO] ThirdPartyUpdaterWithRetryManager:70 - Updater plugin not ready yet. [2/15]
2025-04-16 22:36:30,163 [INFO] IPUIPlugin:80 - create IPUIPlugin
2025-04-16 22:36:30,163 [INFO] PluginManager:220 - loadIPPluginJar : add openamp
2025-04-16 22:36:30,229 [INFO] IPUIPlugin:80 - create IPUIPlugin
2025-04-16 22:36:30,229 [INFO] PluginManager:220 - loadIPPluginJar : add pdm2pcm
2025-04-16 22:36:30,251 [INFO] IPUIPlugin:80 - create IPUIPlugin
2025-04-16 22:36:30,254 [INFO] PluginManager:220 - loadIPPluginJar : add plateformsettings
2025-04-16 22:36:30,299 [INFO] IPUIPlugin:80 - create IPUIPlugin
2025-04-16 22:36:30,299 [INFO] PluginManager:220 - loadIPPluginJar : add quadspi
2025-04-16 22:36:30,348 [INFO] IPUIPlugin:80 - create IPUIPlugin
2025-04-16 22:36:30,349 [INFO] PluginManager:220 - loadIPPluginJar : add radio
2025-04-16 22:36:30,371 [INFO] IPUIPlugin:80 - create IPUIPlugin
2025-04-16 22:36:30,371 [INFO] PluginManager:220 - loadIPPluginJar : add resmgrutility
2025-04-16 22:36:30,467 [INFO] IPUIPlugin:80 - create IPUIPlugin
2025-04-16 22:36:30,467 [INFO] PluginManager:220 - loadIPPluginJar : add sai
2025-04-16 22:36:30,538 [INFO] IPUIPlugin:80 - create IPUIPlugin
2025-04-16 22:36:30,539 [INFO] PluginManager:220 - loadIPPluginJar : add spi
2025-04-16 22:36:30,708 [INFO] IPUIPlugin:80 - create IPUIPlugin
2025-04-16 22:36:30,708 [INFO] PluginManager:220 - loadIPPluginJar : add stm32_wpan
2025-04-16 22:36:30,762 [INFO] IPUIPlugin:80 - create IPUIPlugin
2025-04-16 22:36:30,762 [INFO] PluginManager:220 - loadIPPluginJar : add tim
2025-04-16 22:36:30,857 [INFO] IPUIPlugin:80 - create IPUIPlugin
2025-04-16 22:36:30,858 [INFO] PluginManager:220 - loadIPPluginJar : add touchsensing
2025-04-16 22:36:30,898 [INFO] IPUIPlugin:80 - create IPUIPlugin
2025-04-16 22:36:30,898 [INFO] PluginManager:220 - loadIPPluginJar : add tracer_emb
2025-04-16 22:36:30,953 [INFO] IPUIPlugin:80 - create IPUIPlugin
2025-04-16 22:36:30,953 [INFO] PluginManager:220 - loadIPPluginJar : add ts
2025-04-16 22:36:30,988 [INFO] IPUIPlugin:80 - create IPUIPlugin
2025-04-16 22:36:30,988 [INFO] PluginManager:220 - loadIPPluginJar : add tsc
2025-04-16 22:36:31,023 [INFO] IPUIPlugin:80 - create IPUIPlugin
2025-04-16 22:36:31,023 [INFO] PluginManager:220 - loadIPPluginJar : add ucpd
2025-04-16 22:36:31,098 [INFO] IPUIPlugin:80 - create IPUIPlugin
2025-04-16 22:36:31,098 [INFO] PluginManager:220 - loadIPPluginJar : add usart
2025-04-16 22:36:31,164 [INFO] IPUIPlugin:80 - create IPUIPlugin
2025-04-16 22:36:31,164 [INFO] PluginManager:220 - loadIPPluginJar : add usbx
2025-04-16 22:36:31,329 [FATAL] Updater:351 - Updater called before beeing initialized
2025-04-16 22:36:31,392 [INFO] RulesReader:64 - Compatibility file has been processed (297 Rules)
2025-04-16 22:36:31,414 [INFO] RulesReader:64 - Compatibility file has been processed (297 Rules)
2025-04-16 22:36:31,425 [INFO] CADModel:165 - CPN selected for project level
2025-04-16 22:36:31,425 [INFO] CADModel:114 - Register for checkConnection events
2025-04-16 22:36:31,425 [FATAL] Updater:351 - Updater called before beeing initialized
2025-04-16 22:36:31,425 [ERROR] CADModel:125 - Updater not yet initialized, retry later 
2025-04-16 22:36:31,621 [FATAL] Updater:351 - Updater called before beeing initialized
2025-04-16 22:36:31,624 [INFO] CADModel:165 - CPN selected for project level
2025-04-16 22:36:31,624 [INFO] CADModel:114 - Register for checkConnection events
2025-04-16 22:36:31,625 [FATAL] Updater:351 - Updater called before beeing initialized
2025-04-16 22:36:31,625 [ERROR] CADModel:125 - Updater not yet initialized, retry later 
2025-04-16 22:36:31,629 [FATAL] Updater:351 - Updater called before beeing initialized
2025-04-16 22:36:31,763 [FATAL] Updater:351 - Updater called before beeing initialized
2025-04-16 22:36:31,780 [INFO] DbMcusAds:53 - JSON generation date=Tue Dec 17 21:31:15 IST 2024 (1734451275111)
2025-04-16 22:36:31,780 [FATAL] Updater:351 - Updater called before beeing initialized
2025-04-16 22:36:31,834 [WARN] DetailPanel:346 - Failed to get advertising image, set to default
2025-04-16 22:36:32,127 [FATAL] Updater:351 - Updater called before beeing initialized
2025-04-16 22:36:32,130 [FATAL] Updater:351 - Updater called before beeing initialized
2025-04-16 22:36:32,130 [FATAL] Updater:351 - Updater called before beeing initialized
2025-04-16 22:36:32,130 [WARN] DetailPanel:346 - Failed to get advertising image, set to default
2025-04-16 22:36:32,131 [FATAL] Updater:351 - Updater called before beeing initialized
2025-04-16 22:36:32,252 [ERROR] Updater:1198 - MainUpdater not yet initialized. External WinMGr cannot be set.
2025-04-16 22:36:32,274 [INFO] Updater:1134 - Updater Version found : 6.13.0
2025-04-16 22:36:32,318 [INFO] ApplicationProperties:184 - Using Application install path: C:\ST\STM32CubeIDE_1.17.0\STM32CubeIDE\plugins\com.st.stm32cube.common.mx_6.13.0.202411220809
2025-04-16 22:36:33,102 [INFO] ThirdPartyUpdaterWithRetryManager:70 - Updater plugin not ready yet. [3/15]
2025-04-16 22:36:33,920 [ERROR] LogOutputStream:75 - [STDERR_REDIRECT] Apr 16, 2025 10:36:33 PM java.util.prefs.WindowsPreferences <init>
2025-04-16 22:36:33,923 [ERROR] LogOutputStream:75 - [STDERR_REDIRECT] WARNING: Could not open/create prefs root node Software\JavaSoft\Prefs at root 0xffffffff80000002. Windows RegCreateKeyEx(...) returned error code 5.
2025-04-16 22:36:33,923 [ERROR] LogOutputStream:75 - [STDERR_REDIRECT] 
2025-04-16 22:36:34,717 [INFO] MainUpdater:2872 - connection check result : 10
2025-04-16 22:36:34,717 [INFO] MainUpdater:3566 - Updater definition file requires update
2025-04-16 22:36:34,718 [INFO] MainUpdater:289 - Updater Check For Update Now.
2025-04-16 22:36:34,718 [INFO] MicroXplorer:498 - Change Database Version : DB.6.0.130
2025-04-16 22:36:34,749 [INFO] McuFinderGlobals:63 - Set McuFinder mode to 2 (CubeIDE integrated)
2025-04-16 22:36:34,749 [INFO] UserAuth:171 - activating auth plugin
2025-04-16 22:36:34,753 [INFO] UserAuth:486 - Internet connection configuration mode: 1
2025-04-16 22:36:34,800 [INFO] JxBrowserEngine:152 - Initiate JxBrowser Engine with user profile folder
2025-04-16 22:36:34,930 [INFO] ServerAccessManage:473 - Download File updaters.zip
2025-04-16 22:36:35,164 [INFO] FileExtend:240 - Unzip File : updaters.zip
2025-04-16 22:36:35,164 [INFO] FileExtend:255 - Standard Zip Deflate
2025-04-16 22:36:36,107 [WARN] MainUpdater:1193 - Updater busy. Cannot search thirdparties
2025-04-16 22:36:36,107 [INFO] ThirdPartyUpdaterWithRetryManager:96 - Updater plugin is busy. [1/15]
2025-04-16 22:36:36,246 [INFO] ServerAccessManage:473 - Download File PacksControlFlags.xml
2025-04-16 22:36:36,450 [INFO] ServerAccessManage:473 - Download File cubemx.pidx
2025-04-16 22:36:37,960 [INFO] ServerAccessManage:473 - Download File STMicroelectronics.X-CUBE-DPOWER.pdsc
2025-04-16 22:36:38,348 [INFO] WebApp:168 - Instantiating new browser for Auth
2025-04-16 22:36:38,904 [ERROR] ServerAccessManage:1089 - Problem, file not found on Server
2025-04-16 22:36:39,108 [WARN] MainUpdater:1193 - Updater busy. Cannot search thirdparties
2025-04-16 22:36:39,108 [INFO] ThirdPartyUpdaterWithRetryManager:96 - Updater plugin is busy. [2/15]
2025-04-16 22:36:39,444 [ERROR] ServerAccessManage:1089 - Problem, file not found on Server
2025-04-16 22:36:39,577 [INFO] WebApp:449 - Apply proxy settings
2025-04-16 22:36:39,577 [INFO] WebApp:534 - Chromium requires no authentication
2025-04-16 22:36:39,596 [INFO] WebApp:477 - Direct internet connection detected
2025-04-16 22:36:39,653 [INFO] WebApp:880 - Register for checkConnection events
2025-04-16 22:36:39,653 [INFO] WebApp:449 - Apply proxy settings
2025-04-16 22:36:39,653 [INFO] WebApp:534 - Chromium requires no authentication
2025-04-16 22:36:39,654 [INFO] WebApp:477 - Direct internet connection detected
2025-04-16 22:36:39,914 [INFO] WebApp:221 - Starting web application
2025-04-16 22:36:39,914 [INFO] WebApp:579 - Web application path used C:\ST\STM32CubeIDE_1.17.0\STM32CubeIDE\plugins\com.st.stm32cube.common.mx_6.13.0.202411220809\db\plugins\mcufinder\reactClient1\index.html
2025-04-16 22:36:40,131 [ERROR] ServerAccessManage:1089 - Problem, file not found on Server
2025-04-16 22:36:40,343 [INFO] WebApp:187 - Connection restablished
2025-04-16 22:36:40,384 [ERROR] ServerAccessManage:1089 - Problem, file not found on Server
2025-04-16 22:36:41,002 [ERROR] ServerAccessManage:1089 - Problem, file not found on Server
2025-04-16 22:36:41,667 [ERROR] ServerAccessManage:1089 - Problem, file not found on Server
2025-04-16 22:36:42,110 [WARN] MainUpdater:1193 - Updater busy. Cannot search thirdparties
2025-04-16 22:36:42,110 [INFO] ThirdPartyUpdaterWithRetryManager:96 - Updater plugin is busy. [3/15]
2025-04-16 22:36:42,358 [ERROR] ServerAccessManage:1089 - Problem, file not found on Server
2025-04-16 22:36:42,890 [ERROR] ServerAccessManage:1089 - Problem, file not found on Server
2025-04-16 22:36:43,403 [ERROR] ServerAccessManage:1089 - Problem, file not found on Server
2025-04-16 22:36:43,628 [ERROR] ServerAccessManage:1089 - Problem, file not found on Server
2025-04-16 22:36:44,136 [ERROR] ServerAccessManage:1089 - Problem, file not found on Server
2025-04-16 22:36:44,594 [INFO] ServerAccessManage:473 - Download File STMicroelectronics.X-CUBE-MEMS1.pdsc
2025-04-16 22:36:45,111 [WARN] MainUpdater:1193 - Updater busy. Cannot search thirdparties
2025-04-16 22:36:45,111 [INFO] ThirdPartyUpdaterWithRetryManager:96 - Updater plugin is busy. [4/15]
2025-04-16 22:36:48,113 [WARN] MainUpdater:1193 - Updater busy. Cannot search thirdparties
2025-04-16 22:36:48,113 [INFO] ThirdPartyUpdaterWithRetryManager:96 - Updater plugin is busy. [5/15]
2025-04-16 22:36:48,541 [INFO] ServerAccessManage:473 - Download File STMicroelectronics.X-CUBE-TOF1.pdsc
2025-04-16 22:36:50,474 [ERROR] ServerAccessManage:1089 - Problem, file not found on Server
2025-04-16 22:36:51,114 [WARN] MainUpdater:1193 - Updater busy. Cannot search thirdparties
2025-04-16 22:36:51,114 [INFO] ThirdPartyUpdaterWithRetryManager:96 - Updater plugin is busy. [6/15]
2025-04-16 22:36:52,628 [INFO] ServerAccessManage:473 - Download File Avnet-IotConnect.X-CUBE-IoTC-DA16k-PMOD.pdsc
2025-04-16 22:36:52,882 [WARN] PackLoader:240 - Cannot read IP mode file for STMicroelectronics.X-CUBE-DPower.1.3.0
2025-04-16 22:36:53,019 [WARN] PackLoader:240 - Cannot read IP mode file for STMicroelectronics.X-CUBE-MEMS1.11.2.0
2025-04-16 22:36:53,020 [INFO] CheckServerUpdateThread:120 - End of CheckServer Thread
2025-04-16 22:36:53,233 [WARN] PackLoader:240 - Cannot read IP mode file for STMicroelectronics.X-CUBE-TOF1.3.4.3
2025-04-16 22:36:53,257 [WARN] PackLoader:240 - Cannot read IP mode file for Avnet-IotConnect.X-CUBE-IoTC-DA16k-PMOD.1.0.0
2025-04-16 22:36:53,258 [INFO] PopulateThirdPartyThread:66 - Ending populate Thread
2025-04-16 22:36:53,260 [INFO] ThirdParty:1030 - CMSIS Pack Vendor :STMicroelectronics X-CUBE-DPower 1.3.0
2025-04-16 22:36:53,260 [INFO] ThirdParty:1030 - CMSIS Pack Vendor :STMicroelectronics X-CUBE-TOF1 3.4.3
2025-04-16 22:36:53,260 [INFO] ThirdParty:1030 - CMSIS Pack Vendor :STMicroelectronics X-CUBE-MEMS1 11.2.0
2025-04-16 22:36:53,260 [INFO] ThirdParty:1030 - CMSIS Pack Vendor :Avnet-IotConnect X-CUBE-IoTC-DA16k-PMOD 1.0.0
2025-04-16 22:36:53,261 [INFO] LoadServerUpdatesThread:375 - End of LoadServerUpdate Thread
2025-04-16 22:36:54,450 [WARN] PackLoader:240 - Cannot read IP mode file for STMicroelectronics.FP-SNS-MOTENVWB1.1.4.0
2025-04-16 22:36:54,469 [WARN] PackLoader:240 - Cannot read IP mode file for STMicroelectronics.FP-ATR-ASTRA1.2.0.2
2025-04-16 22:36:54,492 [WARN] PackLoader:240 - Cannot read IP mode file for STMicroelectronics.FP-ATR-ASTRA1.2.0.1
2025-04-16 22:36:54,518 [WARN] PackLoader:240 - Cannot read IP mode file for STMicroelectronics.X-CUBE-SMBUS.2.1.0
2025-04-16 22:36:54,544 [WARN] PackLoader:240 - Cannot read IP mode file for STMicroelectronics.X-CUBE-WB05N.1.1.0
2025-04-16 22:36:54,588 [WARN] PackLoader:240 - Cannot read IP mode file for STMicroelectronics.X-CUBE-AZRTOS-F7.1.1.0
2025-04-16 22:36:54,612 [WARN] PackLoader:240 - Cannot read IP mode file for STMicroelectronics.FP-SNS-FLIGHT1.5.0.2
2025-04-16 22:36:54,665 [WARN] PackLoader:240 - Cannot read IP mode file for Infineon.AIROC-Wi-Fi-Bluetooth-STM32.1.7.0
2025-04-16 22:36:54,700 [WARN] PackLoader:240 - Cannot read IP mode file for STMicroelectronics.X-CUBE-DISPLAY.3.0.0
2025-04-16 22:36:54,728 [WARN] PackLoader:240 - Cannot read IP mode file for STMicroelectronics.X-CUBE-BLE1.7.0.0
2025-04-16 22:36:54,753 [WARN] PackLoader:240 - Cannot read IP mode file for STMicroelectronics.X-CUBE-NFC10.1.0.0
2025-04-16 22:36:54,778 [WARN] PackLoader:240 - Cannot read IP mode file for STMicroelectronics.X-CUBE-BLEMGR.4.0.0
2025-04-16 22:36:54,800 [WARN] PackLoader:240 - Cannot read IP mode file for emotas.I-CUBE-CANOPEN.1.3.0
2025-04-16 22:36:54,824 [WARN] PackLoader:240 - Cannot read IP mode file for STMicroelectronics.X-CUBE-AI.10.0.0
2025-04-16 22:36:54,847 [WARN] PackLoader:240 - Cannot read IP mode file for STMicroelectronics.FP-SNS-SMARTAG2.1.2.0
2025-04-16 22:36:54,854 [WARN] PackLoader:240 - Cannot read IP mode file for STMicroelectronics.FP-SNS-FLIGHT1.5.1.0
2025-04-16 22:36:54,930 [WARN] PackLoader:240 - Cannot read IP mode file for STMicroelectronics.X-CUBE-MEMS1.11.1.0
2025-04-16 22:36:55,092 [INFO] LogOutputStream:77 - [STDOUT_REDIRECT] 1 : Invalid condition id : UX_CORESTACK_Condition cause : null
2025-04-16 22:36:55,094 [INFO] LogOutputStream:77 - [STDOUT_REDIRECT] 1 : Invalid condition id : UX_CORESTACK_Condition cause : null
2025-04-16 22:36:55,096 [INFO] LogOutputStream:77 - [STDOUT_REDIRECT] 1 : Invalid condition id : UX_CORESTACK_Condition cause : null
2025-04-16 22:36:55,098 [INFO] LogOutputStream:77 - [STDOUT_REDIRECT] 1 : Invalid condition id : UX_CORESTACK_Condition cause : null
2025-04-16 22:36:55,100 [INFO] LogOutputStream:77 - [STDOUT_REDIRECT] 1 : Invalid condition id : UX_CORESTACK_Condition cause : null
2025-04-16 22:36:55,103 [WARN] PackLoader:240 - Cannot read IP mode file for STMicroelectronics.X-CUBE-AZRTOS-WL.2.0.0
2025-04-16 22:36:55,126 [WARN] PackLoader:240 - Cannot read IP mode file for STMicroelectronics.FP-SNS-MOTENV1.5.0.0
2025-04-16 22:36:55,136 [WARN] PackLoader:240 - Cannot read IP mode file for wolfSSL.I-CUBE-wolfMQTT.1.19.0
2025-04-16 22:36:55,162 [WARN] PackLoader:240 - Cannot read IP mode file for WES.I-CUBE-Cesium.1.3.0
2025-04-16 22:36:55,185 [WARN] PackLoader:240 - Cannot read IP mode file for STMicroelectronics.X-CUBE-BLE2.3.3.0
2025-04-16 22:36:55,209 [WARN] PackLoader:240 - Cannot read IP mode file for STMicroelectronics.X-CUBE-NFC9.1.0.0
2025-04-16 22:36:55,232 [WARN] PackLoader:240 - Cannot read IP mode file for STMicroelectronics.X-CUBE-BLE1.7.1.0
2025-04-16 22:36:55,275 [WARN] PackLoader:240 - Cannot read IP mode file for STMicroelectronics.X-CUBE-MEMS1.11.2.0
2025-04-16 22:36:55,445 [WARN] PackLoader:240 - Cannot read IP mode file for STMicroelectronics.X-CUBE-AZRTOS-G0.1.1.0
2025-04-16 22:36:55,470 [WARN] PackLoader:240 - Cannot read IP mode file for STMicroelectronics.X-CUBE-SAFEA1.1.2.2
2025-04-16 22:36:55,492 [WARN] PackLoader:240 - Cannot read IP mode file for STMicroelectronics.X-CUBE-NFC4.3.0.0
2025-04-16 22:36:55,516 [WARN] PackLoader:240 - Cannot read IP mode file for EmbeddedOffice.I-CUBE-FS-RTOS.1.0.1
2025-04-16 22:36:55,535 [WARN] PackLoader:240 - Cannot read IP mode file for STMicroelectronics.X-CUBE-TCPP.4.2.0
2025-04-16 22:36:55,554 [WARN] PackLoader:240 - Cannot read IP mode file for RealThread.X-CUBE-RT-Thread_Nano.4.1.1
2025-04-16 22:36:55,562 [WARN] PackLoader:240 - Cannot read IP mode file for STMicroelectronics.FP-ATR-SIGFOX1.3.2.0
2025-04-16 22:36:55,569 [WARN] ConditionMgr:438 - getConditionDescription Invalid condition id : Cortex-A Device cause : null
2025-04-16 22:36:55,607 [WARN] ConditionMgr:1044 - genDependencies : Invalid condition id : Cortex-A Device cause : null
2025-04-16 22:36:55,608 [WARN] ConditionMgr:1044 - genDependencies : Invalid condition id : Cortex-A Device cause : null
2025-04-16 22:36:55,608 [WARN] ConditionMgr:1044 - genDependencies : Invalid condition id : Cortex-A Device cause : null
2025-04-16 22:36:55,634 [WARN] PackLoader:240 - Cannot read IP mode file for STMicroelectronics.X-CUBE-EEPRMA1.5.1.0
2025-04-16 22:36:55,658 [WARN] PackLoader:240 - Cannot read IP mode file for wolfSSL.I-CUBE-wolfSSL.5.7.4
2025-04-16 22:36:55,682 [WARN] PackLoader:240 - Cannot read IP mode file for ITTIA_DB.I-CUBE-ITTIADB.8.9.0
2025-04-16 22:36:55,724 [WARN] PackLoader:240 - Cannot read IP mode file for SEGGER.I-CUBE-embOS.1.3.1
2025-04-16 22:36:55,783 [WARN] PackLoader:240 - Cannot read IP mode file for STMicroelectronics.X-CUBE-ALGOBUILD.1.4.0
2025-04-16 22:36:55,806 [WARN] PackLoader:240 - Cannot read IP mode file for STMicroelectronics.X-CUBE-AI.9.1.0
2025-04-16 22:36:55,849 [WARN] PackLoader:240 - Cannot read IP mode file for STMicroelectronics.X-CUBE-AZRTOS-F4.1.1.0
2025-04-16 22:36:55,857 [WARN] PackLoader:240 - Cannot read IP mode file for Avnet-IotConnect.X-CUBE-IoTC-DA16k-PMOD.1.0.0
2025-04-16 22:36:55,879 [WARN] PackLoader:240 - Cannot read IP mode file for STMicroelectronics.X-CUBE-ISPU.2.1.0
2025-04-16 22:36:55,914 [WARN] PackLoader:240 - Cannot read IP mode file for STMicroelectronics.X-CUBE-AZRTOS-L5.2.0.0
2025-04-16 22:36:55,941 [WARN] PackLoader:240 - Cannot read IP mode file for STMicroelectronics.X-CUBE-NFC6.3.1.0
2025-04-16 22:36:55,962 [WARN] PackLoader:240 - Cannot read IP mode file for STMicroelectronics.X-CUBE-DPower.1.2.0
2025-04-16 22:36:55,986 [WARN] PackLoader:240 - Cannot read IP mode file for STMicroelectronics.X-CUBE-FREERTOS.1.3.0
2025-04-16 22:36:56,009 [WARN] PackLoader:240 - Cannot read IP mode file for STMicroelectronics.X-CUBE-NFC7.1.0.1
2025-04-16 22:36:56,015 [WARN] PackLoader:240 - Cannot read IP mode file for STMicroelectronics.X-CUBE-DPower.1.3.0
2025-04-16 22:36:56,056 [WARN] ConditionMgr:438 - getConditionDescription Invalid condition id : LAN8742 Phy interface Condition cause : null
2025-04-16 22:36:56,057 [WARN] PackLoader:240 - Cannot read IP mode file for STMicroelectronics.X-CUBE-AZRTOS-L4.2.0.0
2025-04-16 22:36:56,058 [WARN] ConditionMgr:1044 - genDependencies : Invalid condition id : LAN8742 Phy interface Condition cause : null
2025-04-16 22:36:56,059 [WARN] ConditionMgr:1044 - genDependencies : Invalid condition id : LAN8742 Phy interface Condition cause : null
2025-04-16 22:36:56,059 [WARN] ConditionMgr:1044 - genDependencies : Invalid condition id : LAN8742 Phy interface Condition cause : null
2025-04-16 22:36:56,081 [WARN] PackLoader:240 - Cannot read IP mode file for STMicroelectronics.X-CUBE-SFXS2LP1.4.0.0
2025-04-16 22:36:56,123 [WARN] PackLoader:240 - Cannot read IP mode file for STMicroelectronics.X-CUBE-AZRTOS-H7.3.3.0
2025-04-16 22:36:56,163 [WARN] ConditionMgr:438 - getConditionDescription Invalid condition id : UX DEVICE CLASS RTOS Condition cause : null
2025-04-16 22:36:56,163 [WARN] ConditionMgr:438 - getConditionDescription Invalid condition id : UX DEVICE CLASS RTOS Condition cause : null
2025-04-16 22:36:56,167 [WARN] PackLoader:240 - Cannot read IP mode file for STMicroelectronics.X-CUBE-AZRTOS-WB.2.0.0
2025-04-16 22:36:56,167 [WARN] ConditionMgr:1044 - genDependencies : Invalid condition id : UX DEVICE CLASS RTOS Condition cause : null
2025-04-16 22:36:56,167 [WARN] ConditionMgr:1044 - genDependencies : Invalid condition id : UX DEVICE CLASS RTOS Condition cause : null
2025-04-16 22:36:56,167 [WARN] ConditionMgr:1044 - genDependencies : Invalid condition id : UX DEVICE CLASS RTOS Condition cause : null
2025-04-16 22:36:56,167 [WARN] ConditionMgr:1044 - genDependencies : Invalid condition id : UX DEVICE CLASS RTOS Condition cause : null
2025-04-16 22:36:56,168 [WARN] ConditionMgr:1044 - genDependencies : Invalid condition id : UX DEVICE CLASS RTOS Condition cause : null
2025-04-16 22:36:56,189 [WARN] PackLoader:240 - Cannot read IP mode file for STMicroelectronics.X-CUBE-GNSS1.7.0.1
2025-04-16 22:36:56,215 [WARN] PackLoader:240 - Cannot read IP mode file for STMicroelectronics.X-CUBE-TOUCHGFX.4.25.0
2025-04-16 22:36:56,238 [WARN] PackLoader:240 - Cannot read IP mode file for STMicroelectronics.FP-SNS-STBOX1.2.0.0
2025-04-16 22:36:56,265 [WARN] PackLoader:240 - Cannot read IP mode file for STMicroelectronics.X-CUBE-SUBG2.5.0.0
2025-04-16 22:36:56,305 [WARN] PackLoader:240 - Cannot read IP mode file for STMicroelectronics.X-CUBE-AZRTOS-H7RS.1.1.0
2025-04-16 22:36:56,313 [WARN] PackLoader:240 - Cannot read IP mode file for Cesanta.I-CUBE-Mongoose.7.13.0
2025-04-16 22:36:56,343 [WARN] PackLoader:240 - Cannot read IP mode file for STMicroelectronics.X-CUBE-AZRTOS-G4.2.0.0
2025-04-16 22:36:56,373 [WARN] PackLoader:240 - Cannot read IP mode file for STMicroelectronics.X-CUBE-IPS.3.1.0
2025-04-16 22:36:56,396 [WARN] PackLoader:240 - Cannot read IP mode file for STMicroelectronics.X-CUBE-ALS.1.0.2
2025-04-16 22:36:56,417 [WARN] PackLoader:240 - Cannot read IP mode file for STMicroelectronics.X-CUBE-TOUCHGFX.4.24.2
2025-04-16 22:36:56,438 [WARN] PackLoader:240 - Cannot read IP mode file for wolfSSL.I-CUBE-wolfTPM.3.4.0
2025-04-16 22:36:56,455 [WARN] PackLoader:240 - Cannot read IP mode file for portGmbH.I-Cube-SoM-uGOAL.1.1.0
2025-04-16 22:36:56,490 [WARN] PackLoader:240 - Cannot read IP mode file for STMicroelectronics.X-CUBE-AZRTOS-H7RS.1.0.0
2025-04-16 22:36:56,525 [WARN] PackLoader:240 - Cannot read IP mode file for STMicroelectronics.X-CUBE-TOF1.3.4.2
2025-04-16 22:36:56,545 [WARN] PackLoader:240 - Cannot read IP mode file for STMicroelectronics.X-CUBE-TOF1.3.4.3
2025-04-16 22:36:56,564 [WARN] PackLoader:240 - Cannot read IP mode file for wolfSSL.I-CUBE-wolfSSH.1.4.17
2025-04-16 22:36:56,564 [INFO] ThirdParty:978 - Integrity check success = true
2025-04-16 22:36:56,564 [INFO] IntegrityCheckThread:100 - exiting critical section [integrity check]
2025-04-16 22:36:56,564 [INFO] IntegrityCheckThread:103 - End integrity checks thread
2025-04-16 22:43:33,360 [INFO] WebApp:190 - Connection lost
2025-04-16 22:49:17,396 [ERROR] ConfigurationRetriever:142 - IOException on connection: sw-center.st.com
2025-04-16 22:49:17,398 [ERROR] ConfigurationRetriever:142 - IOException on connection: sw-center.st.com
2025-04-16 22:49:17,401 [ERROR] ConfigurationRetriever:142 - IOException on connection: sw-center.st.com
