2025-05-25 12:07:34,596 [INFO] Activator:176 - 


2025-05-25 12:07:34,602 [INFO] Activator:177 - !SESSION log4j initialized
2025-05-25 12:07:41,181 [INFO] LogOutputStream:77 - [STDOUT_REDIRECT] 
2025-05-25 12:07:41,621 [ERROR] ConfigurationRetriever:142 - IOException on connection: sw-center.st.com
2025-05-25 12:07:41,623 [ERROR] ConfigurationRetriever:142 - IOException on connection: sw-center.st.com
2025-05-25 12:07:41,623 [ERROR] ConfigurationRetriever:142 - IOException on connection: sw-center.st.com
2025-05-25 12:07:41,632 [ERROR] ConfigurationRetriever:142 - IOException on connection: sw-center.st.com
2025-05-25 12:07:41,633 [ERROR] ConfigurationRetriever:142 - IOException on connection: sw-center.st.com
2025-05-25 12:07:41,634 [ERROR] ConfigurationRetriever:142 - IOException on connection: sw-center.st.com
2025-05-25 12:07:42,823 [INFO] ApplicationProperties:184 - Using Application install path: C:\ST\STM32CubeIDE_1.17.0\STM32CubeIDE\plugins\com.st.stm32cube.common.mx_6.13.0.202411220809
2025-05-25 12:07:42,841 [INFO] DbMcusXml:78 - Set database path to: C:\ST\STM32CubeIDE_1.17.0\STM32CubeIDE\plugins\com.st.stm32cube.common.mx_6.13.0.202411220809\\db\/mcu/
2025-05-25 12:07:42,841 [INFO] ApiDb:274 - Set plugin database path to: C:\ST\STM32CubeIDE_1.17.0\STM32CubeIDE\plugins\com.st.stm32cube.common.mx_6.13.0.202411220809\\db\/plugins/boardmanager/
2025-05-25 12:07:42,841 [WARN] ApiDb:259 - Overriding images path with different value:  => C:\ST\STM32CubeIDE_1.17.0\STM32CubeIDE\plugins\com.st.stm32cube.common.mx_6.13.0.202411220809\\db\/plugins/mcufinder/images/
2025-05-25 12:07:42,850 [INFO] ApiDb:250 - Set database path to: C:\Users\vinaykumar\.stmcufinder\plugins\mcufinder//mcu/
2025-05-25 12:07:42,851 [INFO] DbMcusAds:125 - Set database path to: C:\Users\vinaykumar\.stmcufinder\plugins\mcufinder//mcu/
2025-05-25 12:07:42,854 [INFO] CrossReferenceDbSqlite:203 - Set database path to: C:\Users\vinaykumar\.stmcufinder\plugins\mcufinder//mcu/cs/
2025-05-25 12:07:42,996 [INFO] RulesReader:64 - Compatibility file has been processed (297 Rules)
2025-05-25 12:07:43,102 [INFO] DbMcusXml:78 - Set database path to: C:\ST\STM32CubeIDE_1.17.0\STM32CubeIDE\plugins\com.st.stm32cube.common.mx_6.13.0.202411220809\\db\/mcu/
2025-05-25 12:07:43,102 [INFO] ApiDb:274 - Set plugin database path to: C:\ST\STM32CubeIDE_1.17.0\STM32CubeIDE\plugins\com.st.stm32cube.common.mx_6.13.0.202411220809\\db\/plugins/boardmanager/
2025-05-25 12:07:43,102 [INFO] ApiDb:261 - Set plugin images path to: C:\ST\STM32CubeIDE_1.17.0\STM32CubeIDE\plugins\com.st.stm32cube.common.mx_6.13.0.202411220809\\db\/plugins/mcufinder/images/
2025-05-25 12:07:43,102 [WARN] DbFile:41 - Overriding database path with different value: C:\Users\vinaykumar\.stmcufinder\plugins\mcufinder/ => C:\Users\vinaykumar\.stmcufinder\plugins\mcufinder
2025-05-25 12:07:43,102 [INFO] ApiDb:250 - Set database path to: C:\Users\vinaykumar\.stmcufinder\plugins\mcufinder//mcu/
2025-05-25 12:07:43,102 [WARN] DbFile:41 - Overriding database path with different value: C:\Users\vinaykumar\.stmcufinder\plugins\mcufinder/ => C:\Users\vinaykumar\.stmcufinder\plugins\mcufinder
2025-05-25 12:07:43,102 [INFO] DbMcusAds:125 - Set database path to: C:\Users\vinaykumar\.stmcufinder\plugins\mcufinder//mcu/
2025-05-25 12:07:43,102 [WARN] DbFile:41 - Overriding database path with different value: C:\Users\vinaykumar\.stmcufinder\plugins\mcufinder/ => C:\Users\vinaykumar\.stmcufinder\plugins\mcufinder
2025-05-25 12:07:43,102 [WARN] DbFile:41 - Overriding database path with different value: C:\Users\vinaykumar\.stmcufinder\plugins\mcufinder/ => C:\Users\vinaykumar\.stmcufinder\plugins\mcufinder
2025-05-25 12:07:43,102 [INFO] CrossReferenceDbSqlite:203 - Set database path to: C:\Users\vinaykumar\.stmcufinder\plugins\mcufinder//mcu/cs/
2025-05-25 12:07:43,199 [INFO] MainPanel:272 - HeapMemory: 268435456
2025-05-25 12:07:43,311 [INFO] DbMcusXml:78 - Set database path to: C:\ST\STM32CubeIDE_1.17.0\STM32CubeIDE\plugins\com.st.stm32cube.common.mx_6.13.0.202411220809\\db\/mcu/
2025-05-25 12:07:43,311 [INFO] ApiDb:274 - Set plugin database path to: C:\ST\STM32CubeIDE_1.17.0\STM32CubeIDE\plugins\com.st.stm32cube.common.mx_6.13.0.202411220809\\db\/plugins/boardmanager/
2025-05-25 12:07:43,311 [INFO] ApiDb:261 - Set plugin images path to: C:\ST\STM32CubeIDE_1.17.0\STM32CubeIDE\plugins\com.st.stm32cube.common.mx_6.13.0.202411220809\\db\/plugins/mcufinder/images/
2025-05-25 12:07:43,312 [WARN] DbFile:41 - Overriding database path with different value: C:\Users\vinaykumar\.stmcufinder\plugins\mcufinder/ => C:\Users\vinaykumar\.stmcufinder\plugins\mcufinder
2025-05-25 12:07:43,312 [INFO] ApiDb:250 - Set database path to: C:\Users\vinaykumar\.stmcufinder\plugins\mcufinder//mcu/
2025-05-25 12:07:43,312 [WARN] DbFile:41 - Overriding database path with different value: C:\Users\vinaykumar\.stmcufinder\plugins\mcufinder/ => C:\Users\vinaykumar\.stmcufinder\plugins\mcufinder
2025-05-25 12:07:43,312 [INFO] DbMcusAds:125 - Set database path to: C:\Users\vinaykumar\.stmcufinder\plugins\mcufinder//mcu/
2025-05-25 12:07:43,312 [WARN] DbFile:41 - Overriding database path with different value: C:\Users\vinaykumar\.stmcufinder\plugins\mcufinder/ => C:\Users\vinaykumar\.stmcufinder\plugins\mcufinder
2025-05-25 12:07:43,312 [WARN] DbFile:41 - Overriding database path with different value: C:\Users\vinaykumar\.stmcufinder\plugins\mcufinder/ => C:\Users\vinaykumar\.stmcufinder\plugins\mcufinder
2025-05-25 12:07:43,312 [INFO] CrossReferenceDbSqlite:203 - Set database path to: C:\Users\vinaykumar\.stmcufinder\plugins\mcufinder//mcu/cs/
2025-05-25 12:07:43,331 [INFO] ApplicationProperties:184 - Using Application install path: C:\ST\STM32CubeIDE_1.17.0\STM32CubeIDE\plugins\com.st.stm32cube.common.mx_6.13.0.202411220809
2025-05-25 12:07:43,333 [INFO] PluginManage:196 - Search for loadable plugins [exclusion list=, ]
2025-05-25 12:07:43,334 [INFO] PluginManage:310 - Check plugin analytics
2025-05-25 12:07:43,585 [INFO] AnalyticsPlugin:253 - Accepted Software Licenses: 
2025-05-25 12:07:43,586 [INFO] AnalyticsPlugin:255 - Accepted CMSIS Pack Licenses: 
2025-05-25 12:07:43,586 [INFO] AnalyticsPlugin:257 - Accepted Firmware Licenses: 
2025-05-25 12:07:43,590 [INFO] PluginManage:359 - Loaded plugin analytics (category:tool,tabindex:-1)
2025-05-25 12:07:43,590 [INFO] PluginManage:310 - Check plugin cadmodel
2025-05-25 12:07:43,590 [ERROR] ConfigurationRetriever:142 - IOException on connection: sw-center.st.com
2025-05-25 12:07:43,591 [ERROR] ConfigurationRetriever:142 - IOException on connection: sw-center.st.com
2025-05-25 12:07:43,592 [ERROR] ConfigurationRetriever:142 - IOException on connection: sw-center.st.com
2025-05-25 12:07:43,619 [INFO] CADModel:105 - Init CAD model plugin
2025-05-25 12:07:43,619 [INFO] PluginManage:359 - Loaded plugin cadmodel (category:power,tabindex:5)
2025-05-25 12:07:43,620 [INFO] PluginManage:310 - Check plugin clock
2025-05-25 12:07:43,648 [INFO] PluginManage:359 - Loaded plugin clock (category:base,tabindex:2)
2025-05-25 12:07:43,648 [INFO] PluginManage:310 - Check plugin ddr
2025-05-25 12:07:43,651 [INFO] PluginManage:359 - Loaded plugin ddr (category:tool,tabindex:6)
2025-05-25 12:07:43,651 [INFO] PluginManage:310 - Check plugin filemanager
2025-05-25 12:07:43,798 [INFO] PluginManage:359 - Loaded plugin filemanager (category:base,tabindex:10)
2025-05-25 12:07:43,798 [INFO] PluginManage:310 - Check plugin ipmanager
2025-05-25 12:07:43,807 [INFO] PluginManage:359 - Loaded plugin ipmanager (category:base,tabindex:5)
2025-05-25 12:07:43,807 [INFO] PluginManage:310 - Check plugin lpbam
2025-05-25 12:07:43,826 [INFO] PluginManage:359 - Loaded plugin lpbam (category:base,tabindex:0)
2025-05-25 12:07:43,826 [INFO] PluginManage:310 - Check plugin memorymap
2025-05-25 12:07:43,851 [INFO] PluginManage:359 - Loaded plugin memorymap (category:base,tabindex:4)
2025-05-25 12:07:43,851 [INFO] PluginManage:310 - Check plugin pinoutandconfiguration
2025-05-25 12:07:43,871 [INFO] PluginManage:359 - Loaded plugin pinoutandconfiguration (category:base,tabindex:1)
2025-05-25 12:07:43,871 [INFO] PluginManage:310 - Check plugin pinoutconfig
2025-05-25 12:07:43,966 [WARN] SupportedApi:132 - Cannot load RTOS API schema: s4s-elt-must-match.1: The content of 'definitions' must match (annotation?, (simpleType | complexType)?, (unique | key | keyref)*)). A problem was found starting at: attribute.
2025-05-25 12:07:44,106 [INFO] PluginManage:359 - Loaded plugin pinoutconfig (category:base,tabindex:0)
2025-05-25 12:07:44,106 [INFO] PluginManage:310 - Check plugin power
2025-05-25 12:07:44,137 [INFO] PluginManage:359 - Loaded plugin power (category:power,tabindex:4)
2025-05-25 12:07:44,137 [INFO] PluginManage:310 - Check plugin projectmanager
2025-05-25 12:07:44,155 [INFO] PluginManage:359 - Loaded plugin projectmanager (category:projectmanager,tabindex:4)
2025-05-25 12:07:44,155 [INFO] PluginManage:310 - Check plugin rif
2025-05-25 12:07:44,179 [INFO] PluginManage:359 - Loaded plugin rif (category:base,tabindex:3)
2025-05-25 12:07:44,179 [INFO] PluginManage:310 - Check plugin thirdparty
2025-05-25 12:07:44,514 [INFO] PluginManage:359 - Loaded plugin thirdparty (category:base,tabindex:-1)
2025-05-25 12:07:44,514 [WARN] IntegrityCheckThread:84 - waiting for thirdparty lock release [integrity check]
2025-05-25 12:07:44,515 [INFO] PluginManage:310 - Check plugin tools
2025-05-25 12:07:44,515 [INFO] IntegrityCheckThread:86 - entering critical section [integrity check]
2025-05-25 12:07:44,515 [INFO] ThirdPartyUpdaterWithRetryManager:70 - Updater plugin not ready yet. [1/15]
2025-05-25 12:07:44,561 [INFO] PluginManage:359 - Loaded plugin tools (category:base,tabindex:7)
2025-05-25 12:07:44,561 [INFO] PluginManage:310 - Check plugin tutovideos
2025-05-25 12:07:44,751 [INFO] PluginManage:359 - Loaded plugin tutovideos (category:base,tabindex:-1)
2025-05-25 12:07:44,751 [INFO] PluginManage:310 - Check plugin updater
2025-05-25 12:07:44,775 [INFO] PluginManage:359 - Loaded plugin updater (category:base,tabindex:12)
2025-05-25 12:07:44,775 [INFO] PluginManage:310 - Check plugin userauth
2025-05-25 12:07:44,781 [INFO] UserAuth:118 - Init User Auth plugin
2025-05-25 12:07:44,782 [INFO] PluginManage:359 - Loaded plugin userauth (category:base,tabindex:14)
2025-05-25 12:07:44,783 [INFO] PluginManage:283 - PluginManage : Loaded plugins [18]
2025-05-25 12:07:45,014 [INFO] PinOutPanel:1589 - setPackage(No Configuration,No Configuration)
2025-05-25 12:07:45,113 [INFO] CADModel:165 - CPN selected for project level
2025-05-25 12:07:45,113 [INFO] CADModel:114 - Register for checkConnection events
2025-05-25 12:07:45,153 [INFO] IPUIPlugin:80 - create IPUIPlugin
2025-05-25 12:07:45,153 [INFO] PluginManager:220 - loadIPPluginJar : add adc
2025-05-25 12:07:45,209 [INFO] IPUIPlugin:80 - create IPUIPlugin
2025-05-25 12:07:45,211 [INFO] PluginManager:220 - loadIPPluginJar : add aes
2025-05-25 12:07:45,269 [INFO] IPUIPlugin:80 - create IPUIPlugin
2025-05-25 12:07:45,270 [INFO] PluginManager:220 - loadIPPluginJar : add can
2025-05-25 12:07:45,299 [INFO] IPUIPlugin:80 - create IPUIPlugin
2025-05-25 12:07:45,299 [INFO] PluginManager:220 - loadIPPluginJar : add comp
2025-05-25 12:07:45,339 [INFO] IPUIPlugin:80 - create IPUIPlugin
2025-05-25 12:07:45,339 [INFO] PluginManager:220 - loadIPPluginJar : add cryp
2025-05-25 12:07:45,353 [INFO] IPUIPlugin:80 - create IPUIPlugin
2025-05-25 12:07:45,354 [INFO] PluginManager:220 - loadIPPluginJar : add ddr_ctrl_phy
2025-05-25 12:07:45,401 [INFO] IPUIPlugin:80 - create IPUIPlugin
2025-05-25 12:07:45,402 [INFO] PluginManager:220 - loadIPPluginJar : add dfsdm
2025-05-25 12:07:45,418 [INFO] IPUIPlugin:80 - create IPUIPlugin
2025-05-25 12:07:45,418 [INFO] PluginManager:220 - loadIPPluginJar : add dma
2025-05-25 12:07:45,461 [INFO] IPUIPlugin:80 - create IPUIPlugin
2025-05-25 12:07:45,462 [INFO] PluginManager:220 - loadIPPluginJar : add dma3
2025-05-25 12:07:45,514 [INFO] IPUIPlugin:80 - create IPUIPlugin
2025-05-25 12:07:45,514 [INFO] PluginManager:220 - loadIPPluginJar : add extmemmanager
2025-05-25 12:07:45,541 [INFO] IPUIPlugin:80 - create IPUIPlugin
2025-05-25 12:07:45,541 [INFO] PluginManager:220 - loadIPPluginJar : add fatfs
2025-05-25 12:07:45,591 [INFO] IPUIPlugin:80 - create IPUIPlugin
2025-05-25 12:07:45,591 [INFO] PluginManager:220 - loadIPPluginJar : add fmc
2025-05-25 12:07:45,608 [INFO] IPUIPlugin:80 - create IPUIPlugin
2025-05-25 12:07:45,608 [INFO] PluginManager:220 - loadIPPluginJar : add freertos
2025-05-25 12:07:45,633 [INFO] IPUIPlugin:80 - create IPUIPlugin
2025-05-25 12:07:45,633 [INFO] PluginManager:220 - loadIPPluginJar : add genericplugin
2025-05-25 12:07:45,742 [INFO] IPUIPlugin:80 - create IPUIPlugin
2025-05-25 12:07:45,742 [INFO] PluginManager:220 - loadIPPluginJar : add gfxmmu
2025-05-25 12:07:45,898 [INFO] IPUIPlugin:80 - create IPUIPlugin
2025-05-25 12:07:45,898 [INFO] PluginManager:220 - loadIPPluginJar : add gic
2025-05-25 12:07:45,914 [INFO] IPUIPlugin:80 - create IPUIPlugin
2025-05-25 12:07:45,915 [INFO] PluginManager:220 - loadIPPluginJar : add gpio
2025-05-25 12:07:46,017 [INFO] IPUIPlugin:80 - create IPUIPlugin
2025-05-25 12:07:46,018 [INFO] PluginManager:220 - loadIPPluginJar : add gtzc
2025-05-25 12:07:46,054 [INFO] IPUIPlugin:80 - create IPUIPlugin
2025-05-25 12:07:46,054 [INFO] PluginManager:220 - loadIPPluginJar : add hash
2025-05-25 12:07:46,110 [INFO] IPUIPlugin:80 - create IPUIPlugin
2025-05-25 12:07:46,110 [INFO] PluginManager:220 - loadIPPluginJar : add i2c
2025-05-25 12:07:46,152 [INFO] IPUIPlugin:80 - create IPUIPlugin
2025-05-25 12:07:46,152 [INFO] PluginManager:220 - loadIPPluginJar : add i2s
2025-05-25 12:07:46,212 [INFO] IPUIPlugin:80 - create IPUIPlugin
2025-05-25 12:07:46,213 [INFO] PluginManager:220 - loadIPPluginJar : add i3c
2025-05-25 12:07:46,363 [INFO] IPUIPlugin:80 - create IPUIPlugin
2025-05-25 12:07:46,363 [INFO] PluginManager:220 - loadIPPluginJar : add ipddr
2025-05-25 12:07:46,484 [INFO] IPUIPlugin:80 - create IPUIPlugin
2025-05-25 12:07:46,484 [INFO] PluginManager:220 - loadIPPluginJar : add linkedlist
2025-05-25 12:07:46,530 [INFO] IPUIPlugin:80 - create IPUIPlugin
2025-05-25 12:07:46,530 [INFO] PluginManager:220 - loadIPPluginJar : add lorawan
2025-05-25 12:07:46,574 [INFO] IPUIPlugin:80 - create IPUIPlugin
2025-05-25 12:07:46,574 [INFO] PluginManager:220 - loadIPPluginJar : add ltdc
2025-05-25 12:07:46,589 [INFO] IPUIPlugin:80 - create IPUIPlugin
2025-05-25 12:07:46,589 [INFO] PluginManager:220 - loadIPPluginJar : add mdma
2025-05-25 12:07:46,603 [INFO] IPUIPlugin:80 - create IPUIPlugin
2025-05-25 12:07:46,603 [INFO] PluginManager:220 - loadIPPluginJar : add nvic
2025-05-25 12:07:46,645 [INFO] IPUIPlugin:80 - create IPUIPlugin
2025-05-25 12:07:46,645 [INFO] PluginManager:220 - loadIPPluginJar : add opamp
2025-05-25 12:07:46,720 [INFO] IPUIPlugin:80 - create IPUIPlugin
2025-05-25 12:07:46,720 [INFO] PluginManager:220 - loadIPPluginJar : add openamp
2025-05-25 12:07:46,768 [INFO] IPUIPlugin:80 - create IPUIPlugin
2025-05-25 12:07:46,769 [INFO] PluginManager:220 - loadIPPluginJar : add pdm2pcm
2025-05-25 12:07:46,784 [INFO] IPUIPlugin:80 - create IPUIPlugin
2025-05-25 12:07:46,785 [INFO] PluginManager:220 - loadIPPluginJar : add plateformsettings
2025-05-25 12:07:46,814 [INFO] IPUIPlugin:80 - create IPUIPlugin
2025-05-25 12:07:46,815 [INFO] PluginManager:220 - loadIPPluginJar : add quadspi
2025-05-25 12:07:46,849 [INFO] IPUIPlugin:80 - create IPUIPlugin
2025-05-25 12:07:46,849 [INFO] PluginManager:220 - loadIPPluginJar : add radio
2025-05-25 12:07:46,865 [INFO] IPUIPlugin:80 - create IPUIPlugin
2025-05-25 12:07:46,865 [INFO] PluginManager:220 - loadIPPluginJar : add resmgrutility
2025-05-25 12:07:46,918 [INFO] IPUIPlugin:80 - create IPUIPlugin
2025-05-25 12:07:46,918 [INFO] PluginManager:220 - loadIPPluginJar : add sai
2025-05-25 12:07:46,960 [INFO] IPUIPlugin:80 - create IPUIPlugin
2025-05-25 12:07:46,960 [INFO] PluginManager:220 - loadIPPluginJar : add spi
2025-05-25 12:07:47,030 [INFO] IPUIPlugin:80 - create IPUIPlugin
2025-05-25 12:07:47,030 [INFO] PluginManager:220 - loadIPPluginJar : add stm32_wpan
2025-05-25 12:07:47,058 [INFO] IPUIPlugin:80 - create IPUIPlugin
2025-05-25 12:07:47,058 [INFO] PluginManager:220 - loadIPPluginJar : add tim
2025-05-25 12:07:47,126 [INFO] IPUIPlugin:80 - create IPUIPlugin
2025-05-25 12:07:47,126 [INFO] PluginManager:220 - loadIPPluginJar : add touchsensing
2025-05-25 12:07:47,152 [INFO] IPUIPlugin:80 - create IPUIPlugin
2025-05-25 12:07:47,152 [INFO] PluginManager:220 - loadIPPluginJar : add tracer_emb
2025-05-25 12:07:47,180 [INFO] IPUIPlugin:80 - create IPUIPlugin
2025-05-25 12:07:47,180 [INFO] PluginManager:220 - loadIPPluginJar : add ts
2025-05-25 12:07:47,208 [INFO] IPUIPlugin:80 - create IPUIPlugin
2025-05-25 12:07:47,208 [INFO] PluginManager:220 - loadIPPluginJar : add tsc
2025-05-25 12:07:47,238 [INFO] IPUIPlugin:80 - create IPUIPlugin
2025-05-25 12:07:47,239 [INFO] PluginManager:220 - loadIPPluginJar : add ucpd
2025-05-25 12:07:47,286 [INFO] IPUIPlugin:80 - create IPUIPlugin
2025-05-25 12:07:47,286 [INFO] PluginManager:220 - loadIPPluginJar : add usart
2025-05-25 12:07:47,332 [INFO] IPUIPlugin:80 - create IPUIPlugin
2025-05-25 12:07:47,332 [INFO] PluginManager:220 - loadIPPluginJar : add usbx
2025-05-25 12:07:47,466 [FATAL] Updater:351 - Updater called before beeing initialized
2025-05-25 12:07:47,515 [INFO] RulesReader:64 - Compatibility file has been processed (297 Rules)
2025-05-25 12:07:47,517 [INFO] ThirdPartyUpdaterWithRetryManager:70 - Updater plugin not ready yet. [2/15]
2025-05-25 12:07:47,532 [INFO] RulesReader:64 - Compatibility file has been processed (297 Rules)
2025-05-25 12:07:47,545 [INFO] CADModel:165 - CPN selected for project level
2025-05-25 12:07:47,546 [INFO] CADModel:114 - Register for checkConnection events
2025-05-25 12:07:47,546 [FATAL] Updater:351 - Updater called before beeing initialized
2025-05-25 12:07:47,546 [ERROR] CADModel:125 - Updater not yet initialized, retry later 
2025-05-25 12:07:47,733 [FATAL] Updater:351 - Updater called before beeing initialized
2025-05-25 12:07:47,735 [INFO] CADModel:165 - CPN selected for project level
2025-05-25 12:07:47,735 [INFO] CADModel:114 - Register for checkConnection events
2025-05-25 12:07:47,735 [FATAL] Updater:351 - Updater called before beeing initialized
2025-05-25 12:07:47,735 [ERROR] CADModel:125 - Updater not yet initialized, retry later 
2025-05-25 12:07:47,739 [FATAL] Updater:351 - Updater called before beeing initialized
2025-05-25 12:07:47,846 [FATAL] Updater:351 - Updater called before beeing initialized
2025-05-25 12:07:47,860 [INFO] DbMcusAds:53 - JSON generation date=Tue Dec 17 21:31:15 IST 2024 (1734451275111)
2025-05-25 12:07:47,860 [FATAL] Updater:351 - Updater called before beeing initialized
2025-05-25 12:07:47,913 [WARN] DetailPanel:346 - Failed to get advertising image, set to default
2025-05-25 12:07:48,113 [FATAL] Updater:351 - Updater called before beeing initialized
2025-05-25 12:07:48,115 [FATAL] Updater:351 - Updater called before beeing initialized
2025-05-25 12:07:48,115 [FATAL] Updater:351 - Updater called before beeing initialized
2025-05-25 12:07:48,115 [WARN] DetailPanel:346 - Failed to get advertising image, set to default
2025-05-25 12:07:48,116 [FATAL] Updater:351 - Updater called before beeing initialized
2025-05-25 12:07:48,190 [ERROR] Updater:1198 - MainUpdater not yet initialized. External WinMGr cannot be set.
2025-05-25 12:07:48,202 [INFO] Updater:1134 - Updater Version found : 6.13.0
2025-05-25 12:07:48,221 [INFO] ApplicationProperties:184 - Using Application install path: C:\ST\STM32CubeIDE_1.17.0\STM32CubeIDE\plugins\com.st.stm32cube.common.mx_6.13.0.202411220809
2025-05-25 12:07:49,806 [ERROR] LogOutputStream:75 - [STDERR_REDIRECT] May 25, 2025 12:07:49 PM java.util.prefs.WindowsPreferences <init>
2025-05-25 12:07:49,807 [ERROR] LogOutputStream:75 - [STDERR_REDIRECT] WARNING: Could not open/create prefs root node Software\JavaSoft\Prefs at root 0xffffffff80000002. Windows RegCreateKeyEx(...) returned error code 5.
2025-05-25 12:07:49,808 [ERROR] LogOutputStream:75 - [STDERR_REDIRECT] 
2025-05-25 12:07:50,163 [INFO] MainUpdater:2872 - connection check result : 22
2025-05-25 12:07:50,164 [INFO] MainUpdater:289 - Updater Check For Update Now.
2025-05-25 12:07:50,164 [INFO] MicroXplorer:498 - Change Database Version : DB.6.0.130
2025-05-25 12:07:50,193 [INFO] McuFinderGlobals:63 - Set McuFinder mode to 2 (CubeIDE integrated)
2025-05-25 12:07:50,193 [INFO] UserAuth:171 - activating auth plugin
2025-05-25 12:07:50,198 [INFO] UserAuth:486 - Internet connection configuration mode: 2
2025-05-25 12:07:50,220 [INFO] UserAuth:486 - Internet connection configuration mode: 2
2025-05-25 12:07:50,437 [INFO] CheckServerUpdateThread:120 - End of CheckServer Thread
2025-05-25 12:07:50,827 [WARN] PackLoader:240 - Cannot read IP mode file for STMicroelectronics.FP-SNS-MOTENVWB1.1.4.0
2025-05-25 12:07:50,855 [WARN] PackLoader:240 - Cannot read IP mode file for STMicroelectronics.FP-ATR-ASTRA1.2.0.2
2025-05-25 12:07:50,875 [WARN] PackLoader:240 - Cannot read IP mode file for STMicroelectronics.FP-ATR-ASTRA1.2.0.1
2025-05-25 12:07:50,901 [WARN] PackLoader:240 - Cannot read IP mode file for STMicroelectronics.X-CUBE-SMBUS.2.1.0
2025-05-25 12:07:50,923 [WARN] PackLoader:240 - Cannot read IP mode file for STMicroelectronics.X-CUBE-WB05N.1.1.0
2025-05-25 12:07:50,941 [WARN] PackLoader:240 - Cannot read IP mode file for STMicroelectronics.X-CUBE-ST60.1.0.0
2025-05-25 12:07:50,994 [WARN] PackLoader:240 - Cannot read IP mode file for STMicroelectronics.X-CUBE-AZRTOS-F7.1.1.0
2025-05-25 12:07:51,031 [WARN] PackLoader:240 - Cannot read IP mode file for STMicroelectronics.FP-SNS-FLIGHT1.5.0.2
2025-05-25 12:07:51,074 [WARN] PackLoader:240 - Cannot read IP mode file for Infineon.AIROC-Wi-Fi-Bluetooth-STM32.1.7.0
2025-05-25 12:07:51,100 [WARN] PackLoader:240 - Cannot read IP mode file for STMicroelectronics.X-CUBE-DISPLAY.3.0.0
2025-05-25 12:07:51,127 [WARN] PackLoader:240 - Cannot read IP mode file for STMicroelectronics.X-CUBE-BLE1.7.0.0
2025-05-25 12:07:51,152 [WARN] PackLoader:240 - Cannot read IP mode file for STMicroelectronics.X-CUBE-NFC10.1.0.0
2025-05-25 12:07:51,184 [WARN] PackLoader:240 - Cannot read IP mode file for STMicroelectronics.X-CUBE-BLEMGR.4.0.0
2025-05-25 12:07:51,208 [WARN] PackLoader:240 - Cannot read IP mode file for emotas.I-CUBE-CANOPEN.1.3.0
2025-05-25 12:07:51,225 [WARN] PackLoader:240 - Cannot read IP mode file for STMicroelectronics.X-CUBE-AI.10.0.0
2025-05-25 12:07:51,242 [WARN] PackLoader:240 - Cannot read IP mode file for STMicroelectronics.FP-SNS-SMARTAG2.1.2.0
2025-05-25 12:07:51,258 [WARN] PackLoader:240 - Cannot read IP mode file for STMicroelectronics.FP-SNS-FLIGHT1.5.1.0
2025-05-25 12:07:51,337 [WARN] PackLoader:240 - Cannot read IP mode file for STMicroelectronics.X-CUBE-MEMS1.11.1.0
2025-05-25 12:07:51,514 [INFO] LogOutputStream:77 - [STDOUT_REDIRECT] 1 : Invalid condition id : UX_CORESTACK_Condition cause : null
2025-05-25 12:07:51,515 [INFO] LogOutputStream:77 - [STDOUT_REDIRECT] 1 : Invalid condition id : UX_CORESTACK_Condition cause : null
2025-05-25 12:07:51,516 [INFO] LogOutputStream:77 - [STDOUT_REDIRECT] 1 : Invalid condition id : UX_CORESTACK_Condition cause : null
2025-05-25 12:07:51,518 [INFO] LogOutputStream:77 - [STDOUT_REDIRECT] 1 : Invalid condition id : UX_CORESTACK_Condition cause : null
2025-05-25 12:07:51,519 [INFO] LogOutputStream:77 - [STDOUT_REDIRECT] 1 : Invalid condition id : UX_CORESTACK_Condition cause : null
2025-05-25 12:07:51,522 [WARN] PackLoader:240 - Cannot read IP mode file for STMicroelectronics.X-CUBE-AZRTOS-WL.2.0.0
2025-05-25 12:07:51,549 [WARN] PackLoader:240 - Cannot read IP mode file for STMicroelectronics.FP-SNS-MOTENV1.5.0.0
2025-05-25 12:07:51,581 [WARN] PackLoader:240 - Cannot read IP mode file for wolfSSL.I-CUBE-wolfMQTT.1.19.0
2025-05-25 12:07:51,613 [WARN] PackLoader:240 - Cannot read IP mode file for WES.I-CUBE-Cesium.1.3.0
2025-05-25 12:07:51,637 [WARN] PackLoader:240 - Cannot read IP mode file for STMicroelectronics.X-CUBE-BLE2.3.3.0
2025-05-25 12:07:51,657 [WARN] PackLoader:240 - Cannot read IP mode file for STMicroelectronics.X-CUBE-NFC9.1.0.0
2025-05-25 12:07:51,677 [WARN] PackLoader:240 - Cannot read IP mode file for STMicroelectronics.X-CUBE-BLE1.7.1.0
2025-05-25 12:07:51,739 [WARN] PackLoader:240 - Cannot read IP mode file for STMicroelectronics.X-CUBE-MEMS1.11.2.0
2025-05-25 12:07:51,866 [WARN] PackLoader:240 - Cannot read IP mode file for STMicroelectronics.X-CUBE-AZRTOS-G0.1.1.0
2025-05-25 12:07:51,888 [WARN] PackLoader:240 - Cannot read IP mode file for STMicroelectronics.X-CUBE-SAFEA1.1.2.2
2025-05-25 12:07:51,908 [WARN] PackLoader:240 - Cannot read IP mode file for STMicroelectronics.X-CUBE-NFC4.3.0.0
2025-05-25 12:07:51,931 [WARN] PackLoader:240 - Cannot read IP mode file for EmbeddedOffice.I-CUBE-FS-RTOS.1.0.1
2025-05-25 12:07:51,953 [WARN] PackLoader:240 - Cannot read IP mode file for STMicroelectronics.X-CUBE-WB05N.2.0.0
2025-05-25 12:07:51,977 [WARN] PackLoader:240 - Cannot read IP mode file for STMicroelectronics.X-CUBE-TCPP.4.2.0
2025-05-25 12:07:51,999 [WARN] PackLoader:240 - Cannot read IP mode file for RealThread.X-CUBE-RT-Thread_Nano.4.1.1
2025-05-25 12:07:52,013 [WARN] PackLoader:240 - Cannot read IP mode file for STMicroelectronics.FP-ATR-SIGFOX1.3.2.0
2025-05-25 12:07:52,029 [WARN] ConditionMgr:438 - getConditionDescription Invalid condition id : Cortex-A Device cause : null
2025-05-25 12:07:52,058 [WARN] ConditionMgr:1044 - genDependencies : Invalid condition id : Cortex-A Device cause : null
2025-05-25 12:07:52,058 [WARN] ConditionMgr:1044 - genDependencies : Invalid condition id : Cortex-A Device cause : null
2025-05-25 12:07:52,058 [WARN] ConditionMgr:1044 - genDependencies : Invalid condition id : Cortex-A Device cause : null
2025-05-25 12:07:52,074 [WARN] PackLoader:240 - Cannot read IP mode file for STMicroelectronics.X-CUBE-EEPRMA1.5.1.0
2025-05-25 12:07:52,092 [WARN] PackLoader:240 - Cannot read IP mode file for wolfSSL.I-CUBE-wolfSSL.5.7.4
2025-05-25 12:07:52,112 [WARN] PackLoader:240 - Cannot read IP mode file for ITTIA_DB.I-CUBE-ITTIADB.8.9.0
2025-05-25 12:07:52,146 [WARN] PackLoader:240 - Cannot read IP mode file for SEGGER.I-CUBE-embOS.1.3.1
2025-05-25 12:07:52,197 [WARN] PackLoader:240 - Cannot read IP mode file for STMicroelectronics.X-CUBE-ALGOBUILD.1.4.0
2025-05-25 12:07:52,219 [WARN] PackLoader:240 - Cannot read IP mode file for STMicroelectronics.X-CUBE-AI.9.1.0
2025-05-25 12:07:52,257 [WARN] PackLoader:240 - Cannot read IP mode file for STMicroelectronics.X-CUBE-AZRTOS-F4.1.1.0
2025-05-25 12:07:52,281 [WARN] PackLoader:240 - Cannot read IP mode file for Avnet-IotConnect.X-CUBE-IoTC-DA16k-PMOD.1.0.0
2025-05-25 12:07:52,299 [WARN] PackLoader:240 - Cannot read IP mode file for STMicroelectronics.X-CUBE-ISPU.2.1.0
2025-05-25 12:07:52,331 [WARN] PackLoader:240 - Cannot read IP mode file for STMicroelectronics.X-CUBE-AZRTOS-L5.2.0.0
2025-05-25 12:07:52,355 [WARN] PackLoader:240 - Cannot read IP mode file for STMicroelectronics.X-CUBE-NFC6.3.1.0
2025-05-25 12:07:52,376 [WARN] PackLoader:240 - Cannot read IP mode file for STMicroelectronics.X-CUBE-DPower.1.2.0
2025-05-25 12:07:52,395 [WARN] PackLoader:240 - Cannot read IP mode file for STMicroelectronics.X-CUBE-FREERTOS.1.3.1
2025-05-25 12:07:52,414 [WARN] PackLoader:240 - Cannot read IP mode file for STMicroelectronics.X-CUBE-FREERTOS.1.3.0
2025-05-25 12:07:52,436 [WARN] PackLoader:240 - Cannot read IP mode file for STMicroelectronics.X-CUBE-NFC7.1.0.1
2025-05-25 12:07:52,454 [WARN] PackLoader:240 - Cannot read IP mode file for STMicroelectronics.X-CUBE-DPower.1.3.0
2025-05-25 12:07:52,487 [WARN] ConditionMgr:438 - getConditionDescription Invalid condition id : LAN8742 Phy interface Condition cause : null
2025-05-25 12:07:52,487 [WARN] PackLoader:240 - Cannot read IP mode file for STMicroelectronics.X-CUBE-AZRTOS-L4.2.0.0
2025-05-25 12:07:52,488 [WARN] ConditionMgr:1044 - genDependencies : Invalid condition id : LAN8742 Phy interface Condition cause : null
2025-05-25 12:07:52,488 [WARN] ConditionMgr:1044 - genDependencies : Invalid condition id : LAN8742 Phy interface Condition cause : null
2025-05-25 12:07:52,489 [WARN] ConditionMgr:1044 - genDependencies : Invalid condition id : LAN8742 Phy interface Condition cause : null
2025-05-25 12:07:52,509 [WARN] PackLoader:240 - Cannot read IP mode file for STMicroelectronics.X-CUBE-SFXS2LP1.4.0.0
2025-05-25 12:07:52,547 [WARN] PackLoader:240 - Cannot read IP mode file for STMicroelectronics.X-CUBE-AZRTOS-H7.3.3.0
2025-05-25 12:07:52,585 [WARN] ConditionMgr:438 - getConditionDescription Invalid condition id : UX DEVICE CLASS RTOS Condition cause : null
2025-05-25 12:07:52,585 [WARN] ConditionMgr:438 - getConditionDescription Invalid condition id : UX DEVICE CLASS RTOS Condition cause : null
2025-05-25 12:07:52,587 [WARN] PackLoader:240 - Cannot read IP mode file for STMicroelectronics.X-CUBE-AZRTOS-WB.2.0.0
2025-05-25 12:07:52,588 [WARN] ConditionMgr:1044 - genDependencies : Invalid condition id : UX DEVICE CLASS RTOS Condition cause : null
2025-05-25 12:07:52,588 [WARN] ConditionMgr:1044 - genDependencies : Invalid condition id : UX DEVICE CLASS RTOS Condition cause : null
2025-05-25 12:07:52,589 [WARN] ConditionMgr:1044 - genDependencies : Invalid condition id : UX DEVICE CLASS RTOS Condition cause : null
2025-05-25 12:07:52,589 [WARN] ConditionMgr:1044 - genDependencies : Invalid condition id : UX DEVICE CLASS RTOS Condition cause : null
2025-05-25 12:07:52,589 [WARN] ConditionMgr:1044 - genDependencies : Invalid condition id : UX DEVICE CLASS RTOS Condition cause : null
2025-05-25 12:07:52,607 [WARN] PackLoader:240 - Cannot read IP mode file for STMicroelectronics.X-CUBE-GNSS1.7.0.1
2025-05-25 12:07:52,628 [WARN] PackLoader:240 - Cannot read IP mode file for STMicroelectronics.X-CUBE-TOUCHGFX.4.25.0
2025-05-25 12:07:52,647 [WARN] PackLoader:240 - Cannot read IP mode file for STMicroelectronics.FP-SNS-STBOX1.2.0.0
2025-05-25 12:07:52,673 [WARN] PackLoader:240 - Cannot read IP mode file for STMicroelectronics.X-CUBE-SUBG2.5.0.0
2025-05-25 12:07:52,719 [WARN] PackLoader:240 - Cannot read IP mode file for STMicroelectronics.X-CUBE-AZRTOS-H7RS.1.1.0
2025-05-25 12:07:52,743 [WARN] PackLoader:240 - Cannot read IP mode file for Cesanta.I-CUBE-Mongoose.7.13.0
2025-05-25 12:07:52,774 [WARN] PackLoader:240 - Cannot read IP mode file for STMicroelectronics.X-CUBE-AZRTOS-G4.2.0.0
2025-05-25 12:07:52,800 [WARN] PackLoader:240 - Cannot read IP mode file for STMicroelectronics.X-CUBE-NFC7.2.0.0
2025-05-25 12:07:52,834 [WARN] PackLoader:240 - Cannot read IP mode file for STMicroelectronics.X-CUBE-IPS.3.1.0
2025-05-25 12:07:52,868 [WARN] PackLoader:240 - Cannot read IP mode file for STMicroelectronics.X-CUBE-ALS.1.0.2
2025-05-25 12:07:52,893 [WARN] PackLoader:240 - Cannot read IP mode file for STMicroelectronics.X-CUBE-TOUCHGFX.4.24.2
2025-05-25 12:07:52,915 [WARN] PackLoader:240 - Cannot read IP mode file for wolfSSL.I-CUBE-wolfTPM.3.4.0
2025-05-25 12:07:52,938 [WARN] PackLoader:240 - Cannot read IP mode file for portGmbH.I-Cube-SoM-uGOAL.1.1.0
2025-05-25 12:07:52,968 [WARN] PackLoader:240 - Cannot read IP mode file for STMicroelectronics.X-CUBE-AZRTOS-H7RS.1.0.0
2025-05-25 12:07:52,992 [WARN] PackLoader:240 - Cannot read IP mode file for STMicroelectronics.X-CUBE-TOF1.3.4.2
2025-05-25 12:07:53,019 [WARN] PackLoader:240 - Cannot read IP mode file for STMicroelectronics.X-CUBE-TOF1.3.4.3
2025-05-25 12:07:53,042 [WARN] PackLoader:240 - Cannot read IP mode file for wolfSSL.I-CUBE-wolfSSH.1.4.17
2025-05-25 12:07:53,043 [INFO] ThirdParty:978 - Integrity check success = true
2025-05-25 12:07:53,043 [INFO] IntegrityCheckThread:100 - exiting critical section [integrity check]
2025-05-25 12:07:53,043 [INFO] IntegrityCheckThread:103 - End integrity checks thread
