2025-05-07 21:39:42,003 [INFO] Activator:176 - 


2025-05-07 21:39:42,009 [INFO] Activator:177 - !SESSION log4j initialized
2025-05-07 21:39:50,261 [INFO] LogOutputStream:77 - [STDOUT_REDIRECT] 
2025-05-07 21:39:52,055 [INFO] ApplicationProperties:184 - Using Application install path: C:\ST\STM32CubeIDE_1.17.0\STM32CubeIDE\plugins\com.st.stm32cube.common.mx_6.13.0.202411220809
2025-05-07 21:39:52,076 [INFO] DbMcusXml:78 - Set database path to: C:\ST\STM32CubeIDE_1.17.0\STM32CubeIDE\plugins\com.st.stm32cube.common.mx_6.13.0.202411220809\\db\/mcu/
2025-05-07 21:39:52,076 [INFO] ApiDb:274 - Set plugin database path to: C:\ST\STM32CubeIDE_1.17.0\STM32CubeIDE\plugins\com.st.stm32cube.common.mx_6.13.0.202411220809\\db\/plugins/boardmanager/
2025-05-07 21:39:52,077 [WARN] ApiDb:259 - Overriding images path with different value:  => C:\ST\STM32CubeIDE_1.17.0\STM32CubeIDE\plugins\com.st.stm32cube.common.mx_6.13.0.202411220809\\db\/plugins/mcufinder/images/
2025-05-07 21:39:52,090 [INFO] ApiDb:250 - Set database path to: C:\Users\vinaykumar\.stmcufinder\plugins\mcufinder//mcu/
2025-05-07 21:39:52,092 [INFO] DbMcusAds:125 - Set database path to: C:\Users\vinaykumar\.stmcufinder\plugins\mcufinder//mcu/
2025-05-07 21:39:52,095 [INFO] CrossReferenceDbSqlite:203 - Set database path to: C:\Users\vinaykumar\.stmcufinder\plugins\mcufinder//mcu/cs/
2025-05-07 21:39:52,233 [INFO] RulesReader:64 - Compatibility file has been processed (297 Rules)
2025-05-07 21:39:52,345 [INFO] DbMcusXml:78 - Set database path to: C:\ST\STM32CubeIDE_1.17.0\STM32CubeIDE\plugins\com.st.stm32cube.common.mx_6.13.0.202411220809\\db\/mcu/
2025-05-07 21:39:52,346 [INFO] ApiDb:274 - Set plugin database path to: C:\ST\STM32CubeIDE_1.17.0\STM32CubeIDE\plugins\com.st.stm32cube.common.mx_6.13.0.202411220809\\db\/plugins/boardmanager/
2025-05-07 21:39:52,346 [INFO] ApiDb:261 - Set plugin images path to: C:\ST\STM32CubeIDE_1.17.0\STM32CubeIDE\plugins\com.st.stm32cube.common.mx_6.13.0.202411220809\\db\/plugins/mcufinder/images/
2025-05-07 21:39:52,346 [WARN] DbFile:41 - Overriding database path with different value: C:\Users\vinaykumar\.stmcufinder\plugins\mcufinder/ => C:\Users\vinaykumar\.stmcufinder\plugins\mcufinder
2025-05-07 21:39:52,346 [INFO] ApiDb:250 - Set database path to: C:\Users\vinaykumar\.stmcufinder\plugins\mcufinder//mcu/
2025-05-07 21:39:52,346 [WARN] DbFile:41 - Overriding database path with different value: C:\Users\vinaykumar\.stmcufinder\plugins\mcufinder/ => C:\Users\vinaykumar\.stmcufinder\plugins\mcufinder
2025-05-07 21:39:52,346 [INFO] DbMcusAds:125 - Set database path to: C:\Users\vinaykumar\.stmcufinder\plugins\mcufinder//mcu/
2025-05-07 21:39:52,347 [WARN] DbFile:41 - Overriding database path with different value: C:\Users\vinaykumar\.stmcufinder\plugins\mcufinder/ => C:\Users\vinaykumar\.stmcufinder\plugins\mcufinder
2025-05-07 21:39:52,347 [WARN] DbFile:41 - Overriding database path with different value: C:\Users\vinaykumar\.stmcufinder\plugins\mcufinder/ => C:\Users\vinaykumar\.stmcufinder\plugins\mcufinder
2025-05-07 21:39:52,347 [INFO] CrossReferenceDbSqlite:203 - Set database path to: C:\Users\vinaykumar\.stmcufinder\plugins\mcufinder//mcu/cs/
2025-05-07 21:39:52,456 [INFO] MainPanel:272 - HeapMemory: 268435456
2025-05-07 21:39:52,609 [INFO] DbMcusXml:78 - Set database path to: C:\ST\STM32CubeIDE_1.17.0\STM32CubeIDE\plugins\com.st.stm32cube.common.mx_6.13.0.202411220809\\db\/mcu/
2025-05-07 21:39:52,609 [INFO] ApiDb:274 - Set plugin database path to: C:\ST\STM32CubeIDE_1.17.0\STM32CubeIDE\plugins\com.st.stm32cube.common.mx_6.13.0.202411220809\\db\/plugins/boardmanager/
2025-05-07 21:39:52,609 [INFO] ApiDb:261 - Set plugin images path to: C:\ST\STM32CubeIDE_1.17.0\STM32CubeIDE\plugins\com.st.stm32cube.common.mx_6.13.0.202411220809\\db\/plugins/mcufinder/images/
2025-05-07 21:39:52,609 [WARN] DbFile:41 - Overriding database path with different value: C:\Users\vinaykumar\.stmcufinder\plugins\mcufinder/ => C:\Users\vinaykumar\.stmcufinder\plugins\mcufinder
2025-05-07 21:39:52,609 [INFO] ApiDb:250 - Set database path to: C:\Users\vinaykumar\.stmcufinder\plugins\mcufinder//mcu/
2025-05-07 21:39:52,609 [WARN] DbFile:41 - Overriding database path with different value: C:\Users\vinaykumar\.stmcufinder\plugins\mcufinder/ => C:\Users\vinaykumar\.stmcufinder\plugins\mcufinder
2025-05-07 21:39:52,609 [INFO] DbMcusAds:125 - Set database path to: C:\Users\vinaykumar\.stmcufinder\plugins\mcufinder//mcu/
2025-05-07 21:39:52,610 [WARN] DbFile:41 - Overriding database path with different value: C:\Users\vinaykumar\.stmcufinder\plugins\mcufinder/ => C:\Users\vinaykumar\.stmcufinder\plugins\mcufinder
2025-05-07 21:39:52,610 [WARN] DbFile:41 - Overriding database path with different value: C:\Users\vinaykumar\.stmcufinder\plugins\mcufinder/ => C:\Users\vinaykumar\.stmcufinder\plugins\mcufinder
2025-05-07 21:39:52,610 [INFO] CrossReferenceDbSqlite:203 - Set database path to: C:\Users\vinaykumar\.stmcufinder\plugins\mcufinder//mcu/cs/
2025-05-07 21:39:52,632 [INFO] ApplicationProperties:184 - Using Application install path: C:\ST\STM32CubeIDE_1.17.0\STM32CubeIDE\plugins\com.st.stm32cube.common.mx_6.13.0.202411220809
2025-05-07 21:39:52,633 [INFO] PluginManage:196 - Search for loadable plugins [exclusion list=, ]
2025-05-07 21:39:52,634 [INFO] PluginManage:310 - Check plugin analytics
2025-05-07 21:39:52,891 [INFO] AnalyticsPlugin:253 - Accepted Software Licenses: 
2025-05-07 21:39:52,891 [INFO] AnalyticsPlugin:255 - Accepted CMSIS Pack Licenses: 
2025-05-07 21:39:52,891 [INFO] AnalyticsPlugin:257 - Accepted Firmware Licenses: 
2025-05-07 21:39:52,897 [INFO] PluginManage:359 - Loaded plugin analytics (category:tool,tabindex:-1)
2025-05-07 21:39:52,898 [INFO] PluginManage:310 - Check plugin cadmodel
2025-05-07 21:39:52,933 [INFO] CADModel:105 - Init CAD model plugin
2025-05-07 21:39:52,933 [INFO] PluginManage:359 - Loaded plugin cadmodel (category:power,tabindex:5)
2025-05-07 21:39:52,934 [INFO] PluginManage:310 - Check plugin clock
2025-05-07 21:39:52,968 [INFO] PluginManage:359 - Loaded plugin clock (category:base,tabindex:2)
2025-05-07 21:39:52,968 [INFO] PluginManage:310 - Check plugin ddr
2025-05-07 21:39:52,973 [INFO] PluginManage:359 - Loaded plugin ddr (category:tool,tabindex:6)
2025-05-07 21:39:52,973 [INFO] PluginManage:310 - Check plugin filemanager
2025-05-07 21:39:53,191 [INFO] PluginManage:359 - Loaded plugin filemanager (category:base,tabindex:10)
2025-05-07 21:39:53,191 [INFO] PluginManage:310 - Check plugin ipmanager
2025-05-07 21:39:53,199 [INFO] PluginManage:359 - Loaded plugin ipmanager (category:base,tabindex:5)
2025-05-07 21:39:53,199 [INFO] PluginManage:310 - Check plugin lpbam
2025-05-07 21:39:53,224 [INFO] PluginManage:359 - Loaded plugin lpbam (category:base,tabindex:0)
2025-05-07 21:39:53,224 [INFO] PluginManage:310 - Check plugin memorymap
2025-05-07 21:39:53,277 [INFO] PluginManage:359 - Loaded plugin memorymap (category:base,tabindex:4)
2025-05-07 21:39:53,278 [INFO] PluginManage:310 - Check plugin pinoutandconfiguration
2025-05-07 21:39:53,313 [INFO] PluginManage:359 - Loaded plugin pinoutandconfiguration (category:base,tabindex:1)
2025-05-07 21:39:53,313 [INFO] PluginManage:310 - Check plugin pinoutconfig
2025-05-07 21:39:53,482 [WARN] SupportedApi:132 - Cannot load RTOS API schema: s4s-elt-must-match.1: The content of 'definitions' must match (annotation?, (simpleType | complexType)?, (unique | key | keyref)*)). A problem was found starting at: attribute.
2025-05-07 21:39:53,668 [INFO] PluginManage:359 - Loaded plugin pinoutconfig (category:base,tabindex:0)
2025-05-07 21:39:53,668 [INFO] PluginManage:310 - Check plugin power
2025-05-07 21:39:53,701 [INFO] PluginManage:359 - Loaded plugin power (category:power,tabindex:4)
2025-05-07 21:39:53,702 [INFO] PluginManage:310 - Check plugin projectmanager
2025-05-07 21:39:53,725 [INFO] PluginManage:359 - Loaded plugin projectmanager (category:projectmanager,tabindex:4)
2025-05-07 21:39:53,726 [INFO] PluginManage:310 - Check plugin rif
2025-05-07 21:39:53,758 [INFO] PluginManage:359 - Loaded plugin rif (category:base,tabindex:3)
2025-05-07 21:39:53,758 [INFO] PluginManage:310 - Check plugin thirdparty
2025-05-07 21:39:54,104 [WARN] IntegrityCheckThread:84 - waiting for thirdparty lock release [integrity check]
2025-05-07 21:39:54,104 [INFO] PluginManage:359 - Loaded plugin thirdparty (category:base,tabindex:-1)
2025-05-07 21:39:54,104 [INFO] IntegrityCheckThread:86 - entering critical section [integrity check]
2025-05-07 21:39:54,104 [INFO] PluginManage:310 - Check plugin tools
2025-05-07 21:39:54,105 [INFO] ThirdPartyUpdaterWithRetryManager:70 - Updater plugin not ready yet. [1/15]
2025-05-07 21:39:54,156 [INFO] PluginManage:359 - Loaded plugin tools (category:base,tabindex:7)
2025-05-07 21:39:54,156 [INFO] PluginManage:310 - Check plugin tutovideos
2025-05-07 21:39:54,413 [INFO] PluginManage:359 - Loaded plugin tutovideos (category:base,tabindex:-1)
2025-05-07 21:39:54,413 [INFO] PluginManage:310 - Check plugin updater
2025-05-07 21:39:54,448 [INFO] PluginManage:359 - Loaded plugin updater (category:base,tabindex:12)
2025-05-07 21:39:54,449 [INFO] PluginManage:310 - Check plugin userauth
2025-05-07 21:39:54,469 [INFO] UserAuth:118 - Init User Auth plugin
2025-05-07 21:39:54,476 [INFO] PluginManage:359 - Loaded plugin userauth (category:base,tabindex:14)
2025-05-07 21:39:54,480 [INFO] PluginManage:283 - PluginManage : Loaded plugins [18]
2025-05-07 21:39:54,764 [INFO] PinOutPanel:1589 - setPackage(No Configuration,No Configuration)
2025-05-07 21:39:54,890 [INFO] CADModel:165 - CPN selected for project level
2025-05-07 21:39:54,890 [INFO] CADModel:114 - Register for checkConnection events
2025-05-07 21:39:54,928 [INFO] IPUIPlugin:80 - create IPUIPlugin
2025-05-07 21:39:54,929 [INFO] PluginManager:220 - loadIPPluginJar : add adc
2025-05-07 21:39:54,980 [INFO] IPUIPlugin:80 - create IPUIPlugin
2025-05-07 21:39:54,980 [INFO] PluginManager:220 - loadIPPluginJar : add aes
2025-05-07 21:39:55,048 [INFO] IPUIPlugin:80 - create IPUIPlugin
2025-05-07 21:39:55,048 [INFO] PluginManager:220 - loadIPPluginJar : add can
2025-05-07 21:39:55,093 [INFO] IPUIPlugin:80 - create IPUIPlugin
2025-05-07 21:39:55,093 [INFO] PluginManager:220 - loadIPPluginJar : add comp
2025-05-07 21:39:55,141 [INFO] IPUIPlugin:80 - create IPUIPlugin
2025-05-07 21:39:55,142 [INFO] PluginManager:220 - loadIPPluginJar : add cryp
2025-05-07 21:39:55,157 [INFO] IPUIPlugin:80 - create IPUIPlugin
2025-05-07 21:39:55,157 [INFO] PluginManager:220 - loadIPPluginJar : add ddr_ctrl_phy
2025-05-07 21:39:55,194 [INFO] IPUIPlugin:80 - create IPUIPlugin
2025-05-07 21:39:55,194 [INFO] PluginManager:220 - loadIPPluginJar : add dfsdm
2025-05-07 21:39:55,213 [INFO] IPUIPlugin:80 - create IPUIPlugin
2025-05-07 21:39:55,213 [INFO] PluginManager:220 - loadIPPluginJar : add dma
2025-05-07 21:39:55,270 [INFO] IPUIPlugin:80 - create IPUIPlugin
2025-05-07 21:39:55,271 [INFO] PluginManager:220 - loadIPPluginJar : add dma3
2025-05-07 21:39:55,323 [INFO] IPUIPlugin:80 - create IPUIPlugin
2025-05-07 21:39:55,323 [INFO] PluginManager:220 - loadIPPluginJar : add extmemmanager
2025-05-07 21:39:55,356 [INFO] IPUIPlugin:80 - create IPUIPlugin
2025-05-07 21:39:55,356 [INFO] PluginManager:220 - loadIPPluginJar : add fatfs
2025-05-07 21:39:55,419 [INFO] IPUIPlugin:80 - create IPUIPlugin
2025-05-07 21:39:55,419 [INFO] PluginManager:220 - loadIPPluginJar : add fmc
2025-05-07 21:39:55,439 [INFO] IPUIPlugin:80 - create IPUIPlugin
2025-05-07 21:39:55,439 [INFO] PluginManager:220 - loadIPPluginJar : add freertos
2025-05-07 21:39:55,472 [INFO] IPUIPlugin:80 - create IPUIPlugin
2025-05-07 21:39:55,472 [INFO] PluginManager:220 - loadIPPluginJar : add genericplugin
2025-05-07 21:39:55,607 [INFO] IPUIPlugin:80 - create IPUIPlugin
2025-05-07 21:39:55,607 [INFO] PluginManager:220 - loadIPPluginJar : add gfxmmu
2025-05-07 21:39:55,776 [INFO] IPUIPlugin:80 - create IPUIPlugin
2025-05-07 21:39:55,776 [INFO] PluginManager:220 - loadIPPluginJar : add gic
2025-05-07 21:39:55,795 [INFO] IPUIPlugin:80 - create IPUIPlugin
2025-05-07 21:39:55,796 [INFO] PluginManager:220 - loadIPPluginJar : add gpio
2025-05-07 21:39:55,909 [INFO] IPUIPlugin:80 - create IPUIPlugin
2025-05-07 21:39:55,909 [INFO] PluginManager:220 - loadIPPluginJar : add gtzc
2025-05-07 21:39:55,949 [INFO] IPUIPlugin:80 - create IPUIPlugin
2025-05-07 21:39:55,949 [INFO] PluginManager:220 - loadIPPluginJar : add hash
2025-05-07 21:39:56,014 [INFO] IPUIPlugin:80 - create IPUIPlugin
2025-05-07 21:39:56,014 [INFO] PluginManager:220 - loadIPPluginJar : add i2c
2025-05-07 21:39:56,066 [INFO] IPUIPlugin:80 - create IPUIPlugin
2025-05-07 21:39:56,067 [INFO] PluginManager:220 - loadIPPluginJar : add i2s
2025-05-07 21:39:56,118 [INFO] IPUIPlugin:80 - create IPUIPlugin
2025-05-07 21:39:56,118 [INFO] PluginManager:220 - loadIPPluginJar : add i3c
2025-05-07 21:39:56,239 [INFO] IPUIPlugin:80 - create IPUIPlugin
2025-05-07 21:39:56,239 [INFO] PluginManager:220 - loadIPPluginJar : add ipddr
2025-05-07 21:39:56,351 [INFO] IPUIPlugin:80 - create IPUIPlugin
2025-05-07 21:39:56,351 [INFO] PluginManager:220 - loadIPPluginJar : add linkedlist
2025-05-07 21:39:56,403 [INFO] IPUIPlugin:80 - create IPUIPlugin
2025-05-07 21:39:56,403 [INFO] PluginManager:220 - loadIPPluginJar : add lorawan
2025-05-07 21:39:56,455 [INFO] IPUIPlugin:80 - create IPUIPlugin
2025-05-07 21:39:56,455 [INFO] PluginManager:220 - loadIPPluginJar : add ltdc
2025-05-07 21:39:56,473 [INFO] IPUIPlugin:80 - create IPUIPlugin
2025-05-07 21:39:56,474 [INFO] PluginManager:220 - loadIPPluginJar : add mdma
2025-05-07 21:39:56,491 [INFO] IPUIPlugin:80 - create IPUIPlugin
2025-05-07 21:39:56,492 [INFO] PluginManager:220 - loadIPPluginJar : add nvic
2025-05-07 21:39:56,549 [INFO] IPUIPlugin:80 - create IPUIPlugin
2025-05-07 21:39:56,549 [INFO] PluginManager:220 - loadIPPluginJar : add opamp
2025-05-07 21:39:56,634 [INFO] IPUIPlugin:80 - create IPUIPlugin
2025-05-07 21:39:56,634 [INFO] PluginManager:220 - loadIPPluginJar : add openamp
2025-05-07 21:39:56,695 [INFO] IPUIPlugin:80 - create IPUIPlugin
2025-05-07 21:39:56,695 [INFO] PluginManager:220 - loadIPPluginJar : add pdm2pcm
2025-05-07 21:39:56,712 [INFO] IPUIPlugin:80 - create IPUIPlugin
2025-05-07 21:39:56,715 [INFO] PluginManager:220 - loadIPPluginJar : add plateformsettings
2025-05-07 21:39:56,755 [INFO] IPUIPlugin:80 - create IPUIPlugin
2025-05-07 21:39:56,755 [INFO] PluginManager:220 - loadIPPluginJar : add quadspi
2025-05-07 21:39:56,796 [INFO] IPUIPlugin:80 - create IPUIPlugin
2025-05-07 21:39:56,797 [INFO] PluginManager:220 - loadIPPluginJar : add radio
2025-05-07 21:39:56,814 [INFO] IPUIPlugin:80 - create IPUIPlugin
2025-05-07 21:39:56,814 [INFO] PluginManager:220 - loadIPPluginJar : add resmgrutility
2025-05-07 21:39:56,872 [INFO] IPUIPlugin:80 - create IPUIPlugin
2025-05-07 21:39:56,873 [INFO] PluginManager:220 - loadIPPluginJar : add sai
2025-05-07 21:39:56,935 [INFO] IPUIPlugin:80 - create IPUIPlugin
2025-05-07 21:39:56,935 [INFO] PluginManager:220 - loadIPPluginJar : add spi
2025-05-07 21:39:57,026 [INFO] IPUIPlugin:80 - create IPUIPlugin
2025-05-07 21:39:57,026 [INFO] PluginManager:220 - loadIPPluginJar : add stm32_wpan
2025-05-07 21:39:57,059 [INFO] IPUIPlugin:80 - create IPUIPlugin
2025-05-07 21:39:57,059 [INFO] PluginManager:220 - loadIPPluginJar : add tim
2025-05-07 21:39:57,105 [INFO] ThirdPartyUpdaterWithRetryManager:70 - Updater plugin not ready yet. [2/15]
2025-05-07 21:39:57,149 [INFO] IPUIPlugin:80 - create IPUIPlugin
2025-05-07 21:39:57,149 [INFO] PluginManager:220 - loadIPPluginJar : add touchsensing
2025-05-07 21:39:57,181 [INFO] IPUIPlugin:80 - create IPUIPlugin
2025-05-07 21:39:57,181 [INFO] PluginManager:220 - loadIPPluginJar : add tracer_emb
2025-05-07 21:39:57,211 [INFO] IPUIPlugin:80 - create IPUIPlugin
2025-05-07 21:39:57,211 [INFO] PluginManager:220 - loadIPPluginJar : add ts
2025-05-07 21:39:57,240 [INFO] IPUIPlugin:80 - create IPUIPlugin
2025-05-07 21:39:57,240 [INFO] PluginManager:220 - loadIPPluginJar : add tsc
2025-05-07 21:39:57,267 [INFO] IPUIPlugin:80 - create IPUIPlugin
2025-05-07 21:39:57,268 [INFO] PluginManager:220 - loadIPPluginJar : add ucpd
2025-05-07 21:39:57,328 [INFO] IPUIPlugin:80 - create IPUIPlugin
2025-05-07 21:39:57,328 [INFO] PluginManager:220 - loadIPPluginJar : add usart
2025-05-07 21:39:57,384 [INFO] IPUIPlugin:80 - create IPUIPlugin
2025-05-07 21:39:57,384 [INFO] PluginManager:220 - loadIPPluginJar : add usbx
2025-05-07 21:39:57,523 [FATAL] Updater:351 - Updater called before beeing initialized
2025-05-07 21:39:57,560 [INFO] RulesReader:64 - Compatibility file has been processed (297 Rules)
2025-05-07 21:39:57,571 [INFO] RulesReader:64 - Compatibility file has been processed (297 Rules)
2025-05-07 21:39:57,583 [INFO] CADModel:165 - CPN selected for project level
2025-05-07 21:39:57,583 [INFO] CADModel:114 - Register for checkConnection events
2025-05-07 21:39:57,583 [FATAL] Updater:351 - Updater called before beeing initialized
2025-05-07 21:39:57,583 [ERROR] CADModel:125 - Updater not yet initialized, retry later 
2025-05-07 21:39:57,776 [FATAL] Updater:351 - Updater called before beeing initialized
2025-05-07 21:39:57,778 [INFO] CADModel:165 - CPN selected for project level
2025-05-07 21:39:57,779 [INFO] CADModel:114 - Register for checkConnection events
2025-05-07 21:39:57,779 [FATAL] Updater:351 - Updater called before beeing initialized
2025-05-07 21:39:57,779 [ERROR] CADModel:125 - Updater not yet initialized, retry later 
2025-05-07 21:39:57,782 [FATAL] Updater:351 - Updater called before beeing initialized
2025-05-07 21:39:57,889 [FATAL] Updater:351 - Updater called before beeing initialized
2025-05-07 21:39:57,902 [INFO] DbMcusAds:53 - JSON generation date=Tue Dec 17 21:31:15 IST 2024 (1734451275111)
2025-05-07 21:39:57,902 [FATAL] Updater:351 - Updater called before beeing initialized
2025-05-07 21:39:57,948 [WARN] DetailPanel:346 - Failed to get advertising image, set to default
2025-05-07 21:39:58,163 [FATAL] Updater:351 - Updater called before beeing initialized
2025-05-07 21:39:58,166 [FATAL] Updater:351 - Updater called before beeing initialized
2025-05-07 21:39:58,166 [FATAL] Updater:351 - Updater called before beeing initialized
2025-05-07 21:39:58,166 [WARN] DetailPanel:346 - Failed to get advertising image, set to default
2025-05-07 21:39:58,167 [FATAL] Updater:351 - Updater called before beeing initialized
2025-05-07 21:39:58,232 [ERROR] Updater:1198 - MainUpdater not yet initialized. External WinMGr cannot be set.
2025-05-07 21:39:58,243 [INFO] Updater:1134 - Updater Version found : 6.13.0
2025-05-07 21:39:58,264 [INFO] ApplicationProperties:184 - Using Application install path: C:\ST\STM32CubeIDE_1.17.0\STM32CubeIDE\plugins\com.st.stm32cube.common.mx_6.13.0.202411220809
2025-05-07 21:39:59,846 [ERROR] LogOutputStream:75 - [STDERR_REDIRECT] May 07, 2025 9:39:59 PM java.util.prefs.WindowsPreferences <init>
2025-05-07 21:39:59,847 [ERROR] LogOutputStream:75 - [STDERR_REDIRECT] WARNING: Could not open/create prefs root node Software\JavaSoft\Prefs at root 0xffffffff80000002. Windows RegCreateKeyEx(...) returned error code 5.
2025-05-07 21:39:59,848 [ERROR] LogOutputStream:75 - [STDERR_REDIRECT] 
2025-05-07 21:40:00,106 [INFO] ThirdPartyUpdaterWithRetryManager:70 - Updater plugin not ready yet. [3/15]
2025-05-07 21:40:00,394 [INFO] MainUpdater:2872 - connection check result : 10
2025-05-07 21:40:00,395 [INFO] MainUpdater:3566 - Updater definition file requires update
2025-05-07 21:40:00,397 [INFO] MainUpdater:289 - Updater Check For Update Now.
2025-05-07 21:40:00,397 [INFO] MicroXplorer:498 - Change Database Version : DB.6.0.130
2025-05-07 21:40:00,435 [INFO] McuFinderGlobals:63 - Set McuFinder mode to 2 (CubeIDE integrated)
2025-05-07 21:40:00,436 [INFO] UserAuth:171 - activating auth plugin
2025-05-07 21:40:00,440 [INFO] UserAuth:486 - Internet connection configuration mode: 1
2025-05-07 21:40:00,483 [INFO] JxBrowserEngine:152 - Initiate JxBrowser Engine with user profile folder
2025-05-07 21:40:00,584 [INFO] ServerAccessManage:473 - Download File updaters.zip
2025-05-07 21:40:00,795 [INFO] FileExtend:240 - Unzip File : updaters.zip
2025-05-07 21:40:00,795 [INFO] FileExtend:255 - Standard Zip Deflate
2025-05-07 21:40:02,128 [INFO] ServerAccessManage:473 - Download File PacksControlFlags.xml
2025-05-07 21:40:02,381 [INFO] ServerAccessManage:473 - Download File cubemx.pidx
2025-05-07 21:40:03,117 [WARN] MainUpdater:1193 - Updater busy. Cannot search thirdparties
2025-05-07 21:40:03,135 [INFO] ThirdPartyUpdaterWithRetryManager:96 - Updater plugin is busy. [1/15]
2025-05-07 21:40:06,137 [WARN] MainUpdater:1193 - Updater busy. Cannot search thirdparties
2025-05-07 21:40:06,138 [INFO] ThirdPartyUpdaterWithRetryManager:96 - Updater plugin is busy. [2/15]
2025-05-07 21:40:06,832 [INFO] ServerAccessManage:473 - Download File STMicroelectronics.X-CUBE-FREERTOS.pdsc
2025-05-07 21:40:08,171 [INFO] ServerAccessManage:473 - Download File STMicroelectronics.X-CUBE-NFC7.pdsc
2025-05-07 21:40:08,503 [INFO] WebApp:168 - Instantiating new browser for Auth
2025-05-07 21:40:09,143 [WARN] MainUpdater:1193 - Updater busy. Cannot search thirdparties
2025-05-07 21:40:09,143 [INFO] ThirdPartyUpdaterWithRetryManager:96 - Updater plugin is busy. [3/15]
2025-05-07 21:40:11,316 [INFO] WebApp:449 - Apply proxy settings
2025-05-07 21:40:11,316 [INFO] WebApp:534 - Chromium requires no authentication
2025-05-07 21:40:11,338 [INFO] WebApp:477 - Direct internet connection detected
2025-05-07 21:40:11,445 [INFO] WebApp:880 - Register for checkConnection events
2025-05-07 21:40:11,445 [INFO] WebApp:449 - Apply proxy settings
2025-05-07 21:40:11,445 [INFO] WebApp:534 - Chromium requires no authentication
2025-05-07 21:40:11,449 [INFO] WebApp:477 - Direct internet connection detected
2025-05-07 21:40:11,598 [INFO] ServerAccessManage:473 - Download File STMicroelectronics.X-CUBE-WB05N.pdsc
2025-05-07 21:40:11,842 [INFO] WebApp:187 - Connection restablished
2025-05-07 21:40:12,159 [WARN] MainUpdater:1193 - Updater busy. Cannot search thirdparties
2025-05-07 21:40:12,161 [INFO] ThirdPartyUpdaterWithRetryManager:96 - Updater plugin is busy. [4/15]
2025-05-07 21:40:12,194 [INFO] WebApp:221 - Starting web application
2025-05-07 21:40:12,194 [INFO] WebApp:579 - Web application path used C:\ST\STM32CubeIDE_1.17.0\STM32CubeIDE\plugins\com.st.stm32cube.common.mx_6.13.0.202411220809\db\plugins\mcufinder\reactClient1\index.html
2025-05-07 21:40:15,003 [WARN] PackLoader:240 - Cannot read IP mode file for STMicroelectronics.X-CUBE-FREERTOS.1.3.1
2025-05-07 21:40:15,207 [WARN] PackLoader:240 - Cannot read IP mode file for STMicroelectronics.X-CUBE-NFC7.2.0.0
2025-05-07 21:40:15,250 [WARN] MainUpdater:1193 - Updater busy. Cannot search thirdparties
2025-05-07 21:40:15,250 [INFO] ThirdPartyUpdaterWithRetryManager:96 - Updater plugin is busy. [5/15]
2025-05-07 21:40:15,374 [WARN] PackLoader:240 - Cannot read IP mode file for STMicroelectronics.X-CUBE-WB05N.2.0.0
2025-05-07 21:40:15,411 [INFO] PopulateThirdPartyThread:66 - Ending populate Thread
2025-05-07 21:40:15,437 [INFO] ThirdParty:1030 - CMSIS Pack Vendor :STMicroelectronics X-CUBE-FREERTOS 1.3.1
2025-05-07 21:40:15,442 [INFO] ThirdParty:1030 - CMSIS Pack Vendor :STMicroelectronics X-CUBE-NFC7 2.0.0
2025-05-07 21:40:15,444 [INFO] ThirdParty:1030 - CMSIS Pack Vendor :STMicroelectronics X-CUBE-WB05N 2.0.0
2025-05-07 21:40:15,447 [INFO] LoadServerUpdatesThread:375 - End of LoadServerUpdate Thread
2025-05-07 21:40:15,794 [INFO] CheckServerUpdateThread:120 - End of CheckServer Thread
2025-05-07 21:40:20,533 [WARN] PackLoader:240 - Cannot read IP mode file for STMicroelectronics.FP-SNS-MOTENVWB1.1.4.0
2025-05-07 21:40:20,567 [WARN] PackLoader:240 - Cannot read IP mode file for STMicroelectronics.FP-ATR-ASTRA1.2.0.2
2025-05-07 21:40:20,661 [WARN] PackLoader:240 - Cannot read IP mode file for STMicroelectronics.FP-ATR-ASTRA1.2.0.1
2025-05-07 21:40:20,737 [WARN] PackLoader:240 - Cannot read IP mode file for STMicroelectronics.X-CUBE-SMBUS.2.1.0
2025-05-07 21:40:20,787 [WARN] PackLoader:240 - Cannot read IP mode file for STMicroelectronics.X-CUBE-WB05N.1.1.0
2025-05-07 21:40:21,013 [WARN] PackLoader:240 - Cannot read IP mode file for STMicroelectronics.X-CUBE-AZRTOS-F7.1.1.0
2025-05-07 21:40:21,064 [WARN] PackLoader:240 - Cannot read IP mode file for STMicroelectronics.FP-SNS-FLIGHT1.5.0.2
2025-05-07 21:40:21,186 [WARN] PackLoader:240 - Cannot read IP mode file for Infineon.AIROC-Wi-Fi-Bluetooth-STM32.1.7.0
2025-05-07 21:40:21,262 [WARN] PackLoader:240 - Cannot read IP mode file for STMicroelectronics.X-CUBE-DISPLAY.3.0.0
2025-05-07 21:40:21,344 [WARN] PackLoader:240 - Cannot read IP mode file for STMicroelectronics.X-CUBE-BLE1.7.0.0
2025-05-07 21:40:21,404 [WARN] PackLoader:240 - Cannot read IP mode file for STMicroelectronics.X-CUBE-NFC10.1.0.0
2025-05-07 21:40:21,503 [WARN] PackLoader:240 - Cannot read IP mode file for STMicroelectronics.X-CUBE-BLEMGR.4.0.0
2025-05-07 21:40:21,578 [WARN] PackLoader:240 - Cannot read IP mode file for emotas.I-CUBE-CANOPEN.1.3.0
2025-05-07 21:40:21,636 [WARN] PackLoader:240 - Cannot read IP mode file for STMicroelectronics.X-CUBE-AI.10.0.0
2025-05-07 21:40:21,690 [WARN] PackLoader:240 - Cannot read IP mode file for STMicroelectronics.FP-SNS-SMARTAG2.1.2.0
2025-05-07 21:40:21,706 [WARN] PackLoader:240 - Cannot read IP mode file for STMicroelectronics.FP-SNS-FLIGHT1.5.1.0
2025-05-07 21:40:22,093 [WARN] PackLoader:240 - Cannot read IP mode file for STMicroelectronics.X-CUBE-MEMS1.11.1.0
2025-05-07 21:40:22,864 [INFO] LogOutputStream:77 - [STDOUT_REDIRECT] 1 : Invalid condition id : UX_CORESTACK_Condition cause : null
2025-05-07 21:40:22,870 [INFO] LogOutputStream:77 - [STDOUT_REDIRECT] 1 : Invalid condition id : UX_CORESTACK_Condition cause : null
2025-05-07 21:40:22,883 [INFO] LogOutputStream:77 - [STDOUT_REDIRECT] 1 : Invalid condition id : UX_CORESTACK_Condition cause : null
2025-05-07 21:40:22,887 [INFO] LogOutputStream:77 - [STDOUT_REDIRECT] 1 : Invalid condition id : UX_CORESTACK_Condition cause : null
2025-05-07 21:40:22,889 [INFO] LogOutputStream:77 - [STDOUT_REDIRECT] 1 : Invalid condition id : UX_CORESTACK_Condition cause : null
2025-05-07 21:40:22,899 [WARN] PackLoader:240 - Cannot read IP mode file for STMicroelectronics.X-CUBE-AZRTOS-WL.2.0.0
2025-05-07 21:40:22,962 [WARN] PackLoader:240 - Cannot read IP mode file for STMicroelectronics.FP-SNS-MOTENV1.5.0.0
2025-05-07 21:40:22,991 [WARN] PackLoader:240 - Cannot read IP mode file for wolfSSL.I-CUBE-wolfMQTT.1.19.0
2025-05-07 21:40:23,062 [WARN] PackLoader:240 - Cannot read IP mode file for WES.I-CUBE-Cesium.1.3.0
2025-05-07 21:40:23,119 [WARN] PackLoader:240 - Cannot read IP mode file for STMicroelectronics.X-CUBE-BLE2.3.3.0
2025-05-07 21:40:23,192 [WARN] PackLoader:240 - Cannot read IP mode file for STMicroelectronics.X-CUBE-NFC9.1.0.0
2025-05-07 21:40:23,257 [WARN] PackLoader:240 - Cannot read IP mode file for STMicroelectronics.X-CUBE-BLE1.7.1.0
2025-05-07 21:40:23,477 [WARN] PackLoader:240 - Cannot read IP mode file for STMicroelectronics.X-CUBE-MEMS1.11.2.0
2025-05-07 21:40:23,886 [WARN] PackLoader:240 - Cannot read IP mode file for STMicroelectronics.X-CUBE-AZRTOS-G0.1.1.0
2025-05-07 21:40:24,093 [WARN] PackLoader:240 - Cannot read IP mode file for STMicroelectronics.X-CUBE-SAFEA1.1.2.2
2025-05-07 21:40:24,143 [WARN] PackLoader:240 - Cannot read IP mode file for STMicroelectronics.X-CUBE-NFC4.3.0.0
2025-05-07 21:40:24,188 [WARN] PackLoader:240 - Cannot read IP mode file for EmbeddedOffice.I-CUBE-FS-RTOS.1.0.1
2025-05-07 21:40:24,196 [WARN] PackLoader:240 - Cannot read IP mode file for STMicroelectronics.X-CUBE-WB05N.2.0.0
2025-05-07 21:40:24,272 [WARN] PackLoader:240 - Cannot read IP mode file for STMicroelectronics.X-CUBE-TCPP.4.2.0
2025-05-07 21:40:24,310 [WARN] PackLoader:240 - Cannot read IP mode file for RealThread.X-CUBE-RT-Thread_Nano.4.1.1
2025-05-07 21:40:24,341 [WARN] PackLoader:240 - Cannot read IP mode file for STMicroelectronics.FP-ATR-SIGFOX1.3.2.0
2025-05-07 21:40:24,351 [WARN] ConditionMgr:438 - getConditionDescription Invalid condition id : Cortex-A Device cause : null
2025-05-07 21:40:24,475 [WARN] ConditionMgr:1044 - genDependencies : Invalid condition id : Cortex-A Device cause : null
2025-05-07 21:40:24,475 [WARN] ConditionMgr:1044 - genDependencies : Invalid condition id : Cortex-A Device cause : null
2025-05-07 21:40:24,475 [WARN] ConditionMgr:1044 - genDependencies : Invalid condition id : Cortex-A Device cause : null
2025-05-07 21:40:24,516 [WARN] PackLoader:240 - Cannot read IP mode file for STMicroelectronics.X-CUBE-EEPRMA1.5.1.0
2025-05-07 21:40:24,553 [WARN] PackLoader:240 - Cannot read IP mode file for wolfSSL.I-CUBE-wolfSSL.5.7.4
2025-05-07 21:40:24,624 [WARN] PackLoader:240 - Cannot read IP mode file for ITTIA_DB.I-CUBE-ITTIADB.8.9.0
2025-05-07 21:40:24,739 [WARN] PackLoader:240 - Cannot read IP mode file for SEGGER.I-CUBE-embOS.1.3.1
2025-05-07 21:40:24,909 [WARN] PackLoader:240 - Cannot read IP mode file for STMicroelectronics.X-CUBE-ALGOBUILD.1.4.0
2025-05-07 21:40:24,975 [WARN] PackLoader:240 - Cannot read IP mode file for STMicroelectronics.X-CUBE-AI.9.1.0
2025-05-07 21:40:25,100 [WARN] PackLoader:240 - Cannot read IP mode file for STMicroelectronics.X-CUBE-AZRTOS-F4.1.1.0
2025-05-07 21:40:25,423 [WARN] PackLoader:240 - Cannot read IP mode file for Avnet-IotConnect.X-CUBE-IoTC-DA16k-PMOD.1.0.0
2025-05-07 21:40:25,484 [WARN] PackLoader:240 - Cannot read IP mode file for STMicroelectronics.X-CUBE-ISPU.2.1.0
2025-05-07 21:40:25,805 [WARN] PackLoader:240 - Cannot read IP mode file for STMicroelectronics.X-CUBE-AZRTOS-L5.2.0.0
2025-05-07 21:40:25,970 [WARN] PackLoader:240 - Cannot read IP mode file for STMicroelectronics.X-CUBE-NFC6.3.1.0
2025-05-07 21:40:26,153 [WARN] PackLoader:240 - Cannot read IP mode file for STMicroelectronics.X-CUBE-DPower.1.2.0
2025-05-07 21:40:26,213 [WARN] PackLoader:240 - Cannot read IP mode file for STMicroelectronics.X-CUBE-FREERTOS.1.3.1
2025-05-07 21:40:26,340 [WARN] PackLoader:240 - Cannot read IP mode file for STMicroelectronics.X-CUBE-FREERTOS.1.3.0
2025-05-07 21:40:26,812 [WARN] PackLoader:240 - Cannot read IP mode file for STMicroelectronics.X-CUBE-NFC7.1.0.1
2025-05-07 21:40:26,922 [WARN] PackLoader:240 - Cannot read IP mode file for STMicroelectronics.X-CUBE-DPower.1.3.0
2025-05-07 21:40:27,113 [WARN] ConditionMgr:438 - getConditionDescription Invalid condition id : LAN8742 Phy interface Condition cause : null
2025-05-07 21:40:27,113 [WARN] PackLoader:240 - Cannot read IP mode file for STMicroelectronics.X-CUBE-AZRTOS-L4.2.0.0
2025-05-07 21:40:27,115 [WARN] ConditionMgr:1044 - genDependencies : Invalid condition id : LAN8742 Phy interface Condition cause : null
2025-05-07 21:40:27,115 [WARN] ConditionMgr:1044 - genDependencies : Invalid condition id : LAN8742 Phy interface Condition cause : null
2025-05-07 21:40:27,117 [WARN] ConditionMgr:1044 - genDependencies : Invalid condition id : LAN8742 Phy interface Condition cause : null
2025-05-07 21:40:27,400 [WARN] PackLoader:240 - Cannot read IP mode file for STMicroelectronics.X-CUBE-SFXS2LP1.4.0.0
2025-05-07 21:40:27,495 [WARN] PackLoader:240 - Cannot read IP mode file for STMicroelectronics.X-CUBE-AZRTOS-H7.3.3.0
2025-05-07 21:40:27,602 [WARN] ConditionMgr:438 - getConditionDescription Invalid condition id : UX DEVICE CLASS RTOS Condition cause : null
2025-05-07 21:40:27,604 [WARN] ConditionMgr:438 - getConditionDescription Invalid condition id : UX DEVICE CLASS RTOS Condition cause : null
2025-05-07 21:40:27,613 [WARN] PackLoader:240 - Cannot read IP mode file for STMicroelectronics.X-CUBE-AZRTOS-WB.2.0.0
2025-05-07 21:40:27,620 [WARN] ConditionMgr:1044 - genDependencies : Invalid condition id : UX DEVICE CLASS RTOS Condition cause : null
2025-05-07 21:40:27,621 [WARN] ConditionMgr:1044 - genDependencies : Invalid condition id : UX DEVICE CLASS RTOS Condition cause : null
2025-05-07 21:40:27,621 [WARN] ConditionMgr:1044 - genDependencies : Invalid condition id : UX DEVICE CLASS RTOS Condition cause : null
2025-05-07 21:40:27,623 [WARN] ConditionMgr:1044 - genDependencies : Invalid condition id : UX DEVICE CLASS RTOS Condition cause : null
2025-05-07 21:40:27,625 [WARN] ConditionMgr:1044 - genDependencies : Invalid condition id : UX DEVICE CLASS RTOS Condition cause : null
2025-05-07 21:40:27,678 [WARN] PackLoader:240 - Cannot read IP mode file for STMicroelectronics.X-CUBE-GNSS1.7.0.1
2025-05-07 21:40:27,722 [WARN] PackLoader:240 - Cannot read IP mode file for STMicroelectronics.X-CUBE-TOUCHGFX.4.25.0
2025-05-07 21:40:27,763 [WARN] PackLoader:240 - Cannot read IP mode file for STMicroelectronics.FP-SNS-STBOX1.2.0.0
2025-05-07 21:40:27,814 [WARN] PackLoader:240 - Cannot read IP mode file for STMicroelectronics.X-CUBE-SUBG2.5.0.0
2025-05-07 21:40:27,932 [WARN] PackLoader:240 - Cannot read IP mode file for STMicroelectronics.X-CUBE-AZRTOS-H7RS.1.1.0
2025-05-07 21:40:27,949 [WARN] PackLoader:240 - Cannot read IP mode file for Cesanta.I-CUBE-Mongoose.7.13.0
2025-05-07 21:40:28,009 [WARN] PackLoader:240 - Cannot read IP mode file for STMicroelectronics.X-CUBE-AZRTOS-G4.2.0.0
2025-05-07 21:40:28,018 [WARN] PackLoader:240 - Cannot read IP mode file for STMicroelectronics.X-CUBE-NFC7.2.0.0
2025-05-07 21:40:28,085 [WARN] PackLoader:240 - Cannot read IP mode file for STMicroelectronics.X-CUBE-IPS.3.1.0
2025-05-07 21:40:28,130 [WARN] PackLoader:240 - Cannot read IP mode file for STMicroelectronics.X-CUBE-ALS.1.0.2
2025-05-07 21:40:28,160 [WARN] PackLoader:240 - Cannot read IP mode file for STMicroelectronics.X-CUBE-TOUCHGFX.4.24.2
2025-05-07 21:40:28,170 [WARN] PackLoader:240 - Cannot read IP mode file for wolfSSL.I-CUBE-wolfTPM.3.4.0
2025-05-07 21:40:28,298 [WARN] PackLoader:240 - Cannot read IP mode file for portGmbH.I-Cube-SoM-uGOAL.1.1.0
2025-05-07 21:40:28,570 [WARN] PackLoader:240 - Cannot read IP mode file for STMicroelectronics.X-CUBE-AZRTOS-H7RS.1.0.0
2025-05-07 21:40:28,734 [WARN] PackLoader:240 - Cannot read IP mode file for STMicroelectronics.X-CUBE-TOF1.3.4.2
2025-05-07 21:40:28,849 [WARN] PackLoader:240 - Cannot read IP mode file for STMicroelectronics.X-CUBE-TOF1.3.4.3
2025-05-07 21:40:28,947 [WARN] PackLoader:240 - Cannot read IP mode file for wolfSSL.I-CUBE-wolfSSH.1.4.17
2025-05-07 21:40:28,950 [INFO] ThirdParty:978 - Integrity check success = true
2025-05-07 21:40:28,950 [INFO] IntegrityCheckThread:100 - exiting critical section [integrity check]
2025-05-07 21:40:28,950 [INFO] IntegrityCheckThread:103 - End integrity checks thread
2025-05-07 21:59:43,200 [INFO] WebApp:190 - Connection lost
