2025-02-22 09:01:56,446 [INFO] Activator:176 - 


2025-02-22 09:01:56,454 [INFO] Activator:177 - !SESSION log4j initialized
2025-02-22 09:02:03,896 [INFO] LogOutputStream:77 - [STDOUT_REDIRECT] 
2025-02-22 09:02:05,144 [INFO] ApplicationProperties:184 - Using Application install path: C:\ST\STM32CubeIDE_1.17.0\STM32CubeIDE\plugins\com.st.stm32cube.common.mx_6.13.0.202411220809
2025-02-22 09:02:05,179 [INFO] DbMcusXml:78 - Set database path to: C:\ST\STM32CubeIDE_1.17.0\STM32CubeIDE\plugins\com.st.stm32cube.common.mx_6.13.0.202411220809\\db\/mcu/
2025-02-22 09:02:05,180 [INFO] ApiDb:274 - Set plugin database path to: C:\ST\STM32CubeIDE_1.17.0\STM32CubeIDE\plugins\com.st.stm32cube.common.mx_6.13.0.202411220809\\db\/plugins/boardmanager/
2025-02-22 09:02:05,181 [WARN] ApiDb:259 - Overriding images path with different value:  => C:\ST\STM32CubeIDE_1.17.0\STM32CubeIDE\plugins\com.st.stm32cube.common.mx_6.13.0.202411220809\\db\/plugins/mcufinder/images/
2025-02-22 09:02:05,194 [INFO] ApiDb:250 - Set database path to: C:\Users\vinaykumar\.stmcufinder\plugins\mcufinder//mcu/
2025-02-22 09:02:05,196 [INFO] DbMcusAds:125 - Set database path to: C:\Users\vinaykumar\.stmcufinder\plugins\mcufinder//mcu/
2025-02-22 09:02:05,200 [INFO] CrossReferenceDbSqlite:203 - Set database path to: C:\Users\vinaykumar\.stmcufinder\plugins\mcufinder//mcu/cs/
2025-02-22 09:02:05,397 [INFO] RulesReader:64 - Compatibility file has been processed (297 Rules)
2025-02-22 09:02:05,542 [INFO] DbMcusXml:78 - Set database path to: C:\ST\STM32CubeIDE_1.17.0\STM32CubeIDE\plugins\com.st.stm32cube.common.mx_6.13.0.202411220809\\db\/mcu/
2025-02-22 09:02:05,542 [INFO] ApiDb:274 - Set plugin database path to: C:\ST\STM32CubeIDE_1.17.0\STM32CubeIDE\plugins\com.st.stm32cube.common.mx_6.13.0.202411220809\\db\/plugins/boardmanager/
2025-02-22 09:02:05,542 [INFO] ApiDb:261 - Set plugin images path to: C:\ST\STM32CubeIDE_1.17.0\STM32CubeIDE\plugins\com.st.stm32cube.common.mx_6.13.0.202411220809\\db\/plugins/mcufinder/images/
2025-02-22 09:02:05,542 [WARN] DbFile:41 - Overriding database path with different value: C:\Users\vinaykumar\.stmcufinder\plugins\mcufinder/ => C:\Users\vinaykumar\.stmcufinder\plugins\mcufinder
2025-02-22 09:02:05,543 [INFO] ApiDb:250 - Set database path to: C:\Users\vinaykumar\.stmcufinder\plugins\mcufinder//mcu/
2025-02-22 09:02:05,543 [WARN] DbFile:41 - Overriding database path with different value: C:\Users\vinaykumar\.stmcufinder\plugins\mcufinder/ => C:\Users\vinaykumar\.stmcufinder\plugins\mcufinder
2025-02-22 09:02:05,543 [INFO] DbMcusAds:125 - Set database path to: C:\Users\vinaykumar\.stmcufinder\plugins\mcufinder//mcu/
2025-02-22 09:02:05,543 [WARN] DbFile:41 - Overriding database path with different value: C:\Users\vinaykumar\.stmcufinder\plugins\mcufinder/ => C:\Users\vinaykumar\.stmcufinder\plugins\mcufinder
2025-02-22 09:02:05,543 [WARN] DbFile:41 - Overriding database path with different value: C:\Users\vinaykumar\.stmcufinder\plugins\mcufinder/ => C:\Users\vinaykumar\.stmcufinder\plugins\mcufinder
2025-02-22 09:02:05,543 [INFO] CrossReferenceDbSqlite:203 - Set database path to: C:\Users\vinaykumar\.stmcufinder\plugins\mcufinder//mcu/cs/
2025-02-22 09:02:05,674 [INFO] MainPanel:272 - HeapMemory: 268435456
2025-02-22 09:02:05,861 [INFO] DbMcusXml:78 - Set database path to: C:\ST\STM32CubeIDE_1.17.0\STM32CubeIDE\plugins\com.st.stm32cube.common.mx_6.13.0.202411220809\\db\/mcu/
2025-02-22 09:02:05,862 [INFO] ApiDb:274 - Set plugin database path to: C:\ST\STM32CubeIDE_1.17.0\STM32CubeIDE\plugins\com.st.stm32cube.common.mx_6.13.0.202411220809\\db\/plugins/boardmanager/
2025-02-22 09:02:05,862 [INFO] ApiDb:261 - Set plugin images path to: C:\ST\STM32CubeIDE_1.17.0\STM32CubeIDE\plugins\com.st.stm32cube.common.mx_6.13.0.202411220809\\db\/plugins/mcufinder/images/
2025-02-22 09:02:05,863 [WARN] DbFile:41 - Overriding database path with different value: C:\Users\vinaykumar\.stmcufinder\plugins\mcufinder/ => C:\Users\vinaykumar\.stmcufinder\plugins\mcufinder
2025-02-22 09:02:05,863 [INFO] ApiDb:250 - Set database path to: C:\Users\vinaykumar\.stmcufinder\plugins\mcufinder//mcu/
2025-02-22 09:02:05,863 [WARN] DbFile:41 - Overriding database path with different value: C:\Users\vinaykumar\.stmcufinder\plugins\mcufinder/ => C:\Users\vinaykumar\.stmcufinder\plugins\mcufinder
2025-02-22 09:02:05,863 [INFO] DbMcusAds:125 - Set database path to: C:\Users\vinaykumar\.stmcufinder\plugins\mcufinder//mcu/
2025-02-22 09:02:05,864 [WARN] DbFile:41 - Overriding database path with different value: C:\Users\vinaykumar\.stmcufinder\plugins\mcufinder/ => C:\Users\vinaykumar\.stmcufinder\plugins\mcufinder
2025-02-22 09:02:05,864 [WARN] DbFile:41 - Overriding database path with different value: C:\Users\vinaykumar\.stmcufinder\plugins\mcufinder/ => C:\Users\vinaykumar\.stmcufinder\plugins\mcufinder
2025-02-22 09:02:05,864 [INFO] CrossReferenceDbSqlite:203 - Set database path to: C:\Users\vinaykumar\.stmcufinder\plugins\mcufinder//mcu/cs/
2025-02-22 09:02:05,890 [INFO] ApplicationProperties:184 - Using Application install path: C:\ST\STM32CubeIDE_1.17.0\STM32CubeIDE\plugins\com.st.stm32cube.common.mx_6.13.0.202411220809
2025-02-22 09:02:05,892 [INFO] PluginManage:196 - Search for loadable plugins [exclusion list=, ]
2025-02-22 09:02:05,894 [INFO] PluginManage:310 - Check plugin analytics
2025-02-22 09:02:06,205 [INFO] AnalyticsPlugin:253 - Accepted Software Licenses: 
2025-02-22 09:02:06,205 [INFO] AnalyticsPlugin:255 - Accepted CMSIS Pack Licenses: 
2025-02-22 09:02:06,205 [INFO] AnalyticsPlugin:257 - Accepted Firmware Licenses: 
2025-02-22 09:02:06,209 [INFO] PluginManage:359 - Loaded plugin analytics (category:tool,tabindex:-1)
2025-02-22 09:02:06,212 [INFO] PluginManage:310 - Check plugin cadmodel
2025-02-22 09:02:06,223 [INFO] CADModel:105 - Init CAD model plugin
2025-02-22 09:02:06,224 [INFO] PluginManage:359 - Loaded plugin cadmodel (category:power,tabindex:5)
2025-02-22 09:02:06,224 [INFO] PluginManage:310 - Check plugin clock
2025-02-22 09:02:06,241 [INFO] PluginManage:359 - Loaded plugin clock (category:base,tabindex:2)
2025-02-22 09:02:06,241 [INFO] PluginManage:310 - Check plugin ddr
2025-02-22 09:02:06,246 [INFO] PluginManage:359 - Loaded plugin ddr (category:tool,tabindex:6)
2025-02-22 09:02:06,246 [INFO] PluginManage:310 - Check plugin filemanager
2025-02-22 09:02:06,465 [INFO] PluginManage:359 - Loaded plugin filemanager (category:base,tabindex:10)
2025-02-22 09:02:06,465 [INFO] PluginManage:310 - Check plugin ipmanager
2025-02-22 09:02:06,477 [INFO] PluginManage:359 - Loaded plugin ipmanager (category:base,tabindex:5)
2025-02-22 09:02:06,478 [INFO] PluginManage:310 - Check plugin lpbam
2025-02-22 09:02:06,493 [INFO] PluginManage:359 - Loaded plugin lpbam (category:base,tabindex:0)
2025-02-22 09:02:06,494 [INFO] PluginManage:310 - Check plugin memorymap
2025-02-22 09:02:06,522 [INFO] PluginManage:359 - Loaded plugin memorymap (category:base,tabindex:4)
2025-02-22 09:02:06,522 [INFO] PluginManage:310 - Check plugin pinoutandconfiguration
2025-02-22 09:02:06,538 [INFO] PluginManage:359 - Loaded plugin pinoutandconfiguration (category:base,tabindex:1)
2025-02-22 09:02:06,538 [INFO] PluginManage:310 - Check plugin pinoutconfig
2025-02-22 09:02:06,665 [WARN] SupportedApi:132 - Cannot load RTOS API schema: s4s-elt-must-match.1: The content of 'definitions' must match (annotation?, (simpleType | complexType)?, (unique | key | keyref)*)). A problem was found starting at: attribute.
2025-02-22 09:02:06,870 [INFO] PluginManage:359 - Loaded plugin pinoutconfig (category:base,tabindex:0)
2025-02-22 09:02:06,870 [INFO] PluginManage:310 - Check plugin power
2025-02-22 09:02:06,888 [INFO] PluginManage:359 - Loaded plugin power (category:power,tabindex:4)
2025-02-22 09:02:06,888 [INFO] PluginManage:310 - Check plugin projectmanager
2025-02-22 09:02:06,919 [INFO] PluginManage:359 - Loaded plugin projectmanager (category:projectmanager,tabindex:4)
2025-02-22 09:02:06,920 [INFO] PluginManage:310 - Check plugin rif
2025-02-22 09:02:06,935 [INFO] PluginManage:359 - Loaded plugin rif (category:base,tabindex:3)
2025-02-22 09:02:06,935 [INFO] PluginManage:310 - Check plugin thirdparty
2025-02-22 09:02:07,105 [WARN] IntegrityCheckThread:84 - waiting for thirdparty lock release [integrity check]
2025-02-22 09:02:07,106 [INFO] IntegrityCheckThread:86 - entering critical section [integrity check]
2025-02-22 09:02:07,106 [INFO] PluginManage:359 - Loaded plugin thirdparty (category:base,tabindex:-1)
2025-02-22 09:02:07,107 [INFO] ThirdPartyUpdaterWithRetryManager:70 - Updater plugin not ready yet. [1/15]
2025-02-22 09:02:07,107 [INFO] PluginManage:310 - Check plugin tools
2025-02-22 09:02:07,111 [INFO] PluginManage:359 - Loaded plugin tools (category:base,tabindex:7)
2025-02-22 09:02:07,111 [INFO] PluginManage:310 - Check plugin tutovideos
2025-02-22 09:02:07,429 [INFO] PluginManage:359 - Loaded plugin tutovideos (category:base,tabindex:-1)
2025-02-22 09:02:07,429 [INFO] PluginManage:310 - Check plugin updater
2025-02-22 09:02:07,466 [INFO] PluginManage:359 - Loaded plugin updater (category:base,tabindex:12)
2025-02-22 09:02:07,466 [INFO] PluginManage:310 - Check plugin userauth
2025-02-22 09:02:07,475 [INFO] UserAuth:118 - Init User Auth plugin
2025-02-22 09:02:07,477 [INFO] PluginManage:359 - Loaded plugin userauth (category:base,tabindex:14)
2025-02-22 09:02:07,477 [INFO] PluginManage:283 - PluginManage : Loaded plugins [18]
2025-02-22 09:02:07,868 [INFO] PinOutPanel:1589 - setPackage(No Configuration,No Configuration)
2025-02-22 09:02:08,008 [INFO] CADModel:165 - CPN selected for project level
2025-02-22 09:02:08,008 [INFO] CADModel:114 - Register for checkConnection events
2025-02-22 09:02:08,048 [INFO] IPUIPlugin:80 - create IPUIPlugin
2025-02-22 09:02:08,048 [INFO] PluginManager:220 - loadIPPluginJar : add adc
2025-02-22 09:02:08,053 [INFO] IPUIPlugin:80 - create IPUIPlugin
2025-02-22 09:02:08,054 [INFO] PluginManager:220 - loadIPPluginJar : add aes
2025-02-22 09:02:08,059 [INFO] IPUIPlugin:80 - create IPUIPlugin
2025-02-22 09:02:08,060 [INFO] PluginManager:220 - loadIPPluginJar : add can
2025-02-22 09:02:08,064 [INFO] IPUIPlugin:80 - create IPUIPlugin
2025-02-22 09:02:08,065 [INFO] PluginManager:220 - loadIPPluginJar : add comp
2025-02-22 09:02:08,071 [INFO] IPUIPlugin:80 - create IPUIPlugin
2025-02-22 09:02:08,071 [INFO] PluginManager:220 - loadIPPluginJar : add cryp
2025-02-22 09:02:08,079 [INFO] IPUIPlugin:80 - create IPUIPlugin
2025-02-22 09:02:08,079 [INFO] PluginManager:220 - loadIPPluginJar : add ddr_ctrl_phy
2025-02-22 09:02:08,085 [INFO] IPUIPlugin:80 - create IPUIPlugin
2025-02-22 09:02:08,085 [INFO] PluginManager:220 - loadIPPluginJar : add dfsdm
2025-02-22 09:02:08,095 [INFO] IPUIPlugin:80 - create IPUIPlugin
2025-02-22 09:02:08,098 [INFO] PluginManager:220 - loadIPPluginJar : add dma
2025-02-22 09:02:08,103 [INFO] IPUIPlugin:80 - create IPUIPlugin
2025-02-22 09:02:08,104 [INFO] PluginManager:220 - loadIPPluginJar : add dma3
2025-02-22 09:02:08,108 [INFO] IPUIPlugin:80 - create IPUIPlugin
2025-02-22 09:02:08,109 [INFO] PluginManager:220 - loadIPPluginJar : add extmemmanager
2025-02-22 09:02:08,112 [INFO] IPUIPlugin:80 - create IPUIPlugin
2025-02-22 09:02:08,113 [INFO] PluginManager:220 - loadIPPluginJar : add fatfs
2025-02-22 09:02:08,121 [INFO] IPUIPlugin:80 - create IPUIPlugin
2025-02-22 09:02:08,122 [INFO] PluginManager:220 - loadIPPluginJar : add fmc
2025-02-22 09:02:08,134 [INFO] IPUIPlugin:80 - create IPUIPlugin
2025-02-22 09:02:08,134 [INFO] PluginManager:220 - loadIPPluginJar : add freertos
2025-02-22 09:02:08,137 [INFO] IPUIPlugin:80 - create IPUIPlugin
2025-02-22 09:02:08,137 [INFO] PluginManager:220 - loadIPPluginJar : add genericplugin
2025-02-22 09:02:08,141 [INFO] IPUIPlugin:80 - create IPUIPlugin
2025-02-22 09:02:08,141 [INFO] PluginManager:220 - loadIPPluginJar : add gfxmmu
2025-02-22 09:02:08,151 [INFO] IPUIPlugin:80 - create IPUIPlugin
2025-02-22 09:02:08,151 [INFO] PluginManager:220 - loadIPPluginJar : add gic
2025-02-22 09:02:08,158 [INFO] IPUIPlugin:80 - create IPUIPlugin
2025-02-22 09:02:08,158 [INFO] PluginManager:220 - loadIPPluginJar : add gpio
2025-02-22 09:02:08,163 [INFO] IPUIPlugin:80 - create IPUIPlugin
2025-02-22 09:02:08,164 [INFO] PluginManager:220 - loadIPPluginJar : add gtzc
2025-02-22 09:02:08,169 [INFO] IPUIPlugin:80 - create IPUIPlugin
2025-02-22 09:02:08,169 [INFO] PluginManager:220 - loadIPPluginJar : add hash
2025-02-22 09:02:08,174 [INFO] IPUIPlugin:80 - create IPUIPlugin
2025-02-22 09:02:08,175 [INFO] PluginManager:220 - loadIPPluginJar : add i2c
2025-02-22 09:02:08,179 [INFO] IPUIPlugin:80 - create IPUIPlugin
2025-02-22 09:02:08,179 [INFO] PluginManager:220 - loadIPPluginJar : add i2s
2025-02-22 09:02:08,185 [INFO] IPUIPlugin:80 - create IPUIPlugin
2025-02-22 09:02:08,185 [INFO] PluginManager:220 - loadIPPluginJar : add i3c
2025-02-22 09:02:08,191 [INFO] IPUIPlugin:80 - create IPUIPlugin
2025-02-22 09:02:08,191 [INFO] PluginManager:220 - loadIPPluginJar : add ipddr
2025-02-22 09:02:08,202 [INFO] IPUIPlugin:80 - create IPUIPlugin
2025-02-22 09:02:08,202 [INFO] PluginManager:220 - loadIPPluginJar : add linkedlist
2025-02-22 09:02:08,208 [INFO] IPUIPlugin:80 - create IPUIPlugin
2025-02-22 09:02:08,208 [INFO] PluginManager:220 - loadIPPluginJar : add lorawan
2025-02-22 09:02:08,211 [INFO] IPUIPlugin:80 - create IPUIPlugin
2025-02-22 09:02:08,211 [INFO] PluginManager:220 - loadIPPluginJar : add ltdc
2025-02-22 09:02:08,218 [INFO] IPUIPlugin:80 - create IPUIPlugin
2025-02-22 09:02:08,219 [INFO] PluginManager:220 - loadIPPluginJar : add mdma
2025-02-22 09:02:08,224 [INFO] IPUIPlugin:80 - create IPUIPlugin
2025-02-22 09:02:08,224 [INFO] PluginManager:220 - loadIPPluginJar : add nvic
2025-02-22 09:02:08,228 [INFO] IPUIPlugin:80 - create IPUIPlugin
2025-02-22 09:02:08,228 [INFO] PluginManager:220 - loadIPPluginJar : add opamp
2025-02-22 09:02:08,232 [INFO] IPUIPlugin:80 - create IPUIPlugin
2025-02-22 09:02:08,232 [INFO] PluginManager:220 - loadIPPluginJar : add openamp
2025-02-22 09:02:08,238 [INFO] IPUIPlugin:80 - create IPUIPlugin
2025-02-22 09:02:08,238 [INFO] PluginManager:220 - loadIPPluginJar : add pdm2pcm
2025-02-22 09:02:08,247 [INFO] IPUIPlugin:80 - create IPUIPlugin
2025-02-22 09:02:08,250 [INFO] PluginManager:220 - loadIPPluginJar : add plateformsettings
2025-02-22 09:02:08,253 [INFO] IPUIPlugin:80 - create IPUIPlugin
2025-02-22 09:02:08,253 [INFO] PluginManager:220 - loadIPPluginJar : add quadspi
2025-02-22 09:02:08,256 [INFO] IPUIPlugin:80 - create IPUIPlugin
2025-02-22 09:02:08,257 [INFO] PluginManager:220 - loadIPPluginJar : add radio
2025-02-22 09:02:08,264 [INFO] IPUIPlugin:80 - create IPUIPlugin
2025-02-22 09:02:08,264 [INFO] PluginManager:220 - loadIPPluginJar : add resmgrutility
2025-02-22 09:02:08,271 [INFO] IPUIPlugin:80 - create IPUIPlugin
2025-02-22 09:02:08,272 [INFO] PluginManager:220 - loadIPPluginJar : add sai
2025-02-22 09:02:08,277 [INFO] IPUIPlugin:80 - create IPUIPlugin
2025-02-22 09:02:08,277 [INFO] PluginManager:220 - loadIPPluginJar : add spi
2025-02-22 09:02:08,285 [INFO] IPUIPlugin:80 - create IPUIPlugin
2025-02-22 09:02:08,285 [INFO] PluginManager:220 - loadIPPluginJar : add stm32_wpan
2025-02-22 09:02:08,291 [INFO] IPUIPlugin:80 - create IPUIPlugin
2025-02-22 09:02:08,291 [INFO] PluginManager:220 - loadIPPluginJar : add tim
2025-02-22 09:02:08,296 [INFO] IPUIPlugin:80 - create IPUIPlugin
2025-02-22 09:02:08,297 [INFO] PluginManager:220 - loadIPPluginJar : add touchsensing
2025-02-22 09:02:08,301 [INFO] IPUIPlugin:80 - create IPUIPlugin
2025-02-22 09:02:08,301 [INFO] PluginManager:220 - loadIPPluginJar : add tracer_emb
2025-02-22 09:02:08,305 [INFO] IPUIPlugin:80 - create IPUIPlugin
2025-02-22 09:02:08,305 [INFO] PluginManager:220 - loadIPPluginJar : add ts
2025-02-22 09:02:08,308 [INFO] IPUIPlugin:80 - create IPUIPlugin
2025-02-22 09:02:08,308 [INFO] PluginManager:220 - loadIPPluginJar : add tsc
2025-02-22 09:02:08,312 [INFO] IPUIPlugin:80 - create IPUIPlugin
2025-02-22 09:02:08,312 [INFO] PluginManager:220 - loadIPPluginJar : add ucpd
2025-02-22 09:02:08,317 [INFO] IPUIPlugin:80 - create IPUIPlugin
2025-02-22 09:02:08,317 [INFO] PluginManager:220 - loadIPPluginJar : add usart
2025-02-22 09:02:08,321 [INFO] IPUIPlugin:80 - create IPUIPlugin
2025-02-22 09:02:08,322 [INFO] PluginManager:220 - loadIPPluginJar : add usbx
2025-02-22 09:02:08,478 [FATAL] Updater:351 - Updater called before beeing initialized
2025-02-22 09:02:08,531 [INFO] RulesReader:64 - Compatibility file has been processed (297 Rules)
2025-02-22 09:02:08,550 [INFO] RulesReader:64 - Compatibility file has been processed (297 Rules)
2025-02-22 09:02:08,563 [INFO] CADModel:165 - CPN selected for project level
2025-02-22 09:02:08,563 [INFO] CADModel:114 - Register for checkConnection events
2025-02-22 09:02:08,563 [FATAL] Updater:351 - Updater called before beeing initialized
2025-02-22 09:02:08,563 [ERROR] CADModel:125 - Updater not yet initialized, retry later 
2025-02-22 09:02:08,875 [FATAL] Updater:351 - Updater called before beeing initialized
2025-02-22 09:02:08,878 [INFO] CADModel:165 - CPN selected for project level
2025-02-22 09:02:08,878 [INFO] CADModel:114 - Register for checkConnection events
2025-02-22 09:02:08,879 [FATAL] Updater:351 - Updater called before beeing initialized
2025-02-22 09:02:08,879 [ERROR] CADModel:125 - Updater not yet initialized, retry later 
2025-02-22 09:02:08,887 [FATAL] Updater:351 - Updater called before beeing initialized
2025-02-22 09:02:09,063 [FATAL] Updater:351 - Updater called before beeing initialized
2025-02-22 09:02:09,074 [INFO] DbMcusAds:53 - JSON generation date=Tue Dec 17 21:31:15 IST 2024 (1734451275111)
2025-02-22 09:02:09,074 [FATAL] Updater:351 - Updater called before beeing initialized
2025-02-22 09:02:09,160 [WARN] DetailPanel:346 - Failed to get advertising image, set to default
2025-02-22 09:02:09,542 [FATAL] Updater:351 - Updater called before beeing initialized
2025-02-22 09:02:09,545 [FATAL] Updater:351 - Updater called before beeing initialized
2025-02-22 09:02:09,546 [FATAL] Updater:351 - Updater called before beeing initialized
2025-02-22 09:02:09,546 [WARN] DetailPanel:346 - Failed to get advertising image, set to default
2025-02-22 09:02:09,546 [FATAL] Updater:351 - Updater called before beeing initialized
2025-02-22 09:02:09,613 [ERROR] Updater:1198 - MainUpdater not yet initialized. External WinMGr cannot be set.
2025-02-22 09:02:09,616 [INFO] Updater:1134 - Updater Version found : 6.13.0
2025-02-22 09:02:09,643 [INFO] ApplicationProperties:184 - Using Application install path: C:\ST\STM32CubeIDE_1.17.0\STM32CubeIDE\plugins\com.st.stm32cube.common.mx_6.13.0.202411220809
2025-02-22 09:02:10,107 [INFO] ThirdPartyUpdaterWithRetryManager:70 - Updater plugin not ready yet. [2/15]
2025-02-22 09:02:11,221 [ERROR] LogOutputStream:75 - [STDERR_REDIRECT] Feb 22, 2025 9:02:11 AM java.util.prefs.WindowsPreferences <init>
2025-02-22 09:02:11,223 [ERROR] LogOutputStream:75 - [STDERR_REDIRECT] WARNING: Could not open/create prefs root node Software\JavaSoft\Prefs at root 0xffffffff80000002. Windows RegCreateKeyEx(...) returned error code 5.
2025-02-22 09:02:11,224 [ERROR] LogOutputStream:75 - [STDERR_REDIRECT] 
2025-02-22 09:02:11,734 [INFO] MainUpdater:2872 - connection check result : 10
2025-02-22 09:02:11,734 [INFO] MainUpdater:3566 - Updater definition file requires update
2025-02-22 09:02:11,736 [INFO] MainUpdater:289 - Updater Check For Update Now.
2025-02-22 09:02:11,736 [INFO] MicroXplorer:498 - Change Database Version : DB.6.0.130
2025-02-22 09:02:11,743 [INFO] McuFinderGlobals:63 - Set McuFinder mode to 2 (CubeIDE integrated)
2025-02-22 09:02:11,744 [INFO] UserAuth:171 - activating auth plugin
2025-02-22 09:02:11,747 [INFO] UserAuth:486 - Internet connection configuration mode: 1
2025-02-22 09:02:11,777 [INFO] JxBrowserEngine:152 - Initiate JxBrowser Engine with user profile folder
2025-02-22 09:02:11,779 [INFO] ServerAccessManage:473 - Download File updaters.zip
2025-02-22 09:02:11,907 [INFO] FileExtend:240 - Unzip File : updaters.zip
2025-02-22 09:02:11,908 [INFO] FileExtend:255 - Standard Zip Deflate
2025-02-22 09:02:12,460 [INFO] ServerAccessManage:473 - Download File PacksControlFlags.xml
2025-02-22 09:02:12,571 [INFO] ServerAccessManage:473 - Download File cubemx.pidx
2025-02-22 09:02:12,808 [INFO] LoadServerUpdatesThread:375 - End of LoadServerUpdate Thread
2025-02-22 09:02:13,038 [INFO] CheckServerUpdateThread:120 - End of CheckServer Thread
2025-02-22 09:02:13,586 [WARN] PackLoader:240 - Cannot read IP mode file for STMicroelectronics.FP-SNS-MOTENVWB1.1.4.0
2025-02-22 09:02:13,603 [WARN] PackLoader:240 - Cannot read IP mode file for STMicroelectronics.FP-ATR-ASTRA1.2.0.1
2025-02-22 09:02:13,628 [WARN] PackLoader:240 - Cannot read IP mode file for STMicroelectronics.X-CUBE-SMBUS.2.1.0
2025-02-22 09:02:13,648 [WARN] PackLoader:240 - Cannot read IP mode file for STMicroelectronics.X-CUBE-WB05N.1.1.0
2025-02-22 09:02:13,718 [WARN] PackLoader:240 - Cannot read IP mode file for STMicroelectronics.X-CUBE-AZRTOS-F7.1.1.0
2025-02-22 09:02:13,738 [WARN] PackLoader:240 - Cannot read IP mode file for STMicroelectronics.FP-SNS-FLIGHT1.5.0.2
2025-02-22 09:02:13,791 [WARN] PackLoader:240 - Cannot read IP mode file for Infineon.AIROC-Wi-Fi-Bluetooth-STM32.1.7.0
2025-02-22 09:02:13,816 [INFO] WebApp:168 - Instantiating new browser for Auth
2025-02-22 09:02:13,825 [WARN] PackLoader:240 - Cannot read IP mode file for STMicroelectronics.X-CUBE-DISPLAY.3.0.0
2025-02-22 09:02:13,844 [WARN] PackLoader:240 - Cannot read IP mode file for STMicroelectronics.X-CUBE-BLE1.7.0.0
2025-02-22 09:02:13,860 [WARN] PackLoader:240 - Cannot read IP mode file for STMicroelectronics.X-CUBE-NFC10.1.0.0
2025-02-22 09:02:13,889 [WARN] PackLoader:240 - Cannot read IP mode file for STMicroelectronics.X-CUBE-BLEMGR.4.0.0
2025-02-22 09:02:13,908 [WARN] PackLoader:240 - Cannot read IP mode file for emotas.I-CUBE-CANOPEN.1.3.0
2025-02-22 09:02:13,916 [WARN] PackLoader:240 - Cannot read IP mode file for STMicroelectronics.X-CUBE-AI.10.0.0
2025-02-22 09:02:13,925 [WARN] PackLoader:240 - Cannot read IP mode file for STMicroelectronics.FP-SNS-SMARTAG2.1.2.0
2025-02-22 09:02:14,030 [WARN] PackLoader:240 - Cannot read IP mode file for STMicroelectronics.X-CUBE-MEMS1.11.1.0
2025-02-22 09:02:14,331 [INFO] LogOutputStream:77 - [STDOUT_REDIRECT] 1 : Invalid condition id : UX_CORESTACK_Condition cause : null
2025-02-22 09:02:14,332 [INFO] LogOutputStream:77 - [STDOUT_REDIRECT] 1 : Invalid condition id : UX_CORESTACK_Condition cause : null
2025-02-22 09:02:14,334 [INFO] LogOutputStream:77 - [STDOUT_REDIRECT] 1 : Invalid condition id : UX_CORESTACK_Condition cause : null
2025-02-22 09:02:14,336 [INFO] LogOutputStream:77 - [STDOUT_REDIRECT] 1 : Invalid condition id : UX_CORESTACK_Condition cause : null
2025-02-22 09:02:14,338 [INFO] LogOutputStream:77 - [STDOUT_REDIRECT] 1 : Invalid condition id : UX_CORESTACK_Condition cause : null
2025-02-22 09:02:14,343 [WARN] PackLoader:240 - Cannot read IP mode file for STMicroelectronics.X-CUBE-AZRTOS-WL.2.0.0
2025-02-22 09:02:14,354 [WARN] PackLoader:240 - Cannot read IP mode file for STMicroelectronics.FP-SNS-MOTENV1.5.0.0
2025-02-22 09:02:14,362 [WARN] PackLoader:240 - Cannot read IP mode file for wolfSSL.I-CUBE-wolfMQTT.1.19.0
2025-02-22 09:02:14,374 [WARN] PackLoader:240 - Cannot read IP mode file for WES.I-CUBE-Cesium.1.3.0
2025-02-22 09:02:14,381 [WARN] PackLoader:240 - Cannot read IP mode file for STMicroelectronics.X-CUBE-BLE2.3.3.0
2025-02-22 09:02:14,393 [WARN] PackLoader:240 - Cannot read IP mode file for STMicroelectronics.X-CUBE-NFC9.1.0.0
2025-02-22 09:02:14,420 [WARN] PackLoader:240 - Cannot read IP mode file for STMicroelectronics.X-CUBE-AZRTOS-G0.1.1.0
2025-02-22 09:02:14,431 [WARN] PackLoader:240 - Cannot read IP mode file for STMicroelectronics.X-CUBE-SAFEA1.1.2.2
2025-02-22 09:02:14,442 [WARN] PackLoader:240 - Cannot read IP mode file for STMicroelectronics.X-CUBE-NFC4.3.0.0
2025-02-22 09:02:14,457 [WARN] PackLoader:240 - Cannot read IP mode file for EmbeddedOffice.I-CUBE-FS-RTOS.1.0.1
2025-02-22 09:02:14,467 [WARN] PackLoader:240 - Cannot read IP mode file for STMicroelectronics.X-CUBE-TCPP.4.2.0
2025-02-22 09:02:14,477 [WARN] PackLoader:240 - Cannot read IP mode file for RealThread.X-CUBE-RT-Thread_Nano.4.1.1
2025-02-22 09:02:14,484 [WARN] PackLoader:240 - Cannot read IP mode file for STMicroelectronics.FP-ATR-SIGFOX1.3.2.0
2025-02-22 09:02:14,492 [WARN] ConditionMgr:438 - getConditionDescription Invalid condition id : Cortex-A Device cause : null
2025-02-22 09:02:14,510 [WARN] ConditionMgr:1044 - genDependencies : Invalid condition id : Cortex-A Device cause : null
2025-02-22 09:02:14,511 [WARN] ConditionMgr:1044 - genDependencies : Invalid condition id : Cortex-A Device cause : null
2025-02-22 09:02:14,511 [WARN] ConditionMgr:1044 - genDependencies : Invalid condition id : Cortex-A Device cause : null
2025-02-22 09:02:14,521 [WARN] PackLoader:240 - Cannot read IP mode file for STMicroelectronics.X-CUBE-EEPRMA1.5.1.0
2025-02-22 09:02:14,529 [WARN] PackLoader:240 - Cannot read IP mode file for wolfSSL.I-CUBE-wolfSSL.5.7.4
2025-02-22 09:02:14,538 [WARN] PackLoader:240 - Cannot read IP mode file for ITTIA_DB.I-CUBE-ITTIADB.8.9.0
2025-02-22 09:02:14,581 [WARN] PackLoader:240 - Cannot read IP mode file for SEGGER.I-CUBE-embOS.1.3.1
2025-02-22 09:02:14,640 [WARN] PackLoader:240 - Cannot read IP mode file for STMicroelectronics.X-CUBE-ALGOBUILD.1.4.0
2025-02-22 09:02:14,645 [WARN] PackLoader:240 - Cannot read IP mode file for STMicroelectronics.X-CUBE-AI.9.1.0
2025-02-22 09:02:14,670 [WARN] PackLoader:240 - Cannot read IP mode file for STMicroelectronics.X-CUBE-AZRTOS-F4.1.1.0
2025-02-22 09:02:14,678 [WARN] PackLoader:240 - Cannot read IP mode file for STMicroelectronics.X-CUBE-ISPU.2.1.0
2025-02-22 09:02:14,704 [WARN] PackLoader:240 - Cannot read IP mode file for STMicroelectronics.X-CUBE-AZRTOS-L5.2.0.0
2025-02-22 09:02:14,735 [WARN] PackLoader:240 - Cannot read IP mode file for STMicroelectronics.X-CUBE-NFC6.3.1.0
2025-02-22 09:02:14,747 [WARN] PackLoader:240 - Cannot read IP mode file for STMicroelectronics.X-CUBE-DPower.1.2.0
2025-02-22 09:02:14,755 [WARN] PackLoader:240 - Cannot read IP mode file for STMicroelectronics.X-CUBE-FREERTOS.1.3.0
2025-02-22 09:02:14,763 [WARN] PackLoader:240 - Cannot read IP mode file for STMicroelectronics.X-CUBE-NFC7.1.0.1
2025-02-22 09:02:14,788 [WARN] ConditionMgr:438 - getConditionDescription Invalid condition id : LAN8742 Phy interface Condition cause : null
2025-02-22 09:02:14,789 [WARN] PackLoader:240 - Cannot read IP mode file for STMicroelectronics.X-CUBE-AZRTOS-L4.2.0.0
2025-02-22 09:02:14,791 [WARN] ConditionMgr:1044 - genDependencies : Invalid condition id : LAN8742 Phy interface Condition cause : null
2025-02-22 09:02:14,792 [WARN] ConditionMgr:1044 - genDependencies : Invalid condition id : LAN8742 Phy interface Condition cause : null
2025-02-22 09:02:14,792 [WARN] ConditionMgr:1044 - genDependencies : Invalid condition id : LAN8742 Phy interface Condition cause : null
2025-02-22 09:02:14,803 [WARN] PackLoader:240 - Cannot read IP mode file for STMicroelectronics.X-CUBE-SFXS2LP1.4.0.0
2025-02-22 09:02:14,834 [WARN] PackLoader:240 - Cannot read IP mode file for STMicroelectronics.X-CUBE-AZRTOS-H7.3.3.0
2025-02-22 09:02:14,856 [WARN] ConditionMgr:438 - getConditionDescription Invalid condition id : UX DEVICE CLASS RTOS Condition cause : null
2025-02-22 09:02:14,856 [WARN] ConditionMgr:438 - getConditionDescription Invalid condition id : UX DEVICE CLASS RTOS Condition cause : null
2025-02-22 09:02:14,859 [WARN] PackLoader:240 - Cannot read IP mode file for STMicroelectronics.X-CUBE-AZRTOS-WB.2.0.0
2025-02-22 09:02:14,860 [WARN] ConditionMgr:1044 - genDependencies : Invalid condition id : UX DEVICE CLASS RTOS Condition cause : null
2025-02-22 09:02:14,861 [WARN] ConditionMgr:1044 - genDependencies : Invalid condition id : UX DEVICE CLASS RTOS Condition cause : null
2025-02-22 09:02:14,861 [WARN] ConditionMgr:1044 - genDependencies : Invalid condition id : UX DEVICE CLASS RTOS Condition cause : null
2025-02-22 09:02:14,862 [WARN] ConditionMgr:1044 - genDependencies : Invalid condition id : UX DEVICE CLASS RTOS Condition cause : null
2025-02-22 09:02:14,862 [WARN] ConditionMgr:1044 - genDependencies : Invalid condition id : UX DEVICE CLASS RTOS Condition cause : null
2025-02-22 09:02:14,871 [WARN] PackLoader:240 - Cannot read IP mode file for STMicroelectronics.X-CUBE-GNSS1.7.0.1
2025-02-22 09:02:14,881 [WARN] PackLoader:240 - Cannot read IP mode file for STMicroelectronics.FP-SNS-STBOX1.2.0.0
2025-02-22 09:02:14,899 [WARN] PackLoader:240 - Cannot read IP mode file for STMicroelectronics.X-CUBE-SUBG2.5.0.0
2025-02-22 09:02:14,913 [WARN] PackLoader:240 - Cannot read IP mode file for Cesanta.I-CUBE-Mongoose.7.13.0
2025-02-22 09:02:14,933 [WARN] PackLoader:240 - Cannot read IP mode file for STMicroelectronics.X-CUBE-AZRTOS-G4.2.0.0
2025-02-22 09:02:14,956 [WARN] PackLoader:240 - Cannot read IP mode file for STMicroelectronics.X-CUBE-IPS.3.1.0
2025-02-22 09:02:14,970 [WARN] PackLoader:240 - Cannot read IP mode file for STMicroelectronics.X-CUBE-ALS.1.0.2
2025-02-22 09:02:14,978 [WARN] PackLoader:240 - Cannot read IP mode file for STMicroelectronics.X-CUBE-TOUCHGFX.4.24.2
2025-02-22 09:02:14,986 [WARN] PackLoader:240 - Cannot read IP mode file for wolfSSL.I-CUBE-wolfTPM.3.4.0
2025-02-22 09:02:14,996 [WARN] PackLoader:240 - Cannot read IP mode file for portGmbH.I-Cube-SoM-uGOAL.1.1.0
2025-02-22 09:02:15,019 [WARN] PackLoader:240 - Cannot read IP mode file for STMicroelectronics.X-CUBE-AZRTOS-H7RS.1.0.0
2025-02-22 09:02:15,037 [WARN] PackLoader:240 - Cannot read IP mode file for STMicroelectronics.X-CUBE-TOF1.3.4.2
2025-02-22 09:02:15,054 [WARN] PackLoader:240 - Cannot read IP mode file for wolfSSL.I-CUBE-wolfSSH.1.4.17
2025-02-22 09:02:15,055 [INFO] ThirdParty:978 - Integrity check success = true
2025-02-22 09:02:15,055 [INFO] IntegrityCheckThread:100 - exiting critical section [integrity check]
2025-02-22 09:02:15,055 [INFO] IntegrityCheckThread:103 - End integrity checks thread
2025-02-22 09:02:15,501 [INFO] WebApp:449 - Apply proxy settings
2025-02-22 09:02:15,503 [INFO] WebApp:534 - Chromium requires no authentication
2025-02-22 09:02:15,516 [INFO] WebApp:477 - Direct internet connection detected
2025-02-22 09:02:15,553 [INFO] WebApp:880 - Register for checkConnection events
2025-02-22 09:02:15,553 [INFO] WebApp:449 - Apply proxy settings
2025-02-22 09:02:15,553 [INFO] WebApp:534 - Chromium requires no authentication
2025-02-22 09:02:15,554 [INFO] WebApp:477 - Direct internet connection detected
2025-02-22 09:02:15,789 [INFO] WebApp:221 - Starting web application
2025-02-22 09:02:15,790 [INFO] WebApp:579 - Web application path used C:\ST\STM32CubeIDE_1.17.0\STM32CubeIDE\plugins\com.st.stm32cube.common.mx_6.13.0.202411220809\db\plugins\mcufinder\reactClient1\index.html
2025-02-22 09:02:15,963 [INFO] WebApp:187 - Connection restablished
2025-02-22 09:22:14,928 [INFO] WebApp:190 - Connection lost
2025-02-22 09:39:24,129 [INFO] WebApp:187 - Connection restablished
2025-02-22 09:54:40,176 [INFO] WebApp:190 - Connection lost
2025-02-22 09:54:54,562 [INFO] WebApp:187 - Connection restablished
2025-02-22 09:54:59,541 [INFO] WebApp:190 - Connection lost
2025-02-22 09:54:59,769 [INFO] WebApp:187 - Connection restablished
2025-02-22 10:26:57,319 [INFO] WebApp:190 - Connection lost
2025-02-22 10:27:06,329 [INFO] WebApp:187 - Connection restablished
2025-02-22 10:27:10,033 [INFO] WebApp:190 - Connection lost
2025-02-22 10:27:16,377 [INFO] WebApp:187 - Connection restablished
2025-02-22 10:27:20,039 [INFO] WebApp:190 - Connection lost
2025-02-22 10:27:20,205 [INFO] WebApp:187 - Connection restablished
2025-02-22 10:35:02,229 [INFO] WebApp:190 - Connection lost
2025-02-22 10:35:07,030 [INFO] WebApp:187 - Connection restablished
2025-02-22 10:35:08,513 [INFO] WebApp:190 - Connection lost
2025-02-22 10:35:08,765 [INFO] WebApp:187 - Connection restablished
2025-02-22 10:40:09,993 [ERROR] ConfigurationRetriever:142 - IOException on connection: Read timed out
2025-02-22 10:40:12,024 [ERROR] ConfigurationRetriever:142 - IOException on connection: Connect timed out
2025-02-22 10:40:14,031 [ERROR] ConfigurationRetriever:142 - IOException on connection: Connect timed out
2025-02-22 10:40:19,081 [ERROR] LogOutputStream:75 - [STDERR_REDIRECT] 
2025-02-22 10:40:19,088 [ERROR] LogOutputStream:75 - [STDERR_REDIRECT] 
