2025-03-13 21:02:19,848 [INFO] Activator:176 - 


2025-03-13 21:02:19,870 [INFO] Activator:177 - !SESSION log4j initialized
2025-03-13 21:02:29,082 [INFO] LogOutputStream:77 - [STDOUT_REDIRECT] 
2025-03-13 21:02:30,599 [INFO] ApplicationProperties:184 - Using Application install path: C:\ST\STM32CubeIDE_1.17.0\STM32CubeIDE\plugins\com.st.stm32cube.common.mx_6.13.0.202411220809
2025-03-13 21:02:30,620 [INFO] DbMcusXml:78 - Set database path to: C:\ST\STM32CubeIDE_1.17.0\STM32CubeIDE\plugins\com.st.stm32cube.common.mx_6.13.0.202411220809\\db\/mcu/
2025-03-13 21:02:30,621 [INFO] ApiDb:274 - Set plugin database path to: C:\ST\STM32CubeIDE_1.17.0\STM32CubeIDE\plugins\com.st.stm32cube.common.mx_6.13.0.202411220809\\db\/plugins/boardmanager/
2025-03-13 21:02:30,621 [WARN] ApiDb:259 - Overriding images path with different value:  => C:\ST\STM32CubeIDE_1.17.0\STM32CubeIDE\plugins\com.st.stm32cube.common.mx_6.13.0.202411220809\\db\/plugins/mcufinder/images/
2025-03-13 21:02:30,633 [INFO] ApiDb:250 - Set database path to: C:\Users\vinaykumar\.stmcufinder\plugins\mcufinder//mcu/
2025-03-13 21:02:30,635 [INFO] DbMcusAds:125 - Set database path to: C:\Users\vinaykumar\.stmcufinder\plugins\mcufinder//mcu/
2025-03-13 21:02:30,638 [INFO] CrossReferenceDbSqlite:203 - Set database path to: C:\Users\vinaykumar\.stmcufinder\plugins\mcufinder//mcu/cs/
2025-03-13 21:02:30,762 [INFO] RulesReader:64 - Compatibility file has been processed (297 Rules)
2025-03-13 21:02:30,856 [INFO] DbMcusXml:78 - Set database path to: C:\ST\STM32CubeIDE_1.17.0\STM32CubeIDE\plugins\com.st.stm32cube.common.mx_6.13.0.202411220809\\db\/mcu/
2025-03-13 21:02:30,856 [INFO] ApiDb:274 - Set plugin database path to: C:\ST\STM32CubeIDE_1.17.0\STM32CubeIDE\plugins\com.st.stm32cube.common.mx_6.13.0.202411220809\\db\/plugins/boardmanager/
2025-03-13 21:02:30,856 [INFO] ApiDb:261 - Set plugin images path to: C:\ST\STM32CubeIDE_1.17.0\STM32CubeIDE\plugins\com.st.stm32cube.common.mx_6.13.0.202411220809\\db\/plugins/mcufinder/images/
2025-03-13 21:02:30,857 [WARN] DbFile:41 - Overriding database path with different value: C:\Users\vinaykumar\.stmcufinder\plugins\mcufinder/ => C:\Users\vinaykumar\.stmcufinder\plugins\mcufinder
2025-03-13 21:02:30,857 [INFO] ApiDb:250 - Set database path to: C:\Users\vinaykumar\.stmcufinder\plugins\mcufinder//mcu/
2025-03-13 21:02:30,857 [WARN] DbFile:41 - Overriding database path with different value: C:\Users\vinaykumar\.stmcufinder\plugins\mcufinder/ => C:\Users\vinaykumar\.stmcufinder\plugins\mcufinder
2025-03-13 21:02:30,857 [INFO] DbMcusAds:125 - Set database path to: C:\Users\vinaykumar\.stmcufinder\plugins\mcufinder//mcu/
2025-03-13 21:02:30,857 [WARN] DbFile:41 - Overriding database path with different value: C:\Users\vinaykumar\.stmcufinder\plugins\mcufinder/ => C:\Users\vinaykumar\.stmcufinder\plugins\mcufinder
2025-03-13 21:02:30,857 [WARN] DbFile:41 - Overriding database path with different value: C:\Users\vinaykumar\.stmcufinder\plugins\mcufinder/ => C:\Users\vinaykumar\.stmcufinder\plugins\mcufinder
2025-03-13 21:02:30,857 [INFO] CrossReferenceDbSqlite:203 - Set database path to: C:\Users\vinaykumar\.stmcufinder\plugins\mcufinder//mcu/cs/
2025-03-13 21:02:30,945 [INFO] MainPanel:272 - HeapMemory: 268435456
2025-03-13 21:02:31,082 [INFO] DbMcusXml:78 - Set database path to: C:\ST\STM32CubeIDE_1.17.0\STM32CubeIDE\plugins\com.st.stm32cube.common.mx_6.13.0.202411220809\\db\/mcu/
2025-03-13 21:02:31,082 [INFO] ApiDb:274 - Set plugin database path to: C:\ST\STM32CubeIDE_1.17.0\STM32CubeIDE\plugins\com.st.stm32cube.common.mx_6.13.0.202411220809\\db\/plugins/boardmanager/
2025-03-13 21:02:31,082 [INFO] ApiDb:261 - Set plugin images path to: C:\ST\STM32CubeIDE_1.17.0\STM32CubeIDE\plugins\com.st.stm32cube.common.mx_6.13.0.202411220809\\db\/plugins/mcufinder/images/
2025-03-13 21:02:31,083 [WARN] DbFile:41 - Overriding database path with different value: C:\Users\vinaykumar\.stmcufinder\plugins\mcufinder/ => C:\Users\vinaykumar\.stmcufinder\plugins\mcufinder
2025-03-13 21:02:31,083 [INFO] ApiDb:250 - Set database path to: C:\Users\vinaykumar\.stmcufinder\plugins\mcufinder//mcu/
2025-03-13 21:02:31,083 [WARN] DbFile:41 - Overriding database path with different value: C:\Users\vinaykumar\.stmcufinder\plugins\mcufinder/ => C:\Users\vinaykumar\.stmcufinder\plugins\mcufinder
2025-03-13 21:02:31,084 [INFO] DbMcusAds:125 - Set database path to: C:\Users\vinaykumar\.stmcufinder\plugins\mcufinder//mcu/
2025-03-13 21:02:31,084 [WARN] DbFile:41 - Overriding database path with different value: C:\Users\vinaykumar\.stmcufinder\plugins\mcufinder/ => C:\Users\vinaykumar\.stmcufinder\plugins\mcufinder
2025-03-13 21:02:31,084 [WARN] DbFile:41 - Overriding database path with different value: C:\Users\vinaykumar\.stmcufinder\plugins\mcufinder/ => C:\Users\vinaykumar\.stmcufinder\plugins\mcufinder
2025-03-13 21:02:31,084 [INFO] CrossReferenceDbSqlite:203 - Set database path to: C:\Users\vinaykumar\.stmcufinder\plugins\mcufinder//mcu/cs/
2025-03-13 21:02:31,106 [INFO] ApplicationProperties:184 - Using Application install path: C:\ST\STM32CubeIDE_1.17.0\STM32CubeIDE\plugins\com.st.stm32cube.common.mx_6.13.0.202411220809
2025-03-13 21:02:31,107 [INFO] PluginManage:196 - Search for loadable plugins [exclusion list=, ]
2025-03-13 21:02:31,109 [INFO] PluginManage:310 - Check plugin analytics
2025-03-13 21:02:31,369 [INFO] AnalyticsPlugin:253 - Accepted Software Licenses: 
2025-03-13 21:02:31,369 [INFO] AnalyticsPlugin:255 - Accepted CMSIS Pack Licenses: 
2025-03-13 21:02:31,369 [INFO] AnalyticsPlugin:257 - Accepted Firmware Licenses: 
2025-03-13 21:02:31,373 [INFO] PluginManage:359 - Loaded plugin analytics (category:tool,tabindex:-1)
2025-03-13 21:02:31,373 [INFO] PluginManage:310 - Check plugin cadmodel
2025-03-13 21:02:31,398 [INFO] CADModel:105 - Init CAD model plugin
2025-03-13 21:02:31,398 [INFO] PluginManage:359 - Loaded plugin cadmodel (category:power,tabindex:5)
2025-03-13 21:02:31,398 [INFO] PluginManage:310 - Check plugin clock
2025-03-13 21:02:31,428 [INFO] PluginManage:359 - Loaded plugin clock (category:base,tabindex:2)
2025-03-13 21:02:31,428 [INFO] PluginManage:310 - Check plugin ddr
2025-03-13 21:02:31,431 [INFO] PluginManage:359 - Loaded plugin ddr (category:tool,tabindex:6)
2025-03-13 21:02:31,432 [INFO] PluginManage:310 - Check plugin filemanager
2025-03-13 21:02:31,593 [INFO] PluginManage:359 - Loaded plugin filemanager (category:base,tabindex:10)
2025-03-13 21:02:31,593 [INFO] PluginManage:310 - Check plugin ipmanager
2025-03-13 21:02:31,603 [INFO] PluginManage:359 - Loaded plugin ipmanager (category:base,tabindex:5)
2025-03-13 21:02:31,603 [INFO] PluginManage:310 - Check plugin lpbam
2025-03-13 21:02:31,624 [INFO] PluginManage:359 - Loaded plugin lpbam (category:base,tabindex:0)
2025-03-13 21:02:31,624 [INFO] PluginManage:310 - Check plugin memorymap
2025-03-13 21:02:31,658 [INFO] PluginManage:359 - Loaded plugin memorymap (category:base,tabindex:4)
2025-03-13 21:02:31,658 [INFO] PluginManage:310 - Check plugin pinoutandconfiguration
2025-03-13 21:02:31,681 [INFO] PluginManage:359 - Loaded plugin pinoutandconfiguration (category:base,tabindex:1)
2025-03-13 21:02:31,681 [INFO] PluginManage:310 - Check plugin pinoutconfig
2025-03-13 21:02:31,789 [WARN] SupportedApi:132 - Cannot load RTOS API schema: s4s-elt-must-match.1: The content of 'definitions' must match (annotation?, (simpleType | complexType)?, (unique | key | keyref)*)). A problem was found starting at: attribute.
2025-03-13 21:02:31,934 [INFO] PluginManage:359 - Loaded plugin pinoutconfig (category:base,tabindex:0)
2025-03-13 21:02:31,934 [INFO] PluginManage:310 - Check plugin power
2025-03-13 21:02:31,961 [INFO] PluginManage:359 - Loaded plugin power (category:power,tabindex:4)
2025-03-13 21:02:31,961 [INFO] PluginManage:310 - Check plugin projectmanager
2025-03-13 21:02:31,977 [INFO] PluginManage:359 - Loaded plugin projectmanager (category:projectmanager,tabindex:4)
2025-03-13 21:02:31,977 [INFO] PluginManage:310 - Check plugin rif
2025-03-13 21:02:31,997 [INFO] PluginManage:359 - Loaded plugin rif (category:base,tabindex:3)
2025-03-13 21:02:31,997 [INFO] PluginManage:310 - Check plugin thirdparty
2025-03-13 21:02:32,336 [WARN] IntegrityCheckThread:84 - waiting for thirdparty lock release [integrity check]
2025-03-13 21:02:32,337 [INFO] PluginManage:359 - Loaded plugin thirdparty (category:base,tabindex:-1)
2025-03-13 21:02:32,337 [INFO] IntegrityCheckThread:86 - entering critical section [integrity check]
2025-03-13 21:02:32,337 [INFO] PluginManage:310 - Check plugin tools
2025-03-13 21:02:32,337 [INFO] ThirdPartyUpdaterWithRetryManager:70 - Updater plugin not ready yet. [1/15]
2025-03-13 21:02:32,378 [INFO] PluginManage:359 - Loaded plugin tools (category:base,tabindex:7)
2025-03-13 21:02:32,378 [INFO] PluginManage:310 - Check plugin tutovideos
2025-03-13 21:02:32,566 [INFO] PluginManage:359 - Loaded plugin tutovideos (category:base,tabindex:-1)
2025-03-13 21:02:32,566 [INFO] PluginManage:310 - Check plugin updater
2025-03-13 21:02:32,591 [INFO] PluginManage:359 - Loaded plugin updater (category:base,tabindex:12)
2025-03-13 21:02:32,591 [INFO] PluginManage:310 - Check plugin userauth
2025-03-13 21:02:32,597 [INFO] UserAuth:118 - Init User Auth plugin
2025-03-13 21:02:32,598 [INFO] PluginManage:359 - Loaded plugin userauth (category:base,tabindex:14)
2025-03-13 21:02:32,599 [INFO] PluginManage:283 - PluginManage : Loaded plugins [18]
2025-03-13 21:02:32,842 [INFO] PinOutPanel:1589 - setPackage(No Configuration,No Configuration)
2025-03-13 21:02:32,940 [INFO] CADModel:165 - CPN selected for project level
2025-03-13 21:02:32,941 [INFO] CADModel:114 - Register for checkConnection events
2025-03-13 21:02:32,994 [INFO] IPUIPlugin:80 - create IPUIPlugin
2025-03-13 21:02:32,994 [INFO] PluginManager:220 - loadIPPluginJar : add adc
2025-03-13 21:02:33,042 [INFO] IPUIPlugin:80 - create IPUIPlugin
2025-03-13 21:02:33,042 [INFO] PluginManager:220 - loadIPPluginJar : add aes
2025-03-13 21:02:33,104 [INFO] IPUIPlugin:80 - create IPUIPlugin
2025-03-13 21:02:33,104 [INFO] PluginManager:220 - loadIPPluginJar : add can
2025-03-13 21:02:33,130 [INFO] IPUIPlugin:80 - create IPUIPlugin
2025-03-13 21:02:33,130 [INFO] PluginManager:220 - loadIPPluginJar : add comp
2025-03-13 21:02:33,169 [INFO] IPUIPlugin:80 - create IPUIPlugin
2025-03-13 21:02:33,169 [INFO] PluginManager:220 - loadIPPluginJar : add cryp
2025-03-13 21:02:33,183 [INFO] IPUIPlugin:80 - create IPUIPlugin
2025-03-13 21:02:33,183 [INFO] PluginManager:220 - loadIPPluginJar : add ddr_ctrl_phy
2025-03-13 21:02:33,219 [INFO] IPUIPlugin:80 - create IPUIPlugin
2025-03-13 21:02:33,219 [INFO] PluginManager:220 - loadIPPluginJar : add dfsdm
2025-03-13 21:02:33,237 [INFO] IPUIPlugin:80 - create IPUIPlugin
2025-03-13 21:02:33,237 [INFO] PluginManager:220 - loadIPPluginJar : add dma
2025-03-13 21:02:33,278 [INFO] IPUIPlugin:80 - create IPUIPlugin
2025-03-13 21:02:33,278 [INFO] PluginManager:220 - loadIPPluginJar : add dma3
2025-03-13 21:02:33,324 [INFO] IPUIPlugin:80 - create IPUIPlugin
2025-03-13 21:02:33,324 [INFO] PluginManager:220 - loadIPPluginJar : add extmemmanager
2025-03-13 21:02:33,346 [INFO] IPUIPlugin:80 - create IPUIPlugin
2025-03-13 21:02:33,346 [INFO] PluginManager:220 - loadIPPluginJar : add fatfs
2025-03-13 21:02:33,399 [INFO] IPUIPlugin:80 - create IPUIPlugin
2025-03-13 21:02:33,399 [INFO] PluginManager:220 - loadIPPluginJar : add fmc
2025-03-13 21:02:33,416 [INFO] IPUIPlugin:80 - create IPUIPlugin
2025-03-13 21:02:33,416 [INFO] PluginManager:220 - loadIPPluginJar : add freertos
2025-03-13 21:02:33,437 [INFO] IPUIPlugin:80 - create IPUIPlugin
2025-03-13 21:02:33,438 [INFO] PluginManager:220 - loadIPPluginJar : add genericplugin
2025-03-13 21:02:33,535 [INFO] IPUIPlugin:80 - create IPUIPlugin
2025-03-13 21:02:33,535 [INFO] PluginManager:220 - loadIPPluginJar : add gfxmmu
2025-03-13 21:02:33,671 [INFO] IPUIPlugin:80 - create IPUIPlugin
2025-03-13 21:02:33,671 [INFO] PluginManager:220 - loadIPPluginJar : add gic
2025-03-13 21:02:33,687 [INFO] IPUIPlugin:80 - create IPUIPlugin
2025-03-13 21:02:33,687 [INFO] PluginManager:220 - loadIPPluginJar : add gpio
2025-03-13 21:02:33,784 [INFO] IPUIPlugin:80 - create IPUIPlugin
2025-03-13 21:02:33,784 [INFO] PluginManager:220 - loadIPPluginJar : add gtzc
2025-03-13 21:02:33,825 [INFO] IPUIPlugin:80 - create IPUIPlugin
2025-03-13 21:02:33,825 [INFO] PluginManager:220 - loadIPPluginJar : add hash
2025-03-13 21:02:33,887 [INFO] IPUIPlugin:80 - create IPUIPlugin
2025-03-13 21:02:33,887 [INFO] PluginManager:220 - loadIPPluginJar : add i2c
2025-03-13 21:02:33,930 [INFO] IPUIPlugin:80 - create IPUIPlugin
2025-03-13 21:02:33,931 [INFO] PluginManager:220 - loadIPPluginJar : add i2s
2025-03-13 21:02:33,978 [INFO] IPUIPlugin:80 - create IPUIPlugin
2025-03-13 21:02:33,978 [INFO] PluginManager:220 - loadIPPluginJar : add i3c
2025-03-13 21:02:34,080 [INFO] IPUIPlugin:80 - create IPUIPlugin
2025-03-13 21:02:34,080 [INFO] PluginManager:220 - loadIPPluginJar : add ipddr
2025-03-13 21:02:34,179 [INFO] IPUIPlugin:80 - create IPUIPlugin
2025-03-13 21:02:34,179 [INFO] PluginManager:220 - loadIPPluginJar : add linkedlist
2025-03-13 21:02:34,221 [INFO] IPUIPlugin:80 - create IPUIPlugin
2025-03-13 21:02:34,221 [INFO] PluginManager:220 - loadIPPluginJar : add lorawan
2025-03-13 21:02:34,258 [INFO] IPUIPlugin:80 - create IPUIPlugin
2025-03-13 21:02:34,258 [INFO] PluginManager:220 - loadIPPluginJar : add ltdc
2025-03-13 21:02:34,277 [INFO] IPUIPlugin:80 - create IPUIPlugin
2025-03-13 21:02:34,277 [INFO] PluginManager:220 - loadIPPluginJar : add mdma
2025-03-13 21:02:34,292 [INFO] IPUIPlugin:80 - create IPUIPlugin
2025-03-13 21:02:34,293 [INFO] PluginManager:220 - loadIPPluginJar : add nvic
2025-03-13 21:02:34,336 [INFO] IPUIPlugin:80 - create IPUIPlugin
2025-03-13 21:02:34,336 [INFO] PluginManager:220 - loadIPPluginJar : add opamp
2025-03-13 21:02:34,410 [INFO] IPUIPlugin:80 - create IPUIPlugin
2025-03-13 21:02:34,410 [INFO] PluginManager:220 - loadIPPluginJar : add openamp
2025-03-13 21:02:34,457 [INFO] IPUIPlugin:80 - create IPUIPlugin
2025-03-13 21:02:34,457 [INFO] PluginManager:220 - loadIPPluginJar : add pdm2pcm
2025-03-13 21:02:34,473 [INFO] IPUIPlugin:80 - create IPUIPlugin
2025-03-13 21:02:34,475 [INFO] PluginManager:220 - loadIPPluginJar : add plateformsettings
2025-03-13 21:02:34,499 [INFO] IPUIPlugin:80 - create IPUIPlugin
2025-03-13 21:02:34,500 [INFO] PluginManager:220 - loadIPPluginJar : add quadspi
2025-03-13 21:02:34,528 [INFO] IPUIPlugin:80 - create IPUIPlugin
2025-03-13 21:02:34,528 [INFO] PluginManager:220 - loadIPPluginJar : add radio
2025-03-13 21:02:34,542 [INFO] IPUIPlugin:80 - create IPUIPlugin
2025-03-13 21:02:34,543 [INFO] PluginManager:220 - loadIPPluginJar : add resmgrutility
2025-03-13 21:02:34,593 [INFO] IPUIPlugin:80 - create IPUIPlugin
2025-03-13 21:02:34,593 [INFO] PluginManager:220 - loadIPPluginJar : add sai
2025-03-13 21:02:34,635 [INFO] IPUIPlugin:80 - create IPUIPlugin
2025-03-13 21:02:34,635 [INFO] PluginManager:220 - loadIPPluginJar : add spi
2025-03-13 21:02:34,702 [INFO] IPUIPlugin:80 - create IPUIPlugin
2025-03-13 21:02:34,702 [INFO] PluginManager:220 - loadIPPluginJar : add stm32_wpan
2025-03-13 21:02:34,734 [INFO] IPUIPlugin:80 - create IPUIPlugin
2025-03-13 21:02:34,734 [INFO] PluginManager:220 - loadIPPluginJar : add tim
2025-03-13 21:02:34,803 [INFO] IPUIPlugin:80 - create IPUIPlugin
2025-03-13 21:02:34,803 [INFO] PluginManager:220 - loadIPPluginJar : add touchsensing
2025-03-13 21:02:34,832 [INFO] IPUIPlugin:80 - create IPUIPlugin
2025-03-13 21:02:34,832 [INFO] PluginManager:220 - loadIPPluginJar : add tracer_emb
2025-03-13 21:02:34,863 [INFO] IPUIPlugin:80 - create IPUIPlugin
2025-03-13 21:02:34,863 [INFO] PluginManager:220 - loadIPPluginJar : add ts
2025-03-13 21:02:34,892 [INFO] IPUIPlugin:80 - create IPUIPlugin
2025-03-13 21:02:34,892 [INFO] PluginManager:220 - loadIPPluginJar : add tsc
2025-03-13 21:02:34,918 [INFO] IPUIPlugin:80 - create IPUIPlugin
2025-03-13 21:02:34,918 [INFO] PluginManager:220 - loadIPPluginJar : add ucpd
2025-03-13 21:02:34,979 [INFO] IPUIPlugin:80 - create IPUIPlugin
2025-03-13 21:02:34,980 [INFO] PluginManager:220 - loadIPPluginJar : add usart
2025-03-13 21:02:35,031 [INFO] IPUIPlugin:80 - create IPUIPlugin
2025-03-13 21:02:35,031 [INFO] PluginManager:220 - loadIPPluginJar : add usbx
2025-03-13 21:02:35,164 [FATAL] Updater:351 - Updater called before beeing initialized
2025-03-13 21:02:35,196 [INFO] RulesReader:64 - Compatibility file has been processed (297 Rules)
2025-03-13 21:02:35,213 [INFO] RulesReader:64 - Compatibility file has been processed (297 Rules)
2025-03-13 21:02:35,224 [INFO] CADModel:165 - CPN selected for project level
2025-03-13 21:02:35,224 [INFO] CADModel:114 - Register for checkConnection events
2025-03-13 21:02:35,225 [FATAL] Updater:351 - Updater called before beeing initialized
2025-03-13 21:02:35,225 [ERROR] CADModel:125 - Updater not yet initialized, retry later 
2025-03-13 21:02:35,339 [INFO] ThirdPartyUpdaterWithRetryManager:70 - Updater plugin not ready yet. [2/15]
2025-03-13 21:02:35,411 [FATAL] Updater:351 - Updater called before beeing initialized
2025-03-13 21:02:35,414 [INFO] CADModel:165 - CPN selected for project level
2025-03-13 21:02:35,414 [INFO] CADModel:114 - Register for checkConnection events
2025-03-13 21:02:35,414 [FATAL] Updater:351 - Updater called before beeing initialized
2025-03-13 21:02:35,414 [ERROR] CADModel:125 - Updater not yet initialized, retry later 
2025-03-13 21:02:35,418 [FATAL] Updater:351 - Updater called before beeing initialized
2025-03-13 21:02:35,539 [FATAL] Updater:351 - Updater called before beeing initialized
2025-03-13 21:02:35,551 [INFO] DbMcusAds:53 - JSON generation date=Tue Dec 17 21:31:15 IST 2024 (1734451275111)
2025-03-13 21:02:35,552 [FATAL] Updater:351 - Updater called before beeing initialized
2025-03-13 21:02:35,600 [WARN] DetailPanel:346 - Failed to get advertising image, set to default
2025-03-13 21:02:35,828 [FATAL] Updater:351 - Updater called before beeing initialized
2025-03-13 21:02:35,833 [FATAL] Updater:351 - Updater called before beeing initialized
2025-03-13 21:02:35,833 [FATAL] Updater:351 - Updater called before beeing initialized
2025-03-13 21:02:35,833 [WARN] DetailPanel:346 - Failed to get advertising image, set to default
2025-03-13 21:02:35,834 [FATAL] Updater:351 - Updater called before beeing initialized
2025-03-13 21:02:35,908 [ERROR] Updater:1198 - MainUpdater not yet initialized. External WinMGr cannot be set.
2025-03-13 21:02:35,920 [INFO] Updater:1134 - Updater Version found : 6.13.0
2025-03-13 21:02:35,942 [INFO] ApplicationProperties:184 - Using Application install path: C:\ST\STM32CubeIDE_1.17.0\STM32CubeIDE\plugins\com.st.stm32cube.common.mx_6.13.0.202411220809
2025-03-13 21:02:37,538 [ERROR] LogOutputStream:75 - [STDERR_REDIRECT] Mar 13, 2025 9:02:37 PM java.util.prefs.WindowsPreferences <init>
2025-03-13 21:02:37,540 [ERROR] LogOutputStream:75 - [STDERR_REDIRECT] WARNING: Could not open/create prefs root node Software\JavaSoft\Prefs at root 0xffffffff80000002. Windows RegCreateKeyEx(...) returned error code 5.
2025-03-13 21:02:37,540 [ERROR] LogOutputStream:75 - [STDERR_REDIRECT] 
2025-03-13 21:02:37,880 [INFO] MainUpdater:2872 - connection check result : 10
2025-03-13 21:02:37,881 [INFO] MainUpdater:3566 - Updater definition file requires update
2025-03-13 21:02:37,882 [INFO] MainUpdater:289 - Updater Check For Update Now.
2025-03-13 21:02:37,882 [INFO] MicroXplorer:498 - Change Database Version : DB.6.0.130
2025-03-13 21:02:37,903 [INFO] McuFinderGlobals:63 - Set McuFinder mode to 2 (CubeIDE integrated)
2025-03-13 21:02:37,905 [INFO] UserAuth:171 - activating auth plugin
2025-03-13 21:02:37,908 [INFO] UserAuth:486 - Internet connection configuration mode: 1
2025-03-13 21:02:37,946 [INFO] JxBrowserEngine:152 - Initiate JxBrowser Engine with user profile folder
2025-03-13 21:02:37,948 [INFO] ServerAccessManage:473 - Download File updaters.zip
2025-03-13 21:02:38,243 [INFO] FileExtend:240 - Unzip File : updaters.zip
2025-03-13 21:02:38,243 [INFO] FileExtend:255 - Standard Zip Deflate
2025-03-13 21:02:38,342 [WARN] MainUpdater:1193 - Updater busy. Cannot search thirdparties
2025-03-13 21:02:38,342 [INFO] ThirdPartyUpdaterWithRetryManager:96 - Updater plugin is busy. [1/15]
2025-03-13 21:02:39,255 [INFO] ServerAccessManage:473 - Download File PacksControlFlags.xml
2025-03-13 21:02:39,447 [INFO] ServerAccessManage:473 - Download File cubemx.pidx
2025-03-13 21:02:40,209 [INFO] ServerAccessManage:473 - Download File STMicroelectronics.FP-SNS-FLIGHT1.pdsc
2025-03-13 21:02:41,048 [INFO] WebApp:168 - Instantiating new browser for Auth
2025-03-13 21:02:41,354 [WARN] MainUpdater:1193 - Updater busy. Cannot search thirdparties
2025-03-13 21:02:41,355 [INFO] ThirdPartyUpdaterWithRetryManager:96 - Updater plugin is busy. [2/15]
2025-03-13 21:02:42,741 [INFO] WebApp:449 - Apply proxy settings
2025-03-13 21:02:42,741 [INFO] WebApp:534 - Chromium requires no authentication
2025-03-13 21:02:42,766 [INFO] WebApp:477 - Direct internet connection detected
2025-03-13 21:02:42,818 [INFO] WebApp:880 - Register for checkConnection events
2025-03-13 21:02:42,818 [INFO] WebApp:449 - Apply proxy settings
2025-03-13 21:02:42,819 [INFO] WebApp:534 - Chromium requires no authentication
2025-03-13 21:02:42,821 [INFO] WebApp:477 - Direct internet connection detected
2025-03-13 21:02:43,108 [INFO] WebApp:187 - Connection restablished
2025-03-13 21:02:43,252 [INFO] WebApp:221 - Starting web application
2025-03-13 21:02:43,252 [INFO] WebApp:579 - Web application path used C:\ST\STM32CubeIDE_1.17.0\STM32CubeIDE\plugins\com.st.stm32cube.common.mx_6.13.0.202411220809\db\plugins\mcufinder\reactClient1\index.html
2025-03-13 21:02:43,559 [WARN] PackLoader:240 - Cannot read IP mode file for STMicroelectronics.FP-SNS-FLIGHT1.5.1.0
2025-03-13 21:02:43,564 [INFO] PopulateThirdPartyThread:66 - Ending populate Thread
2025-03-13 21:02:43,588 [INFO] ThirdParty:1030 - CMSIS Pack Vendor :STMicroelectronics FP-SNS-FLIGHT1 5.1.0
2025-03-13 21:02:43,589 [INFO] LoadServerUpdatesThread:375 - End of LoadServerUpdate Thread
2025-03-13 21:02:43,951 [INFO] CheckServerUpdateThread:120 - End of CheckServer Thread
2025-03-13 21:02:44,958 [WARN] PackLoader:240 - Cannot read IP mode file for STMicroelectronics.FP-SNS-MOTENVWB1.1.4.0
2025-03-13 21:02:44,976 [WARN] PackLoader:240 - Cannot read IP mode file for STMicroelectronics.FP-ATR-ASTRA1.2.0.2
2025-03-13 21:02:45,000 [WARN] PackLoader:240 - Cannot read IP mode file for STMicroelectronics.FP-ATR-ASTRA1.2.0.1
2025-03-13 21:02:45,022 [WARN] PackLoader:240 - Cannot read IP mode file for STMicroelectronics.X-CUBE-SMBUS.2.1.0
2025-03-13 21:02:45,046 [WARN] PackLoader:240 - Cannot read IP mode file for STMicroelectronics.X-CUBE-WB05N.1.1.0
2025-03-13 21:02:45,096 [WARN] PackLoader:240 - Cannot read IP mode file for STMicroelectronics.X-CUBE-AZRTOS-F7.1.1.0
2025-03-13 21:02:45,114 [WARN] PackLoader:240 - Cannot read IP mode file for STMicroelectronics.FP-SNS-FLIGHT1.5.0.2
2025-03-13 21:02:45,178 [WARN] PackLoader:240 - Cannot read IP mode file for Infineon.AIROC-Wi-Fi-Bluetooth-STM32.1.7.0
2025-03-13 21:02:45,215 [WARN] PackLoader:240 - Cannot read IP mode file for STMicroelectronics.X-CUBE-DISPLAY.3.0.0
2025-03-13 21:02:45,248 [WARN] PackLoader:240 - Cannot read IP mode file for STMicroelectronics.X-CUBE-BLE1.7.0.0
2025-03-13 21:02:45,275 [WARN] PackLoader:240 - Cannot read IP mode file for STMicroelectronics.X-CUBE-NFC10.1.0.0
2025-03-13 21:02:45,315 [WARN] PackLoader:240 - Cannot read IP mode file for STMicroelectronics.X-CUBE-BLEMGR.4.0.0
2025-03-13 21:02:45,346 [WARN] PackLoader:240 - Cannot read IP mode file for emotas.I-CUBE-CANOPEN.1.3.0
2025-03-13 21:02:45,369 [WARN] PackLoader:240 - Cannot read IP mode file for STMicroelectronics.X-CUBE-AI.10.0.0
2025-03-13 21:02:45,390 [WARN] PackLoader:240 - Cannot read IP mode file for STMicroelectronics.FP-SNS-SMARTAG2.1.2.0
2025-03-13 21:02:45,394 [WARN] PackLoader:240 - Cannot read IP mode file for STMicroelectronics.FP-SNS-FLIGHT1.5.1.0
2025-03-13 21:02:45,490 [WARN] PackLoader:240 - Cannot read IP mode file for STMicroelectronics.X-CUBE-MEMS1.11.1.0
2025-03-13 21:02:45,733 [INFO] LogOutputStream:77 - [STDOUT_REDIRECT] 1 : Invalid condition id : UX_CORESTACK_Condition cause : null
2025-03-13 21:02:45,734 [INFO] LogOutputStream:77 - [STDOUT_REDIRECT] 1 : Invalid condition id : UX_CORESTACK_Condition cause : null
2025-03-13 21:02:45,734 [INFO] LogOutputStream:77 - [STDOUT_REDIRECT] 1 : Invalid condition id : UX_CORESTACK_Condition cause : null
2025-03-13 21:02:45,735 [INFO] LogOutputStream:77 - [STDOUT_REDIRECT] 1 : Invalid condition id : UX_CORESTACK_Condition cause : null
2025-03-13 21:02:45,736 [INFO] LogOutputStream:77 - [STDOUT_REDIRECT] 1 : Invalid condition id : UX_CORESTACK_Condition cause : null
2025-03-13 21:02:45,741 [WARN] PackLoader:240 - Cannot read IP mode file for STMicroelectronics.X-CUBE-AZRTOS-WL.2.0.0
2025-03-13 21:02:45,762 [WARN] PackLoader:240 - Cannot read IP mode file for STMicroelectronics.FP-SNS-MOTENV1.5.0.0
2025-03-13 21:02:45,772 [WARN] PackLoader:240 - Cannot read IP mode file for wolfSSL.I-CUBE-wolfMQTT.1.19.0
2025-03-13 21:02:45,795 [WARN] PackLoader:240 - Cannot read IP mode file for WES.I-CUBE-Cesium.1.3.0
2025-03-13 21:02:45,813 [WARN] PackLoader:240 - Cannot read IP mode file for STMicroelectronics.X-CUBE-BLE2.3.3.0
2025-03-13 21:02:45,836 [WARN] PackLoader:240 - Cannot read IP mode file for STMicroelectronics.X-CUBE-NFC9.1.0.0
2025-03-13 21:02:45,860 [WARN] PackLoader:240 - Cannot read IP mode file for STMicroelectronics.X-CUBE-BLE1.7.1.0
2025-03-13 21:02:45,892 [WARN] PackLoader:240 - Cannot read IP mode file for STMicroelectronics.X-CUBE-AZRTOS-G0.1.1.0
2025-03-13 21:02:45,915 [WARN] PackLoader:240 - Cannot read IP mode file for STMicroelectronics.X-CUBE-SAFEA1.1.2.2
2025-03-13 21:02:45,935 [WARN] PackLoader:240 - Cannot read IP mode file for STMicroelectronics.X-CUBE-NFC4.3.0.0
2025-03-13 21:02:45,963 [WARN] PackLoader:240 - Cannot read IP mode file for EmbeddedOffice.I-CUBE-FS-RTOS.1.0.1
2025-03-13 21:02:45,985 [WARN] PackLoader:240 - Cannot read IP mode file for STMicroelectronics.X-CUBE-TCPP.4.2.0
2025-03-13 21:02:46,002 [WARN] PackLoader:240 - Cannot read IP mode file for RealThread.X-CUBE-RT-Thread_Nano.4.1.1
2025-03-13 21:02:46,022 [WARN] PackLoader:240 - Cannot read IP mode file for STMicroelectronics.FP-ATR-SIGFOX1.3.2.0
2025-03-13 21:02:46,029 [WARN] ConditionMgr:438 - getConditionDescription Invalid condition id : Cortex-A Device cause : null
2025-03-13 21:02:46,059 [WARN] ConditionMgr:1044 - genDependencies : Invalid condition id : Cortex-A Device cause : null
2025-03-13 21:02:46,059 [WARN] ConditionMgr:1044 - genDependencies : Invalid condition id : Cortex-A Device cause : null
2025-03-13 21:02:46,059 [WARN] ConditionMgr:1044 - genDependencies : Invalid condition id : Cortex-A Device cause : null
2025-03-13 21:02:46,081 [WARN] PackLoader:240 - Cannot read IP mode file for STMicroelectronics.X-CUBE-EEPRMA1.5.1.0
2025-03-13 21:02:46,098 [WARN] PackLoader:240 - Cannot read IP mode file for wolfSSL.I-CUBE-wolfSSL.5.7.4
2025-03-13 21:02:46,114 [WARN] PackLoader:240 - Cannot read IP mode file for ITTIA_DB.I-CUBE-ITTIADB.8.9.0
2025-03-13 21:02:46,155 [WARN] PackLoader:240 - Cannot read IP mode file for SEGGER.I-CUBE-embOS.1.3.1
2025-03-13 21:02:46,221 [WARN] PackLoader:240 - Cannot read IP mode file for STMicroelectronics.X-CUBE-ALGOBUILD.1.4.0
2025-03-13 21:02:46,246 [WARN] PackLoader:240 - Cannot read IP mode file for STMicroelectronics.X-CUBE-AI.9.1.0
2025-03-13 21:02:46,299 [WARN] PackLoader:240 - Cannot read IP mode file for STMicroelectronics.X-CUBE-AZRTOS-F4.1.1.0
2025-03-13 21:02:46,328 [WARN] PackLoader:240 - Cannot read IP mode file for STMicroelectronics.X-CUBE-ISPU.2.1.0
2025-03-13 21:02:46,382 [WARN] PackLoader:240 - Cannot read IP mode file for STMicroelectronics.X-CUBE-AZRTOS-L5.2.0.0
2025-03-13 21:02:46,419 [WARN] PackLoader:240 - Cannot read IP mode file for STMicroelectronics.X-CUBE-NFC6.3.1.0
2025-03-13 21:02:46,451 [WARN] PackLoader:240 - Cannot read IP mode file for STMicroelectronics.X-CUBE-DPower.1.2.0
2025-03-13 21:02:46,477 [WARN] PackLoader:240 - Cannot read IP mode file for STMicroelectronics.X-CUBE-FREERTOS.1.3.0
2025-03-13 21:02:46,506 [WARN] PackLoader:240 - Cannot read IP mode file for STMicroelectronics.X-CUBE-NFC7.1.0.1
2025-03-13 21:02:46,563 [WARN] ConditionMgr:438 - getConditionDescription Invalid condition id : LAN8742 Phy interface Condition cause : null
2025-03-13 21:02:46,565 [WARN] PackLoader:240 - Cannot read IP mode file for STMicroelectronics.X-CUBE-AZRTOS-L4.2.0.0
2025-03-13 21:02:46,566 [WARN] ConditionMgr:1044 - genDependencies : Invalid condition id : LAN8742 Phy interface Condition cause : null
2025-03-13 21:02:46,567 [WARN] ConditionMgr:1044 - genDependencies : Invalid condition id : LAN8742 Phy interface Condition cause : null
2025-03-13 21:02:46,568 [WARN] ConditionMgr:1044 - genDependencies : Invalid condition id : LAN8742 Phy interface Condition cause : null
2025-03-13 21:02:46,598 [WARN] PackLoader:240 - Cannot read IP mode file for STMicroelectronics.X-CUBE-SFXS2LP1.4.0.0
2025-03-13 21:02:46,650 [WARN] PackLoader:240 - Cannot read IP mode file for STMicroelectronics.X-CUBE-AZRTOS-H7.3.3.0
2025-03-13 21:02:46,696 [WARN] ConditionMgr:438 - getConditionDescription Invalid condition id : UX DEVICE CLASS RTOS Condition cause : null
2025-03-13 21:02:46,696 [WARN] ConditionMgr:438 - getConditionDescription Invalid condition id : UX DEVICE CLASS RTOS Condition cause : null
2025-03-13 21:02:46,698 [WARN] PackLoader:240 - Cannot read IP mode file for STMicroelectronics.X-CUBE-AZRTOS-WB.2.0.0
2025-03-13 21:02:46,698 [WARN] ConditionMgr:1044 - genDependencies : Invalid condition id : UX DEVICE CLASS RTOS Condition cause : null
2025-03-13 21:02:46,700 [WARN] ConditionMgr:1044 - genDependencies : Invalid condition id : UX DEVICE CLASS RTOS Condition cause : null
2025-03-13 21:02:46,700 [WARN] ConditionMgr:1044 - genDependencies : Invalid condition id : UX DEVICE CLASS RTOS Condition cause : null
2025-03-13 21:02:46,700 [WARN] ConditionMgr:1044 - genDependencies : Invalid condition id : UX DEVICE CLASS RTOS Condition cause : null
2025-03-13 21:02:46,700 [WARN] ConditionMgr:1044 - genDependencies : Invalid condition id : UX DEVICE CLASS RTOS Condition cause : null
2025-03-13 21:02:46,725 [WARN] PackLoader:240 - Cannot read IP mode file for STMicroelectronics.X-CUBE-GNSS1.7.0.1
2025-03-13 21:02:46,748 [WARN] PackLoader:240 - Cannot read IP mode file for STMicroelectronics.X-CUBE-TOUCHGFX.4.25.0
2025-03-13 21:02:46,773 [WARN] PackLoader:240 - Cannot read IP mode file for STMicroelectronics.FP-SNS-STBOX1.2.0.0
2025-03-13 21:02:46,805 [WARN] PackLoader:240 - Cannot read IP mode file for STMicroelectronics.X-CUBE-SUBG2.5.0.0
2025-03-13 21:02:46,819 [WARN] PackLoader:240 - Cannot read IP mode file for Cesanta.I-CUBE-Mongoose.7.13.0
2025-03-13 21:02:46,857 [WARN] PackLoader:240 - Cannot read IP mode file for STMicroelectronics.X-CUBE-AZRTOS-G4.2.0.0
2025-03-13 21:02:46,894 [WARN] PackLoader:240 - Cannot read IP mode file for STMicroelectronics.X-CUBE-IPS.3.1.0
2025-03-13 21:02:46,931 [WARN] PackLoader:240 - Cannot read IP mode file for STMicroelectronics.X-CUBE-ALS.1.0.2
2025-03-13 21:02:46,959 [WARN] PackLoader:240 - Cannot read IP mode file for STMicroelectronics.X-CUBE-TOUCHGFX.4.24.2
2025-03-13 21:02:46,967 [WARN] PackLoader:240 - Cannot read IP mode file for wolfSSL.I-CUBE-wolfTPM.3.4.0
2025-03-13 21:02:46,998 [WARN] PackLoader:240 - Cannot read IP mode file for portGmbH.I-Cube-SoM-uGOAL.1.1.0
2025-03-13 21:02:47,057 [WARN] PackLoader:240 - Cannot read IP mode file for STMicroelectronics.X-CUBE-AZRTOS-H7RS.1.0.0
2025-03-13 21:02:47,100 [WARN] PackLoader:240 - Cannot read IP mode file for STMicroelectronics.X-CUBE-TOF1.3.4.2
2025-03-13 21:02:47,117 [WARN] PackLoader:240 - Cannot read IP mode file for wolfSSL.I-CUBE-wolfSSH.1.4.17
2025-03-13 21:02:47,119 [INFO] ThirdParty:978 - Integrity check success = true
2025-03-13 21:02:47,119 [INFO] IntegrityCheckThread:100 - exiting critical section [integrity check]
2025-03-13 21:02:47,119 [INFO] IntegrityCheckThread:103 - End integrity checks thread
2025-03-13 22:27:33,556 [INFO] WebApp:190 - Connection lost
2025-03-13 22:27:33,927 [INFO] WebApp:187 - Connection restablished
2025-03-13 22:34:32,914 [INFO] WebApp:190 - Connection lost
2025-03-13 22:34:33,107 [INFO] WebApp:187 - Connection restablished
2025-03-13 22:35:06,817 [ERROR] LogOutputStream:75 - [STDERR_REDIRECT] 
