2025-03-16 00:07:20,162 [ERROR] LogOutputStream:75 - [STDERR_REDIRECT] 
2025-03-16 13:23:42,536 [INFO] Activator:176 - 


2025-03-16 13:23:42,537 [INFO] Activator:177 - !SESSION log4j initialized
2025-03-16 13:23:50,840 [INFO] LogOutputStream:77 - [STDOUT_REDIRECT] 
2025-03-16 13:23:52,945 [INFO] ApplicationProperties:184 - Using Application install path: C:\ST\STM32CubeIDE_1.17.0\STM32CubeIDE\plugins\com.st.stm32cube.common.mx_6.13.0.202411220809
2025-03-16 13:23:52,972 [INFO] DbMcusXml:78 - Set database path to: C:\ST\STM32CubeIDE_1.17.0\STM32CubeIDE\plugins\com.st.stm32cube.common.mx_6.13.0.202411220809\\db\/mcu/
2025-03-16 13:23:52,973 [INFO] ApiDb:274 - Set plugin database path to: C:\ST\STM32CubeIDE_1.17.0\STM32CubeIDE\plugins\com.st.stm32cube.common.mx_6.13.0.202411220809\\db\/plugins/boardmanager/
2025-03-16 13:23:52,973 [WARN] ApiDb:259 - Overriding images path with different value:  => C:\ST\STM32CubeIDE_1.17.0\STM32CubeIDE\plugins\com.st.stm32cube.common.mx_6.13.0.202411220809\\db\/plugins/mcufinder/images/
2025-03-16 13:23:52,985 [INFO] ApiDb:250 - Set database path to: C:\Users\vinaykumar\.stmcufinder\plugins\mcufinder//mcu/
2025-03-16 13:23:52,987 [INFO] DbMcusAds:125 - Set database path to: C:\Users\vinaykumar\.stmcufinder\plugins\mcufinder//mcu/
2025-03-16 13:23:52,991 [INFO] CrossReferenceDbSqlite:203 - Set database path to: C:\Users\vinaykumar\.stmcufinder\plugins\mcufinder//mcu/cs/
2025-03-16 13:23:53,127 [INFO] RulesReader:64 - Compatibility file has been processed (297 Rules)
2025-03-16 13:23:53,236 [INFO] DbMcusXml:78 - Set database path to: C:\ST\STM32CubeIDE_1.17.0\STM32CubeIDE\plugins\com.st.stm32cube.common.mx_6.13.0.202411220809\\db\/mcu/
2025-03-16 13:23:53,237 [INFO] ApiDb:274 - Set plugin database path to: C:\ST\STM32CubeIDE_1.17.0\STM32CubeIDE\plugins\com.st.stm32cube.common.mx_6.13.0.202411220809\\db\/plugins/boardmanager/
2025-03-16 13:23:53,237 [INFO] ApiDb:261 - Set plugin images path to: C:\ST\STM32CubeIDE_1.17.0\STM32CubeIDE\plugins\com.st.stm32cube.common.mx_6.13.0.202411220809\\db\/plugins/mcufinder/images/
2025-03-16 13:23:53,237 [WARN] DbFile:41 - Overriding database path with different value: C:\Users\vinaykumar\.stmcufinder\plugins\mcufinder/ => C:\Users\vinaykumar\.stmcufinder\plugins\mcufinder
2025-03-16 13:23:53,237 [INFO] ApiDb:250 - Set database path to: C:\Users\vinaykumar\.stmcufinder\plugins\mcufinder//mcu/
2025-03-16 13:23:53,237 [WARN] DbFile:41 - Overriding database path with different value: C:\Users\vinaykumar\.stmcufinder\plugins\mcufinder/ => C:\Users\vinaykumar\.stmcufinder\plugins\mcufinder
2025-03-16 13:23:53,237 [INFO] DbMcusAds:125 - Set database path to: C:\Users\vinaykumar\.stmcufinder\plugins\mcufinder//mcu/
2025-03-16 13:23:53,237 [WARN] DbFile:41 - Overriding database path with different value: C:\Users\vinaykumar\.stmcufinder\plugins\mcufinder/ => C:\Users\vinaykumar\.stmcufinder\plugins\mcufinder
2025-03-16 13:23:53,237 [WARN] DbFile:41 - Overriding database path with different value: C:\Users\vinaykumar\.stmcufinder\plugins\mcufinder/ => C:\Users\vinaykumar\.stmcufinder\plugins\mcufinder
2025-03-16 13:23:53,237 [INFO] CrossReferenceDbSqlite:203 - Set database path to: C:\Users\vinaykumar\.stmcufinder\plugins\mcufinder//mcu/cs/
2025-03-16 13:23:53,339 [INFO] MainPanel:272 - HeapMemory: 268435456
2025-03-16 13:23:53,480 [INFO] DbMcusXml:78 - Set database path to: C:\ST\STM32CubeIDE_1.17.0\STM32CubeIDE\plugins\com.st.stm32cube.common.mx_6.13.0.202411220809\\db\/mcu/
2025-03-16 13:23:53,480 [INFO] ApiDb:274 - Set plugin database path to: C:\ST\STM32CubeIDE_1.17.0\STM32CubeIDE\plugins\com.st.stm32cube.common.mx_6.13.0.202411220809\\db\/plugins/boardmanager/
2025-03-16 13:23:53,480 [INFO] ApiDb:261 - Set plugin images path to: C:\ST\STM32CubeIDE_1.17.0\STM32CubeIDE\plugins\com.st.stm32cube.common.mx_6.13.0.202411220809\\db\/plugins/mcufinder/images/
2025-03-16 13:23:53,480 [WARN] DbFile:41 - Overriding database path with different value: C:\Users\vinaykumar\.stmcufinder\plugins\mcufinder/ => C:\Users\vinaykumar\.stmcufinder\plugins\mcufinder
2025-03-16 13:23:53,481 [INFO] ApiDb:250 - Set database path to: C:\Users\vinaykumar\.stmcufinder\plugins\mcufinder//mcu/
2025-03-16 13:23:53,481 [WARN] DbFile:41 - Overriding database path with different value: C:\Users\vinaykumar\.stmcufinder\plugins\mcufinder/ => C:\Users\vinaykumar\.stmcufinder\plugins\mcufinder
2025-03-16 13:23:53,481 [INFO] DbMcusAds:125 - Set database path to: C:\Users\vinaykumar\.stmcufinder\plugins\mcufinder//mcu/
2025-03-16 13:23:53,481 [WARN] DbFile:41 - Overriding database path with different value: C:\Users\vinaykumar\.stmcufinder\plugins\mcufinder/ => C:\Users\vinaykumar\.stmcufinder\plugins\mcufinder
2025-03-16 13:23:53,481 [WARN] DbFile:41 - Overriding database path with different value: C:\Users\vinaykumar\.stmcufinder\plugins\mcufinder/ => C:\Users\vinaykumar\.stmcufinder\plugins\mcufinder
2025-03-16 13:23:53,481 [INFO] CrossReferenceDbSqlite:203 - Set database path to: C:\Users\vinaykumar\.stmcufinder\plugins\mcufinder//mcu/cs/
2025-03-16 13:23:53,502 [INFO] ApplicationProperties:184 - Using Application install path: C:\ST\STM32CubeIDE_1.17.0\STM32CubeIDE\plugins\com.st.stm32cube.common.mx_6.13.0.202411220809
2025-03-16 13:23:53,504 [INFO] PluginManage:196 - Search for loadable plugins [exclusion list=, ]
2025-03-16 13:23:53,506 [INFO] PluginManage:310 - Check plugin analytics
2025-03-16 13:23:53,748 [INFO] AnalyticsPlugin:253 - Accepted Software Licenses: 
2025-03-16 13:23:53,749 [INFO] AnalyticsPlugin:255 - Accepted CMSIS Pack Licenses: 
2025-03-16 13:23:53,749 [INFO] AnalyticsPlugin:257 - Accepted Firmware Licenses: 
2025-03-16 13:23:53,752 [INFO] PluginManage:359 - Loaded plugin analytics (category:tool,tabindex:-1)
2025-03-16 13:23:53,753 [INFO] PluginManage:310 - Check plugin cadmodel
2025-03-16 13:23:53,777 [INFO] CADModel:105 - Init CAD model plugin
2025-03-16 13:23:53,777 [INFO] PluginManage:359 - Loaded plugin cadmodel (category:power,tabindex:5)
2025-03-16 13:23:53,777 [INFO] PluginManage:310 - Check plugin clock
2025-03-16 13:23:53,808 [INFO] PluginManage:359 - Loaded plugin clock (category:base,tabindex:2)
2025-03-16 13:23:53,809 [INFO] PluginManage:310 - Check plugin ddr
2025-03-16 13:23:53,815 [INFO] PluginManage:359 - Loaded plugin ddr (category:tool,tabindex:6)
2025-03-16 13:23:53,815 [INFO] PluginManage:310 - Check plugin filemanager
2025-03-16 13:23:53,981 [INFO] PluginManage:359 - Loaded plugin filemanager (category:base,tabindex:10)
2025-03-16 13:23:53,981 [INFO] PluginManage:310 - Check plugin ipmanager
2025-03-16 13:23:53,991 [INFO] PluginManage:359 - Loaded plugin ipmanager (category:base,tabindex:5)
2025-03-16 13:23:53,991 [INFO] PluginManage:310 - Check plugin lpbam
2025-03-16 13:23:54,014 [INFO] PluginManage:359 - Loaded plugin lpbam (category:base,tabindex:0)
2025-03-16 13:23:54,014 [INFO] PluginManage:310 - Check plugin memorymap
2025-03-16 13:23:54,042 [INFO] PluginManage:359 - Loaded plugin memorymap (category:base,tabindex:4)
2025-03-16 13:23:54,042 [INFO] PluginManage:310 - Check plugin pinoutandconfiguration
2025-03-16 13:23:54,061 [INFO] PluginManage:359 - Loaded plugin pinoutandconfiguration (category:base,tabindex:1)
2025-03-16 13:23:54,061 [INFO] PluginManage:310 - Check plugin pinoutconfig
2025-03-16 13:23:54,172 [WARN] SupportedApi:132 - Cannot load RTOS API schema: s4s-elt-must-match.1: The content of 'definitions' must match (annotation?, (simpleType | complexType)?, (unique | key | keyref)*)). A problem was found starting at: attribute.
2025-03-16 13:23:54,338 [INFO] PluginManage:359 - Loaded plugin pinoutconfig (category:base,tabindex:0)
2025-03-16 13:23:54,338 [INFO] PluginManage:310 - Check plugin power
2025-03-16 13:23:54,369 [INFO] PluginManage:359 - Loaded plugin power (category:power,tabindex:4)
2025-03-16 13:23:54,369 [INFO] PluginManage:310 - Check plugin projectmanager
2025-03-16 13:23:54,391 [INFO] PluginManage:359 - Loaded plugin projectmanager (category:projectmanager,tabindex:4)
2025-03-16 13:23:54,391 [INFO] PluginManage:310 - Check plugin rif
2025-03-16 13:23:54,421 [INFO] PluginManage:359 - Loaded plugin rif (category:base,tabindex:3)
2025-03-16 13:23:54,421 [INFO] PluginManage:310 - Check plugin thirdparty
2025-03-16 13:23:54,747 [INFO] PluginManage:359 - Loaded plugin thirdparty (category:base,tabindex:-1)
2025-03-16 13:23:54,747 [WARN] IntegrityCheckThread:84 - waiting for thirdparty lock release [integrity check]
2025-03-16 13:23:54,747 [INFO] PluginManage:310 - Check plugin tools
2025-03-16 13:23:54,747 [INFO] IntegrityCheckThread:86 - entering critical section [integrity check]
2025-03-16 13:23:54,748 [INFO] ThirdPartyUpdaterWithRetryManager:70 - Updater plugin not ready yet. [1/15]
2025-03-16 13:23:54,797 [INFO] PluginManage:359 - Loaded plugin tools (category:base,tabindex:7)
2025-03-16 13:23:54,797 [INFO] PluginManage:310 - Check plugin tutovideos
2025-03-16 13:23:55,019 [INFO] PluginManage:359 - Loaded plugin tutovideos (category:base,tabindex:-1)
2025-03-16 13:23:55,019 [INFO] PluginManage:310 - Check plugin updater
2025-03-16 13:23:55,051 [INFO] PluginManage:359 - Loaded plugin updater (category:base,tabindex:12)
2025-03-16 13:23:55,051 [INFO] PluginManage:310 - Check plugin userauth
2025-03-16 13:23:55,056 [INFO] UserAuth:118 - Init User Auth plugin
2025-03-16 13:23:55,057 [INFO] PluginManage:359 - Loaded plugin userauth (category:base,tabindex:14)
2025-03-16 13:23:55,058 [INFO] PluginManage:283 - PluginManage : Loaded plugins [18]
2025-03-16 13:23:55,358 [INFO] PinOutPanel:1589 - setPackage(No Configuration,No Configuration)
2025-03-16 13:23:55,473 [INFO] CADModel:165 - CPN selected for project level
2025-03-16 13:23:55,473 [INFO] CADModel:114 - Register for checkConnection events
2025-03-16 13:23:55,510 [INFO] IPUIPlugin:80 - create IPUIPlugin
2025-03-16 13:23:55,510 [INFO] PluginManager:220 - loadIPPluginJar : add adc
2025-03-16 13:23:55,559 [INFO] IPUIPlugin:80 - create IPUIPlugin
2025-03-16 13:23:55,560 [INFO] PluginManager:220 - loadIPPluginJar : add aes
2025-03-16 13:23:55,625 [INFO] IPUIPlugin:80 - create IPUIPlugin
2025-03-16 13:23:55,625 [INFO] PluginManager:220 - loadIPPluginJar : add can
2025-03-16 13:23:55,672 [INFO] IPUIPlugin:80 - create IPUIPlugin
2025-03-16 13:23:55,672 [INFO] PluginManager:220 - loadIPPluginJar : add comp
2025-03-16 13:23:55,712 [INFO] IPUIPlugin:80 - create IPUIPlugin
2025-03-16 13:23:55,712 [INFO] PluginManager:220 - loadIPPluginJar : add cryp
2025-03-16 13:23:55,728 [INFO] IPUIPlugin:80 - create IPUIPlugin
2025-03-16 13:23:55,728 [INFO] PluginManager:220 - loadIPPluginJar : add ddr_ctrl_phy
2025-03-16 13:23:55,761 [INFO] IPUIPlugin:80 - create IPUIPlugin
2025-03-16 13:23:55,761 [INFO] PluginManager:220 - loadIPPluginJar : add dfsdm
2025-03-16 13:23:55,779 [INFO] IPUIPlugin:80 - create IPUIPlugin
2025-03-16 13:23:55,780 [INFO] PluginManager:220 - loadIPPluginJar : add dma
2025-03-16 13:23:55,829 [INFO] IPUIPlugin:80 - create IPUIPlugin
2025-03-16 13:23:55,829 [INFO] PluginManager:220 - loadIPPluginJar : add dma3
2025-03-16 13:23:55,882 [INFO] IPUIPlugin:80 - create IPUIPlugin
2025-03-16 13:23:55,883 [INFO] PluginManager:220 - loadIPPluginJar : add extmemmanager
2025-03-16 13:23:55,909 [INFO] IPUIPlugin:80 - create IPUIPlugin
2025-03-16 13:23:55,909 [INFO] PluginManager:220 - loadIPPluginJar : add fatfs
2025-03-16 13:23:55,966 [INFO] IPUIPlugin:80 - create IPUIPlugin
2025-03-16 13:23:55,966 [INFO] PluginManager:220 - loadIPPluginJar : add fmc
2025-03-16 13:23:55,987 [INFO] IPUIPlugin:80 - create IPUIPlugin
2025-03-16 13:23:55,987 [INFO] PluginManager:220 - loadIPPluginJar : add freertos
2025-03-16 13:23:56,013 [INFO] IPUIPlugin:80 - create IPUIPlugin
2025-03-16 13:23:56,013 [INFO] PluginManager:220 - loadIPPluginJar : add genericplugin
2025-03-16 13:23:56,125 [INFO] IPUIPlugin:80 - create IPUIPlugin
2025-03-16 13:23:56,125 [INFO] PluginManager:220 - loadIPPluginJar : add gfxmmu
2025-03-16 13:23:56,300 [INFO] IPUIPlugin:80 - create IPUIPlugin
2025-03-16 13:23:56,301 [INFO] PluginManager:220 - loadIPPluginJar : add gic
2025-03-16 13:23:56,318 [INFO] IPUIPlugin:80 - create IPUIPlugin
2025-03-16 13:23:56,318 [INFO] PluginManager:220 - loadIPPluginJar : add gpio
2025-03-16 13:23:56,411 [INFO] IPUIPlugin:80 - create IPUIPlugin
2025-03-16 13:23:56,411 [INFO] PluginManager:220 - loadIPPluginJar : add gtzc
2025-03-16 13:23:56,451 [INFO] IPUIPlugin:80 - create IPUIPlugin
2025-03-16 13:23:56,451 [INFO] PluginManager:220 - loadIPPluginJar : add hash
2025-03-16 13:23:56,513 [INFO] IPUIPlugin:80 - create IPUIPlugin
2025-03-16 13:23:56,513 [INFO] PluginManager:220 - loadIPPluginJar : add i2c
2025-03-16 13:23:56,558 [INFO] IPUIPlugin:80 - create IPUIPlugin
2025-03-16 13:23:56,558 [INFO] PluginManager:220 - loadIPPluginJar : add i2s
2025-03-16 13:23:56,606 [INFO] IPUIPlugin:80 - create IPUIPlugin
2025-03-16 13:23:56,606 [INFO] PluginManager:220 - loadIPPluginJar : add i3c
2025-03-16 13:23:56,718 [INFO] IPUIPlugin:80 - create IPUIPlugin
2025-03-16 13:23:56,718 [INFO] PluginManager:220 - loadIPPluginJar : add ipddr
2025-03-16 13:23:56,845 [INFO] IPUIPlugin:80 - create IPUIPlugin
2025-03-16 13:23:56,845 [INFO] PluginManager:220 - loadIPPluginJar : add linkedlist
2025-03-16 13:23:56,898 [INFO] IPUIPlugin:80 - create IPUIPlugin
2025-03-16 13:23:56,899 [INFO] PluginManager:220 - loadIPPluginJar : add lorawan
2025-03-16 13:23:56,954 [INFO] IPUIPlugin:80 - create IPUIPlugin
2025-03-16 13:23:56,954 [INFO] PluginManager:220 - loadIPPluginJar : add ltdc
2025-03-16 13:23:56,971 [INFO] IPUIPlugin:80 - create IPUIPlugin
2025-03-16 13:23:56,971 [INFO] PluginManager:220 - loadIPPluginJar : add mdma
2025-03-16 13:23:56,985 [INFO] IPUIPlugin:80 - create IPUIPlugin
2025-03-16 13:23:56,985 [INFO] PluginManager:220 - loadIPPluginJar : add nvic
2025-03-16 13:23:57,032 [INFO] IPUIPlugin:80 - create IPUIPlugin
2025-03-16 13:23:57,032 [INFO] PluginManager:220 - loadIPPluginJar : add opamp
2025-03-16 13:23:57,107 [INFO] IPUIPlugin:80 - create IPUIPlugin
2025-03-16 13:23:57,107 [INFO] PluginManager:220 - loadIPPluginJar : add openamp
2025-03-16 13:23:57,160 [INFO] IPUIPlugin:80 - create IPUIPlugin
2025-03-16 13:23:57,160 [INFO] PluginManager:220 - loadIPPluginJar : add pdm2pcm
2025-03-16 13:23:57,178 [INFO] IPUIPlugin:80 - create IPUIPlugin
2025-03-16 13:23:57,180 [INFO] PluginManager:220 - loadIPPluginJar : add plateformsettings
2025-03-16 13:23:57,207 [INFO] IPUIPlugin:80 - create IPUIPlugin
2025-03-16 13:23:57,207 [INFO] PluginManager:220 - loadIPPluginJar : add quadspi
2025-03-16 13:23:57,240 [INFO] IPUIPlugin:80 - create IPUIPlugin
2025-03-16 13:23:57,241 [INFO] PluginManager:220 - loadIPPluginJar : add radio
2025-03-16 13:23:57,257 [INFO] IPUIPlugin:80 - create IPUIPlugin
2025-03-16 13:23:57,258 [INFO] PluginManager:220 - loadIPPluginJar : add resmgrutility
2025-03-16 13:23:57,315 [INFO] IPUIPlugin:80 - create IPUIPlugin
2025-03-16 13:23:57,316 [INFO] PluginManager:220 - loadIPPluginJar : add sai
2025-03-16 13:23:57,359 [INFO] IPUIPlugin:80 - create IPUIPlugin
2025-03-16 13:23:57,359 [INFO] PluginManager:220 - loadIPPluginJar : add spi
2025-03-16 13:23:57,450 [INFO] IPUIPlugin:80 - create IPUIPlugin
2025-03-16 13:23:57,450 [INFO] PluginManager:220 - loadIPPluginJar : add stm32_wpan
2025-03-16 13:23:57,488 [INFO] IPUIPlugin:80 - create IPUIPlugin
2025-03-16 13:23:57,489 [INFO] PluginManager:220 - loadIPPluginJar : add tim
2025-03-16 13:23:57,563 [INFO] IPUIPlugin:80 - create IPUIPlugin
2025-03-16 13:23:57,563 [INFO] PluginManager:220 - loadIPPluginJar : add touchsensing
2025-03-16 13:23:57,594 [INFO] IPUIPlugin:80 - create IPUIPlugin
2025-03-16 13:23:57,594 [INFO] PluginManager:220 - loadIPPluginJar : add tracer_emb
2025-03-16 13:23:57,625 [INFO] IPUIPlugin:80 - create IPUIPlugin
2025-03-16 13:23:57,625 [INFO] PluginManager:220 - loadIPPluginJar : add ts
2025-03-16 13:23:57,654 [INFO] IPUIPlugin:80 - create IPUIPlugin
2025-03-16 13:23:57,654 [INFO] PluginManager:220 - loadIPPluginJar : add tsc
2025-03-16 13:23:57,682 [INFO] IPUIPlugin:80 - create IPUIPlugin
2025-03-16 13:23:57,683 [INFO] PluginManager:220 - loadIPPluginJar : add ucpd
2025-03-16 13:23:57,747 [INFO] IPUIPlugin:80 - create IPUIPlugin
2025-03-16 13:23:57,747 [INFO] PluginManager:220 - loadIPPluginJar : add usart
2025-03-16 13:23:57,750 [INFO] ThirdPartyUpdaterWithRetryManager:70 - Updater plugin not ready yet. [2/15]
2025-03-16 13:23:57,803 [INFO] IPUIPlugin:80 - create IPUIPlugin
2025-03-16 13:23:57,804 [INFO] PluginManager:220 - loadIPPluginJar : add usbx
2025-03-16 13:23:57,939 [FATAL] Updater:351 - Updater called before beeing initialized
2025-03-16 13:23:57,974 [INFO] RulesReader:64 - Compatibility file has been processed (297 Rules)
2025-03-16 13:23:57,992 [INFO] RulesReader:64 - Compatibility file has been processed (297 Rules)
2025-03-16 13:23:58,000 [INFO] CADModel:165 - CPN selected for project level
2025-03-16 13:23:58,000 [INFO] CADModel:114 - Register for checkConnection events
2025-03-16 13:23:58,000 [FATAL] Updater:351 - Updater called before beeing initialized
2025-03-16 13:23:58,001 [ERROR] CADModel:125 - Updater not yet initialized, retry later 
2025-03-16 13:23:58,182 [FATAL] Updater:351 - Updater called before beeing initialized
2025-03-16 13:23:58,185 [INFO] CADModel:165 - CPN selected for project level
2025-03-16 13:23:58,185 [INFO] CADModel:114 - Register for checkConnection events
2025-03-16 13:23:58,185 [FATAL] Updater:351 - Updater called before beeing initialized
2025-03-16 13:23:58,185 [ERROR] CADModel:125 - Updater not yet initialized, retry later 
2025-03-16 13:23:58,188 [FATAL] Updater:351 - Updater called before beeing initialized
2025-03-16 13:23:58,309 [FATAL] Updater:351 - Updater called before beeing initialized
2025-03-16 13:23:58,320 [INFO] DbMcusAds:53 - JSON generation date=Tue Dec 17 21:31:15 IST 2024 (1734451275111)
2025-03-16 13:23:58,321 [FATAL] Updater:351 - Updater called before beeing initialized
2025-03-16 13:23:58,393 [WARN] DetailPanel:346 - Failed to get advertising image, set to default
2025-03-16 13:23:58,603 [FATAL] Updater:351 - Updater called before beeing initialized
2025-03-16 13:23:58,606 [FATAL] Updater:351 - Updater called before beeing initialized
2025-03-16 13:23:58,606 [FATAL] Updater:351 - Updater called before beeing initialized
2025-03-16 13:23:58,607 [WARN] DetailPanel:346 - Failed to get advertising image, set to default
2025-03-16 13:23:58,608 [FATAL] Updater:351 - Updater called before beeing initialized
2025-03-16 13:23:58,676 [ERROR] Updater:1198 - MainUpdater not yet initialized. External WinMGr cannot be set.
2025-03-16 13:23:58,687 [INFO] Updater:1134 - Updater Version found : 6.13.0
2025-03-16 13:23:58,708 [INFO] ApplicationProperties:184 - Using Application install path: C:\ST\STM32CubeIDE_1.17.0\STM32CubeIDE\plugins\com.st.stm32cube.common.mx_6.13.0.202411220809
2025-03-16 13:24:00,293 [ERROR] LogOutputStream:75 - [STDERR_REDIRECT] Mar 16, 2025 1:24:00 PM java.util.prefs.WindowsPreferences <init>
2025-03-16 13:24:00,295 [ERROR] LogOutputStream:75 - [STDERR_REDIRECT] WARNING: Could not open/create prefs root node Software\JavaSoft\Prefs at root 0xffffffff80000002. Windows RegCreateKeyEx(...) returned error code 5.
2025-03-16 13:24:00,295 [ERROR] LogOutputStream:75 - [STDERR_REDIRECT] 
2025-03-16 13:24:00,752 [INFO] ThirdPartyUpdaterWithRetryManager:70 - Updater plugin not ready yet. [3/15]
2025-03-16 13:24:01,460 [INFO] MainUpdater:2872 - connection check result : 10
2025-03-16 13:24:01,461 [INFO] MainUpdater:289 - Updater Check For Update Now.
2025-03-16 13:24:01,462 [INFO] MicroXplorer:498 - Change Database Version : DB.6.0.130
2025-03-16 13:24:01,517 [INFO] McuFinderGlobals:63 - Set McuFinder mode to 2 (CubeIDE integrated)
2025-03-16 13:24:01,518 [INFO] UserAuth:171 - activating auth plugin
2025-03-16 13:24:01,524 [INFO] UserAuth:486 - Internet connection configuration mode: 1
2025-03-16 13:24:01,589 [INFO] JxBrowserEngine:152 - Initiate JxBrowser Engine with user profile folder
2025-03-16 13:24:01,779 [INFO] CheckServerUpdateThread:120 - End of CheckServer Thread
2025-03-16 13:24:03,174 [INFO] WebApp:168 - Instantiating new browser for Auth
2025-03-16 13:24:04,333 [WARN] PackLoader:240 - Cannot read IP mode file for STMicroelectronics.FP-SNS-MOTENVWB1.1.4.0
2025-03-16 13:24:04,363 [WARN] PackLoader:240 - Cannot read IP mode file for STMicroelectronics.FP-ATR-ASTRA1.2.0.2
2025-03-16 13:24:04,396 [WARN] PackLoader:240 - Cannot read IP mode file for STMicroelectronics.FP-ATR-ASTRA1.2.0.1
2025-03-16 13:24:04,431 [WARN] PackLoader:240 - Cannot read IP mode file for STMicroelectronics.X-CUBE-SMBUS.2.1.0
2025-03-16 13:24:04,467 [WARN] PackLoader:240 - Cannot read IP mode file for STMicroelectronics.X-CUBE-WB05N.1.1.0
2025-03-16 13:24:04,571 [WARN] PackLoader:240 - Cannot read IP mode file for STMicroelectronics.X-CUBE-AZRTOS-F7.1.1.0
2025-03-16 13:24:04,613 [WARN] PackLoader:240 - Cannot read IP mode file for STMicroelectronics.FP-SNS-FLIGHT1.5.0.2
2025-03-16 13:24:04,703 [WARN] PackLoader:240 - Cannot read IP mode file for Infineon.AIROC-Wi-Fi-Bluetooth-STM32.1.7.0
2025-03-16 13:24:04,751 [WARN] PackLoader:240 - Cannot read IP mode file for STMicroelectronics.X-CUBE-DISPLAY.3.0.0
2025-03-16 13:24:04,791 [WARN] PackLoader:240 - Cannot read IP mode file for STMicroelectronics.X-CUBE-BLE1.7.0.0
2025-03-16 13:24:04,801 [INFO] WebApp:449 - Apply proxy settings
2025-03-16 13:24:04,801 [INFO] WebApp:534 - Chromium requires no authentication
2025-03-16 13:24:04,818 [INFO] WebApp:477 - Direct internet connection detected
2025-03-16 13:24:04,822 [WARN] PackLoader:240 - Cannot read IP mode file for STMicroelectronics.X-CUBE-NFC10.1.0.0
2025-03-16 13:24:04,858 [WARN] PackLoader:240 - Cannot read IP mode file for STMicroelectronics.X-CUBE-BLEMGR.4.0.0
2025-03-16 13:24:04,882 [INFO] WebApp:880 - Register for checkConnection events
2025-03-16 13:24:04,883 [INFO] WebApp:449 - Apply proxy settings
2025-03-16 13:24:04,883 [INFO] WebApp:534 - Chromium requires no authentication
2025-03-16 13:24:04,886 [INFO] WebApp:477 - Direct internet connection detected
2025-03-16 13:24:04,946 [WARN] PackLoader:240 - Cannot read IP mode file for emotas.I-CUBE-CANOPEN.1.3.0
2025-03-16 13:24:05,013 [WARN] PackLoader:240 - Cannot read IP mode file for STMicroelectronics.X-CUBE-AI.10.0.0
2025-03-16 13:24:05,051 [WARN] PackLoader:240 - Cannot read IP mode file for STMicroelectronics.FP-SNS-SMARTAG2.1.2.0
2025-03-16 13:24:05,076 [WARN] PackLoader:240 - Cannot read IP mode file for STMicroelectronics.FP-SNS-FLIGHT1.5.1.0
2025-03-16 13:24:05,180 [WARN] PackLoader:240 - Cannot read IP mode file for STMicroelectronics.X-CUBE-MEMS1.11.1.0
2025-03-16 13:24:05,329 [INFO] WebApp:221 - Starting web application
2025-03-16 13:24:05,329 [INFO] WebApp:579 - Web application path used C:\ST\STM32CubeIDE_1.17.0\STM32CubeIDE\plugins\com.st.stm32cube.common.mx_6.13.0.202411220809\db\plugins\mcufinder\reactClient1\index.html
2025-03-16 13:24:05,437 [INFO] LogOutputStream:77 - [STDOUT_REDIRECT] 1 : Invalid condition id : UX_CORESTACK_Condition cause : null
2025-03-16 13:24:05,438 [INFO] LogOutputStream:77 - [STDOUT_REDIRECT] 1 : Invalid condition id : UX_CORESTACK_Condition cause : null
2025-03-16 13:24:05,441 [INFO] LogOutputStream:77 - [STDOUT_REDIRECT] 1 : Invalid condition id : UX_CORESTACK_Condition cause : null
2025-03-16 13:24:05,443 [INFO] LogOutputStream:77 - [STDOUT_REDIRECT] 1 : Invalid condition id : UX_CORESTACK_Condition cause : null
2025-03-16 13:24:05,445 [INFO] LogOutputStream:77 - [STDOUT_REDIRECT] 1 : Invalid condition id : UX_CORESTACK_Condition cause : null
2025-03-16 13:24:05,449 [WARN] PackLoader:240 - Cannot read IP mode file for STMicroelectronics.X-CUBE-AZRTOS-WL.2.0.0
2025-03-16 13:24:05,497 [WARN] PackLoader:240 - Cannot read IP mode file for STMicroelectronics.FP-SNS-MOTENV1.5.0.0
2025-03-16 13:24:05,526 [WARN] PackLoader:240 - Cannot read IP mode file for wolfSSL.I-CUBE-wolfMQTT.1.19.0
2025-03-16 13:24:05,556 [WARN] PackLoader:240 - Cannot read IP mode file for WES.I-CUBE-Cesium.1.3.0
2025-03-16 13:24:05,581 [WARN] PackLoader:240 - Cannot read IP mode file for STMicroelectronics.X-CUBE-BLE2.3.3.0
2025-03-16 13:24:05,609 [WARN] PackLoader:240 - Cannot read IP mode file for STMicroelectronics.X-CUBE-NFC9.1.0.0
2025-03-16 13:24:05,639 [WARN] PackLoader:240 - Cannot read IP mode file for STMicroelectronics.X-CUBE-BLE1.7.1.0
2025-03-16 13:24:05,693 [WARN] PackLoader:240 - Cannot read IP mode file for STMicroelectronics.X-CUBE-AZRTOS-G0.1.1.0
2025-03-16 13:24:05,731 [INFO] WebApp:187 - Connection restablished
2025-03-16 13:24:05,739 [WARN] PackLoader:240 - Cannot read IP mode file for STMicroelectronics.X-CUBE-SAFEA1.1.2.2
2025-03-16 13:24:05,774 [WARN] PackLoader:240 - Cannot read IP mode file for STMicroelectronics.X-CUBE-NFC4.3.0.0
2025-03-16 13:24:05,809 [WARN] PackLoader:240 - Cannot read IP mode file for EmbeddedOffice.I-CUBE-FS-RTOS.1.0.1
2025-03-16 13:24:05,843 [WARN] PackLoader:240 - Cannot read IP mode file for STMicroelectronics.X-CUBE-TCPP.4.2.0
2025-03-16 13:24:05,874 [WARN] PackLoader:240 - Cannot read IP mode file for RealThread.X-CUBE-RT-Thread_Nano.4.1.1
2025-03-16 13:24:05,901 [WARN] PackLoader:240 - Cannot read IP mode file for STMicroelectronics.FP-ATR-SIGFOX1.3.2.0
2025-03-16 13:24:05,946 [WARN] ConditionMgr:438 - getConditionDescription Invalid condition id : Cortex-A Device cause : null
2025-03-16 13:24:06,002 [WARN] ConditionMgr:1044 - genDependencies : Invalid condition id : Cortex-A Device cause : null
2025-03-16 13:24:06,003 [WARN] ConditionMgr:1044 - genDependencies : Invalid condition id : Cortex-A Device cause : null
2025-03-16 13:24:06,003 [WARN] ConditionMgr:1044 - genDependencies : Invalid condition id : Cortex-A Device cause : null
2025-03-16 13:24:06,033 [WARN] PackLoader:240 - Cannot read IP mode file for STMicroelectronics.X-CUBE-EEPRMA1.5.1.0
2025-03-16 13:24:06,068 [WARN] PackLoader:240 - Cannot read IP mode file for wolfSSL.I-CUBE-wolfSSL.5.7.4
2025-03-16 13:24:06,097 [WARN] PackLoader:240 - Cannot read IP mode file for ITTIA_DB.I-CUBE-ITTIADB.8.9.0
2025-03-16 13:24:06,162 [WARN] PackLoader:240 - Cannot read IP mode file for SEGGER.I-CUBE-embOS.1.3.1
2025-03-16 13:24:06,229 [WARN] PackLoader:240 - Cannot read IP mode file for STMicroelectronics.X-CUBE-ALGOBUILD.1.4.0
2025-03-16 13:24:06,254 [WARN] PackLoader:240 - Cannot read IP mode file for STMicroelectronics.X-CUBE-AI.9.1.0
2025-03-16 13:24:06,303 [WARN] PackLoader:240 - Cannot read IP mode file for STMicroelectronics.X-CUBE-AZRTOS-F4.1.1.0
2025-03-16 13:24:06,333 [WARN] PackLoader:240 - Cannot read IP mode file for STMicroelectronics.X-CUBE-ISPU.2.1.0
2025-03-16 13:24:06,397 [WARN] PackLoader:240 - Cannot read IP mode file for STMicroelectronics.X-CUBE-AZRTOS-L5.2.0.0
2025-03-16 13:24:06,434 [WARN] PackLoader:240 - Cannot read IP mode file for STMicroelectronics.X-CUBE-NFC6.3.1.0
2025-03-16 13:24:06,464 [WARN] PackLoader:240 - Cannot read IP mode file for STMicroelectronics.X-CUBE-DPower.1.2.0
2025-03-16 13:24:06,491 [WARN] PackLoader:240 - Cannot read IP mode file for STMicroelectronics.X-CUBE-FREERTOS.1.3.0
2025-03-16 13:24:06,521 [WARN] PackLoader:240 - Cannot read IP mode file for STMicroelectronics.X-CUBE-NFC7.1.0.1
2025-03-16 13:24:06,575 [WARN] ConditionMgr:438 - getConditionDescription Invalid condition id : LAN8742 Phy interface Condition cause : null
2025-03-16 13:24:06,576 [WARN] PackLoader:240 - Cannot read IP mode file for STMicroelectronics.X-CUBE-AZRTOS-L4.2.0.0
2025-03-16 13:24:06,578 [WARN] ConditionMgr:1044 - genDependencies : Invalid condition id : LAN8742 Phy interface Condition cause : null
2025-03-16 13:24:06,578 [WARN] ConditionMgr:1044 - genDependencies : Invalid condition id : LAN8742 Phy interface Condition cause : null
2025-03-16 13:24:06,579 [WARN] ConditionMgr:1044 - genDependencies : Invalid condition id : LAN8742 Phy interface Condition cause : null
2025-03-16 13:24:06,610 [WARN] PackLoader:240 - Cannot read IP mode file for STMicroelectronics.X-CUBE-SFXS2LP1.4.0.0
2025-03-16 13:24:06,677 [WARN] PackLoader:240 - Cannot read IP mode file for STMicroelectronics.X-CUBE-AZRTOS-H7.3.3.0
2025-03-16 13:24:06,723 [WARN] ConditionMgr:438 - getConditionDescription Invalid condition id : UX DEVICE CLASS RTOS Condition cause : null
2025-03-16 13:24:06,724 [WARN] ConditionMgr:438 - getConditionDescription Invalid condition id : UX DEVICE CLASS RTOS Condition cause : null
2025-03-16 13:24:06,727 [WARN] PackLoader:240 - Cannot read IP mode file for STMicroelectronics.X-CUBE-AZRTOS-WB.2.0.0
2025-03-16 13:24:06,728 [WARN] ConditionMgr:1044 - genDependencies : Invalid condition id : UX DEVICE CLASS RTOS Condition cause : null
2025-03-16 13:24:06,728 [WARN] ConditionMgr:1044 - genDependencies : Invalid condition id : UX DEVICE CLASS RTOS Condition cause : null
2025-03-16 13:24:06,728 [WARN] ConditionMgr:1044 - genDependencies : Invalid condition id : UX DEVICE CLASS RTOS Condition cause : null
2025-03-16 13:24:06,729 [WARN] ConditionMgr:1044 - genDependencies : Invalid condition id : UX DEVICE CLASS RTOS Condition cause : null
2025-03-16 13:24:06,729 [WARN] ConditionMgr:1044 - genDependencies : Invalid condition id : UX DEVICE CLASS RTOS Condition cause : null
2025-03-16 13:24:06,756 [WARN] PackLoader:240 - Cannot read IP mode file for STMicroelectronics.X-CUBE-GNSS1.7.0.1
2025-03-16 13:24:06,785 [WARN] PackLoader:240 - Cannot read IP mode file for STMicroelectronics.X-CUBE-TOUCHGFX.4.25.0
2025-03-16 13:24:06,813 [WARN] PackLoader:240 - Cannot read IP mode file for STMicroelectronics.FP-SNS-STBOX1.2.0.0
2025-03-16 13:24:06,849 [WARN] PackLoader:240 - Cannot read IP mode file for STMicroelectronics.X-CUBE-SUBG2.5.0.0
2025-03-16 13:24:06,880 [WARN] PackLoader:240 - Cannot read IP mode file for Cesanta.I-CUBE-Mongoose.7.13.0
2025-03-16 13:24:06,926 [WARN] PackLoader:240 - Cannot read IP mode file for STMicroelectronics.X-CUBE-AZRTOS-G4.2.0.0
2025-03-16 13:24:06,962 [WARN] PackLoader:240 - Cannot read IP mode file for STMicroelectronics.X-CUBE-IPS.3.1.0
2025-03-16 13:24:06,996 [WARN] PackLoader:240 - Cannot read IP mode file for STMicroelectronics.X-CUBE-ALS.1.0.2
2025-03-16 13:24:07,022 [WARN] PackLoader:240 - Cannot read IP mode file for STMicroelectronics.X-CUBE-TOUCHGFX.4.24.2
2025-03-16 13:24:07,046 [WARN] PackLoader:240 - Cannot read IP mode file for wolfSSL.I-CUBE-wolfTPM.3.4.0
2025-03-16 13:24:07,079 [WARN] PackLoader:240 - Cannot read IP mode file for portGmbH.I-Cube-SoM-uGOAL.1.1.0
2025-03-16 13:24:07,136 [WARN] PackLoader:240 - Cannot read IP mode file for STMicroelectronics.X-CUBE-AZRTOS-H7RS.1.0.0
2025-03-16 13:24:07,174 [WARN] PackLoader:240 - Cannot read IP mode file for STMicroelectronics.X-CUBE-TOF1.3.4.2
2025-03-16 13:24:07,208 [WARN] PackLoader:240 - Cannot read IP mode file for wolfSSL.I-CUBE-wolfSSH.1.4.17
2025-03-16 13:24:07,208 [INFO] ThirdParty:978 - Integrity check success = true
2025-03-16 13:24:07,209 [INFO] IntegrityCheckThread:100 - exiting critical section [integrity check]
2025-03-16 13:24:07,209 [INFO] IntegrityCheckThread:103 - End integrity checks thread
2025-03-16 13:37:04,889 [INFO] WebApp:190 - Connection lost
2025-03-16 13:37:05,172 [INFO] WebApp:187 - Connection restablished
2025-03-16 13:37:31,399 [INFO] WebApp:190 - Connection lost
2025-03-16 13:37:31,570 [INFO] WebApp:187 - Connection restablished
2025-03-16 13:37:42,868 [INFO] WebApp:190 - Connection lost
2025-03-16 13:37:43,035 [INFO] WebApp:187 - Connection restablished
2025-03-16 13:38:22,392 [INFO] WebApp:190 - Connection lost
2025-03-16 13:38:22,584 [INFO] WebApp:187 - Connection restablished
2025-03-16 14:30:44,560 [INFO] WebApp:190 - Connection lost
2025-03-16 14:31:52,507 [INFO] WebApp:187 - Connection restablished
2025-03-16 14:32:58,847 [INFO] WebApp:190 - Connection lost
2025-03-16 14:32:59,492 [INFO] WebApp:187 - Connection restablished
2025-03-16 15:03:21,876 [INFO] WebApp:190 - Connection lost
2025-03-16 15:03:45,535 [INFO] WebApp:187 - Connection restablished
2025-03-16 15:03:47,372 [INFO] WebApp:190 - Connection lost
2025-03-16 15:03:47,621 [INFO] WebApp:187 - Connection restablished
2025-03-16 15:03:50,367 [INFO] WebApp:190 - Connection lost
2025-03-16 15:03:50,613 [INFO] WebApp:187 - Connection restablished
2025-03-16 15:05:36,397 [INFO] WebApp:190 - Connection lost
2025-03-16 15:05:44,538 [INFO] WebApp:187 - Connection restablished
2025-03-16 15:09:06,020 [INFO] WebApp:190 - Connection lost
2025-03-16 15:09:12,225 [INFO] WebApp:187 - Connection restablished
2025-03-16 15:24:16,657 [INFO] WebApp:389 - JxBrowser engine has been closed 
2025-03-16 15:29:05,738 [INFO] Activator:176 - 


2025-03-16 15:29:05,740 [INFO] Activator:177 - !SESSION log4j initialized
2025-03-16 15:29:14,529 [INFO] LogOutputStream:77 - [STDOUT_REDIRECT] 
2025-03-16 15:29:16,342 [INFO] ApplicationProperties:184 - Using Application install path: C:\ST\STM32CubeIDE_1.17.0\STM32CubeIDE\plugins\com.st.stm32cube.common.mx_6.13.0.202411220809
2025-03-16 15:29:16,365 [INFO] DbMcusXml:78 - Set database path to: C:\ST\STM32CubeIDE_1.17.0\STM32CubeIDE\plugins\com.st.stm32cube.common.mx_6.13.0.202411220809\\db\/mcu/
2025-03-16 15:29:16,365 [INFO] ApiDb:274 - Set plugin database path to: C:\ST\STM32CubeIDE_1.17.0\STM32CubeIDE\plugins\com.st.stm32cube.common.mx_6.13.0.202411220809\\db\/plugins/boardmanager/
2025-03-16 15:29:16,366 [WARN] ApiDb:259 - Overriding images path with different value:  => C:\ST\STM32CubeIDE_1.17.0\STM32CubeIDE\plugins\com.st.stm32cube.common.mx_6.13.0.202411220809\\db\/plugins/mcufinder/images/
2025-03-16 15:29:16,382 [INFO] ApiDb:250 - Set database path to: C:\Users\vinaykumar\.stmcufinder\plugins\mcufinder//mcu/
2025-03-16 15:29:16,384 [INFO] DbMcusAds:125 - Set database path to: C:\Users\vinaykumar\.stmcufinder\plugins\mcufinder//mcu/
2025-03-16 15:29:16,388 [INFO] CrossReferenceDbSqlite:203 - Set database path to: C:\Users\vinaykumar\.stmcufinder\plugins\mcufinder//mcu/cs/
2025-03-16 15:29:16,533 [INFO] RulesReader:64 - Compatibility file has been processed (297 Rules)
2025-03-16 15:29:16,673 [INFO] DbMcusXml:78 - Set database path to: C:\ST\STM32CubeIDE_1.17.0\STM32CubeIDE\plugins\com.st.stm32cube.common.mx_6.13.0.202411220809\\db\/mcu/
2025-03-16 15:29:16,673 [INFO] ApiDb:274 - Set plugin database path to: C:\ST\STM32CubeIDE_1.17.0\STM32CubeIDE\plugins\com.st.stm32cube.common.mx_6.13.0.202411220809\\db\/plugins/boardmanager/
2025-03-16 15:29:16,673 [INFO] ApiDb:261 - Set plugin images path to: C:\ST\STM32CubeIDE_1.17.0\STM32CubeIDE\plugins\com.st.stm32cube.common.mx_6.13.0.202411220809\\db\/plugins/mcufinder/images/
2025-03-16 15:29:16,675 [WARN] DbFile:41 - Overriding database path with different value: C:\Users\vinaykumar\.stmcufinder\plugins\mcufinder/ => C:\Users\vinaykumar\.stmcufinder\plugins\mcufinder
2025-03-16 15:29:16,675 [INFO] ApiDb:250 - Set database path to: C:\Users\vinaykumar\.stmcufinder\plugins\mcufinder//mcu/
2025-03-16 15:29:16,675 [WARN] DbFile:41 - Overriding database path with different value: C:\Users\vinaykumar\.stmcufinder\plugins\mcufinder/ => C:\Users\vinaykumar\.stmcufinder\plugins\mcufinder
2025-03-16 15:29:16,675 [INFO] DbMcusAds:125 - Set database path to: C:\Users\vinaykumar\.stmcufinder\plugins\mcufinder//mcu/
2025-03-16 15:29:16,675 [WARN] DbFile:41 - Overriding database path with different value: C:\Users\vinaykumar\.stmcufinder\plugins\mcufinder/ => C:\Users\vinaykumar\.stmcufinder\plugins\mcufinder
2025-03-16 15:29:16,675 [WARN] DbFile:41 - Overriding database path with different value: C:\Users\vinaykumar\.stmcufinder\plugins\mcufinder/ => C:\Users\vinaykumar\.stmcufinder\plugins\mcufinder
2025-03-16 15:29:16,675 [INFO] CrossReferenceDbSqlite:203 - Set database path to: C:\Users\vinaykumar\.stmcufinder\plugins\mcufinder//mcu/cs/
2025-03-16 15:29:16,769 [INFO] MainPanel:272 - HeapMemory: 268435456
2025-03-16 15:29:16,875 [INFO] DbMcusXml:78 - Set database path to: C:\ST\STM32CubeIDE_1.17.0\STM32CubeIDE\plugins\com.st.stm32cube.common.mx_6.13.0.202411220809\\db\/mcu/
2025-03-16 15:29:16,875 [INFO] ApiDb:274 - Set plugin database path to: C:\ST\STM32CubeIDE_1.17.0\STM32CubeIDE\plugins\com.st.stm32cube.common.mx_6.13.0.202411220809\\db\/plugins/boardmanager/
2025-03-16 15:29:16,875 [INFO] ApiDb:261 - Set plugin images path to: C:\ST\STM32CubeIDE_1.17.0\STM32CubeIDE\plugins\com.st.stm32cube.common.mx_6.13.0.202411220809\\db\/plugins/mcufinder/images/
2025-03-16 15:29:16,876 [WARN] DbFile:41 - Overriding database path with different value: C:\Users\vinaykumar\.stmcufinder\plugins\mcufinder/ => C:\Users\vinaykumar\.stmcufinder\plugins\mcufinder
2025-03-16 15:29:16,876 [INFO] ApiDb:250 - Set database path to: C:\Users\vinaykumar\.stmcufinder\plugins\mcufinder//mcu/
2025-03-16 15:29:16,876 [WARN] DbFile:41 - Overriding database path with different value: C:\Users\vinaykumar\.stmcufinder\plugins\mcufinder/ => C:\Users\vinaykumar\.stmcufinder\plugins\mcufinder
2025-03-16 15:29:16,876 [INFO] DbMcusAds:125 - Set database path to: C:\Users\vinaykumar\.stmcufinder\plugins\mcufinder//mcu/
2025-03-16 15:29:16,876 [WARN] DbFile:41 - Overriding database path with different value: C:\Users\vinaykumar\.stmcufinder\plugins\mcufinder/ => C:\Users\vinaykumar\.stmcufinder\plugins\mcufinder
2025-03-16 15:29:16,876 [WARN] DbFile:41 - Overriding database path with different value: C:\Users\vinaykumar\.stmcufinder\plugins\mcufinder/ => C:\Users\vinaykumar\.stmcufinder\plugins\mcufinder
2025-03-16 15:29:16,876 [INFO] CrossReferenceDbSqlite:203 - Set database path to: C:\Users\vinaykumar\.stmcufinder\plugins\mcufinder//mcu/cs/
2025-03-16 15:29:16,894 [INFO] ApplicationProperties:184 - Using Application install path: C:\ST\STM32CubeIDE_1.17.0\STM32CubeIDE\plugins\com.st.stm32cube.common.mx_6.13.0.202411220809
2025-03-16 15:29:16,896 [INFO] PluginManage:196 - Search for loadable plugins [exclusion list=, ]
2025-03-16 15:29:16,897 [INFO] PluginManage:310 - Check plugin analytics
2025-03-16 15:29:17,101 [INFO] AnalyticsPlugin:253 - Accepted Software Licenses: 
2025-03-16 15:29:17,102 [INFO] AnalyticsPlugin:255 - Accepted CMSIS Pack Licenses: 
2025-03-16 15:29:17,102 [INFO] AnalyticsPlugin:257 - Accepted Firmware Licenses: 
2025-03-16 15:29:17,106 [INFO] PluginManage:359 - Loaded plugin analytics (category:tool,tabindex:-1)
2025-03-16 15:29:17,106 [INFO] PluginManage:310 - Check plugin cadmodel
2025-03-16 15:29:17,128 [INFO] CADModel:105 - Init CAD model plugin
2025-03-16 15:29:17,128 [INFO] PluginManage:359 - Loaded plugin cadmodel (category:power,tabindex:5)
2025-03-16 15:29:17,128 [INFO] PluginManage:310 - Check plugin clock
2025-03-16 15:29:17,151 [INFO] PluginManage:359 - Loaded plugin clock (category:base,tabindex:2)
2025-03-16 15:29:17,152 [INFO] PluginManage:310 - Check plugin ddr
2025-03-16 15:29:17,157 [INFO] PluginManage:359 - Loaded plugin ddr (category:tool,tabindex:6)
2025-03-16 15:29:17,157 [INFO] PluginManage:310 - Check plugin filemanager
2025-03-16 15:29:17,326 [INFO] PluginManage:359 - Loaded plugin filemanager (category:base,tabindex:10)
2025-03-16 15:29:17,326 [INFO] PluginManage:310 - Check plugin ipmanager
2025-03-16 15:29:17,338 [INFO] PluginManage:359 - Loaded plugin ipmanager (category:base,tabindex:5)
2025-03-16 15:29:17,339 [INFO] PluginManage:310 - Check plugin lpbam
2025-03-16 15:29:17,369 [INFO] PluginManage:359 - Loaded plugin lpbam (category:base,tabindex:0)
2025-03-16 15:29:17,369 [INFO] PluginManage:310 - Check plugin memorymap
2025-03-16 15:29:17,402 [INFO] PluginManage:359 - Loaded plugin memorymap (category:base,tabindex:4)
2025-03-16 15:29:17,403 [INFO] PluginManage:310 - Check plugin pinoutandconfiguration
2025-03-16 15:29:17,423 [INFO] PluginManage:359 - Loaded plugin pinoutandconfiguration (category:base,tabindex:1)
2025-03-16 15:29:17,423 [INFO] PluginManage:310 - Check plugin pinoutconfig
2025-03-16 15:29:17,544 [WARN] SupportedApi:132 - Cannot load RTOS API schema: s4s-elt-must-match.1: The content of 'definitions' must match (annotation?, (simpleType | complexType)?, (unique | key | keyref)*)). A problem was found starting at: attribute.
2025-03-16 15:29:17,714 [INFO] PluginManage:359 - Loaded plugin pinoutconfig (category:base,tabindex:0)
2025-03-16 15:29:17,715 [INFO] PluginManage:310 - Check plugin power
2025-03-16 15:29:17,737 [INFO] PluginManage:359 - Loaded plugin power (category:power,tabindex:4)
2025-03-16 15:29:17,737 [INFO] PluginManage:310 - Check plugin projectmanager
2025-03-16 15:29:17,757 [INFO] PluginManage:359 - Loaded plugin projectmanager (category:projectmanager,tabindex:4)
2025-03-16 15:29:17,758 [INFO] PluginManage:310 - Check plugin rif
2025-03-16 15:29:17,781 [INFO] PluginManage:359 - Loaded plugin rif (category:base,tabindex:3)
2025-03-16 15:29:17,781 [INFO] PluginManage:310 - Check plugin thirdparty
2025-03-16 15:29:18,129 [INFO] PluginManage:359 - Loaded plugin thirdparty (category:base,tabindex:-1)
2025-03-16 15:29:18,129 [WARN] IntegrityCheckThread:84 - waiting for thirdparty lock release [integrity check]
2025-03-16 15:29:18,129 [INFO] PluginManage:310 - Check plugin tools
2025-03-16 15:29:18,129 [INFO] IntegrityCheckThread:86 - entering critical section [integrity check]
2025-03-16 15:29:18,130 [INFO] ThirdPartyUpdaterWithRetryManager:70 - Updater plugin not ready yet. [1/15]
2025-03-16 15:29:18,175 [INFO] PluginManage:359 - Loaded plugin tools (category:base,tabindex:7)
2025-03-16 15:29:18,175 [INFO] PluginManage:310 - Check plugin tutovideos
2025-03-16 15:29:18,372 [INFO] PluginManage:359 - Loaded plugin tutovideos (category:base,tabindex:-1)
2025-03-16 15:29:18,372 [INFO] PluginManage:310 - Check plugin updater
2025-03-16 15:29:18,400 [INFO] PluginManage:359 - Loaded plugin updater (category:base,tabindex:12)
2025-03-16 15:29:18,400 [INFO] PluginManage:310 - Check plugin userauth
2025-03-16 15:29:18,405 [INFO] UserAuth:118 - Init User Auth plugin
2025-03-16 15:29:18,406 [INFO] PluginManage:359 - Loaded plugin userauth (category:base,tabindex:14)
2025-03-16 15:29:18,407 [INFO] PluginManage:283 - PluginManage : Loaded plugins [18]
2025-03-16 15:29:18,694 [INFO] PinOutPanel:1589 - setPackage(No Configuration,No Configuration)
2025-03-16 15:29:18,835 [INFO] CADModel:165 - CPN selected for project level
2025-03-16 15:29:18,835 [INFO] CADModel:114 - Register for checkConnection events
2025-03-16 15:29:18,873 [INFO] IPUIPlugin:80 - create IPUIPlugin
2025-03-16 15:29:18,873 [INFO] PluginManager:220 - loadIPPluginJar : add adc
2025-03-16 15:29:18,932 [INFO] IPUIPlugin:80 - create IPUIPlugin
2025-03-16 15:29:18,932 [INFO] PluginManager:220 - loadIPPluginJar : add aes
2025-03-16 15:29:18,991 [INFO] IPUIPlugin:80 - create IPUIPlugin
2025-03-16 15:29:18,991 [INFO] PluginManager:220 - loadIPPluginJar : add can
2025-03-16 15:29:19,026 [INFO] IPUIPlugin:80 - create IPUIPlugin
2025-03-16 15:29:19,026 [INFO] PluginManager:220 - loadIPPluginJar : add comp
2025-03-16 15:29:19,075 [INFO] IPUIPlugin:80 - create IPUIPlugin
2025-03-16 15:29:19,075 [INFO] PluginManager:220 - loadIPPluginJar : add cryp
2025-03-16 15:29:19,091 [INFO] IPUIPlugin:80 - create IPUIPlugin
2025-03-16 15:29:19,091 [INFO] PluginManager:220 - loadIPPluginJar : add ddr_ctrl_phy
2025-03-16 15:29:19,130 [INFO] IPUIPlugin:80 - create IPUIPlugin
2025-03-16 15:29:19,130 [INFO] PluginManager:220 - loadIPPluginJar : add dfsdm
2025-03-16 15:29:19,146 [INFO] IPUIPlugin:80 - create IPUIPlugin
2025-03-16 15:29:19,147 [INFO] PluginManager:220 - loadIPPluginJar : add dma
2025-03-16 15:29:19,197 [INFO] IPUIPlugin:80 - create IPUIPlugin
2025-03-16 15:29:19,197 [INFO] PluginManager:220 - loadIPPluginJar : add dma3
2025-03-16 15:29:19,249 [INFO] IPUIPlugin:80 - create IPUIPlugin
2025-03-16 15:29:19,249 [INFO] PluginManager:220 - loadIPPluginJar : add extmemmanager
2025-03-16 15:29:19,273 [INFO] IPUIPlugin:80 - create IPUIPlugin
2025-03-16 15:29:19,273 [INFO] PluginManager:220 - loadIPPluginJar : add fatfs
2025-03-16 15:29:19,330 [INFO] IPUIPlugin:80 - create IPUIPlugin
2025-03-16 15:29:19,331 [INFO] PluginManager:220 - loadIPPluginJar : add fmc
2025-03-16 15:29:19,348 [INFO] IPUIPlugin:80 - create IPUIPlugin
2025-03-16 15:29:19,348 [INFO] PluginManager:220 - loadIPPluginJar : add freertos
2025-03-16 15:29:19,373 [INFO] IPUIPlugin:80 - create IPUIPlugin
2025-03-16 15:29:19,373 [INFO] PluginManager:220 - loadIPPluginJar : add genericplugin
2025-03-16 15:29:19,487 [INFO] IPUIPlugin:80 - create IPUIPlugin
2025-03-16 15:29:19,487 [INFO] PluginManager:220 - loadIPPluginJar : add gfxmmu
2025-03-16 15:29:19,638 [INFO] IPUIPlugin:80 - create IPUIPlugin
2025-03-16 15:29:19,638 [INFO] PluginManager:220 - loadIPPluginJar : add gic
2025-03-16 15:29:19,653 [INFO] IPUIPlugin:80 - create IPUIPlugin
2025-03-16 15:29:19,653 [INFO] PluginManager:220 - loadIPPluginJar : add gpio
2025-03-16 15:29:19,754 [INFO] IPUIPlugin:80 - create IPUIPlugin
2025-03-16 15:29:19,754 [INFO] PluginManager:220 - loadIPPluginJar : add gtzc
2025-03-16 15:29:19,790 [INFO] IPUIPlugin:80 - create IPUIPlugin
2025-03-16 15:29:19,790 [INFO] PluginManager:220 - loadIPPluginJar : add hash
2025-03-16 15:29:19,848 [INFO] IPUIPlugin:80 - create IPUIPlugin
2025-03-16 15:29:19,849 [INFO] PluginManager:220 - loadIPPluginJar : add i2c
2025-03-16 15:29:19,892 [INFO] IPUIPlugin:80 - create IPUIPlugin
2025-03-16 15:29:19,892 [INFO] PluginManager:220 - loadIPPluginJar : add i2s
2025-03-16 15:29:19,936 [INFO] IPUIPlugin:80 - create IPUIPlugin
2025-03-16 15:29:19,936 [INFO] PluginManager:220 - loadIPPluginJar : add i3c
2025-03-16 15:29:20,052 [INFO] IPUIPlugin:80 - create IPUIPlugin
2025-03-16 15:29:20,052 [INFO] PluginManager:220 - loadIPPluginJar : add ipddr
2025-03-16 15:29:20,161 [INFO] IPUIPlugin:80 - create IPUIPlugin
2025-03-16 15:29:20,161 [INFO] PluginManager:220 - loadIPPluginJar : add linkedlist
2025-03-16 15:29:20,205 [INFO] IPUIPlugin:80 - create IPUIPlugin
2025-03-16 15:29:20,206 [INFO] PluginManager:220 - loadIPPluginJar : add lorawan
2025-03-16 15:29:20,267 [INFO] IPUIPlugin:80 - create IPUIPlugin
2025-03-16 15:29:20,267 [INFO] PluginManager:220 - loadIPPluginJar : add ltdc
2025-03-16 15:29:20,294 [INFO] IPUIPlugin:80 - create IPUIPlugin
2025-03-16 15:29:20,294 [INFO] PluginManager:220 - loadIPPluginJar : add mdma
2025-03-16 15:29:20,309 [INFO] IPUIPlugin:80 - create IPUIPlugin
2025-03-16 15:29:20,309 [INFO] PluginManager:220 - loadIPPluginJar : add nvic
2025-03-16 15:29:20,361 [INFO] IPUIPlugin:80 - create IPUIPlugin
2025-03-16 15:29:20,361 [INFO] PluginManager:220 - loadIPPluginJar : add opamp
2025-03-16 15:29:20,444 [INFO] IPUIPlugin:80 - create IPUIPlugin
2025-03-16 15:29:20,444 [INFO] PluginManager:220 - loadIPPluginJar : add openamp
2025-03-16 15:29:20,502 [INFO] IPUIPlugin:80 - create IPUIPlugin
2025-03-16 15:29:20,502 [INFO] PluginManager:220 - loadIPPluginJar : add pdm2pcm
2025-03-16 15:29:20,519 [INFO] IPUIPlugin:80 - create IPUIPlugin
2025-03-16 15:29:20,521 [INFO] PluginManager:220 - loadIPPluginJar : add plateformsettings
2025-03-16 15:29:20,551 [INFO] IPUIPlugin:80 - create IPUIPlugin
2025-03-16 15:29:20,551 [INFO] PluginManager:220 - loadIPPluginJar : add quadspi
2025-03-16 15:29:20,590 [INFO] IPUIPlugin:80 - create IPUIPlugin
2025-03-16 15:29:20,591 [INFO] PluginManager:220 - loadIPPluginJar : add radio
2025-03-16 15:29:20,608 [INFO] IPUIPlugin:80 - create IPUIPlugin
2025-03-16 15:29:20,608 [INFO] PluginManager:220 - loadIPPluginJar : add resmgrutility
2025-03-16 15:29:20,694 [INFO] IPUIPlugin:80 - create IPUIPlugin
2025-03-16 15:29:20,694 [INFO] PluginManager:220 - loadIPPluginJar : add sai
2025-03-16 15:29:20,748 [INFO] IPUIPlugin:80 - create IPUIPlugin
2025-03-16 15:29:20,748 [INFO] PluginManager:220 - loadIPPluginJar : add spi
2025-03-16 15:29:20,843 [INFO] IPUIPlugin:80 - create IPUIPlugin
2025-03-16 15:29:20,843 [INFO] PluginManager:220 - loadIPPluginJar : add stm32_wpan
2025-03-16 15:29:20,879 [INFO] IPUIPlugin:80 - create IPUIPlugin
2025-03-16 15:29:20,879 [INFO] PluginManager:220 - loadIPPluginJar : add tim
2025-03-16 15:29:20,965 [INFO] IPUIPlugin:80 - create IPUIPlugin
2025-03-16 15:29:20,965 [INFO] PluginManager:220 - loadIPPluginJar : add touchsensing
2025-03-16 15:29:21,003 [INFO] IPUIPlugin:80 - create IPUIPlugin
2025-03-16 15:29:21,003 [INFO] PluginManager:220 - loadIPPluginJar : add tracer_emb
2025-03-16 15:29:21,040 [INFO] IPUIPlugin:80 - create IPUIPlugin
2025-03-16 15:29:21,041 [INFO] PluginManager:220 - loadIPPluginJar : add ts
2025-03-16 15:29:21,073 [INFO] IPUIPlugin:80 - create IPUIPlugin
2025-03-16 15:29:21,073 [INFO] PluginManager:220 - loadIPPluginJar : add tsc
2025-03-16 15:29:21,105 [INFO] IPUIPlugin:80 - create IPUIPlugin
2025-03-16 15:29:21,106 [INFO] PluginManager:220 - loadIPPluginJar : add ucpd
2025-03-16 15:29:21,131 [INFO] ThirdPartyUpdaterWithRetryManager:70 - Updater plugin not ready yet. [2/15]
2025-03-16 15:29:21,175 [INFO] IPUIPlugin:80 - create IPUIPlugin
2025-03-16 15:29:21,175 [INFO] PluginManager:220 - loadIPPluginJar : add usart
2025-03-16 15:29:21,245 [INFO] IPUIPlugin:80 - create IPUIPlugin
2025-03-16 15:29:21,246 [INFO] PluginManager:220 - loadIPPluginJar : add usbx
2025-03-16 15:29:21,385 [FATAL] Updater:351 - Updater called before beeing initialized
2025-03-16 15:29:21,416 [INFO] RulesReader:64 - Compatibility file has been processed (297 Rules)
2025-03-16 15:29:21,436 [INFO] RulesReader:64 - Compatibility file has been processed (297 Rules)
2025-03-16 15:29:21,448 [INFO] CADModel:165 - CPN selected for project level
2025-03-16 15:29:21,448 [INFO] CADModel:114 - Register for checkConnection events
2025-03-16 15:29:21,448 [FATAL] Updater:351 - Updater called before beeing initialized
2025-03-16 15:29:21,448 [ERROR] CADModel:125 - Updater not yet initialized, retry later 
2025-03-16 15:29:21,658 [FATAL] Updater:351 - Updater called before beeing initialized
2025-03-16 15:29:21,661 [INFO] CADModel:165 - CPN selected for project level
2025-03-16 15:29:21,661 [INFO] CADModel:114 - Register for checkConnection events
2025-03-16 15:29:21,661 [FATAL] Updater:351 - Updater called before beeing initialized
2025-03-16 15:29:21,661 [ERROR] CADModel:125 - Updater not yet initialized, retry later 
2025-03-16 15:29:21,666 [FATAL] Updater:351 - Updater called before beeing initialized
2025-03-16 15:29:21,839 [FATAL] Updater:351 - Updater called before beeing initialized
2025-03-16 15:29:21,859 [INFO] DbMcusAds:53 - JSON generation date=Tue Dec 17 21:31:15 IST 2024 (1734451275111)
2025-03-16 15:29:21,859 [FATAL] Updater:351 - Updater called before beeing initialized
2025-03-16 15:29:21,917 [WARN] DetailPanel:346 - Failed to get advertising image, set to default
2025-03-16 15:29:22,192 [FATAL] Updater:351 - Updater called before beeing initialized
2025-03-16 15:29:22,194 [FATAL] Updater:351 - Updater called before beeing initialized
2025-03-16 15:29:22,194 [FATAL] Updater:351 - Updater called before beeing initialized
2025-03-16 15:29:22,194 [WARN] DetailPanel:346 - Failed to get advertising image, set to default
2025-03-16 15:29:22,195 [FATAL] Updater:351 - Updater called before beeing initialized
2025-03-16 15:29:22,258 [ERROR] Updater:1198 - MainUpdater not yet initialized. External WinMGr cannot be set.
2025-03-16 15:29:22,270 [INFO] Updater:1134 - Updater Version found : 6.13.0
2025-03-16 15:29:22,293 [INFO] ApplicationProperties:184 - Using Application install path: C:\ST\STM32CubeIDE_1.17.0\STM32CubeIDE\plugins\com.st.stm32cube.common.mx_6.13.0.202411220809
2025-03-16 15:29:23,874 [ERROR] LogOutputStream:75 - [STDERR_REDIRECT] Mar 16, 2025 3:29:23 PM java.util.prefs.WindowsPreferences <init>
2025-03-16 15:29:23,875 [ERROR] LogOutputStream:75 - [STDERR_REDIRECT] WARNING: Could not open/create prefs root node Software\JavaSoft\Prefs at root 0xffffffff80000002. Windows RegCreateKeyEx(...) returned error code 5.
2025-03-16 15:29:23,875 [ERROR] LogOutputStream:75 - [STDERR_REDIRECT] 
2025-03-16 15:29:24,132 [INFO] ThirdPartyUpdaterWithRetryManager:70 - Updater plugin not ready yet. [3/15]
2025-03-16 15:29:24,242 [INFO] MainUpdater:2872 - connection check result : 10
2025-03-16 15:29:24,242 [INFO] MainUpdater:289 - Updater Check For Update Now.
2025-03-16 15:29:24,243 [INFO] MicroXplorer:498 - Change Database Version : DB.6.0.130
2025-03-16 15:29:24,266 [INFO] McuFinderGlobals:63 - Set McuFinder mode to 2 (CubeIDE integrated)
2025-03-16 15:29:24,266 [INFO] UserAuth:171 - activating auth plugin
2025-03-16 15:29:24,270 [INFO] UserAuth:486 - Internet connection configuration mode: 1
2025-03-16 15:29:24,327 [INFO] JxBrowserEngine:152 - Initiate JxBrowser Engine with user profile folder
2025-03-16 15:29:24,503 [INFO] CheckServerUpdateThread:120 - End of CheckServer Thread
2025-03-16 15:29:25,735 [INFO] WebApp:168 - Instantiating new browser for Auth
2025-03-16 15:29:27,537 [INFO] WebApp:449 - Apply proxy settings
2025-03-16 15:29:27,538 [INFO] WebApp:534 - Chromium requires no authentication
2025-03-16 15:29:27,561 [INFO] WebApp:477 - Direct internet connection detected
2025-03-16 15:29:27,637 [INFO] WebApp:880 - Register for checkConnection events
2025-03-16 15:29:27,637 [INFO] WebApp:449 - Apply proxy settings
2025-03-16 15:29:27,637 [INFO] WebApp:534 - Chromium requires no authentication
2025-03-16 15:29:27,638 [INFO] WebApp:477 - Direct internet connection detected
2025-03-16 15:29:27,706 [WARN] PackLoader:240 - Cannot read IP mode file for STMicroelectronics.FP-SNS-MOTENVWB1.1.4.0
2025-03-16 15:29:27,756 [WARN] PackLoader:240 - Cannot read IP mode file for STMicroelectronics.FP-ATR-ASTRA1.2.0.2
2025-03-16 15:29:27,797 [WARN] PackLoader:240 - Cannot read IP mode file for STMicroelectronics.FP-ATR-ASTRA1.2.0.1
2025-03-16 15:29:27,864 [WARN] PackLoader:240 - Cannot read IP mode file for STMicroelectronics.X-CUBE-SMBUS.2.1.0
2025-03-16 15:29:27,910 [WARN] PackLoader:240 - Cannot read IP mode file for STMicroelectronics.X-CUBE-WB05N.1.1.0
2025-03-16 15:29:28,040 [WARN] PackLoader:240 - Cannot read IP mode file for STMicroelectronics.X-CUBE-AZRTOS-F7.1.1.0
2025-03-16 15:29:28,085 [WARN] PackLoader:240 - Cannot read IP mode file for STMicroelectronics.FP-SNS-FLIGHT1.5.0.2
2025-03-16 15:29:28,168 [WARN] PackLoader:240 - Cannot read IP mode file for Infineon.AIROC-Wi-Fi-Bluetooth-STM32.1.7.0
2025-03-16 15:29:28,196 [INFO] WebApp:187 - Connection restablished
2025-03-16 15:29:28,236 [WARN] PackLoader:240 - Cannot read IP mode file for STMicroelectronics.X-CUBE-DISPLAY.3.0.0
2025-03-16 15:29:28,280 [WARN] PackLoader:240 - Cannot read IP mode file for STMicroelectronics.X-CUBE-BLE1.7.0.0
2025-03-16 15:29:28,314 [INFO] WebApp:221 - Starting web application
2025-03-16 15:29:28,315 [INFO] WebApp:579 - Web application path used C:\ST\STM32CubeIDE_1.17.0\STM32CubeIDE\plugins\com.st.stm32cube.common.mx_6.13.0.202411220809\db\plugins\mcufinder\reactClient1\index.html
2025-03-16 15:29:28,320 [WARN] PackLoader:240 - Cannot read IP mode file for STMicroelectronics.X-CUBE-NFC10.1.0.0
2025-03-16 15:29:28,395 [WARN] PackLoader:240 - Cannot read IP mode file for STMicroelectronics.X-CUBE-BLEMGR.4.0.0
2025-03-16 15:29:28,446 [WARN] PackLoader:240 - Cannot read IP mode file for emotas.I-CUBE-CANOPEN.1.3.0
2025-03-16 15:29:28,479 [WARN] PackLoader:240 - Cannot read IP mode file for STMicroelectronics.X-CUBE-AI.10.0.0
2025-03-16 15:29:28,512 [WARN] PackLoader:240 - Cannot read IP mode file for STMicroelectronics.FP-SNS-SMARTAG2.1.2.0
2025-03-16 15:29:28,580 [WARN] PackLoader:240 - Cannot read IP mode file for STMicroelectronics.FP-SNS-FLIGHT1.5.1.0
2025-03-16 15:29:28,757 [WARN] PackLoader:240 - Cannot read IP mode file for STMicroelectronics.X-CUBE-MEMS1.11.1.0
2025-03-16 15:29:29,044 [INFO] LogOutputStream:77 - [STDOUT_REDIRECT] 1 : Invalid condition id : UX_CORESTACK_Condition cause : null
2025-03-16 15:29:29,045 [INFO] LogOutputStream:77 - [STDOUT_REDIRECT] 1 : Invalid condition id : UX_CORESTACK_Condition cause : null
2025-03-16 15:29:29,047 [INFO] LogOutputStream:77 - [STDOUT_REDIRECT] 1 : Invalid condition id : UX_CORESTACK_Condition cause : null
2025-03-16 15:29:29,050 [INFO] LogOutputStream:77 - [STDOUT_REDIRECT] 1 : Invalid condition id : UX_CORESTACK_Condition cause : null
2025-03-16 15:29:29,052 [INFO] LogOutputStream:77 - [STDOUT_REDIRECT] 1 : Invalid condition id : UX_CORESTACK_Condition cause : null
2025-03-16 15:29:29,069 [WARN] PackLoader:240 - Cannot read IP mode file for STMicroelectronics.X-CUBE-AZRTOS-WL.2.0.0
2025-03-16 15:29:29,100 [WARN] PackLoader:240 - Cannot read IP mode file for STMicroelectronics.FP-SNS-MOTENV1.5.0.0
2025-03-16 15:29:29,132 [WARN] PackLoader:240 - Cannot read IP mode file for wolfSSL.I-CUBE-wolfMQTT.1.19.0
2025-03-16 15:29:29,165 [WARN] PackLoader:240 - Cannot read IP mode file for WES.I-CUBE-Cesium.1.3.0
2025-03-16 15:29:29,195 [WARN] PackLoader:240 - Cannot read IP mode file for STMicroelectronics.X-CUBE-BLE2.3.3.0
2025-03-16 15:29:29,276 [WARN] PackLoader:240 - Cannot read IP mode file for STMicroelectronics.X-CUBE-NFC9.1.0.0
2025-03-16 15:29:29,450 [WARN] PackLoader:240 - Cannot read IP mode file for STMicroelectronics.X-CUBE-BLE1.7.1.0
2025-03-16 15:29:29,514 [WARN] PackLoader:240 - Cannot read IP mode file for STMicroelectronics.X-CUBE-AZRTOS-G0.1.1.0
2025-03-16 15:29:29,549 [WARN] PackLoader:240 - Cannot read IP mode file for STMicroelectronics.X-CUBE-SAFEA1.1.2.2
2025-03-16 15:29:29,578 [WARN] PackLoader:240 - Cannot read IP mode file for STMicroelectronics.X-CUBE-NFC4.3.0.0
2025-03-16 15:29:29,610 [WARN] PackLoader:240 - Cannot read IP mode file for EmbeddedOffice.I-CUBE-FS-RTOS.1.0.1
2025-03-16 15:29:29,641 [WARN] PackLoader:240 - Cannot read IP mode file for STMicroelectronics.X-CUBE-TCPP.4.2.0
2025-03-16 15:29:29,672 [WARN] PackLoader:240 - Cannot read IP mode file for RealThread.X-CUBE-RT-Thread_Nano.4.1.1
2025-03-16 15:29:29,708 [WARN] PackLoader:240 - Cannot read IP mode file for STMicroelectronics.FP-ATR-SIGFOX1.3.2.0
2025-03-16 15:29:29,732 [WARN] ConditionMgr:438 - getConditionDescription Invalid condition id : Cortex-A Device cause : null
2025-03-16 15:29:29,774 [WARN] ConditionMgr:1044 - genDependencies : Invalid condition id : Cortex-A Device cause : null
2025-03-16 15:29:29,775 [WARN] ConditionMgr:1044 - genDependencies : Invalid condition id : Cortex-A Device cause : null
2025-03-16 15:29:29,775 [WARN] ConditionMgr:1044 - genDependencies : Invalid condition id : Cortex-A Device cause : null
2025-03-16 15:29:29,801 [WARN] PackLoader:240 - Cannot read IP mode file for STMicroelectronics.X-CUBE-EEPRMA1.5.1.0
2025-03-16 15:29:29,828 [WARN] PackLoader:240 - Cannot read IP mode file for wolfSSL.I-CUBE-wolfSSL.5.7.4
2025-03-16 15:29:29,854 [WARN] PackLoader:240 - Cannot read IP mode file for ITTIA_DB.I-CUBE-ITTIADB.8.9.0
2025-03-16 15:29:29,914 [WARN] PackLoader:240 - Cannot read IP mode file for SEGGER.I-CUBE-embOS.1.3.1
2025-03-16 15:29:29,982 [WARN] PackLoader:240 - Cannot read IP mode file for STMicroelectronics.X-CUBE-ALGOBUILD.1.4.0
2025-03-16 15:29:30,005 [WARN] PackLoader:240 - Cannot read IP mode file for STMicroelectronics.X-CUBE-AI.9.1.0
2025-03-16 15:29:30,051 [WARN] PackLoader:240 - Cannot read IP mode file for STMicroelectronics.X-CUBE-AZRTOS-F4.1.1.0
2025-03-16 15:29:30,079 [WARN] PackLoader:240 - Cannot read IP mode file for STMicroelectronics.X-CUBE-ISPU.2.1.0
2025-03-16 15:29:30,158 [WARN] PackLoader:240 - Cannot read IP mode file for STMicroelectronics.X-CUBE-AZRTOS-L5.2.0.0
2025-03-16 15:29:30,203 [WARN] PackLoader:240 - Cannot read IP mode file for STMicroelectronics.X-CUBE-NFC6.3.1.0
2025-03-16 15:29:30,239 [WARN] PackLoader:240 - Cannot read IP mode file for STMicroelectronics.X-CUBE-DPower.1.2.0
2025-03-16 15:29:30,270 [WARN] PackLoader:240 - Cannot read IP mode file for STMicroelectronics.X-CUBE-FREERTOS.1.3.0
2025-03-16 15:29:30,301 [WARN] PackLoader:240 - Cannot read IP mode file for STMicroelectronics.X-CUBE-NFC7.1.0.1
2025-03-16 15:29:30,361 [WARN] ConditionMgr:438 - getConditionDescription Invalid condition id : LAN8742 Phy interface Condition cause : null
2025-03-16 15:29:30,364 [WARN] PackLoader:240 - Cannot read IP mode file for STMicroelectronics.X-CUBE-AZRTOS-L4.2.0.0
2025-03-16 15:29:30,365 [WARN] ConditionMgr:1044 - genDependencies : Invalid condition id : LAN8742 Phy interface Condition cause : null
2025-03-16 15:29:30,365 [WARN] ConditionMgr:1044 - genDependencies : Invalid condition id : LAN8742 Phy interface Condition cause : null
2025-03-16 15:29:30,366 [WARN] ConditionMgr:1044 - genDependencies : Invalid condition id : LAN8742 Phy interface Condition cause : null
2025-03-16 15:29:30,400 [WARN] PackLoader:240 - Cannot read IP mode file for STMicroelectronics.X-CUBE-SFXS2LP1.4.0.0
2025-03-16 15:29:30,465 [WARN] PackLoader:240 - Cannot read IP mode file for STMicroelectronics.X-CUBE-AZRTOS-H7.3.3.0
2025-03-16 15:29:30,522 [WARN] ConditionMgr:438 - getConditionDescription Invalid condition id : UX DEVICE CLASS RTOS Condition cause : null
2025-03-16 15:29:30,523 [WARN] ConditionMgr:438 - getConditionDescription Invalid condition id : UX DEVICE CLASS RTOS Condition cause : null
2025-03-16 15:29:30,526 [WARN] PackLoader:240 - Cannot read IP mode file for STMicroelectronics.X-CUBE-AZRTOS-WB.2.0.0
2025-03-16 15:29:30,527 [WARN] ConditionMgr:1044 - genDependencies : Invalid condition id : UX DEVICE CLASS RTOS Condition cause : null
2025-03-16 15:29:30,527 [WARN] ConditionMgr:1044 - genDependencies : Invalid condition id : UX DEVICE CLASS RTOS Condition cause : null
2025-03-16 15:29:30,528 [WARN] ConditionMgr:1044 - genDependencies : Invalid condition id : UX DEVICE CLASS RTOS Condition cause : null
2025-03-16 15:29:30,528 [WARN] ConditionMgr:1044 - genDependencies : Invalid condition id : UX DEVICE CLASS RTOS Condition cause : null
2025-03-16 15:29:30,529 [WARN] ConditionMgr:1044 - genDependencies : Invalid condition id : UX DEVICE CLASS RTOS Condition cause : null
2025-03-16 15:29:30,559 [WARN] PackLoader:240 - Cannot read IP mode file for STMicroelectronics.X-CUBE-GNSS1.7.0.1
2025-03-16 15:29:30,593 [WARN] PackLoader:240 - Cannot read IP mode file for STMicroelectronics.X-CUBE-TOUCHGFX.4.25.0
2025-03-16 15:29:30,626 [WARN] PackLoader:240 - Cannot read IP mode file for STMicroelectronics.FP-SNS-STBOX1.2.0.0
2025-03-16 15:29:30,673 [WARN] PackLoader:240 - Cannot read IP mode file for STMicroelectronics.X-CUBE-SUBG2.5.0.0
2025-03-16 15:29:30,710 [WARN] PackLoader:240 - Cannot read IP mode file for Cesanta.I-CUBE-Mongoose.7.13.0
2025-03-16 15:29:30,763 [WARN] PackLoader:240 - Cannot read IP mode file for STMicroelectronics.X-CUBE-AZRTOS-G4.2.0.0
2025-03-16 15:29:30,809 [WARN] PackLoader:240 - Cannot read IP mode file for STMicroelectronics.X-CUBE-IPS.3.1.0
2025-03-16 15:29:30,848 [WARN] PackLoader:240 - Cannot read IP mode file for STMicroelectronics.X-CUBE-ALS.1.0.2
2025-03-16 15:29:30,878 [WARN] PackLoader:240 - Cannot read IP mode file for STMicroelectronics.X-CUBE-TOUCHGFX.4.24.2
2025-03-16 15:29:30,907 [WARN] PackLoader:240 - Cannot read IP mode file for wolfSSL.I-CUBE-wolfTPM.3.4.0
2025-03-16 15:29:30,939 [WARN] PackLoader:240 - Cannot read IP mode file for portGmbH.I-Cube-SoM-uGOAL.1.1.0
2025-03-16 15:29:30,993 [WARN] PackLoader:240 - Cannot read IP mode file for STMicroelectronics.X-CUBE-AZRTOS-H7RS.1.0.0
2025-03-16 15:29:31,029 [WARN] PackLoader:240 - Cannot read IP mode file for STMicroelectronics.X-CUBE-TOF1.3.4.2
2025-03-16 15:29:31,065 [WARN] PackLoader:240 - Cannot read IP mode file for wolfSSL.I-CUBE-wolfSSH.1.4.17
2025-03-16 15:29:31,066 [INFO] ThirdParty:978 - Integrity check success = true
2025-03-16 15:29:31,066 [INFO] IntegrityCheckThread:100 - exiting critical section [integrity check]
2025-03-16 15:29:31,066 [INFO] IntegrityCheckThread:103 - End integrity checks thread
2025-03-16 15:35:04,695 [INFO] WebApp:389 - JxBrowser engine has been closed 
2025-03-16 15:38:03,343 [INFO] Activator:176 - 


2025-03-16 15:38:03,344 [INFO] Activator:177 - !SESSION log4j initialized
2025-03-16 15:38:10,789 [INFO] LogOutputStream:77 - [STDOUT_REDIRECT] 
2025-03-16 15:38:12,178 [INFO] ApplicationProperties:184 - Using Application install path: C:\ST\STM32CubeIDE_1.17.0\STM32CubeIDE\plugins\com.st.stm32cube.common.mx_6.13.0.202411220809
2025-03-16 15:38:12,199 [INFO] DbMcusXml:78 - Set database path to: C:\ST\STM32CubeIDE_1.17.0\STM32CubeIDE\plugins\com.st.stm32cube.common.mx_6.13.0.202411220809\\db\/mcu/
2025-03-16 15:38:12,200 [INFO] ApiDb:274 - Set plugin database path to: C:\ST\STM32CubeIDE_1.17.0\STM32CubeIDE\plugins\com.st.stm32cube.common.mx_6.13.0.202411220809\\db\/plugins/boardmanager/
2025-03-16 15:38:12,200 [WARN] ApiDb:259 - Overriding images path with different value:  => C:\ST\STM32CubeIDE_1.17.0\STM32CubeIDE\plugins\com.st.stm32cube.common.mx_6.13.0.202411220809\\db\/plugins/mcufinder/images/
2025-03-16 15:38:12,207 [INFO] ApiDb:250 - Set database path to: C:\Users\vinaykumar\.stmcufinder\plugins\mcufinder//mcu/
2025-03-16 15:38:12,208 [INFO] DbMcusAds:125 - Set database path to: C:\Users\vinaykumar\.stmcufinder\plugins\mcufinder//mcu/
2025-03-16 15:38:12,210 [INFO] CrossReferenceDbSqlite:203 - Set database path to: C:\Users\vinaykumar\.stmcufinder\plugins\mcufinder//mcu/cs/
2025-03-16 15:38:12,327 [INFO] RulesReader:64 - Compatibility file has been processed (297 Rules)
2025-03-16 15:38:12,412 [INFO] DbMcusXml:78 - Set database path to: C:\ST\STM32CubeIDE_1.17.0\STM32CubeIDE\plugins\com.st.stm32cube.common.mx_6.13.0.202411220809\\db\/mcu/
2025-03-16 15:38:12,412 [INFO] ApiDb:274 - Set plugin database path to: C:\ST\STM32CubeIDE_1.17.0\STM32CubeIDE\plugins\com.st.stm32cube.common.mx_6.13.0.202411220809\\db\/plugins/boardmanager/
2025-03-16 15:38:12,412 [INFO] ApiDb:261 - Set plugin images path to: C:\ST\STM32CubeIDE_1.17.0\STM32CubeIDE\plugins\com.st.stm32cube.common.mx_6.13.0.202411220809\\db\/plugins/mcufinder/images/
2025-03-16 15:38:12,413 [WARN] DbFile:41 - Overriding database path with different value: C:\Users\vinaykumar\.stmcufinder\plugins\mcufinder/ => C:\Users\vinaykumar\.stmcufinder\plugins\mcufinder
2025-03-16 15:38:12,413 [INFO] ApiDb:250 - Set database path to: C:\Users\vinaykumar\.stmcufinder\plugins\mcufinder//mcu/
2025-03-16 15:38:12,413 [WARN] DbFile:41 - Overriding database path with different value: C:\Users\vinaykumar\.stmcufinder\plugins\mcufinder/ => C:\Users\vinaykumar\.stmcufinder\plugins\mcufinder
2025-03-16 15:38:12,413 [INFO] DbMcusAds:125 - Set database path to: C:\Users\vinaykumar\.stmcufinder\plugins\mcufinder//mcu/
2025-03-16 15:38:12,413 [WARN] DbFile:41 - Overriding database path with different value: C:\Users\vinaykumar\.stmcufinder\plugins\mcufinder/ => C:\Users\vinaykumar\.stmcufinder\plugins\mcufinder
2025-03-16 15:38:12,413 [WARN] DbFile:41 - Overriding database path with different value: C:\Users\vinaykumar\.stmcufinder\plugins\mcufinder/ => C:\Users\vinaykumar\.stmcufinder\plugins\mcufinder
2025-03-16 15:38:12,413 [INFO] CrossReferenceDbSqlite:203 - Set database path to: C:\Users\vinaykumar\.stmcufinder\plugins\mcufinder//mcu/cs/
2025-03-16 15:38:12,497 [INFO] MainPanel:272 - HeapMemory: 268435456
2025-03-16 15:38:12,617 [INFO] DbMcusXml:78 - Set database path to: C:\ST\STM32CubeIDE_1.17.0\STM32CubeIDE\plugins\com.st.stm32cube.common.mx_6.13.0.202411220809\\db\/mcu/
2025-03-16 15:38:12,617 [INFO] ApiDb:274 - Set plugin database path to: C:\ST\STM32CubeIDE_1.17.0\STM32CubeIDE\plugins\com.st.stm32cube.common.mx_6.13.0.202411220809\\db\/plugins/boardmanager/
2025-03-16 15:38:12,617 [INFO] ApiDb:261 - Set plugin images path to: C:\ST\STM32CubeIDE_1.17.0\STM32CubeIDE\plugins\com.st.stm32cube.common.mx_6.13.0.202411220809\\db\/plugins/mcufinder/images/
2025-03-16 15:38:12,618 [WARN] DbFile:41 - Overriding database path with different value: C:\Users\vinaykumar\.stmcufinder\plugins\mcufinder/ => C:\Users\vinaykumar\.stmcufinder\plugins\mcufinder
2025-03-16 15:38:12,618 [INFO] ApiDb:250 - Set database path to: C:\Users\vinaykumar\.stmcufinder\plugins\mcufinder//mcu/
2025-03-16 15:38:12,618 [WARN] DbFile:41 - Overriding database path with different value: C:\Users\vinaykumar\.stmcufinder\plugins\mcufinder/ => C:\Users\vinaykumar\.stmcufinder\plugins\mcufinder
2025-03-16 15:38:12,618 [INFO] DbMcusAds:125 - Set database path to: C:\Users\vinaykumar\.stmcufinder\plugins\mcufinder//mcu/
2025-03-16 15:38:12,618 [WARN] DbFile:41 - Overriding database path with different value: C:\Users\vinaykumar\.stmcufinder\plugins\mcufinder/ => C:\Users\vinaykumar\.stmcufinder\plugins\mcufinder
2025-03-16 15:38:12,618 [WARN] DbFile:41 - Overriding database path with different value: C:\Users\vinaykumar\.stmcufinder\plugins\mcufinder/ => C:\Users\vinaykumar\.stmcufinder\plugins\mcufinder
2025-03-16 15:38:12,618 [INFO] CrossReferenceDbSqlite:203 - Set database path to: C:\Users\vinaykumar\.stmcufinder\plugins\mcufinder//mcu/cs/
2025-03-16 15:38:12,640 [INFO] ApplicationProperties:184 - Using Application install path: C:\ST\STM32CubeIDE_1.17.0\STM32CubeIDE\plugins\com.st.stm32cube.common.mx_6.13.0.202411220809
2025-03-16 15:38:12,642 [INFO] PluginManage:196 - Search for loadable plugins [exclusion list=, ]
2025-03-16 15:38:12,644 [INFO] PluginManage:310 - Check plugin analytics
2025-03-16 15:38:12,939 [INFO] AnalyticsPlugin:253 - Accepted Software Licenses: 
2025-03-16 15:38:12,939 [INFO] AnalyticsPlugin:255 - Accepted CMSIS Pack Licenses: 
2025-03-16 15:38:12,940 [INFO] AnalyticsPlugin:257 - Accepted Firmware Licenses: 
2025-03-16 15:38:12,944 [INFO] PluginManage:359 - Loaded plugin analytics (category:tool,tabindex:-1)
2025-03-16 15:38:12,945 [INFO] PluginManage:310 - Check plugin cadmodel
2025-03-16 15:38:12,978 [INFO] CADModel:105 - Init CAD model plugin
2025-03-16 15:38:12,978 [INFO] PluginManage:359 - Loaded plugin cadmodel (category:power,tabindex:5)
2025-03-16 15:38:12,979 [INFO] PluginManage:310 - Check plugin clock
2025-03-16 15:38:13,015 [INFO] PluginManage:359 - Loaded plugin clock (category:base,tabindex:2)
2025-03-16 15:38:13,016 [INFO] PluginManage:310 - Check plugin ddr
2025-03-16 15:38:13,020 [INFO] PluginManage:359 - Loaded plugin ddr (category:tool,tabindex:6)
2025-03-16 15:38:13,020 [INFO] PluginManage:310 - Check plugin filemanager
2025-03-16 15:38:13,228 [INFO] PluginManage:359 - Loaded plugin filemanager (category:base,tabindex:10)
2025-03-16 15:38:13,228 [INFO] PluginManage:310 - Check plugin ipmanager
2025-03-16 15:38:13,237 [INFO] PluginManage:359 - Loaded plugin ipmanager (category:base,tabindex:5)
2025-03-16 15:38:13,238 [INFO] PluginManage:310 - Check plugin lpbam
2025-03-16 15:38:13,255 [INFO] PluginManage:359 - Loaded plugin lpbam (category:base,tabindex:0)
2025-03-16 15:38:13,256 [INFO] PluginManage:310 - Check plugin memorymap
2025-03-16 15:38:13,281 [INFO] PluginManage:359 - Loaded plugin memorymap (category:base,tabindex:4)
2025-03-16 15:38:13,281 [INFO] PluginManage:310 - Check plugin pinoutandconfiguration
2025-03-16 15:38:13,303 [INFO] PluginManage:359 - Loaded plugin pinoutandconfiguration (category:base,tabindex:1)
2025-03-16 15:38:13,303 [INFO] PluginManage:310 - Check plugin pinoutconfig
2025-03-16 15:38:13,472 [WARN] SupportedApi:132 - Cannot load RTOS API schema: s4s-elt-must-match.1: The content of 'definitions' must match (annotation?, (simpleType | complexType)?, (unique | key | keyref)*)). A problem was found starting at: attribute.
2025-03-16 15:38:13,696 [INFO] PluginManage:359 - Loaded plugin pinoutconfig (category:base,tabindex:0)
2025-03-16 15:38:13,696 [INFO] PluginManage:310 - Check plugin power
2025-03-16 15:38:13,732 [INFO] PluginManage:359 - Loaded plugin power (category:power,tabindex:4)
2025-03-16 15:38:13,733 [INFO] PluginManage:310 - Check plugin projectmanager
2025-03-16 15:38:13,758 [INFO] PluginManage:359 - Loaded plugin projectmanager (category:projectmanager,tabindex:4)
2025-03-16 15:38:13,759 [INFO] PluginManage:310 - Check plugin rif
2025-03-16 15:38:13,789 [INFO] PluginManage:359 - Loaded plugin rif (category:base,tabindex:3)
2025-03-16 15:38:13,789 [INFO] PluginManage:310 - Check plugin thirdparty
2025-03-16 15:38:14,205 [INFO] PluginManage:359 - Loaded plugin thirdparty (category:base,tabindex:-1)
2025-03-16 15:38:14,205 [WARN] IntegrityCheckThread:84 - waiting for thirdparty lock release [integrity check]
2025-03-16 15:38:14,205 [INFO] IntegrityCheckThread:86 - entering critical section [integrity check]
2025-03-16 15:38:14,205 [INFO] PluginManage:310 - Check plugin tools
2025-03-16 15:38:14,206 [INFO] ThirdPartyUpdaterWithRetryManager:70 - Updater plugin not ready yet. [1/15]
2025-03-16 15:38:14,294 [INFO] PluginManage:359 - Loaded plugin tools (category:base,tabindex:7)
2025-03-16 15:38:14,294 [INFO] PluginManage:310 - Check plugin tutovideos
2025-03-16 15:38:14,616 [INFO] PluginManage:359 - Loaded plugin tutovideos (category:base,tabindex:-1)
2025-03-16 15:38:14,617 [INFO] PluginManage:310 - Check plugin updater
2025-03-16 15:38:14,649 [INFO] PluginManage:359 - Loaded plugin updater (category:base,tabindex:12)
2025-03-16 15:38:14,650 [INFO] PluginManage:310 - Check plugin userauth
2025-03-16 15:38:14,655 [INFO] UserAuth:118 - Init User Auth plugin
2025-03-16 15:38:14,657 [INFO] PluginManage:359 - Loaded plugin userauth (category:base,tabindex:14)
2025-03-16 15:38:14,657 [INFO] PluginManage:283 - PluginManage : Loaded plugins [18]
2025-03-16 15:38:15,019 [INFO] PinOutPanel:1589 - setPackage(No Configuration,No Configuration)
2025-03-16 15:38:15,163 [INFO] CADModel:165 - CPN selected for project level
2025-03-16 15:38:15,163 [INFO] CADModel:114 - Register for checkConnection events
2025-03-16 15:38:15,203 [INFO] IPUIPlugin:80 - create IPUIPlugin
2025-03-16 15:38:15,203 [INFO] PluginManager:220 - loadIPPluginJar : add adc
2025-03-16 15:38:15,259 [INFO] IPUIPlugin:80 - create IPUIPlugin
2025-03-16 15:38:15,259 [INFO] PluginManager:220 - loadIPPluginJar : add aes
2025-03-16 15:38:15,327 [INFO] IPUIPlugin:80 - create IPUIPlugin
2025-03-16 15:38:15,327 [INFO] PluginManager:220 - loadIPPluginJar : add can
2025-03-16 15:38:15,371 [INFO] IPUIPlugin:80 - create IPUIPlugin
2025-03-16 15:38:15,371 [INFO] PluginManager:220 - loadIPPluginJar : add comp
2025-03-16 15:38:15,434 [INFO] IPUIPlugin:80 - create IPUIPlugin
2025-03-16 15:38:15,434 [INFO] PluginManager:220 - loadIPPluginJar : add cryp
2025-03-16 15:38:15,454 [INFO] IPUIPlugin:80 - create IPUIPlugin
2025-03-16 15:38:15,454 [INFO] PluginManager:220 - loadIPPluginJar : add ddr_ctrl_phy
2025-03-16 15:38:15,503 [INFO] IPUIPlugin:80 - create IPUIPlugin
2025-03-16 15:38:15,503 [INFO] PluginManager:220 - loadIPPluginJar : add dfsdm
2025-03-16 15:38:15,523 [INFO] IPUIPlugin:80 - create IPUIPlugin
2025-03-16 15:38:15,524 [INFO] PluginManager:220 - loadIPPluginJar : add dma
2025-03-16 15:38:15,588 [INFO] IPUIPlugin:80 - create IPUIPlugin
2025-03-16 15:38:15,588 [INFO] PluginManager:220 - loadIPPluginJar : add dma3
2025-03-16 15:38:15,657 [INFO] IPUIPlugin:80 - create IPUIPlugin
2025-03-16 15:38:15,657 [INFO] PluginManager:220 - loadIPPluginJar : add extmemmanager
2025-03-16 15:38:15,695 [INFO] IPUIPlugin:80 - create IPUIPlugin
2025-03-16 15:38:15,695 [INFO] PluginManager:220 - loadIPPluginJar : add fatfs
2025-03-16 15:38:15,766 [INFO] IPUIPlugin:80 - create IPUIPlugin
2025-03-16 15:38:15,766 [INFO] PluginManager:220 - loadIPPluginJar : add fmc
2025-03-16 15:38:15,787 [INFO] IPUIPlugin:80 - create IPUIPlugin
2025-03-16 15:38:15,788 [INFO] PluginManager:220 - loadIPPluginJar : add freertos
2025-03-16 15:38:15,831 [INFO] IPUIPlugin:80 - create IPUIPlugin
2025-03-16 15:38:15,832 [INFO] PluginManager:220 - loadIPPluginJar : add genericplugin
2025-03-16 15:38:15,958 [INFO] IPUIPlugin:80 - create IPUIPlugin
2025-03-16 15:38:15,958 [INFO] PluginManager:220 - loadIPPluginJar : add gfxmmu
2025-03-16 15:38:16,121 [INFO] IPUIPlugin:80 - create IPUIPlugin
2025-03-16 15:38:16,121 [INFO] PluginManager:220 - loadIPPluginJar : add gic
2025-03-16 15:38:16,136 [INFO] IPUIPlugin:80 - create IPUIPlugin
2025-03-16 15:38:16,136 [INFO] PluginManager:220 - loadIPPluginJar : add gpio
2025-03-16 15:38:16,240 [INFO] IPUIPlugin:80 - create IPUIPlugin
2025-03-16 15:38:16,240 [INFO] PluginManager:220 - loadIPPluginJar : add gtzc
2025-03-16 15:38:16,306 [INFO] IPUIPlugin:80 - create IPUIPlugin
2025-03-16 15:38:16,306 [INFO] PluginManager:220 - loadIPPluginJar : add hash
2025-03-16 15:38:16,387 [INFO] IPUIPlugin:80 - create IPUIPlugin
2025-03-16 15:38:16,387 [INFO] PluginManager:220 - loadIPPluginJar : add i2c
2025-03-16 15:38:16,435 [INFO] IPUIPlugin:80 - create IPUIPlugin
2025-03-16 15:38:16,435 [INFO] PluginManager:220 - loadIPPluginJar : add i2s
2025-03-16 15:38:16,486 [INFO] IPUIPlugin:80 - create IPUIPlugin
2025-03-16 15:38:16,487 [INFO] PluginManager:220 - loadIPPluginJar : add i3c
2025-03-16 15:38:16,611 [INFO] IPUIPlugin:80 - create IPUIPlugin
2025-03-16 15:38:16,611 [INFO] PluginManager:220 - loadIPPluginJar : add ipddr
2025-03-16 15:38:16,717 [INFO] IPUIPlugin:80 - create IPUIPlugin
2025-03-16 15:38:16,717 [INFO] PluginManager:220 - loadIPPluginJar : add linkedlist
2025-03-16 15:38:16,759 [INFO] IPUIPlugin:80 - create IPUIPlugin
2025-03-16 15:38:16,759 [INFO] PluginManager:220 - loadIPPluginJar : add lorawan
2025-03-16 15:38:16,802 [INFO] IPUIPlugin:80 - create IPUIPlugin
2025-03-16 15:38:16,802 [INFO] PluginManager:220 - loadIPPluginJar : add ltdc
2025-03-16 15:38:16,817 [INFO] IPUIPlugin:80 - create IPUIPlugin
2025-03-16 15:38:16,819 [INFO] PluginManager:220 - loadIPPluginJar : add mdma
2025-03-16 15:38:16,833 [INFO] IPUIPlugin:80 - create IPUIPlugin
2025-03-16 15:38:16,833 [INFO] PluginManager:220 - loadIPPluginJar : add nvic
2025-03-16 15:38:16,881 [INFO] IPUIPlugin:80 - create IPUIPlugin
2025-03-16 15:38:16,881 [INFO] PluginManager:220 - loadIPPluginJar : add opamp
2025-03-16 15:38:16,955 [INFO] IPUIPlugin:80 - create IPUIPlugin
2025-03-16 15:38:16,955 [INFO] PluginManager:220 - loadIPPluginJar : add openamp
2025-03-16 15:38:17,105 [INFO] IPUIPlugin:80 - create IPUIPlugin
2025-03-16 15:38:17,105 [INFO] PluginManager:220 - loadIPPluginJar : add pdm2pcm
2025-03-16 15:38:17,121 [INFO] IPUIPlugin:80 - create IPUIPlugin
2025-03-16 15:38:17,124 [INFO] PluginManager:220 - loadIPPluginJar : add plateformsettings
2025-03-16 15:38:17,150 [INFO] IPUIPlugin:80 - create IPUIPlugin
2025-03-16 15:38:17,150 [INFO] PluginManager:220 - loadIPPluginJar : add quadspi
2025-03-16 15:38:17,178 [INFO] IPUIPlugin:80 - create IPUIPlugin
2025-03-16 15:38:17,179 [INFO] PluginManager:220 - loadIPPluginJar : add radio
2025-03-16 15:38:17,193 [INFO] IPUIPlugin:80 - create IPUIPlugin
2025-03-16 15:38:17,193 [INFO] PluginManager:220 - loadIPPluginJar : add resmgrutility
2025-03-16 15:38:17,208 [INFO] ThirdPartyUpdaterWithRetryManager:70 - Updater plugin not ready yet. [2/15]
2025-03-16 15:38:17,246 [INFO] IPUIPlugin:80 - create IPUIPlugin
2025-03-16 15:38:17,246 [INFO] PluginManager:220 - loadIPPluginJar : add sai
2025-03-16 15:38:17,287 [INFO] IPUIPlugin:80 - create IPUIPlugin
2025-03-16 15:38:17,287 [INFO] PluginManager:220 - loadIPPluginJar : add spi
2025-03-16 15:38:17,364 [INFO] IPUIPlugin:80 - create IPUIPlugin
2025-03-16 15:38:17,364 [INFO] PluginManager:220 - loadIPPluginJar : add stm32_wpan
2025-03-16 15:38:17,394 [INFO] IPUIPlugin:80 - create IPUIPlugin
2025-03-16 15:38:17,394 [INFO] PluginManager:220 - loadIPPluginJar : add tim
2025-03-16 15:38:17,464 [INFO] IPUIPlugin:80 - create IPUIPlugin
2025-03-16 15:38:17,464 [INFO] PluginManager:220 - loadIPPluginJar : add touchsensing
2025-03-16 15:38:17,493 [INFO] IPUIPlugin:80 - create IPUIPlugin
2025-03-16 15:38:17,493 [INFO] PluginManager:220 - loadIPPluginJar : add tracer_emb
2025-03-16 15:38:17,522 [INFO] IPUIPlugin:80 - create IPUIPlugin
2025-03-16 15:38:17,522 [INFO] PluginManager:220 - loadIPPluginJar : add ts
2025-03-16 15:38:17,555 [INFO] IPUIPlugin:80 - create IPUIPlugin
2025-03-16 15:38:17,555 [INFO] PluginManager:220 - loadIPPluginJar : add tsc
2025-03-16 15:38:17,583 [INFO] IPUIPlugin:80 - create IPUIPlugin
2025-03-16 15:38:17,584 [INFO] PluginManager:220 - loadIPPluginJar : add ucpd
2025-03-16 15:38:17,642 [INFO] IPUIPlugin:80 - create IPUIPlugin
2025-03-16 15:38:17,642 [INFO] PluginManager:220 - loadIPPluginJar : add usart
2025-03-16 15:38:17,692 [INFO] IPUIPlugin:80 - create IPUIPlugin
2025-03-16 15:38:17,692 [INFO] PluginManager:220 - loadIPPluginJar : add usbx
2025-03-16 15:38:17,816 [FATAL] Updater:351 - Updater called before beeing initialized
2025-03-16 15:38:17,844 [INFO] RulesReader:64 - Compatibility file has been processed (297 Rules)
2025-03-16 15:38:17,858 [INFO] RulesReader:64 - Compatibility file has been processed (297 Rules)
2025-03-16 15:38:17,866 [INFO] CADModel:165 - CPN selected for project level
2025-03-16 15:38:17,868 [INFO] CADModel:114 - Register for checkConnection events
2025-03-16 15:38:17,868 [FATAL] Updater:351 - Updater called before beeing initialized
2025-03-16 15:38:17,868 [ERROR] CADModel:125 - Updater not yet initialized, retry later 
2025-03-16 15:38:18,035 [FATAL] Updater:351 - Updater called before beeing initialized
2025-03-16 15:38:18,037 [INFO] CADModel:165 - CPN selected for project level
2025-03-16 15:38:18,037 [INFO] CADModel:114 - Register for checkConnection events
2025-03-16 15:38:18,037 [FATAL] Updater:351 - Updater called before beeing initialized
2025-03-16 15:38:18,037 [ERROR] CADModel:125 - Updater not yet initialized, retry later 
2025-03-16 15:38:18,041 [FATAL] Updater:351 - Updater called before beeing initialized
2025-03-16 15:38:18,146 [FATAL] Updater:351 - Updater called before beeing initialized
2025-03-16 15:38:18,159 [INFO] DbMcusAds:53 - JSON generation date=Tue Dec 17 21:31:15 IST 2024 (1734451275111)
2025-03-16 15:38:18,159 [FATAL] Updater:351 - Updater called before beeing initialized
2025-03-16 15:38:18,202 [WARN] DetailPanel:346 - Failed to get advertising image, set to default
2025-03-16 15:38:18,438 [FATAL] Updater:351 - Updater called before beeing initialized
2025-03-16 15:38:18,440 [FATAL] Updater:351 - Updater called before beeing initialized
2025-03-16 15:38:18,441 [FATAL] Updater:351 - Updater called before beeing initialized
2025-03-16 15:38:18,441 [WARN] DetailPanel:346 - Failed to get advertising image, set to default
2025-03-16 15:38:18,441 [FATAL] Updater:351 - Updater called before beeing initialized
2025-03-16 15:38:18,502 [ERROR] Updater:1198 - MainUpdater not yet initialized. External WinMGr cannot be set.
2025-03-16 15:38:18,513 [INFO] Updater:1134 - Updater Version found : 6.13.0
2025-03-16 15:38:18,532 [INFO] ApplicationProperties:184 - Using Application install path: C:\ST\STM32CubeIDE_1.17.0\STM32CubeIDE\plugins\com.st.stm32cube.common.mx_6.13.0.202411220809
2025-03-16 15:38:20,113 [ERROR] LogOutputStream:75 - [STDERR_REDIRECT] Mar 16, 2025 3:38:20 PM java.util.prefs.WindowsPreferences <init>
2025-03-16 15:38:20,114 [ERROR] LogOutputStream:75 - [STDERR_REDIRECT] WARNING: Could not open/create prefs root node Software\JavaSoft\Prefs at root 0xffffffff80000002. Windows RegCreateKeyEx(...) returned error code 5.
2025-03-16 15:38:20,114 [ERROR] LogOutputStream:75 - [STDERR_REDIRECT] 
2025-03-16 15:38:20,209 [INFO] ThirdPartyUpdaterWithRetryManager:70 - Updater plugin not ready yet. [3/15]
2025-03-16 15:38:20,515 [INFO] MainUpdater:2872 - connection check result : 10
2025-03-16 15:38:20,515 [INFO] MainUpdater:289 - Updater Check For Update Now.
2025-03-16 15:38:20,516 [INFO] MicroXplorer:498 - Change Database Version : DB.6.0.130
2025-03-16 15:38:20,541 [INFO] McuFinderGlobals:63 - Set McuFinder mode to 2 (CubeIDE integrated)
2025-03-16 15:38:20,541 [INFO] UserAuth:171 - activating auth plugin
2025-03-16 15:38:20,547 [INFO] UserAuth:486 - Internet connection configuration mode: 1
2025-03-16 15:38:20,593 [INFO] JxBrowserEngine:152 - Initiate JxBrowser Engine with user profile folder
2025-03-16 15:38:20,767 [INFO] CheckServerUpdateThread:120 - End of CheckServer Thread
2025-03-16 15:38:21,902 [INFO] WebApp:168 - Instantiating new browser for Auth
2025-03-16 15:38:23,201 [INFO] WebApp:449 - Apply proxy settings
2025-03-16 15:38:23,201 [INFO] WebApp:534 - Chromium requires no authentication
2025-03-16 15:38:23,215 [INFO] WebApp:477 - Direct internet connection detected
2025-03-16 15:38:23,260 [INFO] WebApp:880 - Register for checkConnection events
2025-03-16 15:38:23,260 [INFO] WebApp:449 - Apply proxy settings
2025-03-16 15:38:23,260 [INFO] WebApp:534 - Chromium requires no authentication
2025-03-16 15:38:23,261 [INFO] WebApp:477 - Direct internet connection detected
2025-03-16 15:38:23,635 [WARN] PackLoader:240 - Cannot read IP mode file for STMicroelectronics.FP-SNS-MOTENVWB1.1.4.0
2025-03-16 15:38:23,639 [INFO] WebApp:221 - Starting web application
2025-03-16 15:38:23,639 [INFO] WebApp:579 - Web application path used C:\ST\STM32CubeIDE_1.17.0\STM32CubeIDE\plugins\com.st.stm32cube.common.mx_6.13.0.202411220809\db\plugins\mcufinder\reactClient1\index.html
2025-03-16 15:38:23,670 [WARN] PackLoader:240 - Cannot read IP mode file for STMicroelectronics.FP-ATR-ASTRA1.2.0.2
2025-03-16 15:38:23,697 [WARN] PackLoader:240 - Cannot read IP mode file for STMicroelectronics.FP-ATR-ASTRA1.2.0.1
2025-03-16 15:38:23,731 [WARN] PackLoader:240 - Cannot read IP mode file for STMicroelectronics.X-CUBE-SMBUS.2.1.0
2025-03-16 15:38:23,765 [WARN] PackLoader:240 - Cannot read IP mode file for STMicroelectronics.X-CUBE-WB05N.1.1.0
2025-03-16 15:38:23,850 [WARN] PackLoader:240 - Cannot read IP mode file for STMicroelectronics.X-CUBE-AZRTOS-F7.1.1.0
2025-03-16 15:38:23,883 [WARN] PackLoader:240 - Cannot read IP mode file for STMicroelectronics.FP-SNS-FLIGHT1.5.0.2
2025-03-16 15:38:23,946 [WARN] PackLoader:240 - Cannot read IP mode file for Infineon.AIROC-Wi-Fi-Bluetooth-STM32.1.7.0
2025-03-16 15:38:23,987 [WARN] PackLoader:240 - Cannot read IP mode file for STMicroelectronics.X-CUBE-DISPLAY.3.0.0
2025-03-16 15:38:24,027 [WARN] PackLoader:240 - Cannot read IP mode file for STMicroelectronics.X-CUBE-BLE1.7.0.0
2025-03-16 15:38:24,037 [INFO] WebApp:187 - Connection restablished
2025-03-16 15:38:24,058 [WARN] PackLoader:240 - Cannot read IP mode file for STMicroelectronics.X-CUBE-NFC10.1.0.0
2025-03-16 15:38:24,110 [WARN] PackLoader:240 - Cannot read IP mode file for STMicroelectronics.X-CUBE-BLEMGR.4.0.0
2025-03-16 15:38:24,151 [WARN] PackLoader:240 - Cannot read IP mode file for emotas.I-CUBE-CANOPEN.1.3.0
2025-03-16 15:38:24,180 [WARN] PackLoader:240 - Cannot read IP mode file for STMicroelectronics.X-CUBE-AI.10.0.0
2025-03-16 15:38:24,209 [WARN] PackLoader:240 - Cannot read IP mode file for STMicroelectronics.FP-SNS-SMARTAG2.1.2.0
2025-03-16 15:38:24,237 [WARN] PackLoader:240 - Cannot read IP mode file for STMicroelectronics.FP-SNS-FLIGHT1.5.1.0
2025-03-16 15:38:24,379 [WARN] PackLoader:240 - Cannot read IP mode file for STMicroelectronics.X-CUBE-MEMS1.11.1.0
2025-03-16 15:38:24,722 [INFO] LogOutputStream:77 - [STDOUT_REDIRECT] 1 : Invalid condition id : UX_CORESTACK_Condition cause : null
2025-03-16 15:38:24,723 [INFO] LogOutputStream:77 - [STDOUT_REDIRECT] 1 : Invalid condition id : UX_CORESTACK_Condition cause : null
2025-03-16 15:38:24,725 [INFO] LogOutputStream:77 - [STDOUT_REDIRECT] 1 : Invalid condition id : UX_CORESTACK_Condition cause : null
2025-03-16 15:38:24,728 [INFO] LogOutputStream:77 - [STDOUT_REDIRECT] 1 : Invalid condition id : UX_CORESTACK_Condition cause : null
2025-03-16 15:38:24,730 [INFO] LogOutputStream:77 - [STDOUT_REDIRECT] 1 : Invalid condition id : UX_CORESTACK_Condition cause : null
2025-03-16 15:38:24,734 [WARN] PackLoader:240 - Cannot read IP mode file for STMicroelectronics.X-CUBE-AZRTOS-WL.2.0.0
2025-03-16 15:38:24,764 [WARN] PackLoader:240 - Cannot read IP mode file for STMicroelectronics.FP-SNS-MOTENV1.5.0.0
2025-03-16 15:38:24,789 [WARN] PackLoader:240 - Cannot read IP mode file for wolfSSL.I-CUBE-wolfMQTT.1.19.0
2025-03-16 15:38:24,815 [WARN] PackLoader:240 - Cannot read IP mode file for WES.I-CUBE-Cesium.1.3.0
2025-03-16 15:38:24,839 [WARN] PackLoader:240 - Cannot read IP mode file for STMicroelectronics.X-CUBE-BLE2.3.3.0
2025-03-16 15:38:24,862 [WARN] PackLoader:240 - Cannot read IP mode file for STMicroelectronics.X-CUBE-NFC9.1.0.0
2025-03-16 15:38:24,886 [WARN] PackLoader:240 - Cannot read IP mode file for STMicroelectronics.X-CUBE-BLE1.7.1.0
2025-03-16 15:38:24,933 [WARN] PackLoader:240 - Cannot read IP mode file for STMicroelectronics.X-CUBE-AZRTOS-G0.1.1.0
2025-03-16 15:38:24,975 [WARN] PackLoader:240 - Cannot read IP mode file for STMicroelectronics.X-CUBE-SAFEA1.1.2.2
2025-03-16 15:38:25,001 [WARN] PackLoader:240 - Cannot read IP mode file for STMicroelectronics.X-CUBE-NFC4.3.0.0
2025-03-16 15:38:25,032 [WARN] PackLoader:240 - Cannot read IP mode file for EmbeddedOffice.I-CUBE-FS-RTOS.1.0.1
2025-03-16 15:38:25,064 [WARN] PackLoader:240 - Cannot read IP mode file for STMicroelectronics.X-CUBE-TCPP.4.2.0
2025-03-16 15:38:25,093 [WARN] PackLoader:240 - Cannot read IP mode file for RealThread.X-CUBE-RT-Thread_Nano.4.1.1
2025-03-16 15:38:25,118 [WARN] PackLoader:240 - Cannot read IP mode file for STMicroelectronics.FP-ATR-SIGFOX1.3.2.0
2025-03-16 15:38:25,148 [WARN] ConditionMgr:438 - getConditionDescription Invalid condition id : Cortex-A Device cause : null
2025-03-16 15:38:25,187 [WARN] ConditionMgr:1044 - genDependencies : Invalid condition id : Cortex-A Device cause : null
2025-03-16 15:38:25,187 [WARN] ConditionMgr:1044 - genDependencies : Invalid condition id : Cortex-A Device cause : null
2025-03-16 15:38:25,188 [WARN] ConditionMgr:1044 - genDependencies : Invalid condition id : Cortex-A Device cause : null
2025-03-16 15:38:25,215 [WARN] PackLoader:240 - Cannot read IP mode file for STMicroelectronics.X-CUBE-EEPRMA1.5.1.0
2025-03-16 15:38:25,242 [WARN] PackLoader:240 - Cannot read IP mode file for wolfSSL.I-CUBE-wolfSSL.5.7.4
2025-03-16 15:38:25,267 [WARN] PackLoader:240 - Cannot read IP mode file for ITTIA_DB.I-CUBE-ITTIADB.8.9.0
2025-03-16 15:38:25,320 [WARN] PackLoader:240 - Cannot read IP mode file for SEGGER.I-CUBE-embOS.1.3.1
2025-03-16 15:38:25,388 [WARN] PackLoader:240 - Cannot read IP mode file for STMicroelectronics.X-CUBE-ALGOBUILD.1.4.0
2025-03-16 15:38:25,412 [WARN] PackLoader:240 - Cannot read IP mode file for STMicroelectronics.X-CUBE-AI.9.1.0
2025-03-16 15:38:25,464 [WARN] PackLoader:240 - Cannot read IP mode file for STMicroelectronics.X-CUBE-AZRTOS-F4.1.1.0
2025-03-16 15:38:25,494 [WARN] PackLoader:240 - Cannot read IP mode file for STMicroelectronics.X-CUBE-ISPU.2.1.0
2025-03-16 15:38:25,547 [WARN] PackLoader:240 - Cannot read IP mode file for STMicroelectronics.X-CUBE-AZRTOS-L5.2.0.0
2025-03-16 15:38:25,584 [WARN] PackLoader:240 - Cannot read IP mode file for STMicroelectronics.X-CUBE-NFC6.3.1.0
2025-03-16 15:38:25,614 [WARN] PackLoader:240 - Cannot read IP mode file for STMicroelectronics.X-CUBE-DPower.1.2.0
2025-03-16 15:38:25,643 [WARN] PackLoader:240 - Cannot read IP mode file for STMicroelectronics.X-CUBE-FREERTOS.1.3.0
2025-03-16 15:38:25,674 [WARN] PackLoader:240 - Cannot read IP mode file for STMicroelectronics.X-CUBE-NFC7.1.0.1
2025-03-16 15:38:25,732 [WARN] ConditionMgr:438 - getConditionDescription Invalid condition id : LAN8742 Phy interface Condition cause : null
2025-03-16 15:38:25,734 [WARN] PackLoader:240 - Cannot read IP mode file for STMicroelectronics.X-CUBE-AZRTOS-L4.2.0.0
2025-03-16 15:38:25,735 [WARN] ConditionMgr:1044 - genDependencies : Invalid condition id : LAN8742 Phy interface Condition cause : null
2025-03-16 15:38:25,736 [WARN] ConditionMgr:1044 - genDependencies : Invalid condition id : LAN8742 Phy interface Condition cause : null
2025-03-16 15:38:25,737 [WARN] ConditionMgr:1044 - genDependencies : Invalid condition id : LAN8742 Phy interface Condition cause : null
2025-03-16 15:38:25,771 [WARN] PackLoader:240 - Cannot read IP mode file for STMicroelectronics.X-CUBE-SFXS2LP1.4.0.0
2025-03-16 15:38:25,843 [WARN] PackLoader:240 - Cannot read IP mode file for STMicroelectronics.X-CUBE-AZRTOS-H7.3.3.0
2025-03-16 15:38:25,897 [WARN] ConditionMgr:438 - getConditionDescription Invalid condition id : UX DEVICE CLASS RTOS Condition cause : null
2025-03-16 15:38:25,898 [WARN] ConditionMgr:438 - getConditionDescription Invalid condition id : UX DEVICE CLASS RTOS Condition cause : null
2025-03-16 15:38:25,900 [WARN] PackLoader:240 - Cannot read IP mode file for STMicroelectronics.X-CUBE-AZRTOS-WB.2.0.0
2025-03-16 15:38:25,902 [WARN] ConditionMgr:1044 - genDependencies : Invalid condition id : UX DEVICE CLASS RTOS Condition cause : null
2025-03-16 15:38:25,902 [WARN] ConditionMgr:1044 - genDependencies : Invalid condition id : UX DEVICE CLASS RTOS Condition cause : null
2025-03-16 15:38:25,903 [WARN] ConditionMgr:1044 - genDependencies : Invalid condition id : UX DEVICE CLASS RTOS Condition cause : null
2025-03-16 15:38:25,903 [WARN] ConditionMgr:1044 - genDependencies : Invalid condition id : UX DEVICE CLASS RTOS Condition cause : null
2025-03-16 15:38:25,903 [WARN] ConditionMgr:1044 - genDependencies : Invalid condition id : UX DEVICE CLASS RTOS Condition cause : null
2025-03-16 15:38:25,934 [WARN] PackLoader:240 - Cannot read IP mode file for STMicroelectronics.X-CUBE-GNSS1.7.0.1
2025-03-16 15:38:25,969 [WARN] PackLoader:240 - Cannot read IP mode file for STMicroelectronics.X-CUBE-TOUCHGFX.4.25.0
2025-03-16 15:38:26,002 [WARN] PackLoader:240 - Cannot read IP mode file for STMicroelectronics.FP-SNS-STBOX1.2.0.0
2025-03-16 15:38:26,047 [WARN] PackLoader:240 - Cannot read IP mode file for STMicroelectronics.X-CUBE-SUBG2.5.0.0
2025-03-16 15:38:26,087 [WARN] PackLoader:240 - Cannot read IP mode file for Cesanta.I-CUBE-Mongoose.7.13.0
2025-03-16 15:38:26,139 [WARN] PackLoader:240 - Cannot read IP mode file for STMicroelectronics.X-CUBE-AZRTOS-G4.2.0.0
2025-03-16 15:38:26,185 [WARN] PackLoader:240 - Cannot read IP mode file for STMicroelectronics.X-CUBE-IPS.3.1.0
2025-03-16 15:38:26,220 [WARN] PackLoader:240 - Cannot read IP mode file for STMicroelectronics.X-CUBE-ALS.1.0.2
2025-03-16 15:38:26,246 [WARN] PackLoader:240 - Cannot read IP mode file for STMicroelectronics.X-CUBE-TOUCHGFX.4.24.2
2025-03-16 15:38:26,273 [WARN] PackLoader:240 - Cannot read IP mode file for wolfSSL.I-CUBE-wolfTPM.3.4.0
2025-03-16 15:38:26,298 [WARN] PackLoader:240 - Cannot read IP mode file for portGmbH.I-Cube-SoM-uGOAL.1.1.0
2025-03-16 15:38:26,346 [WARN] PackLoader:240 - Cannot read IP mode file for STMicroelectronics.X-CUBE-AZRTOS-H7RS.1.0.0
2025-03-16 15:38:26,377 [WARN] PackLoader:240 - Cannot read IP mode file for STMicroelectronics.X-CUBE-TOF1.3.4.2
2025-03-16 15:38:26,405 [WARN] PackLoader:240 - Cannot read IP mode file for wolfSSL.I-CUBE-wolfSSH.1.4.17
2025-03-16 15:38:26,405 [INFO] ThirdParty:978 - Integrity check success = true
2025-03-16 15:38:26,405 [INFO] IntegrityCheckThread:100 - exiting critical section [integrity check]
2025-03-16 15:38:26,405 [INFO] IntegrityCheckThread:103 - End integrity checks thread
2025-03-16 16:33:18,447 [INFO] WebApp:190 - Connection lost
2025-03-16 16:33:27,090 [INFO] WebApp:187 - Connection restablished
2025-03-16 16:53:45,583 [INFO] WebApp:190 - Connection lost
2025-03-16 16:56:14,794 [INFO] WebApp:187 - Connection restablished
2025-03-16 17:49:43,144 [INFO] WebApp:190 - Connection lost
2025-03-16 17:49:43,638 [INFO] WebApp:187 - Connection restablished
2025-03-16 17:49:46,335 [INFO] WebApp:190 - Connection lost
2025-03-16 17:49:46,719 [INFO] WebApp:187 - Connection restablished
2025-03-16 18:46:52,019 [INFO] WebApp:190 - Connection lost
2025-03-16 18:47:24,754 [INFO] WebApp:187 - Connection restablished
2025-03-16 19:33:51,043 [INFO] WebApp:190 - Connection lost
2025-03-16 19:33:51,455 [INFO] WebApp:187 - Connection restablished
2025-03-16 20:58:52,071 [INFO] WebApp:190 - Connection lost
2025-03-16 21:01:20,643 [INFO] WebApp:187 - Connection restablished
2025-03-16 21:04:47,153 [INFO] WebApp:190 - Connection lost
2025-03-16 21:07:05,792 [ERROR] LogOutputStream:75 - [STDERR_REDIRECT] 21:07:05.745 ERROR Chromium process exit code: -2,147,483,645
2025-03-16 21:07:05,802 [ERROR] LogOutputStream:75 - [STDERR_REDIRECT] 
2025-03-16 21:07:05,808 [ERROR] LogOutputStream:75 - [STDERR_REDIRECT] 21:07:05.808 ERROR Crash dump dir: C:\Users\vinaykumar\AppData\Local\JxBrowser\7.39.2\CrashReports
2025-03-16 21:07:05,808 [ERROR] LogOutputStream:75 - [STDERR_REDIRECT] 
2025-03-16 21:07:05,823 [ERROR] WebApp:398 - JxBrowser engine crashed! Exit code: -2147483645
2025-03-16 21:10:45,298 [ERROR] ConfigurationRetriever:142 - IOException on connection: sw-center.st.com
2025-03-16 21:10:45,299 [ERROR] ConfigurationRetriever:142 - IOException on connection: sw-center.st.com
2025-03-16 21:10:45,299 [ERROR] ConfigurationRetriever:142 - IOException on connection: sw-center.st.com
2025-03-16 21:10:53,501 [ERROR] ConfigurationRetriever:142 - IOException on connection: sw-center.st.com
2025-03-16 21:10:53,502 [ERROR] ConfigurationRetriever:142 - IOException on connection: sw-center.st.com
2025-03-16 21:10:53,503 [ERROR] ConfigurationRetriever:142 - IOException on connection: sw-center.st.com
2025-03-16 23:44:39,289 [ERROR] ConfigurationRetriever:142 - IOException on connection: Read timed out
2025-03-16 23:44:48,286 [ERROR] LogOutputStream:75 - [STDERR_REDIRECT] 
2025-03-16 23:44:48,295 [ERROR] LogOutputStream:75 - [STDERR_REDIRECT] 
