2025-02-27 22:01:58,555 [INFO] Activator:176 - 


2025-02-27 22:01:58,562 [INFO] Activator:177 - !SESSION log4j initialized
2025-02-27 22:02:06,350 [INFO] LogOutputStream:77 - [STDOUT_REDIRECT] 
2025-02-27 22:02:08,899 [INFO] ApplicationProperties:184 - Using Application install path: C:\ST\STM32CubeIDE_1.17.0\STM32CubeIDE\plugins\com.st.stm32cube.common.mx_6.13.0.202411220809
2025-02-27 22:02:08,920 [INFO] DbMcusXml:78 - Set database path to: C:\ST\STM32CubeIDE_1.17.0\STM32CubeIDE\plugins\com.st.stm32cube.common.mx_6.13.0.202411220809\\db\/mcu/
2025-02-27 22:02:08,921 [INFO] ApiDb:274 - Set plugin database path to: C:\ST\STM32CubeIDE_1.17.0\STM32CubeIDE\plugins\com.st.stm32cube.common.mx_6.13.0.202411220809\\db\/plugins/boardmanager/
2025-02-27 22:02:08,921 [WARN] ApiDb:259 - Overriding images path with different value:  => C:\ST\STM32CubeIDE_1.17.0\STM32CubeIDE\plugins\com.st.stm32cube.common.mx_6.13.0.202411220809\\db\/plugins/mcufinder/images/
2025-02-27 22:02:08,936 [INFO] ApiDb:250 - Set database path to: C:\Users\vinaykumar\.stmcufinder\plugins\mcufinder//mcu/
2025-02-27 22:02:08,938 [INFO] DbMcusAds:125 - Set database path to: C:\Users\vinaykumar\.stmcufinder\plugins\mcufinder//mcu/
2025-02-27 22:02:08,941 [INFO] CrossReferenceDbSqlite:203 - Set database path to: C:\Users\vinaykumar\.stmcufinder\plugins\mcufinder//mcu/cs/
2025-02-27 22:02:09,081 [INFO] RulesReader:64 - Compatibility file has been processed (297 Rules)
2025-02-27 22:02:09,180 [INFO] DbMcusXml:78 - Set database path to: C:\ST\STM32CubeIDE_1.17.0\STM32CubeIDE\plugins\com.st.stm32cube.common.mx_6.13.0.202411220809\\db\/mcu/
2025-02-27 22:02:09,180 [INFO] ApiDb:274 - Set plugin database path to: C:\ST\STM32CubeIDE_1.17.0\STM32CubeIDE\plugins\com.st.stm32cube.common.mx_6.13.0.202411220809\\db\/plugins/boardmanager/
2025-02-27 22:02:09,180 [INFO] ApiDb:261 - Set plugin images path to: C:\ST\STM32CubeIDE_1.17.0\STM32CubeIDE\plugins\com.st.stm32cube.common.mx_6.13.0.202411220809\\db\/plugins/mcufinder/images/
2025-02-27 22:02:09,181 [WARN] DbFile:41 - Overriding database path with different value: C:\Users\vinaykumar\.stmcufinder\plugins\mcufinder/ => C:\Users\vinaykumar\.stmcufinder\plugins\mcufinder
2025-02-27 22:02:09,181 [INFO] ApiDb:250 - Set database path to: C:\Users\vinaykumar\.stmcufinder\plugins\mcufinder//mcu/
2025-02-27 22:02:09,181 [WARN] DbFile:41 - Overriding database path with different value: C:\Users\vinaykumar\.stmcufinder\plugins\mcufinder/ => C:\Users\vinaykumar\.stmcufinder\plugins\mcufinder
2025-02-27 22:02:09,181 [INFO] DbMcusAds:125 - Set database path to: C:\Users\vinaykumar\.stmcufinder\plugins\mcufinder//mcu/
2025-02-27 22:02:09,181 [WARN] DbFile:41 - Overriding database path with different value: C:\Users\vinaykumar\.stmcufinder\plugins\mcufinder/ => C:\Users\vinaykumar\.stmcufinder\plugins\mcufinder
2025-02-27 22:02:09,181 [WARN] DbFile:41 - Overriding database path with different value: C:\Users\vinaykumar\.stmcufinder\plugins\mcufinder/ => C:\Users\vinaykumar\.stmcufinder\plugins\mcufinder
2025-02-27 22:02:09,181 [INFO] CrossReferenceDbSqlite:203 - Set database path to: C:\Users\vinaykumar\.stmcufinder\plugins\mcufinder//mcu/cs/
2025-02-27 22:02:09,280 [INFO] MainPanel:272 - HeapMemory: 268435456
2025-02-27 22:02:09,466 [INFO] DbMcusXml:78 - Set database path to: C:\ST\STM32CubeIDE_1.17.0\STM32CubeIDE\plugins\com.st.stm32cube.common.mx_6.13.0.202411220809\\db\/mcu/
2025-02-27 22:02:09,466 [INFO] ApiDb:274 - Set plugin database path to: C:\ST\STM32CubeIDE_1.17.0\STM32CubeIDE\plugins\com.st.stm32cube.common.mx_6.13.0.202411220809\\db\/plugins/boardmanager/
2025-02-27 22:02:09,466 [INFO] ApiDb:261 - Set plugin images path to: C:\ST\STM32CubeIDE_1.17.0\STM32CubeIDE\plugins\com.st.stm32cube.common.mx_6.13.0.202411220809\\db\/plugins/mcufinder/images/
2025-02-27 22:02:09,467 [WARN] DbFile:41 - Overriding database path with different value: C:\Users\vinaykumar\.stmcufinder\plugins\mcufinder/ => C:\Users\vinaykumar\.stmcufinder\plugins\mcufinder
2025-02-27 22:02:09,467 [INFO] ApiDb:250 - Set database path to: C:\Users\vinaykumar\.stmcufinder\plugins\mcufinder//mcu/
2025-02-27 22:02:09,467 [WARN] DbFile:41 - Overriding database path with different value: C:\Users\vinaykumar\.stmcufinder\plugins\mcufinder/ => C:\Users\vinaykumar\.stmcufinder\plugins\mcufinder
2025-02-27 22:02:09,467 [INFO] DbMcusAds:125 - Set database path to: C:\Users\vinaykumar\.stmcufinder\plugins\mcufinder//mcu/
2025-02-27 22:02:09,467 [WARN] DbFile:41 - Overriding database path with different value: C:\Users\vinaykumar\.stmcufinder\plugins\mcufinder/ => C:\Users\vinaykumar\.stmcufinder\plugins\mcufinder
2025-02-27 22:02:09,467 [WARN] DbFile:41 - Overriding database path with different value: C:\Users\vinaykumar\.stmcufinder\plugins\mcufinder/ => C:\Users\vinaykumar\.stmcufinder\plugins\mcufinder
2025-02-27 22:02:09,467 [INFO] CrossReferenceDbSqlite:203 - Set database path to: C:\Users\vinaykumar\.stmcufinder\plugins\mcufinder//mcu/cs/
2025-02-27 22:02:09,494 [INFO] ApplicationProperties:184 - Using Application install path: C:\ST\STM32CubeIDE_1.17.0\STM32CubeIDE\plugins\com.st.stm32cube.common.mx_6.13.0.202411220809
2025-02-27 22:02:09,504 [INFO] PluginManage:196 - Search for loadable plugins [exclusion list=, ]
2025-02-27 22:02:09,508 [INFO] PluginManage:310 - Check plugin analytics
2025-02-27 22:02:09,900 [INFO] AnalyticsPlugin:253 - Accepted Software Licenses: 
2025-02-27 22:02:09,901 [INFO] AnalyticsPlugin:255 - Accepted CMSIS Pack Licenses: 
2025-02-27 22:02:09,901 [INFO] AnalyticsPlugin:257 - Accepted Firmware Licenses: 
2025-02-27 22:02:09,904 [INFO] PluginManage:359 - Loaded plugin analytics (category:tool,tabindex:-1)
2025-02-27 22:02:09,905 [INFO] PluginManage:310 - Check plugin cadmodel
2025-02-27 22:02:09,914 [INFO] CADModel:105 - Init CAD model plugin
2025-02-27 22:02:09,914 [INFO] PluginManage:359 - Loaded plugin cadmodel (category:power,tabindex:5)
2025-02-27 22:02:09,914 [INFO] PluginManage:310 - Check plugin clock
2025-02-27 22:02:09,937 [INFO] PluginManage:359 - Loaded plugin clock (category:base,tabindex:2)
2025-02-27 22:02:09,938 [INFO] PluginManage:310 - Check plugin ddr
2025-02-27 22:02:09,942 [INFO] PluginManage:359 - Loaded plugin ddr (category:tool,tabindex:6)
2025-02-27 22:02:09,942 [INFO] PluginManage:310 - Check plugin filemanager
2025-02-27 22:02:10,108 [INFO] PluginManage:359 - Loaded plugin filemanager (category:base,tabindex:10)
2025-02-27 22:02:10,108 [INFO] PluginManage:310 - Check plugin ipmanager
2025-02-27 22:02:10,117 [INFO] PluginManage:359 - Loaded plugin ipmanager (category:base,tabindex:5)
2025-02-27 22:02:10,117 [INFO] PluginManage:310 - Check plugin lpbam
2025-02-27 22:02:10,128 [INFO] PluginManage:359 - Loaded plugin lpbam (category:base,tabindex:0)
2025-02-27 22:02:10,128 [INFO] PluginManage:310 - Check plugin memorymap
2025-02-27 22:02:10,140 [INFO] PluginManage:359 - Loaded plugin memorymap (category:base,tabindex:4)
2025-02-27 22:02:10,141 [INFO] PluginManage:310 - Check plugin pinoutandconfiguration
2025-02-27 22:02:10,151 [INFO] PluginManage:359 - Loaded plugin pinoutandconfiguration (category:base,tabindex:1)
2025-02-27 22:02:10,151 [INFO] PluginManage:310 - Check plugin pinoutconfig
2025-02-27 22:02:10,269 [WARN] SupportedApi:132 - Cannot load RTOS API schema: s4s-elt-must-match.1: The content of 'definitions' must match (annotation?, (simpleType | complexType)?, (unique | key | keyref)*)). A problem was found starting at: attribute.
2025-02-27 22:02:10,443 [INFO] PluginManage:359 - Loaded plugin pinoutconfig (category:base,tabindex:0)
2025-02-27 22:02:10,443 [INFO] PluginManage:310 - Check plugin power
2025-02-27 22:02:10,459 [INFO] PluginManage:359 - Loaded plugin power (category:power,tabindex:4)
2025-02-27 22:02:10,459 [INFO] PluginManage:310 - Check plugin projectmanager
2025-02-27 22:02:10,486 [INFO] PluginManage:359 - Loaded plugin projectmanager (category:projectmanager,tabindex:4)
2025-02-27 22:02:10,486 [INFO] PluginManage:310 - Check plugin rif
2025-02-27 22:02:10,505 [INFO] PluginManage:359 - Loaded plugin rif (category:base,tabindex:3)
2025-02-27 22:02:10,505 [INFO] PluginManage:310 - Check plugin thirdparty
2025-02-27 22:02:10,666 [INFO] PluginManage:359 - Loaded plugin thirdparty (category:base,tabindex:-1)
2025-02-27 22:02:10,666 [WARN] IntegrityCheckThread:84 - waiting for thirdparty lock release [integrity check]
2025-02-27 22:02:10,666 [INFO] IntegrityCheckThread:86 - entering critical section [integrity check]
2025-02-27 22:02:10,666 [INFO] PluginManage:310 - Check plugin tools
2025-02-27 22:02:10,667 [INFO] ThirdPartyUpdaterWithRetryManager:70 - Updater plugin not ready yet. [1/15]
2025-02-27 22:02:10,671 [INFO] PluginManage:359 - Loaded plugin tools (category:base,tabindex:7)
2025-02-27 22:02:10,671 [INFO] PluginManage:310 - Check plugin tutovideos
2025-02-27 22:02:10,913 [INFO] PluginManage:359 - Loaded plugin tutovideos (category:base,tabindex:-1)
2025-02-27 22:02:10,914 [INFO] PluginManage:310 - Check plugin updater
2025-02-27 22:02:10,942 [INFO] PluginManage:359 - Loaded plugin updater (category:base,tabindex:12)
2025-02-27 22:02:10,942 [INFO] PluginManage:310 - Check plugin userauth
2025-02-27 22:02:10,948 [INFO] UserAuth:118 - Init User Auth plugin
2025-02-27 22:02:10,950 [INFO] PluginManage:359 - Loaded plugin userauth (category:base,tabindex:14)
2025-02-27 22:02:10,950 [INFO] PluginManage:283 - PluginManage : Loaded plugins [18]
2025-02-27 22:02:11,205 [INFO] PinOutPanel:1589 - setPackage(No Configuration,No Configuration)
2025-02-27 22:02:11,287 [INFO] CADModel:165 - CPN selected for project level
2025-02-27 22:02:11,288 [INFO] CADModel:114 - Register for checkConnection events
2025-02-27 22:02:11,306 [INFO] IPUIPlugin:80 - create IPUIPlugin
2025-02-27 22:02:11,307 [INFO] PluginManager:220 - loadIPPluginJar : add adc
2025-02-27 22:02:11,310 [INFO] IPUIPlugin:80 - create IPUIPlugin
2025-02-27 22:02:11,310 [INFO] PluginManager:220 - loadIPPluginJar : add aes
2025-02-27 22:02:11,313 [INFO] IPUIPlugin:80 - create IPUIPlugin
2025-02-27 22:02:11,313 [INFO] PluginManager:220 - loadIPPluginJar : add can
2025-02-27 22:02:11,315 [INFO] IPUIPlugin:80 - create IPUIPlugin
2025-02-27 22:02:11,315 [INFO] PluginManager:220 - loadIPPluginJar : add comp
2025-02-27 22:02:11,317 [INFO] IPUIPlugin:80 - create IPUIPlugin
2025-02-27 22:02:11,317 [INFO] PluginManager:220 - loadIPPluginJar : add cryp
2025-02-27 22:02:11,321 [INFO] IPUIPlugin:80 - create IPUIPlugin
2025-02-27 22:02:11,321 [INFO] PluginManager:220 - loadIPPluginJar : add ddr_ctrl_phy
2025-02-27 22:02:11,323 [INFO] IPUIPlugin:80 - create IPUIPlugin
2025-02-27 22:02:11,324 [INFO] PluginManager:220 - loadIPPluginJar : add dfsdm
2025-02-27 22:02:11,329 [INFO] IPUIPlugin:80 - create IPUIPlugin
2025-02-27 22:02:11,330 [INFO] PluginManager:220 - loadIPPluginJar : add dma
2025-02-27 22:02:11,332 [INFO] IPUIPlugin:80 - create IPUIPlugin
2025-02-27 22:02:11,333 [INFO] PluginManager:220 - loadIPPluginJar : add dma3
2025-02-27 22:02:11,336 [INFO] IPUIPlugin:80 - create IPUIPlugin
2025-02-27 22:02:11,336 [INFO] PluginManager:220 - loadIPPluginJar : add extmemmanager
2025-02-27 22:02:11,338 [INFO] IPUIPlugin:80 - create IPUIPlugin
2025-02-27 22:02:11,338 [INFO] PluginManager:220 - loadIPPluginJar : add fatfs
2025-02-27 22:02:11,343 [INFO] IPUIPlugin:80 - create IPUIPlugin
2025-02-27 22:02:11,343 [INFO] PluginManager:220 - loadIPPluginJar : add fmc
2025-02-27 22:02:11,352 [INFO] IPUIPlugin:80 - create IPUIPlugin
2025-02-27 22:02:11,352 [INFO] PluginManager:220 - loadIPPluginJar : add freertos
2025-02-27 22:02:11,354 [INFO] IPUIPlugin:80 - create IPUIPlugin
2025-02-27 22:02:11,354 [INFO] PluginManager:220 - loadIPPluginJar : add genericplugin
2025-02-27 22:02:11,356 [INFO] IPUIPlugin:80 - create IPUIPlugin
2025-02-27 22:02:11,356 [INFO] PluginManager:220 - loadIPPluginJar : add gfxmmu
2025-02-27 22:02:11,362 [INFO] IPUIPlugin:80 - create IPUIPlugin
2025-02-27 22:02:11,363 [INFO] PluginManager:220 - loadIPPluginJar : add gic
2025-02-27 22:02:11,367 [INFO] IPUIPlugin:80 - create IPUIPlugin
2025-02-27 22:02:11,367 [INFO] PluginManager:220 - loadIPPluginJar : add gpio
2025-02-27 22:02:11,371 [INFO] IPUIPlugin:80 - create IPUIPlugin
2025-02-27 22:02:11,371 [INFO] PluginManager:220 - loadIPPluginJar : add gtzc
2025-02-27 22:02:11,373 [INFO] IPUIPlugin:80 - create IPUIPlugin
2025-02-27 22:02:11,373 [INFO] PluginManager:220 - loadIPPluginJar : add hash
2025-02-27 22:02:11,376 [INFO] IPUIPlugin:80 - create IPUIPlugin
2025-02-27 22:02:11,376 [INFO] PluginManager:220 - loadIPPluginJar : add i2c
2025-02-27 22:02:11,378 [INFO] IPUIPlugin:80 - create IPUIPlugin
2025-02-27 22:02:11,379 [INFO] PluginManager:220 - loadIPPluginJar : add i2s
2025-02-27 22:02:11,381 [INFO] IPUIPlugin:80 - create IPUIPlugin
2025-02-27 22:02:11,382 [INFO] PluginManager:220 - loadIPPluginJar : add i3c
2025-02-27 22:02:11,386 [INFO] IPUIPlugin:80 - create IPUIPlugin
2025-02-27 22:02:11,386 [INFO] PluginManager:220 - loadIPPluginJar : add ipddr
2025-02-27 22:02:11,392 [INFO] IPUIPlugin:80 - create IPUIPlugin
2025-02-27 22:02:11,392 [INFO] PluginManager:220 - loadIPPluginJar : add linkedlist
2025-02-27 22:02:11,395 [INFO] IPUIPlugin:80 - create IPUIPlugin
2025-02-27 22:02:11,395 [INFO] PluginManager:220 - loadIPPluginJar : add lorawan
2025-02-27 22:02:11,397 [INFO] IPUIPlugin:80 - create IPUIPlugin
2025-02-27 22:02:11,397 [INFO] PluginManager:220 - loadIPPluginJar : add ltdc
2025-02-27 22:02:11,404 [INFO] IPUIPlugin:80 - create IPUIPlugin
2025-02-27 22:02:11,405 [INFO] PluginManager:220 - loadIPPluginJar : add mdma
2025-02-27 22:02:11,409 [INFO] IPUIPlugin:80 - create IPUIPlugin
2025-02-27 22:02:11,409 [INFO] PluginManager:220 - loadIPPluginJar : add nvic
2025-02-27 22:02:11,415 [INFO] IPUIPlugin:80 - create IPUIPlugin
2025-02-27 22:02:11,415 [INFO] PluginManager:220 - loadIPPluginJar : add opamp
2025-02-27 22:02:11,419 [INFO] IPUIPlugin:80 - create IPUIPlugin
2025-02-27 22:02:11,419 [INFO] PluginManager:220 - loadIPPluginJar : add openamp
2025-02-27 22:02:11,423 [INFO] IPUIPlugin:80 - create IPUIPlugin
2025-02-27 22:02:11,423 [INFO] PluginManager:220 - loadIPPluginJar : add pdm2pcm
2025-02-27 22:02:11,433 [INFO] IPUIPlugin:80 - create IPUIPlugin
2025-02-27 22:02:11,435 [ERROR] ConfigurationRetriever:142 - IOException on connection: Read timed out
2025-02-27 22:02:11,439 [INFO] PluginManager:220 - loadIPPluginJar : add plateformsettings
2025-02-27 22:02:11,441 [INFO] IPUIPlugin:80 - create IPUIPlugin
2025-02-27 22:02:11,441 [INFO] PluginManager:220 - loadIPPluginJar : add quadspi
2025-02-27 22:02:11,444 [INFO] IPUIPlugin:80 - create IPUIPlugin
2025-02-27 22:02:11,444 [INFO] PluginManager:220 - loadIPPluginJar : add radio
2025-02-27 22:02:11,450 [INFO] IPUIPlugin:80 - create IPUIPlugin
2025-02-27 22:02:11,450 [INFO] PluginManager:220 - loadIPPluginJar : add resmgrutility
2025-02-27 22:02:11,454 [INFO] IPUIPlugin:80 - create IPUIPlugin
2025-02-27 22:02:11,454 [INFO] PluginManager:220 - loadIPPluginJar : add sai
2025-02-27 22:02:11,458 [INFO] IPUIPlugin:80 - create IPUIPlugin
2025-02-27 22:02:11,458 [INFO] PluginManager:220 - loadIPPluginJar : add spi
2025-02-27 22:02:11,465 [INFO] IPUIPlugin:80 - create IPUIPlugin
2025-02-27 22:02:11,465 [INFO] PluginManager:220 - loadIPPluginJar : add stm32_wpan
2025-02-27 22:02:11,473 [INFO] IPUIPlugin:80 - create IPUIPlugin
2025-02-27 22:02:11,473 [INFO] PluginManager:220 - loadIPPluginJar : add tim
2025-02-27 22:02:11,480 [INFO] IPUIPlugin:80 - create IPUIPlugin
2025-02-27 22:02:11,480 [INFO] PluginManager:220 - loadIPPluginJar : add touchsensing
2025-02-27 22:02:11,486 [INFO] IPUIPlugin:80 - create IPUIPlugin
2025-02-27 22:02:11,486 [INFO] PluginManager:220 - loadIPPluginJar : add tracer_emb
2025-02-27 22:02:11,489 [INFO] IPUIPlugin:80 - create IPUIPlugin
2025-02-27 22:02:11,489 [INFO] PluginManager:220 - loadIPPluginJar : add ts
2025-02-27 22:02:11,491 [INFO] IPUIPlugin:80 - create IPUIPlugin
2025-02-27 22:02:11,492 [INFO] PluginManager:220 - loadIPPluginJar : add tsc
2025-02-27 22:02:11,494 [INFO] IPUIPlugin:80 - create IPUIPlugin
2025-02-27 22:02:11,494 [INFO] PluginManager:220 - loadIPPluginJar : add ucpd
2025-02-27 22:02:11,498 [INFO] IPUIPlugin:80 - create IPUIPlugin
2025-02-27 22:02:11,499 [INFO] PluginManager:220 - loadIPPluginJar : add usart
2025-02-27 22:02:11,502 [INFO] IPUIPlugin:80 - create IPUIPlugin
2025-02-27 22:02:11,503 [INFO] PluginManager:220 - loadIPPluginJar : add usbx
2025-02-27 22:02:11,644 [FATAL] Updater:351 - Updater called before beeing initialized
2025-02-27 22:02:11,674 [INFO] RulesReader:64 - Compatibility file has been processed (297 Rules)
2025-02-27 22:02:11,692 [INFO] RulesReader:64 - Compatibility file has been processed (297 Rules)
2025-02-27 22:02:11,733 [INFO] CADModel:165 - CPN selected for project level
2025-02-27 22:02:11,734 [INFO] CADModel:114 - Register for checkConnection events
2025-02-27 22:02:11,734 [FATAL] Updater:351 - Updater called before beeing initialized
2025-02-27 22:02:11,734 [ERROR] CADModel:125 - Updater not yet initialized, retry later 
2025-02-27 22:02:12,050 [FATAL] Updater:351 - Updater called before beeing initialized
2025-02-27 22:02:12,057 [INFO] CADModel:165 - CPN selected for project level
2025-02-27 22:02:12,057 [INFO] CADModel:114 - Register for checkConnection events
2025-02-27 22:02:12,058 [FATAL] Updater:351 - Updater called before beeing initialized
2025-02-27 22:02:12,058 [ERROR] CADModel:125 - Updater not yet initialized, retry later 
2025-02-27 22:02:12,066 [FATAL] Updater:351 - Updater called before beeing initialized
2025-02-27 22:02:12,218 [FATAL] Updater:351 - Updater called before beeing initialized
2025-02-27 22:02:12,222 [INFO] DbMcusAds:53 - JSON generation date=Tue Dec 17 21:31:15 IST 2024 (1734451275111)
2025-02-27 22:02:12,222 [FATAL] Updater:351 - Updater called before beeing initialized
2025-02-27 22:02:12,291 [WARN] DetailPanel:346 - Failed to get advertising image, set to default
2025-02-27 22:02:12,522 [FATAL] Updater:351 - Updater called before beeing initialized
2025-02-27 22:02:12,526 [FATAL] Updater:351 - Updater called before beeing initialized
2025-02-27 22:02:12,526 [FATAL] Updater:351 - Updater called before beeing initialized
2025-02-27 22:02:12,526 [WARN] DetailPanel:346 - Failed to get advertising image, set to default
2025-02-27 22:02:12,527 [FATAL] Updater:351 - Updater called before beeing initialized
2025-02-27 22:02:12,591 [ERROR] Updater:1198 - MainUpdater not yet initialized. External WinMGr cannot be set.
2025-02-27 22:02:12,594 [INFO] Updater:1134 - Updater Version found : 6.13.0
2025-02-27 22:02:12,617 [INFO] ApplicationProperties:184 - Using Application install path: C:\ST\STM32CubeIDE_1.17.0\STM32CubeIDE\plugins\com.st.stm32cube.common.mx_6.13.0.202411220809
2025-02-27 22:02:13,438 [ERROR] ConfigurationRetriever:142 - IOException on connection: Connect timed out
2025-02-27 22:02:13,667 [INFO] ThirdPartyUpdaterWithRetryManager:70 - Updater plugin not ready yet. [2/15]
2025-02-27 22:02:14,193 [ERROR] LogOutputStream:75 - [STDERR_REDIRECT] Feb 27, 2025 10:02:14 PM java.util.prefs.WindowsPreferences <init>
2025-02-27 22:02:14,194 [ERROR] LogOutputStream:75 - [STDERR_REDIRECT] WARNING: Could not open/create prefs root node Software\JavaSoft\Prefs at root 0xffffffff80000002. Windows RegCreateKeyEx(...) returned error code 5.
2025-02-27 22:02:14,194 [ERROR] LogOutputStream:75 - [STDERR_REDIRECT] 
2025-02-27 22:02:14,907 [ERROR] ConfigurationRetriever:142 - IOException on connection: Connect timed out
2025-02-27 22:02:15,440 [ERROR] ConfigurationRetriever:142 - IOException on connection: Connect timed out
2025-02-27 22:02:16,668 [FATAL] Updater:351 - Updater called before beeing initialized
2025-02-27 22:02:16,669 [ERROR] IntegrityCheckThread:130 - Cannot retrieve database content from updater: error 21
2025-02-27 22:02:16,669 [INFO] ThirdParty:978 - Integrity check success = false
2025-02-27 22:02:16,669 [INFO] IntegrityCheckThread:100 - exiting critical section [integrity check]
2025-02-27 22:02:16,669 [INFO] IntegrityCheckThread:103 - End integrity checks thread
2025-02-27 22:02:19,911 [ERROR] ConfigurationRetriever:142 - IOException on connection: Connect timed out
2025-02-27 22:02:24,107 [WARN] CheckConnectionManager:291 - Warning during Server Connection :  timeout Read timed out
2025-02-27 22:02:30,618 [INFO] MainUpdater:2872 - connection check result : 10
2025-02-27 22:02:30,618 [INFO] MainUpdater:3566 - Updater definition file requires update
2025-02-27 22:02:30,619 [INFO] MainUpdater:289 - Updater Check For Update Now.
2025-02-27 22:02:30,619 [INFO] MicroXplorer:498 - Change Database Version : DB.6.0.130
2025-02-27 22:02:30,635 [INFO] McuFinderGlobals:63 - Set McuFinder mode to 2 (CubeIDE integrated)
2025-02-27 22:02:30,635 [INFO] UserAuth:171 - activating auth plugin
2025-02-27 22:02:30,639 [INFO] UserAuth:486 - Internet connection configuration mode: 1
2025-02-27 22:02:30,665 [INFO] JxBrowserEngine:152 - Initiate JxBrowser Engine with user profile folder
2025-02-27 22:02:31,649 [INFO] WebApp:168 - Instantiating new browser for Auth
2025-02-27 22:02:31,970 [INFO] ServerAccessManage:473 - Download File updaters.zip
2025-02-27 22:02:32,157 [INFO] FileExtend:240 - Unzip File : updaters.zip
2025-02-27 22:02:32,158 [INFO] FileExtend:255 - Standard Zip Deflate
2025-02-27 22:02:32,705 [INFO] WebApp:449 - Apply proxy settings
2025-02-27 22:02:32,705 [INFO] WebApp:534 - Chromium requires no authentication
2025-02-27 22:02:32,721 [INFO] WebApp:477 - Direct internet connection detected
2025-02-27 22:02:32,755 [INFO] WebApp:880 - Register for checkConnection events
2025-02-27 22:02:32,755 [INFO] WebApp:449 - Apply proxy settings
2025-02-27 22:02:32,755 [INFO] WebApp:534 - Chromium requires no authentication
2025-02-27 22:02:32,756 [INFO] WebApp:477 - Direct internet connection detected
2025-02-27 22:02:32,986 [INFO] WebApp:221 - Starting web application
2025-02-27 22:02:32,986 [INFO] WebApp:579 - Web application path used C:\ST\STM32CubeIDE_1.17.0\STM32CubeIDE\plugins\com.st.stm32cube.common.mx_6.13.0.202411220809\db\plugins\mcufinder\reactClient1\index.html
2025-02-27 22:02:33,536 [INFO] ServerAccessManage:473 - Download File PacksControlFlags.xml
2025-02-27 22:02:34,661 [INFO] ServerAccessManage:473 - Download File cubemx.pidx
2025-02-27 22:02:35,194 [INFO] WebApp:187 - Connection restablished
2025-02-27 22:02:37,593 [INFO] ServerAccessManage:473 - Download File STMicroelectronics.FP-ATR-ASTRA1.pdsc
2025-02-27 22:02:45,092 [WARN] PackLoader:240 - Cannot read IP mode file for STMicroelectronics.FP-ATR-ASTRA1.2.0.2
2025-02-27 22:02:45,094 [INFO] PopulateThirdPartyThread:66 - Ending populate Thread
2025-02-27 22:02:45,096 [INFO] ThirdParty:1030 - CMSIS Pack Vendor :STMicroelectronics FP-ATR-ASTRA1 2.0.2
2025-02-27 22:02:45,097 [INFO] LoadServerUpdatesThread:375 - End of LoadServerUpdate Thread
2025-02-27 22:02:45,217 [INFO] CheckServerUpdateThread:120 - End of CheckServer Thread
2025-02-27 22:03:24,537 [INFO] WebApp:190 - Connection lost
2025-02-27 22:03:24,972 [INFO] WebApp:187 - Connection restablished
2025-02-27 22:21:28,047 [INFO] WebApp:190 - Connection lost
2025-02-27 22:21:34,712 [INFO] WebApp:187 - Connection restablished
2025-02-27 22:33:39,816 [INFO] WebApp:190 - Connection lost
2025-02-27 22:33:40,276 [INFO] WebApp:187 - Connection restablished
