2025-05-18 21:15:29,701 [ERROR] ConfigurationRetriever:142 - IOException on connection: sw-center.st.com
2025-05-18 21:15:29,739 [ERROR] ConfigurationRetriever:142 - IOException on connection: sw-center.st.com
2025-05-18 21:15:29,740 [ERROR] ConfigurationRetriever:142 - IOException on connection: sw-center.st.com
2025-05-18 21:15:39,970 [ERROR] ConfigurationRetriever:142 - IOException on connection: sw-center.st.com
2025-05-18 21:15:39,973 [ERROR] ConfigurationRetriever:142 - IOException on connection: sw-center.st.com
2025-05-18 21:15:39,974 [ERROR] ConfigurationRetriever:142 - IOException on connection: sw-center.st.com
2025-05-18 21:15:46,928 [ERROR] LogOutputStream:75 - [STDERR_REDIRECT] 
2025-05-18 22:05:27,405 [INFO] Activator:176 - 


2025-05-18 22:05:27,407 [INFO] Activator:177 - !SESSION log4j initialized
2025-05-18 22:05:33,897 [INFO] LogOutputStream:77 - [STDOUT_REDIRECT] 
2025-05-18 22:05:35,122 [INFO] ApplicationProperties:184 - Using Application install path: C:\ST\STM32CubeIDE_1.17.0\STM32CubeIDE\plugins\com.st.stm32cube.common.mx_6.13.0.202411220809
2025-05-18 22:05:35,144 [INFO] DbMcusXml:78 - Set database path to: C:\ST\STM32CubeIDE_1.17.0\STM32CubeIDE\plugins\com.st.stm32cube.common.mx_6.13.0.202411220809\\db\/mcu/
2025-05-18 22:05:35,145 [INFO] ApiDb:274 - Set plugin database path to: C:\ST\STM32CubeIDE_1.17.0\STM32CubeIDE\plugins\com.st.stm32cube.common.mx_6.13.0.202411220809\\db\/plugins/boardmanager/
2025-05-18 22:05:35,145 [WARN] ApiDb:259 - Overriding images path with different value:  => C:\ST\STM32CubeIDE_1.17.0\STM32CubeIDE\plugins\com.st.stm32cube.common.mx_6.13.0.202411220809\\db\/plugins/mcufinder/images/
2025-05-18 22:05:35,152 [INFO] ApiDb:250 - Set database path to: C:\Users\vinaykumar\.stmcufinder\plugins\mcufinder//mcu/
2025-05-18 22:05:35,154 [INFO] DbMcusAds:125 - Set database path to: C:\Users\vinaykumar\.stmcufinder\plugins\mcufinder//mcu/
2025-05-18 22:05:35,157 [INFO] CrossReferenceDbSqlite:203 - Set database path to: C:\Users\vinaykumar\.stmcufinder\plugins\mcufinder//mcu/cs/
2025-05-18 22:05:35,296 [INFO] RulesReader:64 - Compatibility file has been processed (297 Rules)
2025-05-18 22:05:35,405 [INFO] DbMcusXml:78 - Set database path to: C:\ST\STM32CubeIDE_1.17.0\STM32CubeIDE\plugins\com.st.stm32cube.common.mx_6.13.0.202411220809\\db\/mcu/
2025-05-18 22:05:35,406 [INFO] ApiDb:274 - Set plugin database path to: C:\ST\STM32CubeIDE_1.17.0\STM32CubeIDE\plugins\com.st.stm32cube.common.mx_6.13.0.202411220809\\db\/plugins/boardmanager/
2025-05-18 22:05:35,406 [INFO] ApiDb:261 - Set plugin images path to: C:\ST\STM32CubeIDE_1.17.0\STM32CubeIDE\plugins\com.st.stm32cube.common.mx_6.13.0.202411220809\\db\/plugins/mcufinder/images/
2025-05-18 22:05:35,406 [WARN] DbFile:41 - Overriding database path with different value: C:\Users\vinaykumar\.stmcufinder\plugins\mcufinder/ => C:\Users\vinaykumar\.stmcufinder\plugins\mcufinder
2025-05-18 22:05:35,406 [INFO] ApiDb:250 - Set database path to: C:\Users\vinaykumar\.stmcufinder\plugins\mcufinder//mcu/
2025-05-18 22:05:35,406 [WARN] DbFile:41 - Overriding database path with different value: C:\Users\vinaykumar\.stmcufinder\plugins\mcufinder/ => C:\Users\vinaykumar\.stmcufinder\plugins\mcufinder
2025-05-18 22:05:35,406 [INFO] DbMcusAds:125 - Set database path to: C:\Users\vinaykumar\.stmcufinder\plugins\mcufinder//mcu/
2025-05-18 22:05:35,406 [WARN] DbFile:41 - Overriding database path with different value: C:\Users\vinaykumar\.stmcufinder\plugins\mcufinder/ => C:\Users\vinaykumar\.stmcufinder\plugins\mcufinder
2025-05-18 22:05:35,406 [WARN] DbFile:41 - Overriding database path with different value: C:\Users\vinaykumar\.stmcufinder\plugins\mcufinder/ => C:\Users\vinaykumar\.stmcufinder\plugins\mcufinder
2025-05-18 22:05:35,407 [INFO] CrossReferenceDbSqlite:203 - Set database path to: C:\Users\vinaykumar\.stmcufinder\plugins\mcufinder//mcu/cs/
2025-05-18 22:05:35,518 [INFO] MainPanel:272 - HeapMemory: 268435456
2025-05-18 22:05:35,651 [INFO] DbMcusXml:78 - Set database path to: C:\ST\STM32CubeIDE_1.17.0\STM32CubeIDE\plugins\com.st.stm32cube.common.mx_6.13.0.202411220809\\db\/mcu/
2025-05-18 22:05:35,652 [INFO] ApiDb:274 - Set plugin database path to: C:\ST\STM32CubeIDE_1.17.0\STM32CubeIDE\plugins\com.st.stm32cube.common.mx_6.13.0.202411220809\\db\/plugins/boardmanager/
2025-05-18 22:05:35,652 [INFO] ApiDb:261 - Set plugin images path to: C:\ST\STM32CubeIDE_1.17.0\STM32CubeIDE\plugins\com.st.stm32cube.common.mx_6.13.0.202411220809\\db\/plugins/mcufinder/images/
2025-05-18 22:05:35,652 [WARN] DbFile:41 - Overriding database path with different value: C:\Users\vinaykumar\.stmcufinder\plugins\mcufinder/ => C:\Users\vinaykumar\.stmcufinder\plugins\mcufinder
2025-05-18 22:05:35,652 [INFO] ApiDb:250 - Set database path to: C:\Users\vinaykumar\.stmcufinder\plugins\mcufinder//mcu/
2025-05-18 22:05:35,652 [WARN] DbFile:41 - Overriding database path with different value: C:\Users\vinaykumar\.stmcufinder\plugins\mcufinder/ => C:\Users\vinaykumar\.stmcufinder\plugins\mcufinder
2025-05-18 22:05:35,652 [INFO] DbMcusAds:125 - Set database path to: C:\Users\vinaykumar\.stmcufinder\plugins\mcufinder//mcu/
2025-05-18 22:05:35,653 [WARN] DbFile:41 - Overriding database path with different value: C:\Users\vinaykumar\.stmcufinder\plugins\mcufinder/ => C:\Users\vinaykumar\.stmcufinder\plugins\mcufinder
2025-05-18 22:05:35,653 [WARN] DbFile:41 - Overriding database path with different value: C:\Users\vinaykumar\.stmcufinder\plugins\mcufinder/ => C:\Users\vinaykumar\.stmcufinder\plugins\mcufinder
2025-05-18 22:05:35,653 [INFO] CrossReferenceDbSqlite:203 - Set database path to: C:\Users\vinaykumar\.stmcufinder\plugins\mcufinder//mcu/cs/
2025-05-18 22:05:35,676 [INFO] ApplicationProperties:184 - Using Application install path: C:\ST\STM32CubeIDE_1.17.0\STM32CubeIDE\plugins\com.st.stm32cube.common.mx_6.13.0.202411220809
2025-05-18 22:05:35,678 [INFO] PluginManage:196 - Search for loadable plugins [exclusion list=, ]
2025-05-18 22:05:35,680 [INFO] PluginManage:310 - Check plugin analytics
2025-05-18 22:05:35,926 [INFO] AnalyticsPlugin:253 - Accepted Software Licenses: 
2025-05-18 22:05:35,927 [INFO] AnalyticsPlugin:255 - Accepted CMSIS Pack Licenses: 
2025-05-18 22:05:35,927 [INFO] AnalyticsPlugin:257 - Accepted Firmware Licenses: 
2025-05-18 22:05:35,930 [INFO] PluginManage:359 - Loaded plugin analytics (category:tool,tabindex:-1)
2025-05-18 22:05:35,931 [INFO] PluginManage:310 - Check plugin cadmodel
2025-05-18 22:05:35,940 [INFO] CADModel:105 - Init CAD model plugin
2025-05-18 22:05:35,940 [INFO] PluginManage:359 - Loaded plugin cadmodel (category:power,tabindex:5)
2025-05-18 22:05:35,940 [INFO] PluginManage:310 - Check plugin clock
2025-05-18 22:05:35,953 [INFO] PluginManage:359 - Loaded plugin clock (category:base,tabindex:2)
2025-05-18 22:05:35,953 [INFO] PluginManage:310 - Check plugin ddr
2025-05-18 22:05:35,956 [INFO] PluginManage:359 - Loaded plugin ddr (category:tool,tabindex:6)
2025-05-18 22:05:35,957 [INFO] PluginManage:310 - Check plugin filemanager
2025-05-18 22:05:36,124 [INFO] PluginManage:359 - Loaded plugin filemanager (category:base,tabindex:10)
2025-05-18 22:05:36,124 [INFO] PluginManage:310 - Check plugin ipmanager
2025-05-18 22:05:36,131 [INFO] PluginManage:359 - Loaded plugin ipmanager (category:base,tabindex:5)
2025-05-18 22:05:36,131 [INFO] PluginManage:310 - Check plugin lpbam
2025-05-18 22:05:36,140 [INFO] PluginManage:359 - Loaded plugin lpbam (category:base,tabindex:0)
2025-05-18 22:05:36,140 [INFO] PluginManage:310 - Check plugin memorymap
2025-05-18 22:05:36,153 [INFO] PluginManage:359 - Loaded plugin memorymap (category:base,tabindex:4)
2025-05-18 22:05:36,153 [INFO] PluginManage:310 - Check plugin pinoutandconfiguration
2025-05-18 22:05:36,160 [INFO] PluginManage:359 - Loaded plugin pinoutandconfiguration (category:base,tabindex:1)
2025-05-18 22:05:36,160 [INFO] PluginManage:310 - Check plugin pinoutconfig
2025-05-18 22:05:36,281 [WARN] SupportedApi:132 - Cannot load RTOS API schema: s4s-elt-must-match.1: The content of 'definitions' must match (annotation?, (simpleType | complexType)?, (unique | key | keyref)*)). A problem was found starting at: attribute.
2025-05-18 22:05:36,455 [INFO] PluginManage:359 - Loaded plugin pinoutconfig (category:base,tabindex:0)
2025-05-18 22:05:36,455 [INFO] PluginManage:310 - Check plugin power
2025-05-18 22:05:36,466 [INFO] PluginManage:359 - Loaded plugin power (category:power,tabindex:4)
2025-05-18 22:05:36,467 [INFO] PluginManage:310 - Check plugin projectmanager
2025-05-18 22:05:36,489 [INFO] PluginManage:359 - Loaded plugin projectmanager (category:projectmanager,tabindex:4)
2025-05-18 22:05:36,489 [INFO] PluginManage:310 - Check plugin rif
2025-05-18 22:05:36,499 [INFO] PluginManage:359 - Loaded plugin rif (category:base,tabindex:3)
2025-05-18 22:05:36,500 [INFO] PluginManage:310 - Check plugin thirdparty
2025-05-18 22:05:36,631 [INFO] PluginManage:359 - Loaded plugin thirdparty (category:base,tabindex:-1)
2025-05-18 22:05:36,631 [WARN] IntegrityCheckThread:84 - waiting for thirdparty lock release [integrity check]
2025-05-18 22:05:36,631 [INFO] PluginManage:310 - Check plugin tools
2025-05-18 22:05:36,631 [INFO] IntegrityCheckThread:86 - entering critical section [integrity check]
2025-05-18 22:05:36,632 [INFO] ThirdPartyUpdaterWithRetryManager:70 - Updater plugin not ready yet. [1/15]
2025-05-18 22:05:36,636 [INFO] PluginManage:359 - Loaded plugin tools (category:base,tabindex:7)
2025-05-18 22:05:36,636 [INFO] PluginManage:310 - Check plugin tutovideos
2025-05-18 22:05:36,819 [INFO] PluginManage:359 - Loaded plugin tutovideos (category:base,tabindex:-1)
2025-05-18 22:05:36,819 [INFO] PluginManage:310 - Check plugin updater
2025-05-18 22:05:36,838 [INFO] PluginManage:359 - Loaded plugin updater (category:base,tabindex:12)
2025-05-18 22:05:36,838 [INFO] PluginManage:310 - Check plugin userauth
2025-05-18 22:05:36,842 [INFO] UserAuth:118 - Init User Auth plugin
2025-05-18 22:05:36,843 [INFO] PluginManage:359 - Loaded plugin userauth (category:base,tabindex:14)
2025-05-18 22:05:36,843 [INFO] PluginManage:283 - PluginManage : Loaded plugins [18]
2025-05-18 22:05:37,067 [INFO] PinOutPanel:1589 - setPackage(No Configuration,No Configuration)
2025-05-18 22:05:37,178 [INFO] CADModel:165 - CPN selected for project level
2025-05-18 22:05:37,178 [INFO] CADModel:114 - Register for checkConnection events
2025-05-18 22:05:37,196 [INFO] IPUIPlugin:80 - create IPUIPlugin
2025-05-18 22:05:37,196 [INFO] PluginManager:220 - loadIPPluginJar : add adc
2025-05-18 22:05:37,200 [INFO] IPUIPlugin:80 - create IPUIPlugin
2025-05-18 22:05:37,200 [INFO] PluginManager:220 - loadIPPluginJar : add aes
2025-05-18 22:05:37,204 [INFO] IPUIPlugin:80 - create IPUIPlugin
2025-05-18 22:05:37,204 [INFO] PluginManager:220 - loadIPPluginJar : add can
2025-05-18 22:05:37,206 [INFO] IPUIPlugin:80 - create IPUIPlugin
2025-05-18 22:05:37,206 [INFO] PluginManager:220 - loadIPPluginJar : add comp
2025-05-18 22:05:37,210 [INFO] IPUIPlugin:80 - create IPUIPlugin
2025-05-18 22:05:37,210 [INFO] PluginManager:220 - loadIPPluginJar : add cryp
2025-05-18 22:05:37,214 [INFO] IPUIPlugin:80 - create IPUIPlugin
2025-05-18 22:05:37,214 [INFO] PluginManager:220 - loadIPPluginJar : add ddr_ctrl_phy
2025-05-18 22:05:37,217 [INFO] IPUIPlugin:80 - create IPUIPlugin
2025-05-18 22:05:37,217 [INFO] PluginManager:220 - loadIPPluginJar : add dfsdm
2025-05-18 22:05:37,225 [INFO] IPUIPlugin:80 - create IPUIPlugin
2025-05-18 22:05:37,226 [INFO] PluginManager:220 - loadIPPluginJar : add dma
2025-05-18 22:05:37,229 [INFO] IPUIPlugin:80 - create IPUIPlugin
2025-05-18 22:05:37,230 [INFO] PluginManager:220 - loadIPPluginJar : add dma3
2025-05-18 22:05:37,233 [INFO] IPUIPlugin:80 - create IPUIPlugin
2025-05-18 22:05:37,233 [INFO] PluginManager:220 - loadIPPluginJar : add extmemmanager
2025-05-18 22:05:37,234 [INFO] IPUIPlugin:80 - create IPUIPlugin
2025-05-18 22:05:37,234 [INFO] PluginManager:220 - loadIPPluginJar : add fatfs
2025-05-18 22:05:37,238 [INFO] IPUIPlugin:80 - create IPUIPlugin
2025-05-18 22:05:37,238 [INFO] PluginManager:220 - loadIPPluginJar : add fmc
2025-05-18 22:05:37,244 [INFO] IPUIPlugin:80 - create IPUIPlugin
2025-05-18 22:05:37,245 [INFO] PluginManager:220 - loadIPPluginJar : add freertos
2025-05-18 22:05:37,246 [INFO] IPUIPlugin:80 - create IPUIPlugin
2025-05-18 22:05:37,246 [INFO] PluginManager:220 - loadIPPluginJar : add genericplugin
2025-05-18 22:05:37,248 [INFO] IPUIPlugin:80 - create IPUIPlugin
2025-05-18 22:05:37,248 [INFO] PluginManager:220 - loadIPPluginJar : add gfxmmu
2025-05-18 22:05:37,253 [INFO] IPUIPlugin:80 - create IPUIPlugin
2025-05-18 22:05:37,254 [INFO] PluginManager:220 - loadIPPluginJar : add gic
2025-05-18 22:05:37,258 [INFO] IPUIPlugin:80 - create IPUIPlugin
2025-05-18 22:05:37,258 [INFO] PluginManager:220 - loadIPPluginJar : add gpio
2025-05-18 22:05:37,262 [INFO] IPUIPlugin:80 - create IPUIPlugin
2025-05-18 22:05:37,262 [INFO] PluginManager:220 - loadIPPluginJar : add gtzc
2025-05-18 22:05:37,264 [INFO] IPUIPlugin:80 - create IPUIPlugin
2025-05-18 22:05:37,264 [INFO] PluginManager:220 - loadIPPluginJar : add hash
2025-05-18 22:05:37,267 [INFO] IPUIPlugin:80 - create IPUIPlugin
2025-05-18 22:05:37,268 [INFO] PluginManager:220 - loadIPPluginJar : add i2c
2025-05-18 22:05:37,271 [INFO] IPUIPlugin:80 - create IPUIPlugin
2025-05-18 22:05:37,271 [INFO] PluginManager:220 - loadIPPluginJar : add i2s
2025-05-18 22:05:37,274 [INFO] IPUIPlugin:80 - create IPUIPlugin
2025-05-18 22:05:37,274 [INFO] PluginManager:220 - loadIPPluginJar : add i3c
2025-05-18 22:05:37,280 [INFO] IPUIPlugin:80 - create IPUIPlugin
2025-05-18 22:05:37,280 [INFO] PluginManager:220 - loadIPPluginJar : add ipddr
2025-05-18 22:05:37,287 [INFO] IPUIPlugin:80 - create IPUIPlugin
2025-05-18 22:05:37,288 [INFO] PluginManager:220 - loadIPPluginJar : add linkedlist
2025-05-18 22:05:37,291 [INFO] IPUIPlugin:80 - create IPUIPlugin
2025-05-18 22:05:37,291 [INFO] PluginManager:220 - loadIPPluginJar : add lorawan
2025-05-18 22:05:37,292 [INFO] IPUIPlugin:80 - create IPUIPlugin
2025-05-18 22:05:37,292 [INFO] PluginManager:220 - loadIPPluginJar : add ltdc
2025-05-18 22:05:37,299 [INFO] IPUIPlugin:80 - create IPUIPlugin
2025-05-18 22:05:37,299 [INFO] PluginManager:220 - loadIPPluginJar : add mdma
2025-05-18 22:05:37,303 [INFO] IPUIPlugin:80 - create IPUIPlugin
2025-05-18 22:05:37,303 [INFO] PluginManager:220 - loadIPPluginJar : add nvic
2025-05-18 22:05:37,306 [INFO] IPUIPlugin:80 - create IPUIPlugin
2025-05-18 22:05:37,306 [INFO] PluginManager:220 - loadIPPluginJar : add opamp
2025-05-18 22:05:37,310 [INFO] IPUIPlugin:80 - create IPUIPlugin
2025-05-18 22:05:37,310 [INFO] PluginManager:220 - loadIPPluginJar : add openamp
2025-05-18 22:05:37,313 [INFO] IPUIPlugin:80 - create IPUIPlugin
2025-05-18 22:05:37,313 [INFO] PluginManager:220 - loadIPPluginJar : add pdm2pcm
2025-05-18 22:05:37,320 [INFO] IPUIPlugin:80 - create IPUIPlugin
2025-05-18 22:05:37,322 [INFO] PluginManager:220 - loadIPPluginJar : add plateformsettings
2025-05-18 22:05:37,323 [INFO] IPUIPlugin:80 - create IPUIPlugin
2025-05-18 22:05:37,323 [INFO] PluginManager:220 - loadIPPluginJar : add quadspi
2025-05-18 22:05:37,325 [INFO] IPUIPlugin:80 - create IPUIPlugin
2025-05-18 22:05:37,325 [INFO] PluginManager:220 - loadIPPluginJar : add radio
2025-05-18 22:05:37,327 [INFO] IPUIPlugin:80 - create IPUIPlugin
2025-05-18 22:05:37,328 [INFO] PluginManager:220 - loadIPPluginJar : add resmgrutility
2025-05-18 22:05:37,329 [INFO] IPUIPlugin:80 - create IPUIPlugin
2025-05-18 22:05:37,330 [INFO] PluginManager:220 - loadIPPluginJar : add sai
2025-05-18 22:05:37,331 [INFO] IPUIPlugin:80 - create IPUIPlugin
2025-05-18 22:05:37,331 [INFO] PluginManager:220 - loadIPPluginJar : add spi
2025-05-18 22:05:37,335 [INFO] IPUIPlugin:80 - create IPUIPlugin
2025-05-18 22:05:37,335 [INFO] PluginManager:220 - loadIPPluginJar : add stm32_wpan
2025-05-18 22:05:37,337 [INFO] IPUIPlugin:80 - create IPUIPlugin
2025-05-18 22:05:37,337 [INFO] PluginManager:220 - loadIPPluginJar : add tim
2025-05-18 22:05:37,339 [INFO] IPUIPlugin:80 - create IPUIPlugin
2025-05-18 22:05:37,339 [INFO] PluginManager:220 - loadIPPluginJar : add touchsensing
2025-05-18 22:05:37,341 [INFO] IPUIPlugin:80 - create IPUIPlugin
2025-05-18 22:05:37,341 [INFO] PluginManager:220 - loadIPPluginJar : add tracer_emb
2025-05-18 22:05:37,342 [INFO] IPUIPlugin:80 - create IPUIPlugin
2025-05-18 22:05:37,343 [INFO] PluginManager:220 - loadIPPluginJar : add ts
2025-05-18 22:05:37,344 [INFO] IPUIPlugin:80 - create IPUIPlugin
2025-05-18 22:05:37,345 [INFO] PluginManager:220 - loadIPPluginJar : add tsc
2025-05-18 22:05:37,346 [INFO] IPUIPlugin:80 - create IPUIPlugin
2025-05-18 22:05:37,347 [INFO] PluginManager:220 - loadIPPluginJar : add ucpd
2025-05-18 22:05:37,349 [INFO] IPUIPlugin:80 - create IPUIPlugin
2025-05-18 22:05:37,349 [INFO] PluginManager:220 - loadIPPluginJar : add usart
2025-05-18 22:05:37,353 [INFO] IPUIPlugin:80 - create IPUIPlugin
2025-05-18 22:05:37,353 [INFO] PluginManager:220 - loadIPPluginJar : add usbx
2025-05-18 22:05:37,481 [FATAL] Updater:351 - Updater called before beeing initialized
2025-05-18 22:05:37,515 [INFO] RulesReader:64 - Compatibility file has been processed (297 Rules)
2025-05-18 22:05:37,534 [INFO] RulesReader:64 - Compatibility file has been processed (297 Rules)
2025-05-18 22:05:37,545 [INFO] CADModel:165 - CPN selected for project level
2025-05-18 22:05:37,545 [INFO] CADModel:114 - Register for checkConnection events
2025-05-18 22:05:37,545 [FATAL] Updater:351 - Updater called before beeing initialized
2025-05-18 22:05:37,545 [ERROR] CADModel:125 - Updater not yet initialized, retry later 
2025-05-18 22:05:37,790 [FATAL] Updater:351 - Updater called before beeing initialized
2025-05-18 22:05:37,792 [INFO] CADModel:165 - CPN selected for project level
2025-05-18 22:05:37,793 [INFO] CADModel:114 - Register for checkConnection events
2025-05-18 22:05:37,793 [FATAL] Updater:351 - Updater called before beeing initialized
2025-05-18 22:05:37,793 [ERROR] CADModel:125 - Updater not yet initialized, retry later 
2025-05-18 22:05:37,796 [FATAL] Updater:351 - Updater called before beeing initialized
2025-05-18 22:05:37,936 [FATAL] Updater:351 - Updater called before beeing initialized
2025-05-18 22:05:37,941 [INFO] DbMcusAds:53 - JSON generation date=Tue Dec 17 21:31:15 IST 2024 (1734451275111)
2025-05-18 22:05:37,941 [FATAL] Updater:351 - Updater called before beeing initialized
2025-05-18 22:05:37,975 [WARN] DetailPanel:346 - Failed to get advertising image, set to default
2025-05-18 22:05:38,168 [FATAL] Updater:351 - Updater called before beeing initialized
2025-05-18 22:05:38,170 [FATAL] Updater:351 - Updater called before beeing initialized
2025-05-18 22:05:38,170 [FATAL] Updater:351 - Updater called before beeing initialized
2025-05-18 22:05:38,170 [WARN] DetailPanel:346 - Failed to get advertising image, set to default
2025-05-18 22:05:38,171 [FATAL] Updater:351 - Updater called before beeing initialized
2025-05-18 22:05:38,221 [ERROR] Updater:1198 - MainUpdater not yet initialized. External WinMGr cannot be set.
2025-05-18 22:05:38,225 [INFO] Updater:1134 - Updater Version found : 6.13.0
2025-05-18 22:05:38,239 [INFO] ApplicationProperties:184 - Using Application install path: C:\ST\STM32CubeIDE_1.17.0\STM32CubeIDE\plugins\com.st.stm32cube.common.mx_6.13.0.202411220809
2025-05-18 22:05:38,289 [ERROR] ConfigurationRetriever:142 - IOException on connection: Read timed out
2025-05-18 22:05:39,634 [INFO] ThirdPartyUpdaterWithRetryManager:70 - Updater plugin not ready yet. [2/15]
2025-05-18 22:05:39,821 [ERROR] LogOutputStream:75 - [STDERR_REDIRECT] May 18, 2025 10:05:39 PM java.util.prefs.WindowsPreferences <init>
2025-05-18 22:05:39,823 [ERROR] LogOutputStream:75 - [STDERR_REDIRECT] WARNING: Could not open/create prefs root node Software\JavaSoft\Prefs at root 0xffffffff80000002. Windows RegCreateKeyEx(...) returned error code 5.
2025-05-18 22:05:39,823 [ERROR] LogOutputStream:75 - [STDERR_REDIRECT] 
2025-05-18 22:05:40,550 [ERROR] ConfigurationRetriever:142 - IOException on connection: Read timed out
2025-05-18 22:05:41,011 [ERROR] ConfigurationRetriever:142 - IOException on connection: Read timed out
2025-05-18 22:05:42,635 [FATAL] Updater:351 - Updater called before beeing initialized
2025-05-18 22:05:42,636 [ERROR] IntegrityCheckThread:130 - Cannot retrieve database content from updater: error 21
2025-05-18 22:05:42,637 [INFO] ThirdParty:978 - Integrity check success = false
2025-05-18 22:05:42,637 [INFO] IntegrityCheckThread:100 - exiting critical section [integrity check]
2025-05-18 22:05:42,637 [INFO] IntegrityCheckThread:103 - End integrity checks thread
2025-05-18 22:05:44,028 [ERROR] ConfigurationRetriever:142 - IOException on connection: Read timed out
2025-05-18 22:05:45,562 [WARN] CheckConnectionManager:291 - Warning during Server Connection :  timeout Connect to sw-center.st.com:443 [sw-center.st.com/49.44.131.11, sw-center.st.com/2405:200:1607:1731:0:0:312c:830b] failed: Read timed out
2025-05-18 22:05:52,937 [WARN] CheckConnectionManager:291 - Warning during Server Connection :  timeout Connect to sw-center.st.com:443 [sw-center.st.com/49.44.131.11, sw-center.st.com/2405:200:1607:1731:0:0:312c:830b] failed: Read timed out
2025-05-18 22:05:52,947 [INFO] MainUpdater:2872 - connection check result : 22
2025-05-18 22:05:52,949 [INFO] MainUpdater:289 - Updater Check For Update Now.
2025-05-18 22:05:52,949 [INFO] MicroXplorer:498 - Change Database Version : DB.6.0.130
2025-05-18 22:05:52,967 [INFO] McuFinderGlobals:63 - Set McuFinder mode to 2 (CubeIDE integrated)
2025-05-18 22:05:52,967 [INFO] UserAuth:171 - activating auth plugin
2025-05-18 22:05:52,971 [INFO] UserAuth:486 - Internet connection configuration mode: 2
2025-05-18 22:05:52,999 [INFO] UserAuth:486 - Internet connection configuration mode: 2
2025-05-18 22:05:53,220 [INFO] CheckServerUpdateThread:120 - End of CheckServer Thread
