2025-02-25 00:25:59,065 [ERROR] LogOutputStream:75 - [STDERR_REDIRECT] 
2025-02-25 23:30:12,478 [INFO] Activator:176 - 


2025-02-25 23:30:12,480 [INFO] Activator:177 - !SESSION log4j initialized
2025-02-25 23:30:19,436 [INFO] LogOutputStream:77 - [STDOUT_REDIRECT] 
2025-02-25 23:30:20,420 [INFO] ApplicationProperties:184 - Using Application install path: C:\ST\STM32CubeIDE_1.17.0\STM32CubeIDE\plugins\com.st.stm32cube.common.mx_6.13.0.202411220809
2025-02-25 23:30:20,439 [INFO] DbMcusXml:78 - Set database path to: C:\ST\STM32CubeIDE_1.17.0\STM32CubeIDE\plugins\com.st.stm32cube.common.mx_6.13.0.202411220809\\db\/mcu/
2025-02-25 23:30:20,440 [INFO] ApiDb:274 - Set plugin database path to: C:\ST\STM32CubeIDE_1.17.0\STM32CubeIDE\plugins\com.st.stm32cube.common.mx_6.13.0.202411220809\\db\/plugins/boardmanager/
2025-02-25 23:30:20,440 [WARN] ApiDb:259 - Overriding images path with different value:  => C:\ST\STM32CubeIDE_1.17.0\STM32CubeIDE\plugins\com.st.stm32cube.common.mx_6.13.0.202411220809\\db\/plugins/mcufinder/images/
2025-02-25 23:30:20,449 [INFO] ApiDb:250 - Set database path to: C:\Users\vinaykumar\.stmcufinder\plugins\mcufinder//mcu/
2025-02-25 23:30:20,451 [INFO] DbMcusAds:125 - Set database path to: C:\Users\vinaykumar\.stmcufinder\plugins\mcufinder//mcu/
2025-02-25 23:30:20,454 [INFO] CrossReferenceDbSqlite:203 - Set database path to: C:\Users\vinaykumar\.stmcufinder\plugins\mcufinder//mcu/cs/
2025-02-25 23:30:20,597 [INFO] RulesReader:64 - Compatibility file has been processed (297 Rules)
2025-02-25 23:30:20,697 [INFO] DbMcusXml:78 - Set database path to: C:\ST\STM32CubeIDE_1.17.0\STM32CubeIDE\plugins\com.st.stm32cube.common.mx_6.13.0.202411220809\\db\/mcu/
2025-02-25 23:30:20,697 [INFO] ApiDb:274 - Set plugin database path to: C:\ST\STM32CubeIDE_1.17.0\STM32CubeIDE\plugins\com.st.stm32cube.common.mx_6.13.0.202411220809\\db\/plugins/boardmanager/
2025-02-25 23:30:20,697 [INFO] ApiDb:261 - Set plugin images path to: C:\ST\STM32CubeIDE_1.17.0\STM32CubeIDE\plugins\com.st.stm32cube.common.mx_6.13.0.202411220809\\db\/plugins/mcufinder/images/
2025-02-25 23:30:20,698 [WARN] DbFile:41 - Overriding database path with different value: C:\Users\vinaykumar\.stmcufinder\plugins\mcufinder/ => C:\Users\vinaykumar\.stmcufinder\plugins\mcufinder
2025-02-25 23:30:20,698 [INFO] ApiDb:250 - Set database path to: C:\Users\vinaykumar\.stmcufinder\plugins\mcufinder//mcu/
2025-02-25 23:30:20,698 [WARN] DbFile:41 - Overriding database path with different value: C:\Users\vinaykumar\.stmcufinder\plugins\mcufinder/ => C:\Users\vinaykumar\.stmcufinder\plugins\mcufinder
2025-02-25 23:30:20,698 [INFO] DbMcusAds:125 - Set database path to: C:\Users\vinaykumar\.stmcufinder\plugins\mcufinder//mcu/
2025-02-25 23:30:20,698 [WARN] DbFile:41 - Overriding database path with different value: C:\Users\vinaykumar\.stmcufinder\plugins\mcufinder/ => C:\Users\vinaykumar\.stmcufinder\plugins\mcufinder
2025-02-25 23:30:20,698 [WARN] DbFile:41 - Overriding database path with different value: C:\Users\vinaykumar\.stmcufinder\plugins\mcufinder/ => C:\Users\vinaykumar\.stmcufinder\plugins\mcufinder
2025-02-25 23:30:20,698 [INFO] CrossReferenceDbSqlite:203 - Set database path to: C:\Users\vinaykumar\.stmcufinder\plugins\mcufinder//mcu/cs/
2025-02-25 23:30:20,797 [INFO] MainPanel:272 - HeapMemory: 268435456
2025-02-25 23:30:20,985 [INFO] DbMcusXml:78 - Set database path to: C:\ST\STM32CubeIDE_1.17.0\STM32CubeIDE\plugins\com.st.stm32cube.common.mx_6.13.0.202411220809\\db\/mcu/
2025-02-25 23:30:20,986 [INFO] ApiDb:274 - Set plugin database path to: C:\ST\STM32CubeIDE_1.17.0\STM32CubeIDE\plugins\com.st.stm32cube.common.mx_6.13.0.202411220809\\db\/plugins/boardmanager/
2025-02-25 23:30:20,986 [INFO] ApiDb:261 - Set plugin images path to: C:\ST\STM32CubeIDE_1.17.0\STM32CubeIDE\plugins\com.st.stm32cube.common.mx_6.13.0.202411220809\\db\/plugins/mcufinder/images/
2025-02-25 23:30:20,986 [WARN] DbFile:41 - Overriding database path with different value: C:\Users\vinaykumar\.stmcufinder\plugins\mcufinder/ => C:\Users\vinaykumar\.stmcufinder\plugins\mcufinder
2025-02-25 23:30:20,987 [INFO] ApiDb:250 - Set database path to: C:\Users\vinaykumar\.stmcufinder\plugins\mcufinder//mcu/
2025-02-25 23:30:20,987 [WARN] DbFile:41 - Overriding database path with different value: C:\Users\vinaykumar\.stmcufinder\plugins\mcufinder/ => C:\Users\vinaykumar\.stmcufinder\plugins\mcufinder
2025-02-25 23:30:20,987 [INFO] DbMcusAds:125 - Set database path to: C:\Users\vinaykumar\.stmcufinder\plugins\mcufinder//mcu/
2025-02-25 23:30:20,987 [WARN] DbFile:41 - Overriding database path with different value: C:\Users\vinaykumar\.stmcufinder\plugins\mcufinder/ => C:\Users\vinaykumar\.stmcufinder\plugins\mcufinder
2025-02-25 23:30:20,987 [WARN] DbFile:41 - Overriding database path with different value: C:\Users\vinaykumar\.stmcufinder\plugins\mcufinder/ => C:\Users\vinaykumar\.stmcufinder\plugins\mcufinder
2025-02-25 23:30:20,987 [INFO] CrossReferenceDbSqlite:203 - Set database path to: C:\Users\vinaykumar\.stmcufinder\plugins\mcufinder//mcu/cs/
2025-02-25 23:30:21,008 [INFO] ApplicationProperties:184 - Using Application install path: C:\ST\STM32CubeIDE_1.17.0\STM32CubeIDE\plugins\com.st.stm32cube.common.mx_6.13.0.202411220809
2025-02-25 23:30:21,009 [INFO] PluginManage:196 - Search for loadable plugins [exclusion list=, ]
2025-02-25 23:30:21,011 [INFO] PluginManage:310 - Check plugin analytics
2025-02-25 23:30:21,264 [INFO] AnalyticsPlugin:253 - Accepted Software Licenses: 
2025-02-25 23:30:21,265 [INFO] AnalyticsPlugin:255 - Accepted CMSIS Pack Licenses: 
2025-02-25 23:30:21,265 [INFO] AnalyticsPlugin:257 - Accepted Firmware Licenses: 
2025-02-25 23:30:21,268 [INFO] PluginManage:359 - Loaded plugin analytics (category:tool,tabindex:-1)
2025-02-25 23:30:21,269 [INFO] PluginManage:310 - Check plugin cadmodel
2025-02-25 23:30:21,277 [INFO] CADModel:105 - Init CAD model plugin
2025-02-25 23:30:21,277 [INFO] PluginManage:359 - Loaded plugin cadmodel (category:power,tabindex:5)
2025-02-25 23:30:21,277 [INFO] PluginManage:310 - Check plugin clock
2025-02-25 23:30:21,290 [INFO] PluginManage:359 - Loaded plugin clock (category:base,tabindex:2)
2025-02-25 23:30:21,291 [INFO] PluginManage:310 - Check plugin ddr
2025-02-25 23:30:21,294 [INFO] PluginManage:359 - Loaded plugin ddr (category:tool,tabindex:6)
2025-02-25 23:30:21,294 [INFO] PluginManage:310 - Check plugin filemanager
2025-02-25 23:30:21,476 [INFO] PluginManage:359 - Loaded plugin filemanager (category:base,tabindex:10)
2025-02-25 23:30:21,476 [INFO] PluginManage:310 - Check plugin ipmanager
2025-02-25 23:30:21,488 [INFO] PluginManage:359 - Loaded plugin ipmanager (category:base,tabindex:5)
2025-02-25 23:30:21,488 [INFO] PluginManage:310 - Check plugin lpbam
2025-02-25 23:30:21,499 [INFO] PluginManage:359 - Loaded plugin lpbam (category:base,tabindex:0)
2025-02-25 23:30:21,499 [INFO] PluginManage:310 - Check plugin memorymap
2025-02-25 23:30:21,520 [INFO] PluginManage:359 - Loaded plugin memorymap (category:base,tabindex:4)
2025-02-25 23:30:21,520 [INFO] PluginManage:310 - Check plugin pinoutandconfiguration
2025-02-25 23:30:21,532 [INFO] PluginManage:359 - Loaded plugin pinoutandconfiguration (category:base,tabindex:1)
2025-02-25 23:30:21,533 [INFO] PluginManage:310 - Check plugin pinoutconfig
2025-02-25 23:30:21,643 [WARN] SupportedApi:132 - Cannot load RTOS API schema: s4s-elt-must-match.1: The content of 'definitions' must match (annotation?, (simpleType | complexType)?, (unique | key | keyref)*)). A problem was found starting at: attribute.
2025-02-25 23:30:21,853 [INFO] PluginManage:359 - Loaded plugin pinoutconfig (category:base,tabindex:0)
2025-02-25 23:30:21,854 [INFO] PluginManage:310 - Check plugin power
2025-02-25 23:30:21,864 [INFO] PluginManage:359 - Loaded plugin power (category:power,tabindex:4)
2025-02-25 23:30:21,864 [INFO] PluginManage:310 - Check plugin projectmanager
2025-02-25 23:30:21,888 [INFO] PluginManage:359 - Loaded plugin projectmanager (category:projectmanager,tabindex:4)
2025-02-25 23:30:21,888 [INFO] PluginManage:310 - Check plugin rif
2025-02-25 23:30:21,899 [INFO] PluginManage:359 - Loaded plugin rif (category:base,tabindex:3)
2025-02-25 23:30:21,899 [INFO] PluginManage:310 - Check plugin thirdparty
2025-02-25 23:30:22,054 [WARN] IntegrityCheckThread:84 - waiting for thirdparty lock release [integrity check]
2025-02-25 23:30:22,055 [INFO] PluginManage:359 - Loaded plugin thirdparty (category:base,tabindex:-1)
2025-02-25 23:30:22,055 [INFO] IntegrityCheckThread:86 - entering critical section [integrity check]
2025-02-25 23:30:22,055 [INFO] PluginManage:310 - Check plugin tools
2025-02-25 23:30:22,055 [INFO] ThirdPartyUpdaterWithRetryManager:70 - Updater plugin not ready yet. [1/15]
2025-02-25 23:30:22,060 [INFO] PluginManage:359 - Loaded plugin tools (category:base,tabindex:7)
2025-02-25 23:30:22,060 [INFO] PluginManage:310 - Check plugin tutovideos
2025-02-25 23:30:22,264 [INFO] PluginManage:359 - Loaded plugin tutovideos (category:base,tabindex:-1)
2025-02-25 23:30:22,265 [INFO] PluginManage:310 - Check plugin updater
2025-02-25 23:30:22,294 [INFO] PluginManage:359 - Loaded plugin updater (category:base,tabindex:12)
2025-02-25 23:30:22,294 [INFO] PluginManage:310 - Check plugin userauth
2025-02-25 23:30:22,300 [INFO] UserAuth:118 - Init User Auth plugin
2025-02-25 23:30:22,302 [INFO] PluginManage:359 - Loaded plugin userauth (category:base,tabindex:14)
2025-02-25 23:30:22,302 [INFO] PluginManage:283 - PluginManage : Loaded plugins [18]
2025-02-25 23:30:22,592 [INFO] PinOutPanel:1589 - setPackage(No Configuration,No Configuration)
2025-02-25 23:30:22,690 [INFO] CADModel:165 - CPN selected for project level
2025-02-25 23:30:22,690 [INFO] CADModel:114 - Register for checkConnection events
2025-02-25 23:30:22,705 [INFO] IPUIPlugin:80 - create IPUIPlugin
2025-02-25 23:30:22,705 [INFO] PluginManager:220 - loadIPPluginJar : add adc
2025-02-25 23:30:22,705 [INFO] IPUIPlugin:80 - create IPUIPlugin
2025-02-25 23:30:22,705 [INFO] PluginManager:220 - loadIPPluginJar : add aes
2025-02-25 23:30:22,721 [INFO] IPUIPlugin:80 - create IPUIPlugin
2025-02-25 23:30:22,721 [INFO] PluginManager:220 - loadIPPluginJar : add can
2025-02-25 23:30:22,721 [INFO] IPUIPlugin:80 - create IPUIPlugin
2025-02-25 23:30:22,721 [INFO] PluginManager:220 - loadIPPluginJar : add comp
2025-02-25 23:30:22,721 [INFO] IPUIPlugin:80 - create IPUIPlugin
2025-02-25 23:30:22,721 [INFO] PluginManager:220 - loadIPPluginJar : add cryp
2025-02-25 23:30:22,721 [INFO] IPUIPlugin:80 - create IPUIPlugin
2025-02-25 23:30:22,721 [INFO] PluginManager:220 - loadIPPluginJar : add ddr_ctrl_phy
2025-02-25 23:30:22,721 [INFO] IPUIPlugin:80 - create IPUIPlugin
2025-02-25 23:30:22,721 [INFO] PluginManager:220 - loadIPPluginJar : add dfsdm
2025-02-25 23:30:22,737 [INFO] IPUIPlugin:80 - create IPUIPlugin
2025-02-25 23:30:22,737 [INFO] PluginManager:220 - loadIPPluginJar : add dma
2025-02-25 23:30:22,737 [INFO] IPUIPlugin:80 - create IPUIPlugin
2025-02-25 23:30:22,737 [INFO] PluginManager:220 - loadIPPluginJar : add dma3
2025-02-25 23:30:22,737 [INFO] IPUIPlugin:80 - create IPUIPlugin
2025-02-25 23:30:22,737 [INFO] PluginManager:220 - loadIPPluginJar : add extmemmanager
2025-02-25 23:30:22,737 [INFO] IPUIPlugin:80 - create IPUIPlugin
2025-02-25 23:30:22,737 [INFO] PluginManager:220 - loadIPPluginJar : add fatfs
2025-02-25 23:30:22,752 [INFO] IPUIPlugin:80 - create IPUIPlugin
2025-02-25 23:30:22,752 [INFO] PluginManager:220 - loadIPPluginJar : add fmc
2025-02-25 23:30:22,752 [INFO] IPUIPlugin:80 - create IPUIPlugin
2025-02-25 23:30:22,752 [INFO] PluginManager:220 - loadIPPluginJar : add freertos
2025-02-25 23:30:22,752 [INFO] IPUIPlugin:80 - create IPUIPlugin
2025-02-25 23:30:22,752 [INFO] PluginManager:220 - loadIPPluginJar : add genericplugin
2025-02-25 23:30:22,752 [INFO] IPUIPlugin:80 - create IPUIPlugin
2025-02-25 23:30:22,768 [INFO] PluginManager:220 - loadIPPluginJar : add gfxmmu
2025-02-25 23:30:22,768 [INFO] IPUIPlugin:80 - create IPUIPlugin
2025-02-25 23:30:22,768 [INFO] PluginManager:220 - loadIPPluginJar : add gic
2025-02-25 23:30:22,768 [INFO] IPUIPlugin:80 - create IPUIPlugin
2025-02-25 23:30:22,768 [INFO] PluginManager:220 - loadIPPluginJar : add gpio
2025-02-25 23:30:22,768 [INFO] IPUIPlugin:80 - create IPUIPlugin
2025-02-25 23:30:22,768 [INFO] PluginManager:220 - loadIPPluginJar : add gtzc
2025-02-25 23:30:22,784 [INFO] IPUIPlugin:80 - create IPUIPlugin
2025-02-25 23:30:22,784 [INFO] PluginManager:220 - loadIPPluginJar : add hash
2025-02-25 23:30:22,784 [INFO] IPUIPlugin:80 - create IPUIPlugin
2025-02-25 23:30:22,784 [INFO] PluginManager:220 - loadIPPluginJar : add i2c
2025-02-25 23:30:22,784 [INFO] IPUIPlugin:80 - create IPUIPlugin
2025-02-25 23:30:22,784 [INFO] PluginManager:220 - loadIPPluginJar : add i2s
2025-02-25 23:30:22,784 [INFO] IPUIPlugin:80 - create IPUIPlugin
2025-02-25 23:30:22,784 [INFO] PluginManager:220 - loadIPPluginJar : add i3c
2025-02-25 23:30:22,799 [INFO] IPUIPlugin:80 - create IPUIPlugin
2025-02-25 23:30:22,799 [INFO] PluginManager:220 - loadIPPluginJar : add ipddr
2025-02-25 23:30:22,799 [INFO] IPUIPlugin:80 - create IPUIPlugin
2025-02-25 23:30:22,799 [INFO] PluginManager:220 - loadIPPluginJar : add linkedlist
2025-02-25 23:30:22,799 [INFO] IPUIPlugin:80 - create IPUIPlugin
2025-02-25 23:30:22,799 [INFO] PluginManager:220 - loadIPPluginJar : add lorawan
2025-02-25 23:30:22,815 [INFO] IPUIPlugin:80 - create IPUIPlugin
2025-02-25 23:30:22,815 [INFO] PluginManager:220 - loadIPPluginJar : add ltdc
2025-02-25 23:30:22,815 [INFO] IPUIPlugin:80 - create IPUIPlugin
2025-02-25 23:30:22,815 [INFO] PluginManager:220 - loadIPPluginJar : add mdma
2025-02-25 23:30:22,815 [INFO] IPUIPlugin:80 - create IPUIPlugin
2025-02-25 23:30:22,815 [INFO] PluginManager:220 - loadIPPluginJar : add nvic
2025-02-25 23:30:22,831 [INFO] IPUIPlugin:80 - create IPUIPlugin
2025-02-25 23:30:22,831 [INFO] PluginManager:220 - loadIPPluginJar : add opamp
2025-02-25 23:30:22,831 [INFO] IPUIPlugin:80 - create IPUIPlugin
2025-02-25 23:30:22,831 [INFO] PluginManager:220 - loadIPPluginJar : add openamp
2025-02-25 23:30:22,831 [INFO] IPUIPlugin:80 - create IPUIPlugin
2025-02-25 23:30:22,831 [INFO] PluginManager:220 - loadIPPluginJar : add pdm2pcm
2025-02-25 23:30:22,846 [INFO] IPUIPlugin:80 - create IPUIPlugin
2025-02-25 23:30:22,846 [INFO] PluginManager:220 - loadIPPluginJar : add plateformsettings
2025-02-25 23:30:22,846 [INFO] IPUIPlugin:80 - create IPUIPlugin
2025-02-25 23:30:22,846 [INFO] PluginManager:220 - loadIPPluginJar : add quadspi
2025-02-25 23:30:22,846 [INFO] IPUIPlugin:80 - create IPUIPlugin
2025-02-25 23:30:22,846 [INFO] PluginManager:220 - loadIPPluginJar : add radio
2025-02-25 23:30:22,862 [INFO] IPUIPlugin:80 - create IPUIPlugin
2025-02-25 23:30:22,862 [INFO] PluginManager:220 - loadIPPluginJar : add resmgrutility
2025-02-25 23:30:22,862 [INFO] IPUIPlugin:80 - create IPUIPlugin
2025-02-25 23:30:22,862 [INFO] PluginManager:220 - loadIPPluginJar : add sai
2025-02-25 23:30:22,862 [INFO] IPUIPlugin:80 - create IPUIPlugin
2025-02-25 23:30:22,862 [INFO] PluginManager:220 - loadIPPluginJar : add spi
2025-02-25 23:30:22,877 [INFO] IPUIPlugin:80 - create IPUIPlugin
2025-02-25 23:30:22,877 [INFO] PluginManager:220 - loadIPPluginJar : add stm32_wpan
2025-02-25 23:30:22,877 [INFO] IPUIPlugin:80 - create IPUIPlugin
2025-02-25 23:30:22,877 [INFO] PluginManager:220 - loadIPPluginJar : add tim
2025-02-25 23:30:22,877 [INFO] IPUIPlugin:80 - create IPUIPlugin
2025-02-25 23:30:22,877 [INFO] PluginManager:220 - loadIPPluginJar : add touchsensing
2025-02-25 23:30:22,877 [INFO] IPUIPlugin:80 - create IPUIPlugin
2025-02-25 23:30:22,877 [INFO] PluginManager:220 - loadIPPluginJar : add tracer_emb
2025-02-25 23:30:22,893 [INFO] IPUIPlugin:80 - create IPUIPlugin
2025-02-25 23:30:22,893 [INFO] PluginManager:220 - loadIPPluginJar : add ts
2025-02-25 23:30:22,893 [INFO] IPUIPlugin:80 - create IPUIPlugin
2025-02-25 23:30:22,893 [INFO] PluginManager:220 - loadIPPluginJar : add tsc
2025-02-25 23:30:22,893 [INFO] IPUIPlugin:80 - create IPUIPlugin
2025-02-25 23:30:22,893 [INFO] PluginManager:220 - loadIPPluginJar : add ucpd
2025-02-25 23:30:22,893 [INFO] IPUIPlugin:80 - create IPUIPlugin
2025-02-25 23:30:22,893 [INFO] PluginManager:220 - loadIPPluginJar : add usart
2025-02-25 23:30:22,893 [INFO] IPUIPlugin:80 - create IPUIPlugin
2025-02-25 23:30:22,893 [INFO] PluginManager:220 - loadIPPluginJar : add usbx
2025-02-25 23:30:23,043 [FATAL] Updater:351 - Updater called before beeing initialized
2025-02-25 23:30:23,075 [INFO] RulesReader:64 - Compatibility file has been processed (297 Rules)
2025-02-25 23:30:23,090 [INFO] RulesReader:64 - Compatibility file has been processed (297 Rules)
2025-02-25 23:30:23,090 [INFO] CADModel:165 - CPN selected for project level
2025-02-25 23:30:23,090 [INFO] CADModel:114 - Register for checkConnection events
2025-02-25 23:30:23,090 [FATAL] Updater:351 - Updater called before beeing initialized
2025-02-25 23:30:23,090 [ERROR] CADModel:125 - Updater not yet initialized, retry later 
2025-02-25 23:30:23,293 [FATAL] Updater:351 - Updater called before beeing initialized
2025-02-25 23:30:23,300 [INFO] CADModel:165 - CPN selected for project level
2025-02-25 23:30:23,300 [INFO] CADModel:114 - Register for checkConnection events
2025-02-25 23:30:23,300 [FATAL] Updater:351 - Updater called before beeing initialized
2025-02-25 23:30:23,300 [ERROR] CADModel:125 - Updater not yet initialized, retry later 
2025-02-25 23:30:23,300 [FATAL] Updater:351 - Updater called before beeing initialized
2025-02-25 23:30:23,410 [FATAL] Updater:351 - Updater called before beeing initialized
2025-02-25 23:30:23,425 [INFO] DbMcusAds:53 - JSON generation date=Tue Dec 17 21:31:15 IST 2024 (1734451275111)
2025-02-25 23:30:23,425 [FATAL] Updater:351 - Updater called before beeing initialized
2025-02-25 23:30:23,472 [WARN] DetailPanel:346 - Failed to get advertising image, set to default
2025-02-25 23:30:23,744 [FATAL] Updater:351 - Updater called before beeing initialized
2025-02-25 23:30:23,744 [FATAL] Updater:351 - Updater called before beeing initialized
2025-02-25 23:30:23,744 [FATAL] Updater:351 - Updater called before beeing initialized
2025-02-25 23:30:23,744 [WARN] DetailPanel:346 - Failed to get advertising image, set to default
2025-02-25 23:30:23,744 [FATAL] Updater:351 - Updater called before beeing initialized
2025-02-25 23:30:23,798 [ERROR] Updater:1198 - MainUpdater not yet initialized. External WinMGr cannot be set.
2025-02-25 23:30:23,798 [INFO] Updater:1134 - Updater Version found : 6.13.0
2025-02-25 23:30:23,813 [INFO] ApplicationProperties:184 - Using Application install path: C:\ST\STM32CubeIDE_1.17.0\STM32CubeIDE\plugins\com.st.stm32cube.common.mx_6.13.0.202411220809
2025-02-25 23:30:25,069 [INFO] ThirdPartyUpdaterWithRetryManager:70 - Updater plugin not ready yet. [2/15]
2025-02-25 23:30:25,428 [ERROR] LogOutputStream:75 - [STDERR_REDIRECT] Feb 25, 2025 11:30:25 PM java.util.prefs.WindowsPreferences <init>
2025-02-25 23:30:25,428 [ERROR] LogOutputStream:75 - [STDERR_REDIRECT] WARNING: Could not open/create prefs root node Software\JavaSoft\Prefs at root 0xffffffff80000002. Windows RegCreateKeyEx(...) returned error code 5.
2025-02-25 23:30:25,428 [ERROR] LogOutputStream:75 - [STDERR_REDIRECT] 
2025-02-25 23:30:25,774 [INFO] MainUpdater:2872 - connection check result : 10
2025-02-25 23:30:25,774 [INFO] MainUpdater:289 - Updater Check For Update Now.
2025-02-25 23:30:25,774 [INFO] MicroXplorer:498 - Change Database Version : DB.6.0.130
2025-02-25 23:30:25,789 [INFO] McuFinderGlobals:63 - Set McuFinder mode to 2 (CubeIDE integrated)
2025-02-25 23:30:25,789 [INFO] UserAuth:171 - activating auth plugin
2025-02-25 23:30:25,799 [INFO] UserAuth:486 - Internet connection configuration mode: 1
2025-02-25 23:30:25,831 [INFO] JxBrowserEngine:152 - Initiate JxBrowser Engine with user profile folder
2025-02-25 23:30:25,987 [INFO] CheckServerUpdateThread:120 - End of CheckServer Thread
2025-02-25 23:30:26,688 [INFO] WebApp:168 - Instantiating new browser for Auth
2025-02-25 23:30:27,888 [INFO] WebApp:449 - Apply proxy settings
2025-02-25 23:30:27,888 [INFO] WebApp:534 - Chromium requires no authentication
2025-02-25 23:30:27,906 [INFO] WebApp:477 - Direct internet connection detected
2025-02-25 23:30:27,944 [INFO] WebApp:880 - Register for checkConnection events
2025-02-25 23:30:27,944 [INFO] WebApp:449 - Apply proxy settings
2025-02-25 23:30:27,944 [INFO] WebApp:534 - Chromium requires no authentication
2025-02-25 23:30:27,944 [INFO] WebApp:477 - Direct internet connection detected
2025-02-25 23:30:28,203 [INFO] WebApp:221 - Starting web application
2025-02-25 23:30:28,203 [INFO] WebApp:579 - Web application path used C:\ST\STM32CubeIDE_1.17.0\STM32CubeIDE\plugins\com.st.stm32cube.common.mx_6.13.0.202411220809\db\plugins\mcufinder\reactClient1\index.html
2025-02-25 23:30:28,390 [WARN] PackLoader:240 - Cannot read IP mode file for STMicroelectronics.FP-SNS-MOTENVWB1.1.4.0
2025-02-25 23:30:28,409 [WARN] PackLoader:240 - Cannot read IP mode file for STMicroelectronics.FP-ATR-ASTRA1.2.0.1
2025-02-25 23:30:28,426 [WARN] PackLoader:240 - Cannot read IP mode file for STMicroelectronics.X-CUBE-SMBUS.2.1.0
2025-02-25 23:30:28,441 [WARN] PackLoader:240 - Cannot read IP mode file for STMicroelectronics.X-CUBE-WB05N.1.1.0
2025-02-25 23:30:28,526 [WARN] PackLoader:240 - Cannot read IP mode file for STMicroelectronics.X-CUBE-AZRTOS-F7.1.1.0
2025-02-25 23:30:28,546 [WARN] PackLoader:240 - Cannot read IP mode file for STMicroelectronics.FP-SNS-FLIGHT1.5.0.2
2025-02-25 23:30:28,594 [WARN] PackLoader:240 - Cannot read IP mode file for Infineon.AIROC-Wi-Fi-Bluetooth-STM32.1.7.0
2025-02-25 23:30:28,617 [WARN] PackLoader:240 - Cannot read IP mode file for STMicroelectronics.X-CUBE-DISPLAY.3.0.0
2025-02-25 23:30:28,633 [WARN] PackLoader:240 - Cannot read IP mode file for STMicroelectronics.X-CUBE-BLE1.7.0.0
2025-02-25 23:30:28,644 [WARN] PackLoader:240 - Cannot read IP mode file for STMicroelectronics.X-CUBE-NFC10.1.0.0
2025-02-25 23:30:28,666 [WARN] PackLoader:240 - Cannot read IP mode file for STMicroelectronics.X-CUBE-BLEMGR.4.0.0
2025-02-25 23:30:28,680 [INFO] WebApp:187 - Connection restablished
2025-02-25 23:30:28,681 [WARN] PackLoader:240 - Cannot read IP mode file for emotas.I-CUBE-CANOPEN.1.3.0
2025-02-25 23:30:28,689 [WARN] PackLoader:240 - Cannot read IP mode file for STMicroelectronics.X-CUBE-AI.10.0.0
2025-02-25 23:30:28,697 [WARN] PackLoader:240 - Cannot read IP mode file for STMicroelectronics.FP-SNS-SMARTAG2.1.2.0
2025-02-25 23:30:28,792 [WARN] PackLoader:240 - Cannot read IP mode file for STMicroelectronics.X-CUBE-MEMS1.11.1.0
2025-02-25 23:30:29,113 [INFO] LogOutputStream:77 - [STDOUT_REDIRECT] 1 : Invalid condition id : UX_CORESTACK_Condition cause : null
2025-02-25 23:30:29,116 [INFO] LogOutputStream:77 - [STDOUT_REDIRECT] 1 : Invalid condition id : UX_CORESTACK_Condition cause : null
2025-02-25 23:30:29,118 [INFO] LogOutputStream:77 - [STDOUT_REDIRECT] 1 : Invalid condition id : UX_CORESTACK_Condition cause : null
2025-02-25 23:30:29,120 [INFO] LogOutputStream:77 - [STDOUT_REDIRECT] 1 : Invalid condition id : UX_CORESTACK_Condition cause : null
2025-02-25 23:30:29,122 [INFO] LogOutputStream:77 - [STDOUT_REDIRECT] 1 : Invalid condition id : UX_CORESTACK_Condition cause : null
2025-02-25 23:30:29,130 [WARN] PackLoader:240 - Cannot read IP mode file for STMicroelectronics.X-CUBE-AZRTOS-WL.2.0.0
2025-02-25 23:30:29,142 [WARN] PackLoader:240 - Cannot read IP mode file for STMicroelectronics.FP-SNS-MOTENV1.5.0.0
2025-02-25 23:30:29,153 [WARN] PackLoader:240 - Cannot read IP mode file for wolfSSL.I-CUBE-wolfMQTT.1.19.0
2025-02-25 23:30:29,172 [WARN] PackLoader:240 - Cannot read IP mode file for WES.I-CUBE-Cesium.1.3.0
2025-02-25 23:30:29,183 [WARN] PackLoader:240 - Cannot read IP mode file for STMicroelectronics.X-CUBE-BLE2.3.3.0
2025-02-25 23:30:29,195 [WARN] PackLoader:240 - Cannot read IP mode file for STMicroelectronics.X-CUBE-NFC9.1.0.0
2025-02-25 23:30:29,346 [WARN] PackLoader:240 - Cannot read IP mode file for STMicroelectronics.X-CUBE-AZRTOS-G0.1.1.0
2025-02-25 23:30:29,361 [WARN] PackLoader:240 - Cannot read IP mode file for STMicroelectronics.X-CUBE-SAFEA1.1.2.2
2025-02-25 23:30:29,372 [WARN] PackLoader:240 - Cannot read IP mode file for STMicroelectronics.X-CUBE-NFC4.3.0.0
2025-02-25 23:30:29,390 [WARN] PackLoader:240 - Cannot read IP mode file for EmbeddedOffice.I-CUBE-FS-RTOS.1.0.1
2025-02-25 23:30:29,402 [WARN] PackLoader:240 - Cannot read IP mode file for STMicroelectronics.X-CUBE-TCPP.4.2.0
2025-02-25 23:30:29,413 [WARN] PackLoader:240 - Cannot read IP mode file for RealThread.X-CUBE-RT-Thread_Nano.4.1.1
2025-02-25 23:30:29,419 [WARN] PackLoader:240 - Cannot read IP mode file for STMicroelectronics.FP-ATR-SIGFOX1.3.2.0
2025-02-25 23:30:29,426 [WARN] ConditionMgr:438 - getConditionDescription Invalid condition id : Cortex-A Device cause : null
2025-02-25 23:30:29,448 [WARN] ConditionMgr:1044 - genDependencies : Invalid condition id : Cortex-A Device cause : null
2025-02-25 23:30:29,448 [WARN] ConditionMgr:1044 - genDependencies : Invalid condition id : Cortex-A Device cause : null
2025-02-25 23:30:29,448 [WARN] ConditionMgr:1044 - genDependencies : Invalid condition id : Cortex-A Device cause : null
2025-02-25 23:30:29,456 [WARN] PackLoader:240 - Cannot read IP mode file for STMicroelectronics.X-CUBE-EEPRMA1.5.1.0
2025-02-25 23:30:29,466 [WARN] PackLoader:240 - Cannot read IP mode file for wolfSSL.I-CUBE-wolfSSL.5.7.4
2025-02-25 23:30:29,474 [WARN] PackLoader:240 - Cannot read IP mode file for ITTIA_DB.I-CUBE-ITTIADB.8.9.0
2025-02-25 23:30:29,527 [WARN] PackLoader:240 - Cannot read IP mode file for SEGGER.I-CUBE-embOS.1.3.1
2025-02-25 23:30:29,614 [WARN] PackLoader:240 - Cannot read IP mode file for STMicroelectronics.X-CUBE-ALGOBUILD.1.4.0
2025-02-25 23:30:29,623 [WARN] PackLoader:240 - Cannot read IP mode file for STMicroelectronics.X-CUBE-AI.9.1.0
2025-02-25 23:30:29,657 [WARN] PackLoader:240 - Cannot read IP mode file for STMicroelectronics.X-CUBE-AZRTOS-F4.1.1.0
2025-02-25 23:30:29,670 [WARN] PackLoader:240 - Cannot read IP mode file for STMicroelectronics.X-CUBE-ISPU.2.1.0
2025-02-25 23:30:29,705 [WARN] PackLoader:240 - Cannot read IP mode file for STMicroelectronics.X-CUBE-AZRTOS-L5.2.0.0
2025-02-25 23:30:29,724 [WARN] PackLoader:240 - Cannot read IP mode file for STMicroelectronics.X-CUBE-NFC6.3.1.0
2025-02-25 23:30:29,738 [WARN] PackLoader:240 - Cannot read IP mode file for STMicroelectronics.X-CUBE-DPower.1.2.0
2025-02-25 23:30:29,749 [WARN] PackLoader:240 - Cannot read IP mode file for STMicroelectronics.X-CUBE-FREERTOS.1.3.0
2025-02-25 23:30:29,762 [WARN] PackLoader:240 - Cannot read IP mode file for STMicroelectronics.X-CUBE-NFC7.1.0.1
2025-02-25 23:30:29,799 [WARN] ConditionMgr:438 - getConditionDescription Invalid condition id : LAN8742 Phy interface Condition cause : null
2025-02-25 23:30:29,800 [WARN] PackLoader:240 - Cannot read IP mode file for STMicroelectronics.X-CUBE-AZRTOS-L4.2.0.0
2025-02-25 23:30:29,803 [WARN] ConditionMgr:1044 - genDependencies : Invalid condition id : LAN8742 Phy interface Condition cause : null
2025-02-25 23:30:29,803 [WARN] ConditionMgr:1044 - genDependencies : Invalid condition id : LAN8742 Phy interface Condition cause : null
2025-02-25 23:30:29,804 [WARN] ConditionMgr:1044 - genDependencies : Invalid condition id : LAN8742 Phy interface Condition cause : null
2025-02-25 23:30:29,818 [WARN] PackLoader:240 - Cannot read IP mode file for STMicroelectronics.X-CUBE-SFXS2LP1.4.0.0
2025-02-25 23:30:29,855 [WARN] PackLoader:240 - Cannot read IP mode file for STMicroelectronics.X-CUBE-AZRTOS-H7.3.3.0
2025-02-25 23:30:29,882 [WARN] ConditionMgr:438 - getConditionDescription Invalid condition id : UX DEVICE CLASS RTOS Condition cause : null
2025-02-25 23:30:29,883 [WARN] ConditionMgr:438 - getConditionDescription Invalid condition id : UX DEVICE CLASS RTOS Condition cause : null
2025-02-25 23:30:29,886 [WARN] PackLoader:240 - Cannot read IP mode file for STMicroelectronics.X-CUBE-AZRTOS-WB.2.0.0
2025-02-25 23:30:29,887 [WARN] ConditionMgr:1044 - genDependencies : Invalid condition id : UX DEVICE CLASS RTOS Condition cause : null
2025-02-25 23:30:29,888 [WARN] ConditionMgr:1044 - genDependencies : Invalid condition id : UX DEVICE CLASS RTOS Condition cause : null
2025-02-25 23:30:29,888 [WARN] ConditionMgr:1044 - genDependencies : Invalid condition id : UX DEVICE CLASS RTOS Condition cause : null
2025-02-25 23:30:29,889 [WARN] ConditionMgr:1044 - genDependencies : Invalid condition id : UX DEVICE CLASS RTOS Condition cause : null
2025-02-25 23:30:29,889 [WARN] ConditionMgr:1044 - genDependencies : Invalid condition id : UX DEVICE CLASS RTOS Condition cause : null
2025-02-25 23:30:29,900 [WARN] PackLoader:240 - Cannot read IP mode file for STMicroelectronics.X-CUBE-GNSS1.7.0.1
2025-02-25 23:30:29,915 [WARN] PackLoader:240 - Cannot read IP mode file for STMicroelectronics.FP-SNS-STBOX1.2.0.0
2025-02-25 23:30:29,938 [WARN] PackLoader:240 - Cannot read IP mode file for STMicroelectronics.X-CUBE-SUBG2.5.0.0
2025-02-25 23:30:29,953 [WARN] PackLoader:240 - Cannot read IP mode file for Cesanta.I-CUBE-Mongoose.7.13.0
2025-02-25 23:30:29,979 [WARN] PackLoader:240 - Cannot read IP mode file for STMicroelectronics.X-CUBE-AZRTOS-G4.2.0.0
2025-02-25 23:30:30,010 [WARN] PackLoader:240 - Cannot read IP mode file for STMicroelectronics.X-CUBE-IPS.3.1.0
2025-02-25 23:30:30,027 [WARN] PackLoader:240 - Cannot read IP mode file for STMicroelectronics.X-CUBE-ALS.1.0.2
2025-02-25 23:30:30,034 [WARN] PackLoader:240 - Cannot read IP mode file for STMicroelectronics.X-CUBE-TOUCHGFX.4.24.2
2025-02-25 23:30:30,040 [WARN] PackLoader:240 - Cannot read IP mode file for wolfSSL.I-CUBE-wolfTPM.3.4.0
2025-02-25 23:30:30,048 [WARN] PackLoader:240 - Cannot read IP mode file for portGmbH.I-Cube-SoM-uGOAL.1.1.0
2025-02-25 23:30:30,073 [WARN] PackLoader:240 - Cannot read IP mode file for STMicroelectronics.X-CUBE-AZRTOS-H7RS.1.0.0
2025-02-25 23:30:30,094 [WARN] PackLoader:240 - Cannot read IP mode file for STMicroelectronics.X-CUBE-TOF1.3.4.2
2025-02-25 23:30:30,118 [WARN] PackLoader:240 - Cannot read IP mode file for wolfSSL.I-CUBE-wolfSSH.1.4.17
2025-02-25 23:30:30,118 [INFO] ThirdParty:978 - Integrity check success = true
2025-02-25 23:30:30,118 [INFO] IntegrityCheckThread:100 - exiting critical section [integrity check]
2025-02-25 23:30:30,118 [INFO] IntegrityCheckThread:103 - End integrity checks thread
2025-02-25 23:35:06,036 [INFO] WebApp:190 - Connection lost
2025-02-25 23:35:07,372 [INFO] WebApp:187 - Connection restablished
2025-02-25 23:35:11,026 [INFO] WebApp:190 - Connection lost
2025-02-25 23:35:17,742 [INFO] WebApp:187 - Connection restablished
2025-02-25 23:35:22,003 [INFO] WebApp:190 - Connection lost
2025-02-25 23:35:22,406 [INFO] WebApp:187 - Connection restablished
