2025-03-09 14:20:57,137 [INFO] WebApp:190 - Connection lost
2025-03-09 14:21:03,493 [INFO] WebApp:187 - Connection restablished
2025-03-09 14:21:06,374 [INFO] WebApp:190 - Connection lost
2025-03-09 14:21:06,571 [INFO] WebApp:187 - Connection restablished
2025-03-09 14:21:09,524 [INFO] WebApp:190 - Connection lost
2025-03-09 14:21:09,738 [INFO] WebApp:187 - Connection restablished
2025-03-09 14:22:54,382 [INFO] WebApp:190 - Connection lost
2025-03-09 14:22:54,706 [INFO] WebApp:187 - Connection restablished
2025-03-09 14:23:28,880 [INFO] WebApp:190 - Connection lost
2025-03-09 14:23:29,200 [INFO] WebApp:187 - Connection restablished
2025-03-09 14:26:26,306 [INFO] WebApp:190 - Connection lost
2025-03-09 14:26:27,030 [INFO] WebApp:187 - Connection restablished
2025-03-09 14:26:29,414 [INFO] WebApp:190 - Connection lost
2025-03-09 14:26:29,720 [INFO] WebApp:187 - Connection restablished
2025-03-09 14:54:18,885 [INFO] WebApp:190 - Connection lost
2025-03-09 14:54:19,735 [INFO] WebApp:187 - Connection restablished
2025-03-09 15:32:01,334 [INFO] WebApp:190 - Connection lost
2025-03-09 15:32:04,268 [INFO] WebApp:187 - Connection restablished
2025-03-09 15:32:05,428 [INFO] WebApp:190 - Connection lost
2025-03-09 15:32:05,526 [INFO] WebApp:187 - Connection restablished
2025-03-09 15:38:34,362 [INFO] WebApp:190 - Connection lost
2025-03-09 15:38:34,677 [INFO] WebApp:187 - Connection restablished
2025-03-09 15:40:53,619 [INFO] WebApp:190 - Connection lost
2025-03-09 15:45:03,613 [INFO] WebApp:187 - Connection restablished
2025-03-09 15:58:28,856 [INFO] WebApp:190 - Connection lost
2025-03-09 15:58:29,074 [INFO] WebApp:187 - Connection restablished
2025-03-09 16:00:32,349 [INFO] WebApp:389 - JxBrowser engine has been closed 
2025-03-09 18:28:45,575 [INFO] Activator:176 - 


2025-03-09 18:28:45,577 [INFO] Activator:177 - !SESSION log4j initialized
2025-03-09 18:28:52,172 [INFO] LogOutputStream:77 - [STDOUT_REDIRECT] 
2025-03-09 18:28:52,637 [ERROR] ConfigurationRetriever:142 - IOException on connection: sw-center.st.com
2025-03-09 18:28:52,638 [ERROR] ConfigurationRetriever:142 - IOException on connection: sw-center.st.com
2025-03-09 18:28:52,639 [ERROR] ConfigurationRetriever:142 - IOException on connection: sw-center.st.com
2025-03-09 18:28:52,646 [ERROR] ConfigurationRetriever:142 - IOException on connection: sw-center.st.com
2025-03-09 18:28:52,647 [ERROR] ConfigurationRetriever:142 - IOException on connection: sw-center.st.com
2025-03-09 18:28:52,648 [ERROR] ConfigurationRetriever:142 - IOException on connection: sw-center.st.com
2025-03-09 18:28:54,160 [INFO] ApplicationProperties:184 - Using Application install path: C:\ST\STM32CubeIDE_1.17.0\STM32CubeIDE\plugins\com.st.stm32cube.common.mx_6.13.0.202411220809
2025-03-09 18:28:54,174 [INFO] DbMcusXml:78 - Set database path to: C:\ST\STM32CubeIDE_1.17.0\STM32CubeIDE\plugins\com.st.stm32cube.common.mx_6.13.0.202411220809\\db\/mcu/
2025-03-09 18:28:54,174 [INFO] ApiDb:274 - Set plugin database path to: C:\ST\STM32CubeIDE_1.17.0\STM32CubeIDE\plugins\com.st.stm32cube.common.mx_6.13.0.202411220809\\db\/plugins/boardmanager/
2025-03-09 18:28:54,174 [WARN] ApiDb:259 - Overriding images path with different value:  => C:\ST\STM32CubeIDE_1.17.0\STM32CubeIDE\plugins\com.st.stm32cube.common.mx_6.13.0.202411220809\\db\/plugins/mcufinder/images/
2025-03-09 18:28:54,182 [INFO] ApiDb:250 - Set database path to: C:\Users\vinaykumar\.stmcufinder\plugins\mcufinder//mcu/
2025-03-09 18:28:54,182 [INFO] DbMcusAds:125 - Set database path to: C:\Users\vinaykumar\.stmcufinder\plugins\mcufinder//mcu/
2025-03-09 18:28:54,190 [INFO] CrossReferenceDbSqlite:203 - Set database path to: C:\Users\vinaykumar\.stmcufinder\plugins\mcufinder//mcu/cs/
2025-03-09 18:28:54,296 [INFO] RulesReader:64 - Compatibility file has been processed (297 Rules)
2025-03-09 18:28:54,391 [INFO] DbMcusXml:78 - Set database path to: C:\ST\STM32CubeIDE_1.17.0\STM32CubeIDE\plugins\com.st.stm32cube.common.mx_6.13.0.202411220809\\db\/mcu/
2025-03-09 18:28:54,394 [INFO] ApiDb:274 - Set plugin database path to: C:\ST\STM32CubeIDE_1.17.0\STM32CubeIDE\plugins\com.st.stm32cube.common.mx_6.13.0.202411220809\\db\/plugins/boardmanager/
2025-03-09 18:28:54,394 [INFO] ApiDb:261 - Set plugin images path to: C:\ST\STM32CubeIDE_1.17.0\STM32CubeIDE\plugins\com.st.stm32cube.common.mx_6.13.0.202411220809\\db\/plugins/mcufinder/images/
2025-03-09 18:28:54,394 [WARN] DbFile:41 - Overriding database path with different value: C:\Users\vinaykumar\.stmcufinder\plugins\mcufinder/ => C:\Users\vinaykumar\.stmcufinder\plugins\mcufinder
2025-03-09 18:28:54,394 [INFO] ApiDb:250 - Set database path to: C:\Users\vinaykumar\.stmcufinder\plugins\mcufinder//mcu/
2025-03-09 18:28:54,394 [WARN] DbFile:41 - Overriding database path with different value: C:\Users\vinaykumar\.stmcufinder\plugins\mcufinder/ => C:\Users\vinaykumar\.stmcufinder\plugins\mcufinder
2025-03-09 18:28:54,394 [INFO] DbMcusAds:125 - Set database path to: C:\Users\vinaykumar\.stmcufinder\plugins\mcufinder//mcu/
2025-03-09 18:28:54,394 [WARN] DbFile:41 - Overriding database path with different value: C:\Users\vinaykumar\.stmcufinder\plugins\mcufinder/ => C:\Users\vinaykumar\.stmcufinder\plugins\mcufinder
2025-03-09 18:28:54,394 [WARN] DbFile:41 - Overriding database path with different value: C:\Users\vinaykumar\.stmcufinder\plugins\mcufinder/ => C:\Users\vinaykumar\.stmcufinder\plugins\mcufinder
2025-03-09 18:28:54,394 [INFO] CrossReferenceDbSqlite:203 - Set database path to: C:\Users\vinaykumar\.stmcufinder\plugins\mcufinder//mcu/cs/
2025-03-09 18:28:54,491 [INFO] MainPanel:272 - HeapMemory: 268435456
2025-03-09 18:28:54,654 [INFO] DbMcusXml:78 - Set database path to: C:\ST\STM32CubeIDE_1.17.0\STM32CubeIDE\plugins\com.st.stm32cube.common.mx_6.13.0.202411220809\\db\/mcu/
2025-03-09 18:28:54,657 [INFO] ApiDb:274 - Set plugin database path to: C:\ST\STM32CubeIDE_1.17.0\STM32CubeIDE\plugins\com.st.stm32cube.common.mx_6.13.0.202411220809\\db\/plugins/boardmanager/
2025-03-09 18:28:54,657 [INFO] ApiDb:261 - Set plugin images path to: C:\ST\STM32CubeIDE_1.17.0\STM32CubeIDE\plugins\com.st.stm32cube.common.mx_6.13.0.202411220809\\db\/plugins/mcufinder/images/
2025-03-09 18:28:54,657 [WARN] DbFile:41 - Overriding database path with different value: C:\Users\vinaykumar\.stmcufinder\plugins\mcufinder/ => C:\Users\vinaykumar\.stmcufinder\plugins\mcufinder
2025-03-09 18:28:54,657 [INFO] ApiDb:250 - Set database path to: C:\Users\vinaykumar\.stmcufinder\plugins\mcufinder//mcu/
2025-03-09 18:28:54,657 [WARN] DbFile:41 - Overriding database path with different value: C:\Users\vinaykumar\.stmcufinder\plugins\mcufinder/ => C:\Users\vinaykumar\.stmcufinder\plugins\mcufinder
2025-03-09 18:28:54,657 [INFO] DbMcusAds:125 - Set database path to: C:\Users\vinaykumar\.stmcufinder\plugins\mcufinder//mcu/
2025-03-09 18:28:54,657 [WARN] DbFile:41 - Overriding database path with different value: C:\Users\vinaykumar\.stmcufinder\plugins\mcufinder/ => C:\Users\vinaykumar\.stmcufinder\plugins\mcufinder
2025-03-09 18:28:54,657 [WARN] DbFile:41 - Overriding database path with different value: C:\Users\vinaykumar\.stmcufinder\plugins\mcufinder/ => C:\Users\vinaykumar\.stmcufinder\plugins\mcufinder
2025-03-09 18:28:54,657 [INFO] CrossReferenceDbSqlite:203 - Set database path to: C:\Users\vinaykumar\.stmcufinder\plugins\mcufinder//mcu/cs/
2025-03-09 18:28:54,681 [INFO] ApplicationProperties:184 - Using Application install path: C:\ST\STM32CubeIDE_1.17.0\STM32CubeIDE\plugins\com.st.stm32cube.common.mx_6.13.0.202411220809
2025-03-09 18:28:54,681 [INFO] PluginManage:196 - Search for loadable plugins [exclusion list=, ]
2025-03-09 18:28:54,683 [INFO] PluginManage:310 - Check plugin analytics
2025-03-09 18:28:54,884 [INFO] AnalyticsPlugin:253 - Accepted Software Licenses: 
2025-03-09 18:28:54,884 [INFO] AnalyticsPlugin:255 - Accepted CMSIS Pack Licenses: 
2025-03-09 18:28:54,884 [INFO] AnalyticsPlugin:257 - Accepted Firmware Licenses: 
2025-03-09 18:28:54,884 [INFO] PluginManage:359 - Loaded plugin analytics (category:tool,tabindex:-1)
2025-03-09 18:28:54,884 [INFO] PluginManage:310 - Check plugin cadmodel
2025-03-09 18:28:54,884 [ERROR] ConfigurationRetriever:142 - IOException on connection: sw-center.st.com
2025-03-09 18:28:54,892 [ERROR] ConfigurationRetriever:142 - IOException on connection: sw-center.st.com
2025-03-09 18:28:54,892 [ERROR] ConfigurationRetriever:142 - IOException on connection: sw-center.st.com
2025-03-09 18:28:54,916 [INFO] CADModel:105 - Init CAD model plugin
2025-03-09 18:28:54,916 [INFO] PluginManage:359 - Loaded plugin cadmodel (category:power,tabindex:5)
2025-03-09 18:28:54,916 [INFO] PluginManage:310 - Check plugin clock
2025-03-09 18:28:54,940 [INFO] PluginManage:359 - Loaded plugin clock (category:base,tabindex:2)
2025-03-09 18:28:54,940 [INFO] PluginManage:310 - Check plugin ddr
2025-03-09 18:28:54,940 [INFO] PluginManage:359 - Loaded plugin ddr (category:tool,tabindex:6)
2025-03-09 18:28:54,940 [INFO] PluginManage:310 - Check plugin filemanager
2025-03-09 18:28:55,104 [INFO] PluginManage:359 - Loaded plugin filemanager (category:base,tabindex:10)
2025-03-09 18:28:55,104 [INFO] PluginManage:310 - Check plugin ipmanager
2025-03-09 18:28:55,112 [INFO] PluginManage:359 - Loaded plugin ipmanager (category:base,tabindex:5)
2025-03-09 18:28:55,112 [INFO] PluginManage:310 - Check plugin lpbam
2025-03-09 18:28:55,137 [INFO] PluginManage:359 - Loaded plugin lpbam (category:base,tabindex:0)
2025-03-09 18:28:55,137 [INFO] PluginManage:310 - Check plugin memorymap
2025-03-09 18:28:55,170 [INFO] PluginManage:359 - Loaded plugin memorymap (category:base,tabindex:4)
2025-03-09 18:28:55,170 [INFO] PluginManage:310 - Check plugin pinoutandconfiguration
2025-03-09 18:28:55,193 [INFO] PluginManage:359 - Loaded plugin pinoutandconfiguration (category:base,tabindex:1)
2025-03-09 18:28:55,193 [INFO] PluginManage:310 - Check plugin pinoutconfig
2025-03-09 18:28:55,318 [WARN] SupportedApi:132 - Cannot load RTOS API schema: s4s-elt-must-match.1: The content of 'definitions' must match (annotation?, (simpleType | complexType)?, (unique | key | keyref)*)). A problem was found starting at: attribute.
2025-03-09 18:28:55,472 [INFO] PluginManage:359 - Loaded plugin pinoutconfig (category:base,tabindex:0)
2025-03-09 18:28:55,472 [INFO] PluginManage:310 - Check plugin power
2025-03-09 18:28:55,507 [INFO] PluginManage:359 - Loaded plugin power (category:power,tabindex:4)
2025-03-09 18:28:55,507 [INFO] PluginManage:310 - Check plugin projectmanager
2025-03-09 18:28:55,522 [INFO] PluginManage:359 - Loaded plugin projectmanager (category:projectmanager,tabindex:4)
2025-03-09 18:28:55,522 [INFO] PluginManage:310 - Check plugin rif
2025-03-09 18:28:55,553 [INFO] PluginManage:359 - Loaded plugin rif (category:base,tabindex:3)
2025-03-09 18:28:55,553 [INFO] PluginManage:310 - Check plugin thirdparty
2025-03-09 18:28:55,849 [WARN] IntegrityCheckThread:84 - waiting for thirdparty lock release [integrity check]
2025-03-09 18:28:55,849 [INFO] IntegrityCheckThread:86 - entering critical section [integrity check]
2025-03-09 18:28:55,849 [INFO] PluginManage:359 - Loaded plugin thirdparty (category:base,tabindex:-1)
2025-03-09 18:28:55,853 [INFO] PluginManage:310 - Check plugin tools
2025-03-09 18:28:55,853 [INFO] ThirdPartyUpdaterWithRetryManager:70 - Updater plugin not ready yet. [1/15]
2025-03-09 18:28:55,893 [INFO] PluginManage:359 - Loaded plugin tools (category:base,tabindex:7)
2025-03-09 18:28:55,893 [INFO] PluginManage:310 - Check plugin tutovideos
2025-03-09 18:28:56,083 [INFO] PluginManage:359 - Loaded plugin tutovideos (category:base,tabindex:-1)
2025-03-09 18:28:56,083 [INFO] PluginManage:310 - Check plugin updater
2025-03-09 18:28:56,109 [INFO] PluginManage:359 - Loaded plugin updater (category:base,tabindex:12)
2025-03-09 18:28:56,109 [INFO] PluginManage:310 - Check plugin userauth
2025-03-09 18:28:56,116 [INFO] UserAuth:118 - Init User Auth plugin
2025-03-09 18:28:56,116 [INFO] PluginManage:359 - Loaded plugin userauth (category:base,tabindex:14)
2025-03-09 18:28:56,116 [INFO] PluginManage:283 - PluginManage : Loaded plugins [18]
2025-03-09 18:28:56,348 [INFO] PinOutPanel:1589 - setPackage(No Configuration,No Configuration)
2025-03-09 18:28:56,462 [INFO] CADModel:165 - CPN selected for project level
2025-03-09 18:28:56,462 [INFO] CADModel:114 - Register for checkConnection events
2025-03-09 18:28:56,500 [INFO] IPUIPlugin:80 - create IPUIPlugin
2025-03-09 18:28:56,500 [INFO] PluginManager:220 - loadIPPluginJar : add adc
2025-03-09 18:28:56,547 [INFO] IPUIPlugin:80 - create IPUIPlugin
2025-03-09 18:28:56,547 [INFO] PluginManager:220 - loadIPPluginJar : add aes
2025-03-09 18:28:56,603 [INFO] IPUIPlugin:80 - create IPUIPlugin
2025-03-09 18:28:56,603 [INFO] PluginManager:220 - loadIPPluginJar : add can
2025-03-09 18:28:56,631 [INFO] IPUIPlugin:80 - create IPUIPlugin
2025-03-09 18:28:56,631 [INFO] PluginManager:220 - loadIPPluginJar : add comp
2025-03-09 18:28:56,677 [INFO] IPUIPlugin:80 - create IPUIPlugin
2025-03-09 18:28:56,677 [INFO] PluginManager:220 - loadIPPluginJar : add cryp
2025-03-09 18:28:56,690 [INFO] IPUIPlugin:80 - create IPUIPlugin
2025-03-09 18:28:56,690 [INFO] PluginManager:220 - loadIPPluginJar : add ddr_ctrl_phy
2025-03-09 18:28:56,722 [INFO] IPUIPlugin:80 - create IPUIPlugin
2025-03-09 18:28:56,722 [INFO] PluginManager:220 - loadIPPluginJar : add dfsdm
2025-03-09 18:28:56,742 [INFO] IPUIPlugin:80 - create IPUIPlugin
2025-03-09 18:28:56,742 [INFO] PluginManager:220 - loadIPPluginJar : add dma
2025-03-09 18:28:56,787 [INFO] IPUIPlugin:80 - create IPUIPlugin
2025-03-09 18:28:56,787 [INFO] PluginManager:220 - loadIPPluginJar : add dma3
2025-03-09 18:28:56,845 [INFO] IPUIPlugin:80 - create IPUIPlugin
2025-03-09 18:28:56,845 [INFO] PluginManager:220 - loadIPPluginJar : add extmemmanager
2025-03-09 18:28:56,874 [INFO] IPUIPlugin:80 - create IPUIPlugin
2025-03-09 18:28:56,874 [INFO] PluginManager:220 - loadIPPluginJar : add fatfs
2025-03-09 18:28:56,930 [INFO] IPUIPlugin:80 - create IPUIPlugin
2025-03-09 18:28:56,930 [INFO] PluginManager:220 - loadIPPluginJar : add fmc
2025-03-09 18:28:56,943 [INFO] IPUIPlugin:80 - create IPUIPlugin
2025-03-09 18:28:56,943 [INFO] PluginManager:220 - loadIPPluginJar : add freertos
2025-03-09 18:28:56,968 [INFO] IPUIPlugin:80 - create IPUIPlugin
2025-03-09 18:28:56,968 [INFO] PluginManager:220 - loadIPPluginJar : add genericplugin
2025-03-09 18:28:57,091 [INFO] IPUIPlugin:80 - create IPUIPlugin
2025-03-09 18:28:57,091 [INFO] PluginManager:220 - loadIPPluginJar : add gfxmmu
2025-03-09 18:28:57,223 [INFO] IPUIPlugin:80 - create IPUIPlugin
2025-03-09 18:28:57,231 [INFO] PluginManager:220 - loadIPPluginJar : add gic
2025-03-09 18:28:57,244 [INFO] IPUIPlugin:80 - create IPUIPlugin
2025-03-09 18:28:57,244 [INFO] PluginManager:220 - loadIPPluginJar : add gpio
2025-03-09 18:28:57,346 [INFO] IPUIPlugin:80 - create IPUIPlugin
2025-03-09 18:28:57,348 [INFO] PluginManager:220 - loadIPPluginJar : add gtzc
2025-03-09 18:28:57,385 [INFO] IPUIPlugin:80 - create IPUIPlugin
2025-03-09 18:28:57,385 [INFO] PluginManager:220 - loadIPPluginJar : add hash
2025-03-09 18:28:57,440 [INFO] IPUIPlugin:80 - create IPUIPlugin
2025-03-09 18:28:57,440 [INFO] PluginManager:220 - loadIPPluginJar : add i2c
2025-03-09 18:28:57,480 [INFO] IPUIPlugin:80 - create IPUIPlugin
2025-03-09 18:28:57,480 [INFO] PluginManager:220 - loadIPPluginJar : add i2s
2025-03-09 18:28:57,529 [INFO] IPUIPlugin:80 - create IPUIPlugin
2025-03-09 18:28:57,529 [INFO] PluginManager:220 - loadIPPluginJar : add i3c
2025-03-09 18:28:57,645 [INFO] IPUIPlugin:80 - create IPUIPlugin
2025-03-09 18:28:57,645 [INFO] PluginManager:220 - loadIPPluginJar : add ipddr
2025-03-09 18:28:57,744 [INFO] IPUIPlugin:80 - create IPUIPlugin
2025-03-09 18:28:57,744 [INFO] PluginManager:220 - loadIPPluginJar : add linkedlist
2025-03-09 18:28:57,785 [INFO] IPUIPlugin:80 - create IPUIPlugin
2025-03-09 18:28:57,785 [INFO] PluginManager:220 - loadIPPluginJar : add lorawan
2025-03-09 18:28:57,828 [INFO] IPUIPlugin:80 - create IPUIPlugin
2025-03-09 18:28:57,828 [INFO] PluginManager:220 - loadIPPluginJar : add ltdc
2025-03-09 18:28:57,841 [INFO] IPUIPlugin:80 - create IPUIPlugin
2025-03-09 18:28:57,841 [INFO] PluginManager:220 - loadIPPluginJar : add mdma
2025-03-09 18:28:57,858 [INFO] IPUIPlugin:80 - create IPUIPlugin
2025-03-09 18:28:57,858 [INFO] PluginManager:220 - loadIPPluginJar : add nvic
2025-03-09 18:28:57,899 [INFO] IPUIPlugin:80 - create IPUIPlugin
2025-03-09 18:28:57,899 [INFO] PluginManager:220 - loadIPPluginJar : add opamp
2025-03-09 18:28:57,963 [INFO] IPUIPlugin:80 - create IPUIPlugin
2025-03-09 18:28:57,963 [INFO] PluginManager:220 - loadIPPluginJar : add openamp
2025-03-09 18:28:58,006 [INFO] IPUIPlugin:80 - create IPUIPlugin
2025-03-09 18:28:58,006 [INFO] PluginManager:220 - loadIPPluginJar : add pdm2pcm
2025-03-09 18:28:58,023 [INFO] IPUIPlugin:80 - create IPUIPlugin
2025-03-09 18:28:58,023 [INFO] PluginManager:220 - loadIPPluginJar : add plateformsettings
2025-03-09 18:28:58,055 [INFO] IPUIPlugin:80 - create IPUIPlugin
2025-03-09 18:28:58,055 [INFO] PluginManager:220 - loadIPPluginJar : add quadspi
2025-03-09 18:28:58,084 [INFO] IPUIPlugin:80 - create IPUIPlugin
2025-03-09 18:28:58,084 [INFO] PluginManager:220 - loadIPPluginJar : add radio
2025-03-09 18:28:58,103 [INFO] IPUIPlugin:80 - create IPUIPlugin
2025-03-09 18:28:58,105 [INFO] PluginManager:220 - loadIPPluginJar : add resmgrutility
2025-03-09 18:28:58,164 [INFO] IPUIPlugin:80 - create IPUIPlugin
2025-03-09 18:28:58,164 [INFO] PluginManager:220 - loadIPPluginJar : add sai
2025-03-09 18:28:58,207 [INFO] IPUIPlugin:80 - create IPUIPlugin
2025-03-09 18:28:58,207 [INFO] PluginManager:220 - loadIPPluginJar : add spi
2025-03-09 18:28:58,271 [INFO] IPUIPlugin:80 - create IPUIPlugin
2025-03-09 18:28:58,271 [INFO] PluginManager:220 - loadIPPluginJar : add stm32_wpan
2025-03-09 18:28:58,297 [INFO] IPUIPlugin:80 - create IPUIPlugin
2025-03-09 18:28:58,297 [INFO] PluginManager:220 - loadIPPluginJar : add tim
2025-03-09 18:28:58,363 [INFO] IPUIPlugin:80 - create IPUIPlugin
2025-03-09 18:28:58,363 [INFO] PluginManager:220 - loadIPPluginJar : add touchsensing
2025-03-09 18:28:58,392 [INFO] IPUIPlugin:80 - create IPUIPlugin
2025-03-09 18:28:58,395 [INFO] PluginManager:220 - loadIPPluginJar : add tracer_emb
2025-03-09 18:28:58,426 [INFO] IPUIPlugin:80 - create IPUIPlugin
2025-03-09 18:28:58,426 [INFO] PluginManager:220 - loadIPPluginJar : add ts
2025-03-09 18:28:58,458 [INFO] IPUIPlugin:80 - create IPUIPlugin
2025-03-09 18:28:58,458 [INFO] PluginManager:220 - loadIPPluginJar : add tsc
2025-03-09 18:28:58,480 [INFO] IPUIPlugin:80 - create IPUIPlugin
2025-03-09 18:28:58,480 [INFO] PluginManager:220 - loadIPPluginJar : add ucpd
2025-03-09 18:28:58,530 [INFO] IPUIPlugin:80 - create IPUIPlugin
2025-03-09 18:28:58,530 [INFO] PluginManager:220 - loadIPPluginJar : add usart
2025-03-09 18:28:58,574 [INFO] IPUIPlugin:80 - create IPUIPlugin
2025-03-09 18:28:58,574 [INFO] PluginManager:220 - loadIPPluginJar : add usbx
2025-03-09 18:28:58,704 [FATAL] Updater:351 - Updater called before beeing initialized
2025-03-09 18:28:58,750 [INFO] RulesReader:64 - Compatibility file has been processed (297 Rules)
2025-03-09 18:28:58,762 [INFO] RulesReader:64 - Compatibility file has been processed (297 Rules)
2025-03-09 18:28:58,772 [INFO] CADModel:165 - CPN selected for project level
2025-03-09 18:28:58,772 [INFO] CADModel:114 - Register for checkConnection events
2025-03-09 18:28:58,772 [FATAL] Updater:351 - Updater called before beeing initialized
2025-03-09 18:28:58,772 [ERROR] CADModel:125 - Updater not yet initialized, retry later 
2025-03-09 18:28:58,864 [INFO] ThirdPartyUpdaterWithRetryManager:70 - Updater plugin not ready yet. [2/15]
2025-03-09 18:28:58,919 [FATAL] Updater:351 - Updater called before beeing initialized
2025-03-09 18:28:58,925 [INFO] CADModel:165 - CPN selected for project level
2025-03-09 18:28:58,925 [INFO] CADModel:114 - Register for checkConnection events
2025-03-09 18:28:58,925 [FATAL] Updater:351 - Updater called before beeing initialized
2025-03-09 18:28:58,925 [ERROR] CADModel:125 - Updater not yet initialized, retry later 
2025-03-09 18:28:58,928 [FATAL] Updater:351 - Updater called before beeing initialized
2025-03-09 18:28:59,035 [FATAL] Updater:351 - Updater called before beeing initialized
2025-03-09 18:28:59,049 [INFO] DbMcusAds:53 - JSON generation date=Tue Dec 17 21:31:15 IST 2024 (1734451275111)
2025-03-09 18:28:59,049 [FATAL] Updater:351 - Updater called before beeing initialized
2025-03-09 18:28:59,091 [WARN] DetailPanel:346 - Failed to get advertising image, set to default
2025-03-09 18:28:59,286 [FATAL] Updater:351 - Updater called before beeing initialized
2025-03-09 18:28:59,290 [FATAL] Updater:351 - Updater called before beeing initialized
2025-03-09 18:28:59,290 [FATAL] Updater:351 - Updater called before beeing initialized
2025-03-09 18:28:59,290 [WARN] DetailPanel:346 - Failed to get advertising image, set to default
2025-03-09 18:28:59,290 [FATAL] Updater:351 - Updater called before beeing initialized
2025-03-09 18:28:59,351 [ERROR] Updater:1198 - MainUpdater not yet initialized. External WinMGr cannot be set.
2025-03-09 18:28:59,359 [INFO] Updater:1134 - Updater Version found : 6.13.0
2025-03-09 18:28:59,380 [INFO] ApplicationProperties:184 - Using Application install path: C:\ST\STM32CubeIDE_1.17.0\STM32CubeIDE\plugins\com.st.stm32cube.common.mx_6.13.0.202411220809
2025-03-09 18:29:01,017 [ERROR] LogOutputStream:75 - [STDERR_REDIRECT] Mar 09, 2025 6:29:01 PM java.util.prefs.WindowsPreferences <init>
2025-03-09 18:29:01,021 [ERROR] LogOutputStream:75 - [STDERR_REDIRECT] WARNING: Could not open/create prefs root node Software\JavaSoft\Prefs at root 0xffffffff80000002. Windows RegCreateKeyEx(...) returned error code 5.
2025-03-09 18:29:01,021 [ERROR] LogOutputStream:75 - [STDERR_REDIRECT] 
2025-03-09 18:29:01,269 [INFO] MainUpdater:2872 - connection check result : 22
2025-03-09 18:29:01,269 [INFO] MainUpdater:289 - Updater Check For Update Now.
2025-03-09 18:29:01,269 [INFO] MicroXplorer:498 - Change Database Version : DB.6.0.130
2025-03-09 18:29:01,289 [INFO] McuFinderGlobals:63 - Set McuFinder mode to 2 (CubeIDE integrated)
2025-03-09 18:29:01,289 [INFO] UserAuth:171 - activating auth plugin
2025-03-09 18:29:01,297 [INFO] UserAuth:486 - Internet connection configuration mode: 2
2025-03-09 18:29:01,320 [INFO] UserAuth:486 - Internet connection configuration mode: 2
2025-03-09 18:29:01,525 [INFO] CheckServerUpdateThread:120 - End of CheckServer Thread
2025-03-09 18:29:02,151 [WARN] PackLoader:240 - Cannot read IP mode file for STMicroelectronics.FP-SNS-MOTENVWB1.1.4.0
2025-03-09 18:29:02,170 [WARN] PackLoader:240 - Cannot read IP mode file for STMicroelectronics.FP-ATR-ASTRA1.2.0.2
2025-03-09 18:29:02,186 [WARN] PackLoader:240 - Cannot read IP mode file for STMicroelectronics.FP-ATR-ASTRA1.2.0.1
2025-03-09 18:29:02,209 [WARN] PackLoader:240 - Cannot read IP mode file for STMicroelectronics.X-CUBE-SMBUS.2.1.0
2025-03-09 18:29:02,231 [WARN] PackLoader:240 - Cannot read IP mode file for STMicroelectronics.X-CUBE-WB05N.1.1.0
2025-03-09 18:29:02,284 [WARN] PackLoader:240 - Cannot read IP mode file for STMicroelectronics.X-CUBE-AZRTOS-F7.1.1.0
2025-03-09 18:29:02,307 [WARN] PackLoader:240 - Cannot read IP mode file for STMicroelectronics.FP-SNS-FLIGHT1.5.0.2
2025-03-09 18:29:02,353 [WARN] PackLoader:240 - Cannot read IP mode file for Infineon.AIROC-Wi-Fi-Bluetooth-STM32.1.7.0
2025-03-09 18:29:02,378 [WARN] PackLoader:240 - Cannot read IP mode file for STMicroelectronics.X-CUBE-DISPLAY.3.0.0
2025-03-09 18:29:02,402 [WARN] PackLoader:240 - Cannot read IP mode file for STMicroelectronics.X-CUBE-BLE1.7.0.0
2025-03-09 18:29:02,421 [WARN] PackLoader:240 - Cannot read IP mode file for STMicroelectronics.X-CUBE-NFC10.1.0.0
2025-03-09 18:29:02,447 [WARN] PackLoader:240 - Cannot read IP mode file for STMicroelectronics.X-CUBE-BLEMGR.4.0.0
2025-03-09 18:29:02,469 [WARN] PackLoader:240 - Cannot read IP mode file for emotas.I-CUBE-CANOPEN.1.3.0
2025-03-09 18:29:02,489 [WARN] PackLoader:240 - Cannot read IP mode file for STMicroelectronics.X-CUBE-AI.10.0.0
2025-03-09 18:29:02,506 [WARN] PackLoader:240 - Cannot read IP mode file for STMicroelectronics.FP-SNS-SMARTAG2.1.2.0
2025-03-09 18:29:02,570 [WARN] PackLoader:240 - Cannot read IP mode file for STMicroelectronics.X-CUBE-MEMS1.11.1.0
2025-03-09 18:29:02,730 [INFO] LogOutputStream:77 - [STDOUT_REDIRECT] 1 : Invalid condition id : UX_CORESTACK_Condition cause : null
2025-03-09 18:29:02,731 [INFO] LogOutputStream:77 - [STDOUT_REDIRECT] 1 : Invalid condition id : UX_CORESTACK_Condition cause : null
2025-03-09 18:29:02,733 [INFO] LogOutputStream:77 - [STDOUT_REDIRECT] 1 : Invalid condition id : UX_CORESTACK_Condition cause : null
2025-03-09 18:29:02,734 [INFO] LogOutputStream:77 - [STDOUT_REDIRECT] 1 : Invalid condition id : UX_CORESTACK_Condition cause : null
2025-03-09 18:29:02,762 [INFO] LogOutputStream:77 - [STDOUT_REDIRECT] 1 : Invalid condition id : UX_CORESTACK_Condition cause : null
2025-03-09 18:29:02,767 [WARN] PackLoader:240 - Cannot read IP mode file for STMicroelectronics.X-CUBE-AZRTOS-WL.2.0.0
2025-03-09 18:29:02,798 [WARN] PackLoader:240 - Cannot read IP mode file for STMicroelectronics.FP-SNS-MOTENV1.5.0.0
2025-03-09 18:29:02,823 [WARN] PackLoader:240 - Cannot read IP mode file for wolfSSL.I-CUBE-wolfMQTT.1.19.0
2025-03-09 18:29:02,848 [WARN] PackLoader:240 - Cannot read IP mode file for WES.I-CUBE-Cesium.1.3.0
2025-03-09 18:29:02,865 [WARN] PackLoader:240 - Cannot read IP mode file for STMicroelectronics.X-CUBE-BLE2.3.3.0
2025-03-09 18:29:02,880 [WARN] PackLoader:240 - Cannot read IP mode file for STMicroelectronics.X-CUBE-NFC9.1.0.0
2025-03-09 18:29:02,897 [WARN] PackLoader:240 - Cannot read IP mode file for STMicroelectronics.X-CUBE-BLE1.7.1.0
2025-03-09 18:29:02,933 [WARN] PackLoader:240 - Cannot read IP mode file for STMicroelectronics.X-CUBE-AZRTOS-G0.1.1.0
2025-03-09 18:29:02,955 [WARN] PackLoader:240 - Cannot read IP mode file for STMicroelectronics.X-CUBE-SAFEA1.1.2.2
2025-03-09 18:29:02,974 [WARN] PackLoader:240 - Cannot read IP mode file for STMicroelectronics.X-CUBE-NFC4.3.0.0
2025-03-09 18:29:02,992 [WARN] PackLoader:240 - Cannot read IP mode file for EmbeddedOffice.I-CUBE-FS-RTOS.1.0.1
2025-03-09 18:29:03,012 [WARN] PackLoader:240 - Cannot read IP mode file for STMicroelectronics.X-CUBE-TCPP.4.2.0
2025-03-09 18:29:03,034 [WARN] PackLoader:240 - Cannot read IP mode file for RealThread.X-CUBE-RT-Thread_Nano.4.1.1
2025-03-09 18:29:03,048 [WARN] PackLoader:240 - Cannot read IP mode file for STMicroelectronics.FP-ATR-SIGFOX1.3.2.0
2025-03-09 18:29:03,063 [WARN] ConditionMgr:438 - getConditionDescription Invalid condition id : Cortex-A Device cause : null
2025-03-09 18:29:03,090 [WARN] ConditionMgr:1044 - genDependencies : Invalid condition id : Cortex-A Device cause : null
2025-03-09 18:29:03,090 [WARN] ConditionMgr:1044 - genDependencies : Invalid condition id : Cortex-A Device cause : null
2025-03-09 18:29:03,090 [WARN] ConditionMgr:1044 - genDependencies : Invalid condition id : Cortex-A Device cause : null
2025-03-09 18:29:03,106 [WARN] PackLoader:240 - Cannot read IP mode file for STMicroelectronics.X-CUBE-EEPRMA1.5.1.0
2025-03-09 18:29:03,123 [WARN] PackLoader:240 - Cannot read IP mode file for wolfSSL.I-CUBE-wolfSSL.5.7.4
2025-03-09 18:29:03,142 [WARN] PackLoader:240 - Cannot read IP mode file for ITTIA_DB.I-CUBE-ITTIADB.8.9.0
2025-03-09 18:29:03,173 [WARN] PackLoader:240 - Cannot read IP mode file for SEGGER.I-CUBE-embOS.1.3.1
2025-03-09 18:29:03,227 [WARN] PackLoader:240 - Cannot read IP mode file for STMicroelectronics.X-CUBE-ALGOBUILD.1.4.0
2025-03-09 18:29:03,245 [WARN] PackLoader:240 - Cannot read IP mode file for STMicroelectronics.X-CUBE-AI.9.1.0
2025-03-09 18:29:03,279 [WARN] PackLoader:240 - Cannot read IP mode file for STMicroelectronics.X-CUBE-AZRTOS-F4.1.1.0
2025-03-09 18:29:03,300 [WARN] PackLoader:240 - Cannot read IP mode file for STMicroelectronics.X-CUBE-ISPU.2.1.0
2025-03-09 18:29:03,333 [WARN] PackLoader:240 - Cannot read IP mode file for STMicroelectronics.X-CUBE-AZRTOS-L5.2.0.0
2025-03-09 18:29:03,353 [WARN] PackLoader:240 - Cannot read IP mode file for STMicroelectronics.X-CUBE-NFC6.3.1.0
2025-03-09 18:29:03,372 [WARN] PackLoader:240 - Cannot read IP mode file for STMicroelectronics.X-CUBE-DPower.1.2.0
2025-03-09 18:29:03,389 [WARN] PackLoader:240 - Cannot read IP mode file for STMicroelectronics.X-CUBE-FREERTOS.1.3.0
2025-03-09 18:29:03,404 [WARN] PackLoader:240 - Cannot read IP mode file for STMicroelectronics.X-CUBE-NFC7.1.0.1
2025-03-09 18:29:03,443 [WARN] ConditionMgr:438 - getConditionDescription Invalid condition id : LAN8742 Phy interface Condition cause : null
2025-03-09 18:29:03,443 [WARN] PackLoader:240 - Cannot read IP mode file for STMicroelectronics.X-CUBE-AZRTOS-L4.2.0.0
2025-03-09 18:29:03,444 [WARN] ConditionMgr:1044 - genDependencies : Invalid condition id : LAN8742 Phy interface Condition cause : null
2025-03-09 18:29:03,444 [WARN] ConditionMgr:1044 - genDependencies : Invalid condition id : LAN8742 Phy interface Condition cause : null
2025-03-09 18:29:03,444 [WARN] ConditionMgr:1044 - genDependencies : Invalid condition id : LAN8742 Phy interface Condition cause : null
2025-03-09 18:29:03,461 [WARN] PackLoader:240 - Cannot read IP mode file for STMicroelectronics.X-CUBE-SFXS2LP1.4.0.0
2025-03-09 18:29:03,496 [WARN] PackLoader:240 - Cannot read IP mode file for STMicroelectronics.X-CUBE-AZRTOS-H7.3.3.0
2025-03-09 18:29:03,526 [WARN] ConditionMgr:438 - getConditionDescription Invalid condition id : UX DEVICE CLASS RTOS Condition cause : null
2025-03-09 18:29:03,527 [WARN] ConditionMgr:438 - getConditionDescription Invalid condition id : UX DEVICE CLASS RTOS Condition cause : null
2025-03-09 18:29:03,528 [WARN] PackLoader:240 - Cannot read IP mode file for STMicroelectronics.X-CUBE-AZRTOS-WB.2.0.0
2025-03-09 18:29:03,528 [WARN] ConditionMgr:1044 - genDependencies : Invalid condition id : UX DEVICE CLASS RTOS Condition cause : null
2025-03-09 18:29:03,528 [WARN] ConditionMgr:1044 - genDependencies : Invalid condition id : UX DEVICE CLASS RTOS Condition cause : null
2025-03-09 18:29:03,529 [WARN] ConditionMgr:1044 - genDependencies : Invalid condition id : UX DEVICE CLASS RTOS Condition cause : null
2025-03-09 18:29:03,529 [WARN] ConditionMgr:1044 - genDependencies : Invalid condition id : UX DEVICE CLASS RTOS Condition cause : null
2025-03-09 18:29:03,529 [WARN] ConditionMgr:1044 - genDependencies : Invalid condition id : UX DEVICE CLASS RTOS Condition cause : null
2025-03-09 18:29:03,549 [WARN] PackLoader:240 - Cannot read IP mode file for STMicroelectronics.X-CUBE-GNSS1.7.0.1
2025-03-09 18:29:03,571 [WARN] PackLoader:240 - Cannot read IP mode file for STMicroelectronics.X-CUBE-TOUCHGFX.4.25.0
2025-03-09 18:29:03,590 [WARN] PackLoader:240 - Cannot read IP mode file for STMicroelectronics.FP-SNS-STBOX1.2.0.0
2025-03-09 18:29:03,608 [WARN] PackLoader:240 - Cannot read IP mode file for STMicroelectronics.X-CUBE-SUBG2.5.0.0
2025-03-09 18:29:03,629 [WARN] PackLoader:240 - Cannot read IP mode file for Cesanta.I-CUBE-Mongoose.7.13.0
2025-03-09 18:29:03,658 [WARN] PackLoader:240 - Cannot read IP mode file for STMicroelectronics.X-CUBE-AZRTOS-G4.2.0.0
2025-03-09 18:29:03,686 [WARN] PackLoader:240 - Cannot read IP mode file for STMicroelectronics.X-CUBE-IPS.3.1.0
2025-03-09 18:29:03,709 [WARN] PackLoader:240 - Cannot read IP mode file for STMicroelectronics.X-CUBE-ALS.1.0.2
2025-03-09 18:29:03,734 [WARN] PackLoader:240 - Cannot read IP mode file for STMicroelectronics.X-CUBE-TOUCHGFX.4.24.2
2025-03-09 18:29:03,752 [WARN] PackLoader:240 - Cannot read IP mode file for wolfSSL.I-CUBE-wolfTPM.3.4.0
2025-03-09 18:29:03,773 [WARN] PackLoader:240 - Cannot read IP mode file for portGmbH.I-Cube-SoM-uGOAL.1.1.0
2025-03-09 18:29:03,800 [WARN] PackLoader:240 - Cannot read IP mode file for STMicroelectronics.X-CUBE-AZRTOS-H7RS.1.0.0
2025-03-09 18:29:03,824 [WARN] PackLoader:240 - Cannot read IP mode file for STMicroelectronics.X-CUBE-TOF1.3.4.2
2025-03-09 18:29:03,849 [WARN] PackLoader:240 - Cannot read IP mode file for wolfSSL.I-CUBE-wolfSSH.1.4.17
2025-03-09 18:29:03,849 [INFO] ThirdParty:978 - Integrity check success = true
2025-03-09 18:29:03,850 [INFO] IntegrityCheckThread:100 - exiting critical section [integrity check]
2025-03-09 18:29:03,850 [INFO] IntegrityCheckThread:103 - End integrity checks thread
2025-03-09 18:30:49,036 [ERROR] ConfigurationRetriever:142 - IOException on connection: sw-center.st.com
2025-03-09 18:30:49,037 [ERROR] ConfigurationRetriever:142 - IOException on connection: sw-center.st.com
2025-03-09 18:30:49,037 [ERROR] ConfigurationRetriever:142 - IOException on connection: sw-center.st.com
2025-03-09 18:38:57,451 [ERROR] ConfigurationRetriever:142 - IOException on connection: sw-center.st.com
2025-03-09 18:38:57,452 [ERROR] ConfigurationRetriever:142 - IOException on connection: sw-center.st.com
2025-03-09 18:38:57,453 [ERROR] ConfigurationRetriever:142 - IOException on connection: sw-center.st.com
2025-03-09 18:47:53,172 [ERROR] ConfigurationRetriever:142 - IOException on connection: sw-center.st.com
2025-03-09 18:47:53,174 [ERROR] ConfigurationRetriever:142 - IOException on connection: sw-center.st.com
2025-03-09 18:47:53,174 [ERROR] ConfigurationRetriever:142 - IOException on connection: sw-center.st.com
2025-03-09 18:57:45,530 [ERROR] ConfigurationRetriever:142 - IOException on connection: sw-center.st.com
2025-03-09 18:57:45,532 [ERROR] ConfigurationRetriever:142 - IOException on connection: sw-center.st.com
2025-03-09 18:57:45,532 [ERROR] ConfigurationRetriever:142 - IOException on connection: sw-center.st.com
2025-03-09 23:39:24,414 [ERROR] LogOutputStream:75 - [STDERR_REDIRECT] 
